apt_download: mariadb-server python3-mysqldb

WARNING: apt does not have a stable CLI interface. Use with caution in scripts.

Reading package lists...
Building dependency tree...
Reading state information...
The following additional packages will be installed:
  galera-4 libcgi-fast-perl libcgi-pm-perl libdbd-mariadb-perl libdbi-perl
  libencode-locale-perl libfcgi-perl libhtml-parser-perl libhtml-tagset-perl
  libhtml-template-perl libhttp-date-perl libhttp-message-perl libio-html-perl
  liblwp-mediatypes-perl libmariadb3 libmysqlclient21 libpmem1
  libterm-readkey-perl libtimedate-perl liburi-perl mariadb-client-10.6
  mariadb-client-core-10.6 mariadb-common mariadb-server-10.6
  mariadb-server-core-10.6 mysql-common socat
Suggested packages:
  libclone-perl libmldbm-perl libnet-daemon-perl libsql-statement-perl
  libdata-dump-perl libipc-sharedcache-perl libwww-perl mailx mariadb-test
  python3-mysqldb-dbg
The following NEW packages will be installed:
  galera-4 libcgi-fast-perl libcgi-pm-perl libdbd-mariadb-perl libdbi-perl
  libencode-locale-perl libfcgi-perl libhtml-parser-perl libhtml-tagset-perl
  libhtml-template-perl libhttp-date-perl libhttp-message-perl libio-html-perl
  liblwp-mediatypes-perl libmariadb3 libmysqlclient21 libpmem1
  libterm-readkey-perl libtimedate-perl liburi-perl mariadb-client-10.6
  mariadb-client-core-10.6 mariadb-common mariadb-server mariadb-server-10.6
  mariadb-server-core-10.6 mysql-common python3-mysqldb socat
0 upgraded, 29 newly installed, 0 to remove and 0 not upgraded.
Need to get 0 B/29.8 MB of archives.
After this operation, 232 MB of additional disk space will be used.
Download complete and in download only mode
apt_download: mariadb-server rabbitmq-server

WARNING: apt does not have a stable CLI interface. Use with caution in scripts.

Reading package lists...
Building dependency tree...
Reading state information...
The following additional packages will be installed:
  erlang-asn1 erlang-base erlang-crypto erlang-eldap erlang-ftp erlang-inets
  erlang-mnesia erlang-os-mon erlang-parsetools erlang-public-key
  erlang-runtime-tools erlang-snmp erlang-ssl erlang-syntax-tools erlang-tftp
  erlang-tools erlang-xmerl galera-4 libcgi-fast-perl libcgi-pm-perl
  libdbd-mariadb-perl libdbi-perl libencode-locale-perl libfcgi-perl
  libhtml-parser-perl libhtml-tagset-perl libhtml-template-perl
  libhttp-date-perl libhttp-message-perl libio-html-perl
  liblwp-mediatypes-perl libmariadb3 libmysqlclient21 libpmem1 libsctp1
  libterm-readkey-perl libtimedate-perl liburi-perl locales-all
  mariadb-client-10.6 mariadb-client-core-10.6 mariadb-common
  mariadb-server-10.6 mariadb-server-core-10.6 mysql-common socat
Suggested packages:
  erlang erlang-manpages erlang-doc libclone-perl libmldbm-perl
  libnet-daemon-perl libsql-statement-perl libdata-dump-perl
  libipc-sharedcache-perl lksctp-tools libwww-perl mailx mariadb-test
The following NEW packages will be installed:
  erlang-asn1 erlang-base erlang-crypto erlang-eldap erlang-ftp erlang-inets
  erlang-mnesia erlang-os-mon erlang-parsetools erlang-public-key
  erlang-runtime-tools erlang-snmp erlang-ssl erlang-syntax-tools erlang-tftp
  erlang-tools erlang-xmerl galera-4 libcgi-fast-perl libcgi-pm-perl
  libdbd-mariadb-perl libdbi-perl libencode-locale-perl libfcgi-perl
  libhtml-parser-perl libhtml-tagset-perl libhtml-template-perl
  libhttp-date-perl libhttp-message-perl libio-html-perl
  liblwp-mediatypes-perl libmariadb3 libmysqlclient21 libpmem1 libsctp1
  libterm-readkey-perl libtimedate-perl liburi-perl locales-all
  mariadb-client-10.6 mariadb-client-core-10.6 mariadb-common mariadb-server
  mariadb-server-10.6 mariadb-server-core-10.6 mysql-common rabbitmq-server
  socat
0 upgraded, 48 newly installed, 0 to remove and 0 not upgraded.
Need to get 0 B/67.9 MB of archives.
After this operation, 508 MB of additional disk space will be used.
Download complete and in download only mode
apt_download: libctf0 linux-libc-dev libisl22 cpp g++ libdpkg-perl build-essential fakeroot libalgorithm-diff-xs-perl manpages-dev zlib1g-dev python3-dev python3-pip libdpkg-perl

WARNING: apt does not have a stable CLI interface. Use with caution in scripts.

Reading package lists...
Building dependency tree...
Reading state information...
The following additional packages will be installed:
  binutils binutils-common binutils-x86-64-linux-gnu cpp-9 dpkg-dev g++-9 gcc
  gcc-9 gcc-9-base libalgorithm-diff-perl libalgorithm-merge-perl libasan5
  libatomic1 libbinutils libc-dev-bin libc6-dev libcc1-0 libcrypt-dev
  libctf-nobfd0 libexpat1-dev libfakeroot libfile-fcntllock-perl libgcc-9-dev
  libgomp1 libitm1 liblsan0 libmpc3 libpython3-dev libpython3.8-dev
  libquadmath0 libstdc++-9-dev libtsan0 libubsan1 make python-pip-whl
  python3-wheel python3.8-dev
Suggested packages:
  binutils-doc cpp-doc gcc-9-locales debian-keyring g++-multilib
  g++-9-multilib gcc-9-doc gcc-multilib autoconf automake libtool flex bison
  gdb gcc-doc gcc-9-multilib glibc-doc git bzr libstdc++-9-doc make-doc
The following NEW packages will be installed:
  binutils binutils-common binutils-x86-64-linux-gnu build-essential cpp cpp-9
  dpkg-dev fakeroot g++ g++-9 gcc gcc-9 gcc-9-base libalgorithm-diff-perl
  libalgorithm-diff-xs-perl libalgorithm-merge-perl libasan5 libatomic1
  libbinutils libc-dev-bin libc6-dev libcc1-0 libcrypt-dev libctf-nobfd0
  libctf0 libdpkg-perl libexpat1-dev libfakeroot libfile-fcntllock-perl
  libgcc-9-dev libgomp1 libisl22 libitm1 liblsan0 libmpc3 libpython3-dev
  libpython3.8-dev libquadmath0 libstdc++-9-dev libtsan0 libubsan1
  linux-libc-dev make manpages-dev python-pip-whl python3-dev python3-pip
  python3-wheel python3.8-dev zlib1g-dev
0 upgraded, 50 newly installed, 0 to remove and 0 not upgraded.
Need to get 6,387 kB/52.2 MB of archives.
After this operation, 228 MB of additional disk space will be used.
Get:1 http://in.archive.ubuntu.com/ubuntu focal-updates/main amd64 libbinutils amd64 2.34-6ubuntu1.3 [474 kB]
Ign:2 http://in.archive.ubuntu.com/ubuntu focal-updates/main amd64 binutils amd64 2.34-6ubuntu1.3
Get:3 http://in.archive.ubuntu.com/ubuntu focal-updates/main amd64 libc6-dev amd64 2.31-0ubuntu9.7 [2,518 kB]
Err:4 http://in.archive.ubuntu.com/ubuntu focal/main amd64 libisl22 amd64 0.22.1-1
  400  Bad Request [IP: 43.255.166.254 80]
Get:5 http://in.archive.ubuntu.com/ubuntu focal/main amd64 gcc amd64 4:9.3.0-1ubuntu2 [5,208 B]
Err:6 http://in.archive.ubuntu.com/ubuntu focal/main amd64 make amd64 4.2.1-1.2
  400  Bad Request [IP: 43.255.166.254 80]
Get:7 http://in.archive.ubuntu.com/ubuntu focal/main amd64 dpkg-dev all 1.19.7ubuntu3 [679 kB]
Get:8 http://in.archive.ubuntu.com/ubuntu focal/main amd64 libfakeroot amd64 1.24-1 [25.7 kB]
Get:9 http://in.archive.ubuntu.com/ubuntu focal/main amd64 libalgorithm-diff-perl all 1.19.03-2 [46.6 kB]
Get:10 http://in.archive.ubuntu.com/ubuntu focal/main amd64 libalgorithm-merge-perl all 0.08-3 [12.0 kB]
Get:11 http://in.archive.ubuntu.com/ubuntu focal/main amd64 libfile-fcntllock-perl amd64 0.22-3build4 [33.1 kB]
Get:12 http://in.archive.ubuntu.com/ubuntu focal/main amd64 libpython3-dev amd64 3.8.2-0ubuntu2 [7,236 B]
Get:13 http://in.archive.ubuntu.com/ubuntu focal-updates/universe amd64 python-pip-whl all 20.0.2-5ubuntu1.6 [1,805 kB]
Get:14 http://in.archive.ubuntu.com/ubuntu focal/universe amd64 python3-wheel all 0.34.2-1 [23.8 kB]
Get:2 http://in.archive.ubuntu.com/ubuntu focal-updates/main amd64 binutils amd64 2.34-6ubuntu1.3 [3,380 B]
Fetched 5,633 kB in 1s (11.2 MB/s)
E: Failed to fetch http://in.archive.ubuntu.com/ubuntu/pool/main/i/isl/libisl22_0.22.1-1_amd64.deb  400  Bad Request [IP: 43.255.166.254 80]
E: Failed to fetch http://in.archive.ubuntu.com/ubuntu/pool/main/m/make-dfsg/make_4.2.1-1.2_amd64.deb  400  Bad Request [IP: 43.255.166.254 80]
E: Some files failed to download
