apt_download: mariadb-server python3-mysqldb

WARNING: apt does not have a stable CLI interface. Use with caution in scripts.

Reading package lists...
Building dependency tree...
Reading state information...
The following additional packages will be installed:
  galera-4 libcgi-fast-perl libcgi-pm-perl libdbd-mariadb-perl libdbi-perl
  libencode-locale-perl libfcgi-perl libhtml-parser-perl libhtml-tagset-perl
  libhtml-template-perl libhttp-date-perl libhttp-message-perl libio-html-perl
  liblwp-mediatypes-perl libmariadb3 libmysqlclient21 libpmem1
  libterm-readkey-perl libtimedate-perl liburi-perl mariadb-client-10.6
  mariadb-client-core-10.6 mariadb-common mariadb-server-10.6
  mariadb-server-core-10.6 mysql-common socat
Suggested packages:
  libclone-perl libmldbm-perl libnet-daemon-perl libsql-statement-perl
  libdata-dump-perl libipc-sharedcache-perl libwww-perl mailx mariadb-test
  python3-mysqldb-dbg
The following NEW packages will be installed:
  galera-4 libcgi-fast-perl libcgi-pm-perl libdbd-mariadb-perl libdbi-perl
  libencode-locale-perl libfcgi-perl libhtml-parser-perl libhtml-tagset-perl
  libhtml-template-perl libhttp-date-perl libhttp-message-perl libio-html-perl
  liblwp-mediatypes-perl libmariadb3 libmysqlclient21 libpmem1
  libterm-readkey-perl libtimedate-perl liburi-perl mariadb-client-10.6
  mariadb-client-core-10.6 mariadb-common mariadb-server mariadb-server-10.6
  mariadb-server-core-10.6 mysql-common python3-mysqldb socat
0 upgraded, 29 newly installed, 0 to remove and 0 not upgraded.
Need to get 0 B/29.8 MB of archives.
After this operation, 232 MB of additional disk space will be used.
Download complete and in download only mode
apt_download: mariadb-server rabbitmq-server

WARNING: apt does not have a stable CLI interface. Use with caution in scripts.

Reading package lists...
Building dependency tree...
Reading state information...
The following additional packages will be installed:
  erlang-asn1 erlang-base erlang-crypto erlang-eldap erlang-ftp erlang-inets
  erlang-mnesia erlang-os-mon erlang-parsetools erlang-public-key
  erlang-runtime-tools erlang-snmp erlang-ssl erlang-syntax-tools erlang-tftp
  erlang-tools erlang-xmerl galera-4 libcgi-fast-perl libcgi-pm-perl
  libdbd-mariadb-perl libdbi-perl libencode-locale-perl libfcgi-perl
  libhtml-parser-perl libhtml-tagset-perl libhtml-template-perl
  libhttp-date-perl libhttp-message-perl libio-html-perl
  liblwp-mediatypes-perl libmariadb3 libmysqlclient21 libpmem1 libsctp1
  libterm-readkey-perl libtimedate-perl liburi-perl locales-all
  mariadb-client-10.6 mariadb-client-core-10.6 mariadb-common
  mariadb-server-10.6 mariadb-server-core-10.6 mysql-common socat
Suggested packages:
  erlang erlang-manpages erlang-doc libclone-perl libmldbm-perl
  libnet-daemon-perl libsql-statement-perl libdata-dump-perl
  libipc-sharedcache-perl lksctp-tools libwww-perl mailx mariadb-test
The following NEW packages will be installed:
  erlang-asn1 erlang-base erlang-crypto erlang-eldap erlang-ftp erlang-inets
  erlang-mnesia erlang-os-mon erlang-parsetools erlang-public-key
  erlang-runtime-tools erlang-snmp erlang-ssl erlang-syntax-tools erlang-tftp
  erlang-tools erlang-xmerl galera-4 libcgi-fast-perl libcgi-pm-perl
  libdbd-mariadb-perl libdbi-perl libencode-locale-perl libfcgi-perl
  libhtml-parser-perl libhtml-tagset-perl libhtml-template-perl
  libhttp-date-perl libhttp-message-perl libio-html-perl
  liblwp-mediatypes-perl libmariadb3 libmysqlclient21 libpmem1 libsctp1
  libterm-readkey-perl libtimedate-perl liburi-perl locales-all
  mariadb-client-10.6 mariadb-client-core-10.6 mariadb-common mariadb-server
  mariadb-server-10.6 mariadb-server-core-10.6 mysql-common rabbitmq-server
  socat
0 upgraded, 48 newly installed, 0 to remove and 0 not upgraded.
Need to get 0 B/67.9 MB of archives.
After this operation, 508 MB of additional disk space will be used.
Download complete and in download only mode
apt_download: libctf0 linux-libc-dev libisl22 cpp g++ libdpkg-perl build-essential fakeroot libalgorithm-diff-xs-perl manpages-dev zlib1g-dev python3-dev python3-pip libdpkg-perl

WARNING: apt does not have a stable CLI interface. Use with caution in scripts.

Reading package lists...
Building dependency tree...
Reading state information...
The following additional packages will be installed:
  binutils binutils-common binutils-x86-64-linux-gnu cpp-9 dpkg-dev g++-9 gcc
  gcc-9 gcc-9-base libalgorithm-diff-perl libalgorithm-merge-perl libasan5
  libatomic1 libbinutils libc-dev-bin libc6-dev libcc1-0 libcrypt-dev
  libctf-nobfd0 libexpat1-dev libfakeroot libfile-fcntllock-perl libgcc-9-dev
  libgomp1 libitm1 liblsan0 libmpc3 libpython3-dev libpython3.8-dev
  libquadmath0 libstdc++-9-dev libtsan0 libubsan1 make python-pip-whl
  python3-wheel python3.8-dev
Suggested packages:
  binutils-doc cpp-doc gcc-9-locales debian-keyring g++-multilib
  g++-9-multilib gcc-9-doc gcc-multilib autoconf automake libtool flex bison
  gdb gcc-doc gcc-9-multilib glibc-doc git bzr libstdc++-9-doc make-doc
The following NEW packages will be installed:
  binutils binutils-common binutils-x86-64-linux-gnu build-essential cpp cpp-9
  dpkg-dev fakeroot g++ g++-9 gcc gcc-9 gcc-9-base libalgorithm-diff-perl
  libalgorithm-diff-xs-perl libalgorithm-merge-perl libasan5 libatomic1
  libbinutils libc-dev-bin libc6-dev libcc1-0 libcrypt-dev libctf-nobfd0
  libctf0 libdpkg-perl libexpat1-dev libfakeroot libfile-fcntllock-perl
  libgcc-9-dev libgomp1 libisl22 libitm1 liblsan0 libmpc3 libpython3-dev
  libpython3.8-dev libquadmath0 libstdc++-9-dev libtsan0 libubsan1
  linux-libc-dev make manpages-dev python-pip-whl python3-dev python3-pip
  python3-wheel python3.8-dev zlib1g-dev
0 upgraded, 50 newly installed, 0 to remove and 0 not upgraded.
Need to get 33.8 MB/52.2 MB of archives.
After this operation, 228 MB of additional disk space will be used.
Get:1 http://in.archive.ubuntu.com/ubuntu focal-updates/main amd64 libbinutils amd64 2.34-6ubuntu1.3 [474 kB]
Ign:2 http://in.archive.ubuntu.com/ubuntu focal-updates/main amd64 libctf0 amd64 2.34-6ubuntu1.3
Get:3 http://in.archive.ubuntu.com/ubuntu focal-updates/main amd64 binutils amd64 2.34-6ubuntu1.3 [3,380 B]
Ign:4 http://in.archive.ubuntu.com/ubuntu focal-updates/main amd64 linux-libc-dev amd64 5.4.0-104.118
Get:5 http://in.archive.ubuntu.com/ubuntu focal-updates/main amd64 libc6-dev amd64 2.31-0ubuntu9.7 [2,518 kB]
Err:6 http://in.archive.ubuntu.com/ubuntu focal/main amd64 libisl22 amd64 0.22.1-1
  400  Bad Request [IP: 43.255.166.254 80]
Get:7 http://in.archive.ubuntu.com/ubuntu focal-updates/main amd64 cpp-9 amd64 9.4.0-1ubuntu1~20.04 [7,501 kB]
Ign:8 http://in.archive.ubuntu.com/ubuntu focal-updates/main amd64 libcc1-0 amd64 10.3.0-1ubuntu1~20.04
Get:9 http://in.archive.ubuntu.com/ubuntu focal-updates/main amd64 libitm1 amd64 10.3.0-1ubuntu1~20.04 [26.2 kB]
Ign:10 http://in.archive.ubuntu.com/ubuntu focal-updates/main amd64 libasan5 amd64 9.4.0-1ubuntu1~20.04
Get:11 http://in.archive.ubuntu.com/ubuntu focal-updates/main amd64 libtsan0 amd64 10.3.0-1ubuntu1~20.04 [2,009 kB]
Ign:12 http://in.archive.ubuntu.com/ubuntu focal-updates/main amd64 libgcc-9-dev amd64 9.4.0-1ubuntu1~20.04
Get:13 http://in.archive.ubuntu.com/ubuntu focal/main amd64 gcc amd64 4:9.3.0-1ubuntu2 [5,208 B]
Ign:14 http://in.archive.ubuntu.com/ubuntu focal-updates/main amd64 g++-9 amd64 9.4.0-1ubuntu1~20.04
Get:15 http://in.archive.ubuntu.com/ubuntu focal/main amd64 make amd64 4.2.1-1.2 [162 kB]
Err:16 http://in.archive.ubuntu.com/ubuntu focal/main amd64 dpkg-dev all 1.19.7ubuntu3
  400  Bad Request [IP: 43.255.166.254 80]
Get:17 http://in.archive.ubuntu.com/ubuntu focal/main amd64 libfakeroot amd64 1.24-1 [25.7 kB]
Err:18 http://in.archive.ubuntu.com/ubuntu focal/main amd64 libalgorithm-diff-perl all 1.19.03-2
  400  Bad Request [IP: 43.255.166.254 80]
Get:19 http://in.archive.ubuntu.com/ubuntu focal/main amd64 libalgorithm-merge-perl all 0.08-3 [12.0 kB]
Err:20 http://in.archive.ubuntu.com/ubuntu focal/main amd64 libfile-fcntllock-perl amd64 0.22-3build4
  400  Bad Request [IP: 43.255.166.254 80]
Get:21 http://in.archive.ubuntu.com/ubuntu focal/main amd64 libpython3-dev amd64 3.8.2-0ubuntu2 [7,236 B]
Err:22 http://in.archive.ubuntu.com/ubuntu focal/main amd64 manpages-dev all 5.05-1
  400  Bad Request [IP: 43.255.166.254 80]
Get:23 http://in.archive.ubuntu.com/ubuntu focal-updates/universe amd64 python-pip-whl all 20.0.2-5ubuntu1.6 [1,805 kB]
Err:24 http://in.archive.ubuntu.com/ubuntu focal-updates/main amd64 zlib1g-dev amd64 1:1.2.11.dfsg-2ubuntu1.2
  400  Bad Request [IP: 43.255.166.254 80]
Get:25 http://in.archive.ubuntu.com/ubuntu focal-updates/main amd64 python3.8-dev amd64 3.8.10-0ubuntu1~20.04.2 [510 kB]
Err:26 http://in.archive.ubuntu.com/ubuntu focal/main amd64 python3-dev amd64 3.8.2-0ubuntu2
  400  Bad Request [IP: 43.255.166.254 80]
Get:27 http://in.archive.ubuntu.com/ubuntu focal/universe amd64 python3-wheel all 0.34.2-1 [23.8 kB]
Get:28 http://in.archive.ubuntu.com/ubuntu focal-updates/universe amd64 python3-pip all 20.0.2-5ubuntu1.6 [231 kB]
Get:2 http://in.archive.ubuntu.com/ubuntu focal-updates/main amd64 libctf0 amd64 2.34-6ubuntu1.3 [46.6 kB]
Get:4 http://in.archive.ubuntu.com/ubuntu focal-updates/main amd64 linux-libc-dev amd64 5.4.0-104.118 [1,117 kB]
Get:8 http://in.archive.ubuntu.com/ubuntu focal-updates/main amd64 libcc1-0 amd64 10.3.0-1ubuntu1~20.04 [48.8 kB]
Get:10 http://in.archive.ubuntu.com/ubuntu focal-updates/main amd64 libasan5 amd64 9.4.0-1ubuntu1~20.04 [2,752 kB]
Get:12 http://in.archive.ubuntu.com/ubuntu focal-updates/main amd64 libgcc-9-dev amd64 9.4.0-1ubuntu1~20.04 [2,360 kB]
Get:14 http://in.archive.ubuntu.com/ubuntu focal-updates/main amd64 g++-9 amd64 9.4.0-1ubuntu1~20.04 [8,421 kB]
Fetched 30.1 MB in 24s (1,253 kB/s)
E: Failed to fetch http://in.archive.ubuntu.com/ubuntu/pool/main/i/isl/libisl22_0.22.1-1_amd64.deb  400  Bad Request [IP: 43.255.166.254 80]
E: Failed to fetch http://in.archive.ubuntu.com/ubuntu/pool/main/d/dpkg/dpkg-dev_1.19.7ubuntu3_all.deb  400  Bad Request [IP: 43.255.166.254 80]
E: Failed to fetch http://in.archive.ubuntu.com/ubuntu/pool/main/liba/libalgorithm-diff-perl/libalgorithm-diff-perl_1.19.03-2_all.deb  400  Bad Request [IP: 43.255.166.254 80]
E: Failed to fetch http://in.archive.ubuntu.com/ubuntu/pool/main/libf/libfile-fcntllock-perl/libfile-fcntllock-perl_0.22-3build4_amd64.deb  400  Bad Request [IP: 43.255.166.254 80]
E: Failed to fetch http://in.archive.ubuntu.com/ubuntu/pool/main/m/manpages/manpages-dev_5.05-1_all.deb  400  Bad Request [IP: 43.255.166.254 80]
E: Failed to fetch http://in.archive.ubuntu.com/ubuntu/pool/main/z/zlib/zlib1g-dev_1.2.11.dfsg-2ubuntu1.2_amd64.deb  400  Bad Request [IP: 43.255.166.254 80]
E: Failed to fetch http://in.archive.ubuntu.com/ubuntu/pool/main/p/python3-defaults/python3-dev_3.8.2-0ubuntu2_amd64.deb  400  Bad Request [IP: 43.255.166.254 80]
E: Some files failed to download
