apt_download: mariadb-server python3-mysqldb

WARNING: apt does not have a stable CLI interface. Use with caution in scripts.

Reading package lists...
Building dependency tree...
Reading state information...
The following additional packages will be installed:
  galera-4 libcgi-fast-perl libcgi-pm-perl libdbd-mariadb-perl libdbi-perl
  libencode-locale-perl libfcgi-perl libhtml-parser-perl libhtml-tagset-perl
  libhtml-template-perl libhttp-date-perl libhttp-message-perl libio-html-perl
  liblwp-mediatypes-perl libmariadb3 libmysqlclient21 libpmem1
  libterm-readkey-perl libtimedate-perl liburi-perl mariadb-client-10.6
  mariadb-client-core-10.6 mariadb-common mariadb-server-10.6
  mariadb-server-core-10.6 mysql-common socat
Suggested packages:
  libclone-perl libmldbm-perl libnet-daemon-perl libsql-statement-perl
  libdata-dump-perl libipc-sharedcache-perl libwww-perl mailx mariadb-test
  python3-mysqldb-dbg
The following NEW packages will be installed:
  galera-4 libcgi-fast-perl libcgi-pm-perl libdbd-mariadb-perl libdbi-perl
  libencode-locale-perl libfcgi-perl libhtml-parser-perl libhtml-tagset-perl
  libhtml-template-perl libhttp-date-perl libhttp-message-perl libio-html-perl
  liblwp-mediatypes-perl libmariadb3 libmysqlclient21 libpmem1
  libterm-readkey-perl libtimedate-perl liburi-perl mariadb-client-10.6
  mariadb-client-core-10.6 mariadb-common mariadb-server mariadb-server-10.6
  mariadb-server-core-10.6 mysql-common python3-mysqldb socat
0 upgraded, 29 newly installed, 0 to remove and 0 not upgraded.
Need to get 0 B/29.8 MB of archives.
After this operation, 232 MB of additional disk space will be used.
Download complete and in download only mode
apt_download: mariadb-server rabbitmq-server

WARNING: apt does not have a stable CLI interface. Use with caution in scripts.

Reading package lists...
Building dependency tree...
Reading state information...
The following additional packages will be installed:
  erlang-asn1 erlang-base erlang-crypto erlang-eldap erlang-ftp erlang-inets
  erlang-mnesia erlang-os-mon erlang-parsetools erlang-public-key
  erlang-runtime-tools erlang-snmp erlang-ssl erlang-syntax-tools erlang-tftp
  erlang-tools erlang-xmerl galera-4 libcgi-fast-perl libcgi-pm-perl
  libdbd-mariadb-perl libdbi-perl libencode-locale-perl libfcgi-perl
  libhtml-parser-perl libhtml-tagset-perl libhtml-template-perl
  libhttp-date-perl libhttp-message-perl libio-html-perl
  liblwp-mediatypes-perl libmariadb3 libmysqlclient21 libpmem1 libsctp1
  libterm-readkey-perl libtimedate-perl liburi-perl locales-all
  mariadb-client-10.6 mariadb-client-core-10.6 mariadb-common
  mariadb-server-10.6 mariadb-server-core-10.6 mysql-common socat
Suggested packages:
  erlang erlang-manpages erlang-doc libclone-perl libmldbm-perl
  libnet-daemon-perl libsql-statement-perl libdata-dump-perl
  libipc-sharedcache-perl lksctp-tools libwww-perl mailx mariadb-test
The following NEW packages will be installed:
  erlang-asn1 erlang-base erlang-crypto erlang-eldap erlang-ftp erlang-inets
  erlang-mnesia erlang-os-mon erlang-parsetools erlang-public-key
  erlang-runtime-tools erlang-snmp erlang-ssl erlang-syntax-tools erlang-tftp
  erlang-tools erlang-xmerl galera-4 libcgi-fast-perl libcgi-pm-perl
  libdbd-mariadb-perl libdbi-perl libencode-locale-perl libfcgi-perl
  libhtml-parser-perl libhtml-tagset-perl libhtml-template-perl
  libhttp-date-perl libhttp-message-perl libio-html-perl
  liblwp-mediatypes-perl libmariadb3 libmysqlclient21 libpmem1 libsctp1
  libterm-readkey-perl libtimedate-perl liburi-perl locales-all
  mariadb-client-10.6 mariadb-client-core-10.6 mariadb-common mariadb-server
  mariadb-server-10.6 mariadb-server-core-10.6 mysql-common rabbitmq-server
  socat
0 upgraded, 48 newly installed, 0 to remove and 0 not upgraded.
Need to get 0 B/67.9 MB of archives.
After this operation, 508 MB of additional disk space will be used.
Download complete and in download only mode
apt_download: libctf0 linux-libc-dev libisl22 cpp g++ libdpkg-perl build-essential fakeroot libalgorithm-diff-xs-perl manpages-dev zlib1g-dev python3-dev python3-pip libdpkg-perl

WARNING: apt does not have a stable CLI interface. Use with caution in scripts.

Reading package lists...
Building dependency tree...
Reading state information...
The following additional packages will be installed:
  binutils binutils-common binutils-x86-64-linux-gnu cpp-9 dpkg-dev g++-9 gcc
  gcc-9 gcc-9-base libalgorithm-diff-perl libalgorithm-merge-perl libasan5
  libatomic1 libbinutils libc-dev-bin libc6-dev libcc1-0 libcrypt-dev
  libctf-nobfd0 libexpat1-dev libfakeroot libfile-fcntllock-perl libgcc-9-dev
  libgomp1 libitm1 liblsan0 libmpc3 libpython3-dev libpython3.8-dev
  libquadmath0 libstdc++-9-dev libtsan0 libubsan1 make python-pip-whl
  python3-wheel python3.8-dev
Suggested packages:
  binutils-doc cpp-doc gcc-9-locales debian-keyring g++-multilib
  g++-9-multilib gcc-9-doc gcc-multilib autoconf automake libtool flex bison
  gdb gcc-doc gcc-9-multilib glibc-doc git bzr libstdc++-9-doc make-doc
The following NEW packages will be installed:
  binutils binutils-common binutils-x86-64-linux-gnu build-essential cpp cpp-9
  dpkg-dev fakeroot g++ g++-9 gcc gcc-9 gcc-9-base libalgorithm-diff-perl
  libalgorithm-diff-xs-perl libalgorithm-merge-perl libasan5 libatomic1
  libbinutils libc-dev-bin libc6-dev libcc1-0 libcrypt-dev libctf-nobfd0
  libctf0 libdpkg-perl libexpat1-dev libfakeroot libfile-fcntllock-perl
  libgcc-9-dev libgomp1 libisl22 libitm1 liblsan0 libmpc3 libpython3-dev
  libpython3.8-dev libquadmath0 libstdc++-9-dev libtsan0 libubsan1
  linux-libc-dev make manpages-dev python-pip-whl python3-dev python3-pip
  python3-wheel python3.8-dev zlib1g-dev
0 upgraded, 50 newly installed, 0 to remove and 0 not upgraded.
Need to get 0 B/52.2 MB of archives.
After this operation, 228 MB of additional disk space will be used.
Download complete and in download only mode
apt_download: python3-dev python3-pip

WARNING: apt does not have a stable CLI interface. Use with caution in scripts.

Reading package lists...
Building dependency tree...
Reading state information...
The following additional packages will be installed:
  binutils binutils-common binutils-x86-64-linux-gnu build-essential cpp cpp-9
  dpkg-dev fakeroot g++ g++-9 gcc gcc-9 gcc-9-base libalgorithm-diff-perl
  libalgorithm-diff-xs-perl libalgorithm-merge-perl libasan5 libatomic1
  libbinutils libc-dev-bin libc6-dev libcc1-0 libcrypt-dev libctf-nobfd0
  libctf0 libdpkg-perl libexpat1-dev libfakeroot libfile-fcntllock-perl
  libgcc-9-dev libgomp1 libisl22 libitm1 liblsan0 libmpc3 libpython3-dev
  libpython3.8-dev libquadmath0 libstdc++-9-dev libtsan0 libubsan1
  linux-libc-dev make manpages-dev python-pip-whl python3-wheel python3.8-dev
  zlib1g-dev
Suggested packages:
  binutils-doc cpp-doc gcc-9-locales debian-keyring g++-multilib
  g++-9-multilib gcc-9-doc gcc-multilib autoconf automake libtool flex bison
  gdb gcc-doc gcc-9-multilib glibc-doc git bzr libstdc++-9-doc make-doc
The following NEW packages will be installed:
  binutils binutils-common binutils-x86-64-linux-gnu build-essential cpp cpp-9
  dpkg-dev fakeroot g++ g++-9 gcc gcc-9 gcc-9-base libalgorithm-diff-perl
  libalgorithm-diff-xs-perl libalgorithm-merge-perl libasan5 libatomic1
  libbinutils libc-dev-bin libc6-dev libcc1-0 libcrypt-dev libctf-nobfd0
  libctf0 libdpkg-perl libexpat1-dev libfakeroot libfile-fcntllock-perl
  libgcc-9-dev libgomp1 libisl22 libitm1 liblsan0 libmpc3 libpython3-dev
  libpython3.8-dev libquadmath0 libstdc++-9-dev libtsan0 libubsan1
  linux-libc-dev make manpages-dev python-pip-whl python3-dev python3-pip
  python3-wheel python3.8-dev zlib1g-dev
0 upgraded, 50 newly installed, 0 to remove and 0 not upgraded.
Need to get 0 B/52.2 MB of archives.
After this operation, 228 MB of additional disk space will be used.
Download complete and in download only mode
apt_download: keystone python3-openstackclient apache2 memcached python3-memcache

WARNING: apt does not have a stable CLI interface. Use with caution in scripts.

Reading package lists...
Building dependency tree...
Reading state information...
The following additional packages will be installed:
  alembic apache2-bin apache2-data apache2-utils javascript-common
  keystone-common libapache2-mod-wsgi-py3 libapr1 libaprutil1
  libaprutil1-dbd-sqlite3 libaprutil1-ldap libjansson4 libjs-jquery
  libjs-sphinxdoc libjs-underscore liblua5.2-0 pycadf-common
  python-pastedeploy-tpl python3-alembic python3-amqp python3-aniso8601
  python3-anyjson python3-bcrypt python3-cachetools python3-cinderclient
  python3-defusedxml python3-dnspython python3-eventlet python3-extras
  python3-fasteners python3-fixtures python3-flask python3-flask-restful
  python3-futurist python3-greenlet python3-itsdangerous python3-jmespath
  python3-keystone python3-keystoneclient python3-keystonemiddleware
  python3-kombu python3-ldap python3-migrate python3-mimeparse python3-munch
  python3-novaclient python3-openstacksdk python3-os-client-config
  python3-osc-lib python3-oslo.cache python3-oslo.concurrency python3-oslo.db
  python3-oslo.messaging python3-oslo.middleware python3-oslo.policy
  python3-oslo.service python3-oslo.upgradecheck python3-osprofiler
  python3-passlib python3-paste python3-pastedeploy python3-pastescript
  python3-pycadf python3-pymysql python3-pysaml2 python3-repoze.lru
  python3-requestsexceptions python3-routes python3-scrypt python3-sqlalchemy
  python3-sqlalchemy-ext python3-sqlparse python3-statsd python3-tempita
  python3-tenacity python3-testscenarios python3-testtools python3-vine
  python3-webob python3-werkzeug ssl-cert xmlsec1
Suggested packages:
  apache2-doc apache2-suexec-pristine | apache2-suexec-custom www-browser
  libanyevent-perl libcache-memcached-perl libmemcached libterm-readkey-perl
  libyaml-perl python-amqp-doc python-eventlet-doc python-flask-doc
  python-futurist-doc python-greenlet-doc python-greenlet-dev
  python3-greenlet-dbg python3-ldappool python-kombu-doc python3-boto
  python3-django python3-pymongo python3-redis python-migrate-doc
  python-openstacksdk-doc python-os-client-config-doc python-osc-lib-doc
  python-oslo.cache-doc python-oslo.concurrency-doc python3-confluent-kafka
  python3-zmq python-oslo.middleware-doc python-oslo.policy-doc
  python-oslo.service-doc httpd-wsgi libapache2-mod-python libapache2-mod-scgi
  libjs-mochikit python3-cherrypy3 python-pymysql-doc python3-repoze.who
  python-sqlalchemy-doc python3-fdb python3-pymssql python3-mysqldb
  python3-psycopg2 python-sqlparse-doc python-tenacity-doc
  python-testtools-doc python-webob-doc ipython3 python-werkzeug-doc
  python3-termcolor python3-watchdog openssl-blacklist
The following NEW packages will be installed:
  alembic apache2 apache2-bin apache2-data apache2-utils javascript-common
  keystone keystone-common libapache2-mod-wsgi-py3 libapr1 libaprutil1
  libaprutil1-dbd-sqlite3 libaprutil1-ldap libjansson4 libjs-jquery
  libjs-sphinxdoc libjs-underscore liblua5.2-0 memcached pycadf-common
  python-pastedeploy-tpl python3-alembic python3-amqp python3-aniso8601
  python3-anyjson python3-bcrypt python3-cachetools python3-cinderclient
  python3-defusedxml python3-dnspython python3-eventlet python3-extras
  python3-fasteners python3-fixtures python3-flask python3-flask-restful
  python3-futurist python3-greenlet python3-itsdangerous python3-jmespath
  python3-keystone python3-keystoneclient python3-keystonemiddleware
  python3-kombu python3-ldap python3-memcache python3-migrate
  python3-mimeparse python3-munch python3-novaclient python3-openstackclient
  python3-openstacksdk python3-os-client-config python3-osc-lib
  python3-oslo.cache python3-oslo.concurrency python3-oslo.db
  python3-oslo.messaging python3-oslo.middleware python3-oslo.policy
  python3-oslo.service python3-oslo.upgradecheck python3-osprofiler
  python3-passlib python3-paste python3-pastedeploy python3-pastescript
  python3-pycadf python3-pymysql python3-pysaml2 python3-repoze.lru
  python3-requestsexceptions python3-routes python3-scrypt python3-sqlalchemy
  python3-sqlalchemy-ext python3-sqlparse python3-statsd python3-tempita
  python3-tenacity python3-testscenarios python3-testtools python3-vine
  python3-webob python3-werkzeug ssl-cert xmlsec1
0 upgraded, 87 newly installed, 0 to remove and 0 not upgraded.
Need to get 0 B/9,938 kB of archives.
After this operation, 60.6 MB of additional disk space will be used.
Download complete and in download only mode
apt_download: glance python3-glanceclient

WARNING: apt does not have a stable CLI interface. Use with caution in scripts.

Reading package lists...
Building dependency tree...
Reading state information...
The following additional packages will be installed:
  alembic glance-api glance-common ibverbs-providers javascript-common
  libblas3 libgfortran5 libibverbs1 libiscsi7 libjs-jquery libjs-sphinxdoc
  libjs-underscore liblapack3 libnl-route-3-200 libpq5 libquadmath0 librados2
  librbd1 librdmacm1 os-brick-common pycadf-common python-pastedeploy-tpl
  python3-alembic python3-amqp python3-anyjson python3-arrow python3-automaton
  python3-barbicanclient python3-cachetools python3-castellan python3-cffi
  python3-cinderclient python3-cursive python3-ddt python3-defusedxml
  python3-dnspython python3-eventlet python3-extras python3-fasteners
  python3-fixtures python3-futurist python3-glance python3-glance-store
  python3-greenlet python3-keystoneclient python3-keystonemiddleware
  python3-kombu python3-memcache python3-migrate python3-mimeparse
  python3-networkx python3-numpy python3-os-brick python3-os-win
  python3-oslo.cache python3-oslo.concurrency python3-oslo.db
  python3-oslo.messaging python3-oslo.middleware python3-oslo.policy
  python3-oslo.privsep python3-oslo.reports python3-oslo.rootwrap
  python3-oslo.service python3-oslo.upgradecheck python3-oslo.vmware
  python3-osprofiler python3-paste python3-pastedeploy python3-pastescript
  python3-ply python3-psutil python3-psycopg2 python3-pycadf python3-pycparser
  python3-pymysql python3-repoze.lru python3-retrying python3-routes
  python3-semantic-version python3-simplegeneric python3-sqlalchemy
  python3-sqlalchemy-ext python3-sqlalchemy-utils python3-sqlparse
  python3-statsd python3-suds python3-swiftclient python3-taskflow
  python3-tempita python3-tenacity python3-testscenarios python3-testtools
  python3-vine python3-warlock python3-webob python3-wsme qemu-block-extra
  qemu-utils sharutils
Suggested packages:
  apache2 | lighttpd | httpd python-amqp-doc python-arrow-doc
  python-automaton-doc python-castellan-doc python3-dev python-cursive-doc
  python-eventlet-doc python-futurist-doc python3-rados python3-rbd
  python-glanceclient-doc python-greenlet-doc python-greenlet-dev
  python3-greenlet-dbg python-kombu-doc python3-boto python3-django
  python3-pymongo python3-redis memcached python-migrate-doc
  python-networkx-doc python3-gdal python3-matplotlib python3-pygraphviz
  | python3-pydot python3-scipy gcc gfortran python-numpy-doc python3-pytest
  python3-numpy-dbg python-os-brick-doc python-os-win-doc
  python-oslo.cache-doc python-oslo.concurrency-doc python3-confluent-kafka
  python3-zmq python-oslo.middleware-doc python-oslo.policy-doc
  python-oslo.privsep-doc python-oslo.reports-doc python-oslo.service-doc
  httpd-wsgi libapache2-mod-python libapache2-mod-scgi libjs-mochikit
  python3-cherrypy3 python-ply-doc python-psutil-doc python-psycopg2-doc cpp
  python-pymysql-doc python-semantic-version-doc python-sqlalchemy-doc
  python3-fdb python3-pymssql python3-mysqldb python-sqlalchemy-utils-doc
  python3-infinity python3-intervals python3-psycopg2cffi python-sqlparse-doc
  python3-kazoo python3-pydot python3-pydotplus python-tenacity-doc
  python-testtools-doc python-webob-doc debootstrap sharutils-doc bsd-mailx
  | mailx
The following NEW packages will be installed:
  alembic glance glance-api glance-common ibverbs-providers javascript-common
  libblas3 libgfortran5 libibverbs1 libiscsi7 libjs-jquery libjs-sphinxdoc
  libjs-underscore liblapack3 libnl-route-3-200 libpq5 libquadmath0 librados2
  librbd1 librdmacm1 os-brick-common pycadf-common python-pastedeploy-tpl
  python3-alembic python3-amqp python3-anyjson python3-arrow python3-automaton
  python3-barbicanclient python3-cachetools python3-castellan python3-cffi
  python3-cinderclient python3-cursive python3-ddt python3-defusedxml
  python3-dnspython python3-eventlet python3-extras python3-fasteners
  python3-fixtures python3-futurist python3-glance python3-glance-store
  python3-glanceclient python3-greenlet python3-keystoneclient
  python3-keystonemiddleware python3-kombu python3-memcache python3-migrate
  python3-mimeparse python3-networkx python3-numpy python3-os-brick
  python3-os-win python3-oslo.cache python3-oslo.concurrency python3-oslo.db
  python3-oslo.messaging python3-oslo.middleware python3-oslo.policy
  python3-oslo.privsep python3-oslo.reports python3-oslo.rootwrap
  python3-oslo.service python3-oslo.upgradecheck python3-oslo.vmware
  python3-osprofiler python3-paste python3-pastedeploy python3-pastescript
  python3-ply python3-psutil python3-psycopg2 python3-pycadf python3-pycparser
  python3-pymysql python3-repoze.lru python3-retrying python3-routes
  python3-semantic-version python3-simplegeneric python3-sqlalchemy
  python3-sqlalchemy-ext python3-sqlalchemy-utils python3-sqlparse
  python3-statsd python3-suds python3-swiftclient python3-taskflow
  python3-tempita python3-tenacity python3-testscenarios python3-testtools
  python3-vine python3-warlock python3-webob python3-wsme qemu-block-extra
  qemu-utils sharutils
0 upgraded, 102 newly installed, 0 to remove and 0 not upgraded.
Need to get 0 B/21.9 MB of archives.
After this operation, 111 MB of additional disk space will be used.
Download complete and in download only mode
apt_download: nova-api nova-conductor nova-novncproxy nova-scheduler

WARNING: apt does not have a stable CLI interface. Use with caution in scripts.

Reading package lists...
Building dependency tree...
Reading state information...
The following additional packages will be installed:
  alembic ibverbs-providers javascript-common keystone-common libblas3
  libgfortran5 libibverbs1 libjs-jquery libjs-sphinxdoc libjs-underscore
  liblapack3 libnl-route-3-200 libpciaccess0 libpq5 libquadmath0 librados2
  librbd1 librdmacm1 libvirt-daemon libvirt-daemon-driver-qemu
  libvirt-daemon-driver-storage-rbd libvirt0 libxml2-utils libyajl2
  nova-common novnc os-brick-common pycadf-common python-pastedeploy-tpl
  python3-alembic python3-amqp python3-aniso8601 python3-anyjson python3-arrow
  python3-automaton python3-barbicanclient python3-bcrypt python3-cachetools
  python3-castellan python3-cffi python3-cinderclient python3-cursive
  python3-ddt python3-defusedxml python3-dnspython python3-eventlet
  python3-extras python3-fasteners python3-fixtures python3-flask
  python3-flask-restful python3-futurist python3-glanceclient python3-greenlet
  python3-itsdangerous python3-jmespath python3-keystone
  python3-keystoneclient python3-keystonemiddleware python3-kombu python3-ldap
  python3-libvirt python3-memcache python3-microversion-parse python3-migrate
  python3-mimeparse python3-munch python3-networkx python3-neutronclient
  python3-nova python3-novnc python3-numpy python3-openstacksdk
  python3-openvswitch python3-os-brick python3-os-client-config
  python3-os-resource-classes python3-os-traits python3-os-vif python3-os-win
  python3-os-xenapi python3-osc-lib python3-oslo.cache
  python3-oslo.concurrency python3-oslo.db python3-oslo.messaging
  python3-oslo.middleware python3-oslo.policy python3-oslo.privsep
  python3-oslo.reports python3-oslo.rootwrap python3-oslo.service
  python3-oslo.upgradecheck python3-oslo.versionedobjects python3-oslo.vmware
  python3-osprofiler python3-ovsdbapp python3-paramiko python3-passlib
  python3-paste python3-pastedeploy python3-pastescript python3-ply
  python3-psutil python3-psycopg2 python3-pycadf python3-pycparser
  python3-pymemcache python3-pymysql python3-pypowervm python3-pyroute2
  python3-pysaml2 python3-redis python3-repoze.lru python3-requestsexceptions
  python3-retrying python3-routes python3-scrypt python3-sortedcontainers
  python3-sqlalchemy python3-sqlalchemy-ext python3-sqlalchemy-utils
  python3-sqlparse python3-statsd python3-suds python3-taskflow
  python3-tempita python3-tenacity python3-testscenarios python3-testtools
  python3-tooz python3-vine python3-voluptuous python3-warlock python3-webob
  python3-websockify python3-werkzeug python3-zvmcloudconnector websockify
  xmlsec1 zvmcloudconnector-common
Suggested packages:
  apache2 | lighttpd | httpd libvirt-daemon-driver-lxc
  libvirt-daemon-driver-vbox libvirt-daemon-driver-xen
  libvirt-daemon-driver-storage-gluster libvirt-daemon-driver-storage-zfs
  libvirt-daemon-system numad python-nova python-amqp-doc python-arrow-doc
  python-automaton-doc python-castellan-doc python3-dev python-cursive-doc
  python-eventlet-doc python-flask-doc python-futurist-doc
  python-glanceclient-doc python-greenlet-doc python-greenlet-dev
  python3-greenlet-dbg python3-ldappool python-kombu-doc python3-boto
  python3-django python3-pymongo memcached python-microversion-parse-doc
  python-migrate-doc python-networkx-doc python3-gdal python3-matplotlib
  python3-pygraphviz | python3-pydot python3-scipy gcc gfortran
  python-numpy-doc python3-pytest python3-numpy-dbg python-openstacksdk-doc
  python-os-brick-doc python-os-client-config-doc python-os-traits-doc
  python-os-vif-doc python-os-win-doc python-os-xenapi-doc python-osc-lib-doc
  python-oslo.cache-doc python-oslo.concurrency-doc python3-confluent-kafka
  python3-zmq python-oslo.middleware-doc python-oslo.policy-doc
  python-oslo.privsep-doc python-oslo.reports-doc python-oslo.service-doc
  python-oslo.versionedobjects-doc python-ovsdbapp-doc python3-gssapi
  python3-invoke httpd-wsgi libapache2-mod-python libapache2-mod-scgi
  libjs-mochikit python3-cherrypy3 python-ply-doc python-psutil-doc
  python-psycopg2-doc cpp python-pymysql-doc python-pyroute2-doc
  python3-repoze.who python3-hiredis python-sortedcontainers-doc
  python-sqlalchemy-doc python3-fdb python3-pymssql python3-mysqldb
  python-sqlalchemy-utils-doc python3-infinity python3-intervals
  python3-psycopg2cffi python-sqlparse-doc python3-kazoo python3-pydot
  python3-pydotplus python-tenacity-doc python-testtools-doc python3-etcd3
  python3-etcd3gw python3-sysv-ipc python3-zake python-webob-doc
  python3-jwcrypto ipython3 python-werkzeug-doc python3-termcolor
  python3-watchdog
The following NEW packages will be installed:
  alembic ibverbs-providers javascript-common keystone-common libblas3
  libgfortran5 libibverbs1 libjs-jquery libjs-sphinxdoc libjs-underscore
  liblapack3 libnl-route-3-200 libpciaccess0 libpq5 libquadmath0 librados2
  librbd1 librdmacm1 libvirt-daemon libvirt-daemon-driver-qemu
  libvirt-daemon-driver-storage-rbd libvirt0 libxml2-utils libyajl2 nova-api
  nova-common nova-conductor nova-novncproxy nova-scheduler novnc
  os-brick-common pycadf-common python-pastedeploy-tpl python3-alembic
  python3-amqp python3-aniso8601 python3-anyjson python3-arrow
  python3-automaton python3-barbicanclient python3-bcrypt python3-cachetools
  python3-castellan python3-cffi python3-cinderclient python3-cursive
  python3-ddt python3-defusedxml python3-dnspython python3-eventlet
  python3-extras python3-fasteners python3-fixtures python3-flask
  python3-flask-restful python3-futurist python3-glanceclient python3-greenlet
  python3-itsdangerous python3-jmespath python3-keystone
  python3-keystoneclient python3-keystonemiddleware python3-kombu python3-ldap
  python3-libvirt python3-memcache python3-microversion-parse python3-migrate
  python3-mimeparse python3-munch python3-networkx python3-neutronclient
  python3-nova python3-novnc python3-numpy python3-openstacksdk
  python3-openvswitch python3-os-brick python3-os-client-config
  python3-os-resource-classes python3-os-traits python3-os-vif python3-os-win
  python3-os-xenapi python3-osc-lib python3-oslo.cache
  python3-oslo.concurrency python3-oslo.db python3-oslo.messaging
  python3-oslo.middleware python3-oslo.policy python3-oslo.privsep
  python3-oslo.reports python3-oslo.rootwrap python3-oslo.service
  python3-oslo.upgradecheck python3-oslo.versionedobjects python3-oslo.vmware
  python3-osprofiler python3-ovsdbapp python3-paramiko python3-passlib
  python3-paste python3-pastedeploy python3-pastescript python3-ply
  python3-psutil python3-psycopg2 python3-pycadf python3-pycparser
  python3-pymemcache python3-pymysql python3-pypowervm python3-pyroute2
  python3-pysaml2 python3-redis python3-repoze.lru python3-requestsexceptions
  python3-retrying python3-routes python3-scrypt python3-sortedcontainers
  python3-sqlalchemy python3-sqlalchemy-ext python3-sqlalchemy-utils
  python3-sqlparse python3-statsd python3-suds python3-taskflow
  python3-tempita python3-tenacity python3-testscenarios python3-testtools
  python3-tooz python3-vine python3-voluptuous python3-warlock python3-webob
  python3-websockify python3-werkzeug python3-zvmcloudconnector websockify
  xmlsec1 zvmcloudconnector-common
0 upgraded, 145 newly installed, 0 to remove and 0 not upgraded.
Need to get 852 kB/30.8 MB of archives.
After this operation, 177 MB of additional disk space will be used.
Get:1 http://in.archive.ubuntu.com/ubuntu focal/main amd64 python3-websockify amd64 0.9.0-0ubuntu2 [37.8 kB]
Get:2 http://in.archive.ubuntu.com/ubuntu focal/universe amd64 novnc all 1:1.0.0-2 [803 kB]
Get:3 http://in.archive.ubuntu.com/ubuntu focal/main amd64 python3-microversion-parse all 1.0.0-0ubuntu1 [11.0 kB]
Fetched 852 kB in 40s (21.1 kB/s)
Download complete and in download only mode
apt_download: placement-api

WARNING: apt does not have a stable CLI interface. Use with caution in scripts.

Reading package lists...
Building dependency tree...
Reading state information...
The following additional packages will be installed:
  alembic apache2 apache2-bin apache2-data apache2-utils javascript-common
  libapache2-mod-wsgi-py3 libapr1 libaprutil1 libaprutil1-dbd-sqlite3
  libaprutil1-ldap libjansson4 libjs-jquery libjs-sphinxdoc libjs-underscore
  liblua5.2-0 placement-common pycadf-common python-pastedeploy-tpl
  python3-alembic python3-amqp python3-anyjson python3-cachetools
  python3-dnspython python3-eventlet python3-extras python3-fasteners
  python3-fixtures python3-futurist python3-greenlet python3-keystoneclient
  python3-keystonemiddleware python3-kombu python3-memcache
  python3-microversion-parse python3-migrate python3-mimeparse
  python3-os-resource-classes python3-os-traits python3-oslo.cache
  python3-oslo.concurrency python3-oslo.db python3-oslo.messaging
  python3-oslo.middleware python3-oslo.policy python3-oslo.service
  python3-oslo.upgradecheck python3-oslo.versionedobjects python3-paste
  python3-pastedeploy python3-pastescript python3-placement python3-pycadf
  python3-repoze.lru python3-routes python3-sqlalchemy python3-sqlalchemy-ext
  python3-sqlparse python3-statsd python3-tempita python3-tenacity
  python3-testscenarios python3-testtools python3-vine python3-webob ssl-cert
Suggested packages:
  apache2-doc apache2-suexec-pristine | apache2-suexec-custom www-browser
  python-amqp-doc python-eventlet-doc python-futurist-doc python-greenlet-doc
  python-greenlet-dev python3-greenlet-dbg python-kombu-doc python3-boto
  python3-django python3-pymongo python3-redis memcached
  python-microversion-parse-doc python-migrate-doc python-os-traits-doc
  python-oslo.cache-doc python-oslo.concurrency-doc python3-confluent-kafka
  python3-zmq python-oslo.middleware-doc python-oslo.policy-doc
  python-oslo.service-doc python-oslo.versionedobjects-doc httpd-wsgi
  libapache2-mod-python libapache2-mod-scgi libjs-mochikit python3-cherrypy3
  python-sqlalchemy-doc python3-fdb python3-pymssql python3-mysqldb
  python3-psycopg2 python-sqlparse-doc python-tenacity-doc
  python-testtools-doc python-webob-doc openssl-blacklist
The following NEW packages will be installed:
  alembic apache2 apache2-bin apache2-data apache2-utils javascript-common
  libapache2-mod-wsgi-py3 libapr1 libaprutil1 libaprutil1-dbd-sqlite3
  libaprutil1-ldap libjansson4 libjs-jquery libjs-sphinxdoc libjs-underscore
  liblua5.2-0 placement-api placement-common pycadf-common
  python-pastedeploy-tpl python3-alembic python3-amqp python3-anyjson
  python3-cachetools python3-dnspython python3-eventlet python3-extras
  python3-fasteners python3-fixtures python3-futurist python3-greenlet
  python3-keystoneclient python3-keystonemiddleware python3-kombu
  python3-memcache python3-microversion-parse python3-migrate
  python3-mimeparse python3-os-resource-classes python3-os-traits
  python3-oslo.cache python3-oslo.concurrency python3-oslo.db
  python3-oslo.messaging python3-oslo.middleware python3-oslo.policy
  python3-oslo.service python3-oslo.upgradecheck python3-oslo.versionedobjects
  python3-paste python3-pastedeploy python3-pastescript python3-placement
  python3-pycadf python3-repoze.lru python3-routes python3-sqlalchemy
  python3-sqlalchemy-ext python3-sqlparse python3-statsd python3-tempita
  python3-tenacity python3-testscenarios python3-testtools python3-vine
  python3-webob ssl-cert
0 upgraded, 67 newly installed, 0 to remove and 0 not upgraded.
Need to get 228 kB/6,618 kB of archives.
After this operation, 32.9 MB of additional disk space will be used.
Get:1 http://ubuntu-cloud.archive.canonical.com/ubuntu focal-updates/wallaby/main amd64 placement-common all 1:5.0.1-0ubuntu1~cloud0 [16.8 kB]
Get:2 http://ubuntu-cloud.archive.canonical.com/ubuntu focal-updates/wallaby/main amd64 python3-placement all 1:5.0.1-0ubuntu1~cloud0 [206 kB]
Get:3 http://ubuntu-cloud.archive.canonical.com/ubuntu focal-updates/wallaby/main amd64 placement-api all 1:5.0.1-0ubuntu1~cloud0 [5,084 B]
Fetched 228 kB in 3s (72.8 kB/s)
Download complete and in download only mode
apt_download: neutron-server neutron-plugin-ml2 neutron-linuxbridge-agent neutron-dhcp-agent neutron-metadata-agent neutron-l3-agent python3-neutronclient conntrack

WARNING: apt does not have a stable CLI interface. Use with caution in scripts.

Reading package lists...
Building dependency tree...
Reading state information...
The following additional packages will be installed:
  alembic bridge-utils dns-root-data dnsmasq-base dnsmasq-utils ebtables
  haproxy ipset iputils-arping ipvsadm javascript-common keepalived libidn11
  libipset13 libjs-jquery libjs-sphinxdoc libjs-underscore liblua5.3-0
  libmysqlclient21 libsensors-config libsensors5 libsnmp-base libsnmp35
  mysql-common net-tools neutron-common pycadf-common python-pastedeploy-tpl
  python3-alembic python3-amqp python3-anyjson python3-bcrypt
  python3-cachetools python3-cffi python3-designateclient python3-dnspython
  python3-eventlet python3-extras python3-fasteners python3-fixtures
  python3-futurist python3-greenlet python3-jmespath python3-keystoneclient
  python3-keystonemiddleware python3-kombu python3-logutils python3-memcache
  python3-migrate python3-mimeparse python3-munch python3-neutron
  python3-neutron-lib python3-novaclient python3-openstacksdk
  python3-openvswitch python3-os-client-config python3-os-ken
  python3-os-traits python3-os-vif python3-os-xenapi python3-osc-lib
  python3-oslo.cache python3-oslo.concurrency python3-oslo.db
  python3-oslo.messaging python3-oslo.middleware python3-oslo.policy
  python3-oslo.privsep python3-oslo.reports python3-oslo.rootwrap
  python3-oslo.service python3-oslo.upgradecheck python3-oslo.versionedobjects
  python3-osprofiler python3-ovsdbapp python3-paramiko python3-paste
  python3-pastedeploy python3-pastescript python3-pecan python3-ply
  python3-psutil python3-pycadf python3-pycparser python3-pymemcache
  python3-pymysql python3-pyroute2 python3-redis python3-repoze.lru
  python3-requestsexceptions python3-routes python3-setproctitle
  python3-simplegeneric python3-singledispatch python3-sortedcontainers
  python3-sqlalchemy python3-sqlalchemy-ext python3-sqlparse python3-statsd
  python3-tempita python3-tenacity python3-testscenarios python3-testtools
  python3-tinyrpc python3-tooz python3-vine python3-voluptuous
  python3-waitress python3-webob python3-webtest radvd
Suggested packages:
  nftables vim-haproxy haproxy-doc heartbeat ldirectord apache2 | lighttpd
  | httpd lm-sensors snmp-mibs-downloader python-amqp-doc python3-dev
  python-eventlet-doc python-futurist-doc python-greenlet-doc
  python-greenlet-dev python3-greenlet-dbg python-kombu-doc python3-boto
  python3-django python3-pymongo memcached python-migrate-doc
  python-neutron-lib-doc python-openstacksdk-doc python-os-client-config-doc
  python-os-traits-doc python-os-vif-doc python-os-xenapi-doc
  python-osc-lib-doc python-oslo.cache-doc python-oslo.concurrency-doc
  python3-confluent-kafka python3-zmq python-oslo.middleware-doc
  python-oslo.policy-doc python-oslo.privsep-doc python-oslo.reports-doc
  python-oslo.service-doc python-oslo.versionedobjects-doc python-ovsdbapp-doc
  python3-gssapi python3-invoke httpd-wsgi libapache2-mod-python
  libapache2-mod-scgi libjs-mochikit python3-cherrypy3 python-pecan-doc
  python-ply-doc python-psutil-doc cpp python-pymysql-doc python-pyroute2-doc
  python3-hiredis python-sortedcontainers-doc python-sqlalchemy-doc
  python3-fdb python3-pymssql python3-mysqldb python3-psycopg2
  python-sqlparse-doc python-tenacity-doc python-testtools-doc
  python-tinyrpc-doc python3-etcd3 python3-etcd3gw python3-kazoo
  python3-sysv-ipc python3-zake python-waitress-doc python-webob-doc
  python-webtest-doc
The following NEW packages will be installed:
  alembic bridge-utils conntrack dns-root-data dnsmasq-base dnsmasq-utils
  ebtables haproxy ipset iputils-arping ipvsadm javascript-common keepalived
  libidn11 libipset13 libjs-jquery libjs-sphinxdoc libjs-underscore
  liblua5.3-0 libmysqlclient21 libsensors-config libsensors5 libsnmp-base
  libsnmp35 mysql-common net-tools neutron-common neutron-dhcp-agent
  neutron-l3-agent neutron-linuxbridge-agent neutron-metadata-agent
  neutron-plugin-ml2 neutron-server pycadf-common python-pastedeploy-tpl
  python3-alembic python3-amqp python3-anyjson python3-bcrypt
  python3-cachetools python3-cffi python3-designateclient python3-dnspython
  python3-eventlet python3-extras python3-fasteners python3-fixtures
  python3-futurist python3-greenlet python3-jmespath python3-keystoneclient
  python3-keystonemiddleware python3-kombu python3-logutils python3-memcache
  python3-migrate python3-mimeparse python3-munch python3-neutron
  python3-neutron-lib python3-neutronclient python3-novaclient
  python3-openstacksdk python3-openvswitch python3-os-client-config
  python3-os-ken python3-os-traits python3-os-vif python3-os-xenapi
  python3-osc-lib python3-oslo.cache python3-oslo.concurrency python3-oslo.db
  python3-oslo.messaging python3-oslo.middleware python3-oslo.policy
  python3-oslo.privsep python3-oslo.reports python3-oslo.rootwrap
  python3-oslo.service python3-oslo.upgradecheck python3-oslo.versionedobjects
  python3-osprofiler python3-ovsdbapp python3-paramiko python3-paste
  python3-pastedeploy python3-pastescript python3-pecan python3-ply
  python3-psutil python3-pycadf python3-pycparser python3-pymemcache
  python3-pymysql python3-pyroute2 python3-redis python3-repoze.lru
  python3-requestsexceptions python3-routes python3-setproctitle
  python3-simplegeneric python3-singledispatch python3-sortedcontainers
  python3-sqlalchemy python3-sqlalchemy-ext python3-sqlparse python3-statsd
  python3-tempita python3-tenacity python3-testscenarios python3-testtools
  python3-tinyrpc python3-tooz python3-vine python3-voluptuous
  python3-waitress python3-webob python3-webtest radvd
0 upgraded, 120 newly installed, 0 to remove and 0 not upgraded.
Need to get 7,500 kB/15.8 MB of archives.
After this operation, 100 MB of additional disk space will be used.
Get:1 http://ubuntu-cloud.archive.canonical.com/ubuntu focal-updates/wallaby/main amd64 neutron-common all 2:18.1.1-0ubuntu2~cloud0 [58.8 kB]
Err:2 http://ubuntu-cloud.archive.canonical.com/ubuntu focal-updates/wallaby/main amd64 python3-designateclient all 4.2.0-0ubuntu1~cloud0
  400  Bad Request [IP: 91.189.88.142 80]
Get:3 http://ubuntu-cloud.archive.canonical.com/ubuntu focal-updates/wallaby/main amd64 python3-os-ken all 1.3.0-0ubuntu1~cloud0 [772 kB]
Err:4 http://ubuntu-cloud.archive.canonical.com/ubuntu focal-updates/wallaby/main amd64 python3-neutron-lib all 2.10.1-0ubuntu1~cloud0
  400  Bad Request [IP: 91.189.88.142 80]
Get:5 http://ubuntu-cloud.archive.canonical.com/ubuntu focal-updates/wallaby/main amd64 python3-neutron all 2:18.1.1-0ubuntu2~cloud0 [1,891 kB]
Get:6 http://ubuntu-cloud.archive.canonical.com/ubuntu focal-updates/wallaby/main amd64 neutron-metadata-agent all 2:18.1.1-0ubuntu2~cloud0 [28.9 kB]
Get:7 http://ubuntu-cloud.archive.canonical.com/ubuntu focal-updates/wallaby/main amd64 neutron-dhcp-agent all 2:18.1.1-0ubuntu2~cloud0 [29.0 kB]
Get:8 http://ubuntu-cloud.archive.canonical.com/ubuntu focal-updates/wallaby/main amd64 neutron-l3-agent all 2:18.1.1-0ubuntu2~cloud0 [29.0 kB]
Get:9 http://ubuntu-cloud.archive.canonical.com/ubuntu focal-updates/wallaby/main amd64 neutron-linuxbridge-agent all 2:18.1.1-0ubuntu2~cloud0 [29.3 kB]
Get:10 http://ubuntu-cloud.archive.canonical.com/ubuntu focal-updates/wallaby/main amd64 neutron-plugin-ml2 all 2:18.1.1-0ubuntu2~cloud0 [25.5 kB]
Get:11 http://ubuntu-cloud.archive.canonical.com/ubuntu focal-updates/wallaby/main amd64 neutron-server all 2:18.1.1-0ubuntu2~cloud0 [28.9 kB]
Get:12 http://in.archive.ubuntu.com/ubuntu focal/main amd64 liblua5.3-0 amd64 5.3.3-1.1ubuntu2 [116 kB]
Ign:13 http://in.archive.ubuntu.com/ubuntu focal-updates/main amd64 haproxy amd64 2.0.13-2ubuntu0.5
Get:14 http://in.archive.ubuntu.com/ubuntu focal/main amd64 libsensors-config all 1:3.6.0-2ubuntu1 [6,092 B]
Err:15 http://in.archive.ubuntu.com/ubuntu focal/main amd64 libsensors5 amd64 1:3.6.0-2ubuntu1
  400  Bad Request [IP: 43.255.166.254 80]
Get:16 http://in.archive.ubuntu.com/ubuntu focal-updates/main amd64 libsnmp-base all 5.8+dfsg-2ubuntu2.3 [206 kB]
Ign:17 http://in.archive.ubuntu.com/ubuntu focal-updates/main amd64 libsnmp35 amd64 5.8+dfsg-2ubuntu2.3
Get:18 http://in.archive.ubuntu.com/ubuntu focal-updates/main amd64 keepalived amd64 1:2.0.19-2ubuntu0.2 [361 kB]
Err:19 http://in.archive.ubuntu.com/ubuntu focal/main amd64 bridge-utils amd64 1.6-2ubuntu1
  400  Bad Request [IP: 43.255.166.254 80]
Err:20 http://in.archive.ubuntu.com/ubuntu focal/main amd64 conntrack amd64 1:1.4.5-2
  Cannot initiate the connection to in.archive.ubuntu.com:80 (2403:8940:3:1::f). - connect (101: Network is unreachable) Could not connect to in.archive.ubuntu.com:80 (43.255.166.254), connection timed out [IP: 43.255.166.254 80]
Err:21 http://in.archive.ubuntu.com/ubuntu focal/main amd64 dns-root-data all 2019052802
  Cannot initiate the connection to in.archive.ubuntu.com:80 (2403:8940:3:1::f). - connect (101: Network is unreachable) [IP: 43.255.166.254 80]
Err:22 http://in.archive.ubuntu.com/ubuntu focal/main amd64 libidn11 amd64 1.33-2.2ubuntu2
  Cannot initiate the connection to in.archive.ubuntu.com:80 (2403:8940:3:1::f). - connect (101: Network is unreachable) [IP: 43.255.166.254 80]
Ign:23 http://in.archive.ubuntu.com/ubuntu focal-updates/main amd64 dnsmasq-base amd64 2.80-1.1ubuntu1.4
Ign:24 http://in.archive.ubuntu.com/ubuntu focal-updates/main amd64 dnsmasq-utils amd64 2.80-1.1ubuntu1.4
Err:25 http://in.archive.ubuntu.com/ubuntu focal/main amd64 ebtables amd64 2.0.11-3build1
  Cannot initiate the connection to in.archive.ubuntu.com:80 (2403:8940:3:1::f). - connect (101: Network is unreachable) [IP: 43.255.166.254 80]
Err:26 http://in.archive.ubuntu.com/ubuntu focal/main amd64 iputils-arping amd64 3:20190709-3
  Cannot initiate the connection to in.archive.ubuntu.com:80 (2403:8940:3:1::f). - connect (101: Network is unreachable) [IP: 43.255.166.254 80]
Err:27 http://in.archive.ubuntu.com/ubuntu focal-updates/main amd64 libipset13 amd64 7.5-1ubuntu0.20.04.1
  Cannot initiate the connection to in.archive.ubuntu.com:80 (2403:8940:3:1::f). - connect (101: Network is unreachable) [IP: 43.255.166.254 80]
Err:28 http://in.archive.ubuntu.com/ubuntu focal/main amd64 net-tools amd64 1.60+git20180626.aebd88e-1ubuntu1
  Cannot initiate the connection to in.archive.ubuntu.com:80 (2403:8940:3:1::f). - connect (101: Network is unreachable) [IP: 43.255.166.254 80]
Err:29 http://in.archive.ubuntu.com/ubuntu focal-updates/main amd64 ipset amd64 7.5-1ubuntu0.20.04.1
  Cannot initiate the connection to in.archive.ubuntu.com:80 (2403:8940:3:1::f). - connect (101: Network is unreachable) [IP: 43.255.166.254 80]
Err:30 http://in.archive.ubuntu.com/ubuntu focal/main amd64 python3-tinyrpc all 0.6-3
  Cannot initiate the connection to in.archive.ubuntu.com:80 (2403:8940:3:1::f). - connect (101: Network is unreachable) [IP: 43.255.166.254 80]
Err:31 http://in.archive.ubuntu.com/ubuntu focal/main amd64 python3-logutils all 0.3.3-7
  Cannot initiate the connection to in.archive.ubuntu.com:80 (2403:8940:3:1::f). - connect (101: Network is unreachable) [IP: 43.255.166.254 80]
Err:32 http://in.archive.ubuntu.com/ubuntu focal/main amd64 python3-singledispatch all 3.4.0.3-2build1
  Cannot initiate the connection to in.archive.ubuntu.com:80 (2403:8940:3:1::f). - connect (101: Network is unreachable) [IP: 43.255.166.254 80]
Err:33 http://in.archive.ubuntu.com/ubuntu focal/main amd64 python3-waitress all 1.4.1-1
  Cannot initiate the connection to in.archive.ubuntu.com:80 (2403:8940:3:1::f). - connect (101: Network is unreachable) [IP: 43.255.166.254 80]
Err:34 http://in.archive.ubuntu.com/ubuntu focal/main amd64 python3-webtest all 2.0.32-2
  Cannot initiate the connection to in.archive.ubuntu.com:80 (2403:8940:3:1::f). - connect (101: Network is unreachable) [IP: 43.255.166.254 80]
Err:35 http://in.archive.ubuntu.com/ubuntu focal/main amd64 python3-pecan all 1.3.3-3ubuntu1
  Cannot initiate the connection to in.archive.ubuntu.com:80 (2403:8940:3:1::f). - connect (101: Network is unreachable) [IP: 43.255.166.254 80]
Err:36 http://in.archive.ubuntu.com/ubuntu focal/main amd64 python3-setproctitle amd64 1.1.10-1ubuntu1
  Cannot initiate the connection to in.archive.ubuntu.com:80 (2403:8940:3:1::f). - connect (101: Network is unreachable) [IP: 43.255.166.254 80]
Err:37 http://in.archive.ubuntu.com/ubuntu focal/main amd64 radvd amd64 1:2.17-2
  Cannot initiate the connection to in.archive.ubuntu.com:80 (2403:8940:3:1::f). - connect (101: Network is unreachable) [IP: 43.255.166.254 80]
Err:38 http://in.archive.ubuntu.com/ubuntu focal/main amd64 ipvsadm amd64 1:1.31-1
  Cannot initiate the connection to in.archive.ubuntu.com:80 (2403:8940:3:1::f). - connect (101: Network is unreachable) [IP: 43.255.166.254 80]
Err:13 http://in.archive.ubuntu.com/ubuntu focal-updates/main amd64 haproxy amd64 2.0.13-2ubuntu0.5
  400  Bad Request [IP: 43.255.166.254 80]
Err:17 http://in.archive.ubuntu.com/ubuntu focal-updates/main amd64 libsnmp35 amd64 5.8+dfsg-2ubuntu2.3
  400  Bad Request [IP: 43.255.166.254 80]
Err:23 http://in.archive.ubuntu.com/ubuntu focal-updates/main amd64 dnsmasq-base amd64 2.80-1.1ubuntu1.4
  Cannot initiate the connection to in.archive.ubuntu.com:80 (2403:8940:3:1::f). - connect (101: Network is unreachable) [IP: 43.255.166.254 80]
Err:24 http://in.archive.ubuntu.com/ubuntu focal-updates/main amd64 dnsmasq-utils amd64 2.80-1.1ubuntu1.4
  Cannot initiate the connection to in.archive.ubuntu.com:80 (2403:8940:3:1::f). - connect (101: Network is unreachable) [IP: 43.255.166.254 80]
Fetched 3,581 kB in 1min 35s (37.7 kB/s)
E: Failed to fetch http://in.archive.ubuntu.com/ubuntu/pool/main/h/haproxy/haproxy_2.0.13-2ubuntu0.5_amd64.deb  400  Bad Request [IP: 43.255.166.254 80]
E: Failed to fetch http://in.archive.ubuntu.com/ubuntu/pool/main/l/lm-sensors/libsensors5_3.6.0-2ubuntu1_amd64.deb  400  Bad Request [IP: 43.255.166.254 80]
E: Failed to fetch http://in.archive.ubuntu.com/ubuntu/pool/main/n/net-snmp/libsnmp35_5.8+dfsg-2ubuntu2.3_amd64.deb  400  Bad Request [IP: 43.255.166.254 80]
E: Failed to fetch http://in.archive.ubuntu.com/ubuntu/pool/main/b/bridge-utils/bridge-utils_1.6-2ubuntu1_amd64.deb  400  Bad Request [IP: 43.255.166.254 80]
E: Failed to fetch http://in.archive.ubuntu.com/ubuntu/pool/main/c/conntrack-tools/conntrack_1.4.5-2_amd64.deb  Cannot initiate the connection to in.archive.ubuntu.com:80 (2403:8940:3:1::f). - connect (101: Network is unreachable) Could not connect to in.archive.ubuntu.com:80 (43.255.166.254), connection timed out [IP: 43.255.166.254 80]
E: Failed to fetch http://in.archive.ubuntu.com/ubuntu/pool/main/d/dns-root-data/dns-root-data_2019052802_all.deb  Cannot initiate the connection to in.archive.ubuntu.com:80 (2403:8940:3:1::f). - connect (101: Network is unreachable) [IP: 43.255.166.254 80]
E: Failed to fetch http://in.archive.ubuntu.com/ubuntu/pool/main/libi/libidn/libidn11_1.33-2.2ubuntu2_amd64.deb  Cannot initiate the connection to in.archive.ubuntu.com:80 (2403:8940:3:1::f). - connect (101: Network is unreachable) [IP: 43.255.166.254 80]
E: Failed to fetch http://in.archive.ubuntu.com/ubuntu/pool/main/d/dnsmasq/dnsmasq-base_2.80-1.1ubuntu1.4_amd64.deb  Cannot initiate the connection to in.archive.ubuntu.com:80 (2403:8940:3:1::f). - connect (101: Network is unreachable) [IP: 43.255.166.254 80]
E: Failed to fetch http://in.archive.ubuntu.com/ubuntu/pool/main/d/dnsmasq/dnsmasq-utils_2.80-1.1ubuntu1.4_amd64.deb  Cannot initiate the connection to in.archive.ubuntu.com:80 (2403:8940:3:1::f). - connect (101: Network is unreachable) [IP: 43.255.166.254 80]
E: Failed to fetch http://in.archive.ubuntu.com/ubuntu/pool/main/e/ebtables/ebtables_2.0.11-3build1_amd64.deb  Cannot initiate the connection to in.archive.ubuntu.com:80 (2403:8940:3:1::f). - connect (101: Network is unreachable) [IP: 43.255.166.254 80]
E: Failed to fetch http://in.archive.ubuntu.com/ubuntu/pool/main/i/iputils/iputils-arping_20190709-3_amd64.deb  Cannot initiate the connection to in.archive.ubuntu.com:80 (2403:8940:3:1::f). - connect (101: Network is unreachable) [IP: 43.255.166.254 80]
E: Failed to fetch http://in.archive.ubuntu.com/ubuntu/pool/main/i/ipset/libipset13_7.5-1ubuntu0.20.04.1_amd64.deb  Cannot initiate the connection to in.archive.ubuntu.com:80 (2403:8940:3:1::f). - connect (101: Network is unreachable) [IP: 43.255.166.254 80]
E: Failed to fetch http://in.archive.ubuntu.com/ubuntu/pool/main/n/net-tools/net-tools_1.60+git20180626.aebd88e-1ubuntu1_amd64.deb  Cannot initiate the connection to in.archive.ubuntu.com:80 (2403:8940:3:1::f). - connect (101: Network is unreachable) [IP: 43.255.166.254 80]
E: Failed to fetch http://in.archive.ubuntu.com/ubuntu/pool/main/i/ipset/ipset_7.5-1ubuntu0.20.04.1_amd64.deb  Cannot initiate the connection to in.archive.ubuntu.com:80 (2403:8940:3:1::f). - connect (101: Network is unreachable) [IP: 43.255.166.254 80]
E: Failed to fetch http://ubuntu-cloud.archive.canonical.com/ubuntu/pool/main/p/python-designateclient/python3-designateclient_4.2.0-0ubuntu1~cloud0_all.deb  400  Bad Request [IP: 91.189.88.142 80]
E: Failed to fetch http://in.archive.ubuntu.com/ubuntu/pool/main/p/python-tinyrpc/python3-tinyrpc_0.6-3_all.deb  Cannot initiate the connection to in.archive.ubuntu.com:80 (2403:8940:3:1::f). - connect (101: Network is unreachable) [IP: 43.255.166.254 80]
E: Failed to fetch http://in.archive.ubuntu.com/ubuntu/pool/main/p/python-logutils/python3-logutils_0.3.3-7_all.deb  Cannot initiate the connection to in.archive.ubuntu.com:80 (2403:8940:3:1::f). - connect (101: Network is unreachable) [IP: 43.255.166.254 80]
E: Failed to fetch http://in.archive.ubuntu.com/ubuntu/pool/main/s/singledispatch/python3-singledispatch_3.4.0.3-2build1_all.deb  Cannot initiate the connection to in.archive.ubuntu.com:80 (2403:8940:3:1::f). - connect (101: Network is unreachable) [IP: 43.255.166.254 80]
E: Failed to fetch http://in.archive.ubuntu.com/ubuntu/pool/main/w/waitress/python3-waitress_1.4.1-1_all.deb  Cannot initiate the connection to in.archive.ubuntu.com:80 (2403:8940:3:1::f). - connect (101: Network is unreachable) [IP: 43.255.166.254 80]
E: Failed to fetch http://in.archive.ubuntu.com/ubuntu/pool/main/w/webtest/python3-webtest_2.0.32-2_all.deb  Cannot initiate the connection to in.archive.ubuntu.com:80 (2403:8940:3:1::f). - connect (101: Network is unreachable) [IP: 43.255.166.254 80]
E: Failed to fetch http://in.archive.ubuntu.com/ubuntu/pool/main/p/python-pecan/python3-pecan_1.3.3-3ubuntu1_all.deb  Cannot initiate the connection to in.archive.ubuntu.com:80 (2403:8940:3:1::f). - connect (101: Network is unreachable) [IP: 43.255.166.254 80]
E: Failed to fetch http://in.archive.ubuntu.com/ubuntu/pool/main/p/python-setproctitle/python3-setproctitle_1.1.10-1ubuntu1_amd64.deb  Cannot initiate the connection to in.archive.ubuntu.com:80 (2403:8940:3:1::f). - connect (101: Network is unreachable) [IP: 43.255.166.254 80]
E: Failed to fetch http://ubuntu-cloud.archive.canonical.com/ubuntu/pool/main/p/python-neutron-lib/python3-neutron-lib_2.10.1-0ubuntu1~cloud0_all.deb  400  Bad Request [IP: 91.189.88.142 80]
E: Failed to fetch http://in.archive.ubuntu.com/ubuntu/pool/main/r/radvd/radvd_2.17-2_amd64.deb  Cannot initiate the connection to in.archive.ubuntu.com:80 (2403:8940:3:1::f). - connect (101: Network is unreachable) [IP: 43.255.166.254 80]
E: Failed to fetch http://in.archive.ubuntu.com/ubuntu/pool/main/i/ipvsadm/ipvsadm_1.31-1_amd64.deb  Cannot initiate the connection to in.archive.ubuntu.com:80 (2403:8940:3:1::f). - connect (101: Network is unreachable) [IP: 43.255.166.254 80]
E: Some files failed to download
