
WARNING: apt does not have a stable CLI interface. Use with caution in scripts.

Hit:1 http://archive.ubuntu.com/ubuntu focal InRelease
Hit:2 http://ubuntu-cloud.archive.canonical.com/ubuntu focal-updates/wallaby InRelease
Hit:3 http://archive.ubuntu.com/ubuntu focal-updates InRelease
Hit:4 http://archive.ubuntu.com/ubuntu focal-backports InRelease
Hit:5 http://archive.ubuntu.com/ubuntu focal-security InRelease
Hit:6 http://mariadb.mirror.globo.tech/repo/10.5/ubuntu focal InRelease
Reading package lists...
Building dependency tree...
Reading state information...
20 packages can be upgraded. Run 'apt list --upgradable' to see them.
Installing packages needed for add-apt-repository.

WARNING: apt does not have a stable CLI interface. Use with caution in scripts.

Reading package lists...
Building dependency tree...
Reading state information...
software-properties-common is already the newest version (0.99.9.8).
The following additional packages will be installed:
  docutils-common ieee-data libimagequant0 libjbig0 libjpeg-turbo8 libjpeg8
  liblcms2-2 libpaper-utils libpaper1 libtiff5 libwebp6 libwebpdemux2
  libwebpmux3 python-babel-localedata python3-appdirs python3-babel
  python3-bs4 python3-cinderclient python3-cliff python3-cmd2 python3-crypto
  python3-dateutil python3-debtcollector python3-decorator python3-deprecation
  python3-docutils python3-dogpile.cache python3-html5lib
  python3-importlib-metadata python3-iso8601 python3-jmespath
  python3-keystoneauth1 python3-keystoneclient python3-lxml python3-mako
  python3-monotonic python3-msgpack python3-munch python3-netaddr
  python3-novaclient python3-olefile python3-openstacksdk
  python3-os-client-config python3-os-service-types python3-osc-lib
  python3-oslo.config python3-oslo.context python3-oslo.i18n python3-oslo.log
  python3-oslo.serialization python3-oslo.utils python3-packaging python3-pbr
  python3-pil python3-prettytable python3-pygments python3-pyinotify
  python3-pyparsing python3-pyperclip python3-requests
  python3-requestsexceptions python3-rfc3986 python3-roman python3-soupsieve
  python3-stevedore python3-tz python3-wcwidth python3-webencodings
  python3-wrapt sgml-base xml-core
Suggested packages:
  liblcms2-utils python-cliff-doc python-debtcollector-doc docutils-doc
  fonts-linuxlibertine | ttf-linux-libertine texlive-lang-french
  texlive-latex-base texlive-latex-recommended python3-genshi
  python-keystoneauth1-doc python3-requests-kerberos python3-lxml-dbg
  python-lxml-doc python3-beaker python-mako-doc ipython3 python-netaddr-docs
  python-openstacksdk-doc python-os-client-config-doc
  python-os-service-types-doc python-osc-lib-doc python-oslo.log-doc
  python-pil-doc python3-pil-dbg python-pygments-doc ttf-bitstream-vera
  python-pyinotify-doc python-pyparsing-doc python3-socks python-requests-doc
  sgml-base-doc debhelper
The following NEW packages will be installed:
  docutils-common ieee-data libimagequant0 libjbig0 libjpeg-turbo8 libjpeg8
  liblcms2-2 libpaper-utils libpaper1 libtiff5 libwebp6 libwebpdemux2
  libwebpmux3 python-babel-localedata python3-appdirs python3-babel
  python3-bs4 python3-cinderclient python3-cliff python3-cmd2 python3-crypto
  python3-dateutil python3-debtcollector python3-decorator python3-deprecation
  python3-docutils python3-dogpile.cache python3-html5lib python3-iso8601
  python3-jmespath python3-keystoneauth1 python3-keystoneclient python3-lxml
  python3-mako python3-monotonic python3-msgpack python3-munch python3-netaddr
  python3-novaclient python3-olefile python3-openstackclient
  python3-openstacksdk python3-os-client-config python3-os-service-types
  python3-osc-lib python3-oslo.config python3-oslo.context python3-oslo.i18n
  python3-oslo.log python3-oslo.serialization python3-oslo.utils
  python3-packaging python3-pbr python3-pil python3-prettytable
  python3-pygments python3-pyinotify python3-pyparsing python3-pyperclip
  python3-requestsexceptions python3-rfc3986 python3-roman python3-soupsieve
  python3-stevedore python3-tz python3-wcwidth python3-webencodings
  python3-wrapt sgml-base xml-core
The following packages will be upgraded:
  python3-importlib-metadata python3-requests
2 upgraded, 70 newly installed, 0 to remove and 18 not upgraded.
Need to get 5,860 kB/14.1 MB of archives.
After this operation, 79.8 MB of additional disk space will be used.
Get:1 http://archive.ubuntu.com/ubuntu focal/main amd64 python3-wcwidth all 0.1.8+dfsg1-3 [17.4 kB]
Get:2 http://ubuntu-cloud.archive.canonical.com/ubuntu focal-updates/wallaby/main amd64 python-babel-localedata all 2.8.0+dfsg.1-6ubuntu0.1~cloud0 [4,988 kB]
Err:3 http://archive.ubuntu.com/ubuntu focal/main amd64 sgml-base all 1.29.1
  400  Bad Request [IP: 91.189.88.152 80]
Get:4 http://archive.ubuntu.com/ubuntu focal/main amd64 docutils-common all 0.16+dfsg-2 [116 kB]
Err:5 http://archive.ubuntu.com/ubuntu focal/main amd64 libimagequant0 amd64 2.12.2-1.1
  400  Bad Request [IP: 91.189.88.152 80]
Get:6 http://archive.ubuntu.com/ubuntu focal/main amd64 libjpeg8 amd64 8c-2ubuntu8 [2,194 B]
Err:7 http://archive.ubuntu.com/ubuntu focal/main amd64 libpaper1 amd64 1.1.28
  400  Bad Request [IP: 91.189.88.152 80]
Get:8 http://archive.ubuntu.com/ubuntu focal/main amd64 libjbig0 amd64 2.1-3.1build1 [26.7 kB]
Err:9 http://archive.ubuntu.com/ubuntu focal/main amd64 python3-soupsieve all 1.9.5+dfsg-1
  400  Bad Request [IP: 91.189.88.152 80]
Get:10 http://archive.ubuntu.com/ubuntu focal/main amd64 python3-iso8601 all 0.1.12-1 [10.5 kB]
Get:11 http://archive.ubuntu.com/ubuntu focal/main amd64 python3-wrapt amd64 1.11.2-2build1 [30.6 kB]
Get:12 http://archive.ubuntu.com/ubuntu focal/main amd64 python3-prettytable all 0.7.2-5 [20.1 kB]
Get:13 http://archive.ubuntu.com/ubuntu focal/main amd64 python3-docutils all 0.16+dfsg-2 [368 kB]
Get:14 http://archive.ubuntu.com/ubuntu focal/main amd64 python3-dateutil all 2.7.3-3ubuntu1 [63.3 kB]
Get:15 http://archive.ubuntu.com/ubuntu focal/main amd64 python3-deprecation all 2.0.7-1 [8,512 B]
Get:16 http://archive.ubuntu.com/ubuntu focal/main amd64 python3-webencodings all 0.5.1-1ubuntu1 [11.0 kB]
Get:17 http://archive.ubuntu.com/ubuntu focal-updates/main amd64 python3-jmespath all 0.9.4-2ubuntu1 [21.5 kB]
Get:18 http://ubuntu-cloud.archive.canonical.com/ubuntu focal-updates/wallaby/main amd64 python3-babel all 2.8.0+dfsg.1-6ubuntu0.1~cloud0 [90.0 kB]
Fetched 5,774 kB in 23s (246 kB/s)
E: Failed to fetch http://archive.ubuntu.com/ubuntu/pool/main/s/sgml-base/sgml-base_1.29.1_all.deb  400  Bad Request [IP: 91.189.88.152 80]
E: Failed to fetch http://archive.ubuntu.com/ubuntu/pool/main/libi/libimagequant/libimagequant0_2.12.2-1.1_amd64.deb  400  Bad Request [IP: 91.189.88.152 80]
E: Failed to fetch http://archive.ubuntu.com/ubuntu/pool/main/libp/libpaper/libpaper1_1.1.28_amd64.deb  400  Bad Request [IP: 91.189.88.152 80]
E: Failed to fetch http://archive.ubuntu.com/ubuntu/pool/main/s/soupsieve/python3-soupsieve_1.9.5+dfsg-1_all.deb  400  Bad Request [IP: 91.189.88.152 80]
E: Unable to fetch some archives, maybe run apt-get update or try with --fix-missing?
