Success. Node storage in mgmt: 10.0.0.41.
IP address of this node's interface in management network: 10.0.0.41.

WARNING: apt does not have a stable CLI interface. Use with caution in scripts.

Reading package lists...
Building dependency tree...
Reading state information...
xfsprogs is already the newest version (5.3.0-1ubuntu2).
rsync is already the newest version (3.1.3-8ubuntu0.2).
python3-swift is already the newest version (2.27.0-0ubuntu2~cloud0).
python3-swiftclient is already the newest version (1:3.11.0-0ubuntu1~cloud0).
swift is already the newest version (2.27.0-0ubuntu2~cloud0).
swift-account is already the newest version (2.27.0-0ubuntu2~cloud0).
swift-container is already the newest version (2.27.0-0ubuntu2~cloud0).
swift-object is already the newest version (2.27.0-0ubuntu2~cloud0).
0 upgraded, 0 newly installed, 0 to remove and 0 not upgraded.
meta-data=/dev/sdc               isize=512    agcount=4, agsize=524288 blks
         =                       sectsz=512   attr=2, projid32bit=1
         =                       crc=1        finobt=1, sparse=1, rmapbt=0
         =                       reflink=1
data     =                       bsize=4096   blocks=2097152, imaxpct=25
         =                       sunit=0      swidth=0 blks
naming   =version 2              bsize=4096   ascii-ci=0, ftype=1
log      =internal log           bsize=4096   blocks=2560, version=2
         =                       sectsz=512   sunit=0 blks, lazy-count=1
realtime =none                   extsz=4096   blocks=0, rtextents=0
meta-data=/dev/sdd               isize=512    agcount=4, agsize=524288 blks
         =                       sectsz=512   attr=2, projid32bit=1
         =                       crc=1        finobt=1, sparse=1, rmapbt=0
         =                       reflink=1
data     =                       bsize=4096   blocks=2097152, imaxpct=25
         =                       sunit=0      swidth=0 blks
naming   =version 2              bsize=4096   ascii-ci=0, ftype=1
log      =internal log           bsize=4096   blocks=2560, version=2
         =                       sectsz=512   sunit=0 blks, lazy-count=1
realtime =none                   extsz=4096   blocks=0, rtextents=0
/dev/sdb /srv/node/sdb xfs noatime 0 2
/dev/sdc /srv/node/sdc xfs noatime 0 2
'/etc/rsyncd.conf' -> '/tmp/020_etc_rsyncd.conf.iniset'
'/etc/rsyncd.conf' -> '/tmp/021_etc_rsyncd.conf.iniset'
'/etc/rsyncd.conf' -> '/tmp/022_etc_rsyncd.conf.iniset'
'/etc/rsyncd.conf' -> '/tmp/023_etc_rsyncd.conf.iniset'
iniset /tmp/023_etc_rsyncd.conf.iniset object path /srv/node/
'/etc/default/rsync' -> '/tmp/024_etc_default_rsync.iniset'
start the rsync service.
Synchronizing state of rsync.service with SysV service script with /lib/systemd/systemd-sysv-install.
Executing: /lib/systemd/systemd-sysv-install enable rsync
● rsync.service - fast remote file copy program daemon
     Loaded: loaded (/lib/systemd/system/rsync.service; enabled; vendor preset: enabled)
     Active: active (running) since Wed 2022-03-16 12:20:23 UTC; 13ms ago
       Docs: man:rsync(1)
             man:rsyncd.conf(5)
   Main PID: 13328 ((rsync))
      Tasks: 1 (limit: 5814)
     Memory: 160.0K
     CGroup: /system.slice/rsync.service
             └─13328 (rsync)

Mar 16 12:20:23 storage systemd[1]: Started fast remote file copy program daemon.
  % Total    % Received % Xferd  Average Speed   Time    Time     Time  Current
                                 Dload  Upload   Total   Spent    Left  Speed
  0     0    0     0    0     0      0      0 --:--:-- --:--:-- --:--:--     0  0     0    0     0    0     0      0      0 --:--:-- --:--:-- --:--:--     0100 11752  100 11752    0     0  10157      0  0:00:01  0:00:01 --:--:-- 10157
  % Total    % Received % Xferd  Average Speed   Time    Time     Time  Current
                                 Dload  Upload   Total   Spent    Left  Speed
  0     0    0     0    0     0      0      0 --:--:-- --:--:-- --:--:--     0  0     0    0     0    0     0      0      0 --:--:-- --:--:-- --:--:--     0100 18462  100 18462    0     0  15436      0  0:00:01  0:00:01 --:--:-- 15436
  % Total    % Received % Xferd  Average Speed   Time    Time     Time  Current
                                 Dload  Upload   Total   Spent    Left  Speed
  0     0    0     0    0     0      0      0 --:--:-- --:--:-- --:--:--     0  0     0    0     0    0     0      0      0 --:--:-- --:--:-- --:--:--     0 18 18940   18  3569    0     0   2942      0  0:00:06  0:00:01  0:00:05  2939100 18940  100 18940    0     0  15499      0  0:00:01  0:00:01 --:--:-- 15486
'/etc/swift/account-server.conf' -> '/tmp/025_etc_swift_account-server.conf.iniset'
iniset /tmp/025_etc_swift_account-server.conf.iniset DEFAULT bind_ip 10.0.0.41
'/etc/swift/account-server.conf' -> '/tmp/026_etc_swift_account-server.conf.iniset'
iniset /tmp/026_etc_swift_account-server.conf.iniset DEFAULT bind_port 6202
'/etc/swift/account-server.conf' -> '/tmp/027_etc_swift_account-server.conf.iniset'
iniset /tmp/027_etc_swift_account-server.conf.iniset DEFAULT user swift
'/etc/swift/account-server.conf' -> '/tmp/028_etc_swift_account-server.conf.iniset'
iniset /tmp/028_etc_swift_account-server.conf.iniset DEFAULT swift_dir /etc/swift
'/etc/swift/account-server.conf' -> '/tmp/029_etc_swift_account-server.conf.iniset'
iniset /tmp/029_etc_swift_account-server.conf.iniset DEFAULT devices /srv/node
'/etc/swift/account-server.conf' -> '/tmp/030_etc_swift_account-server.conf.iniset'
iniset /tmp/030_etc_swift_account-server.conf.iniset DEFAULT mount_check True
'/etc/swift/account-server.conf' -> '/tmp/031_etc_swift_account-server.conf.iniset'
iniset /tmp/031_etc_swift_account-server.conf.iniset pipeline:main pipeline healthcheck recon account-server
'/etc/swift/account-server.conf' -> '/tmp/032_etc_swift_account-server.conf.iniset'
iniset /tmp/032_etc_swift_account-server.conf.iniset filter:recon use egg:swift#recon
'/etc/swift/account-server.conf' -> '/tmp/033_etc_swift_account-server.conf.iniset'
iniset /tmp/033_etc_swift_account-server.conf.iniset filter:recon recon_cache_path /var/cache/swift
'/etc/swift/container-server.conf' -> '/tmp/034_etc_swift_container-server.conf.iniset'
iniset /tmp/034_etc_swift_container-server.conf.iniset DEFAULT bind_ip 10.0.0.41
'/etc/swift/container-server.conf' -> '/tmp/035_etc_swift_container-server.conf.iniset'
iniset /tmp/035_etc_swift_container-server.conf.iniset DEFAULT bind_port 6201
'/etc/swift/container-server.conf' -> '/tmp/036_etc_swift_container-server.conf.iniset'
iniset /tmp/036_etc_swift_container-server.conf.iniset DEFAULT user swift
'/etc/swift/container-server.conf' -> '/tmp/037_etc_swift_container-server.conf.iniset'
iniset /tmp/037_etc_swift_container-server.conf.iniset DEFAULT swift_dir /etc/swift
'/etc/swift/container-server.conf' -> '/tmp/038_etc_swift_container-server.conf.iniset'
iniset /tmp/038_etc_swift_container-server.conf.iniset DEFAULT devices /srv/node
'/etc/swift/container-server.conf' -> '/tmp/039_etc_swift_container-server.conf.iniset'
iniset /tmp/039_etc_swift_container-server.conf.iniset DEFAULT mount_check True
'/etc/swift/container-server.conf' -> '/tmp/040_etc_swift_container-server.conf.iniset'
iniset /tmp/040_etc_swift_container-server.conf.iniset pipeline:main pipeline healthcheck recon container-server
'/etc/swift/container-server.conf' -> '/tmp/041_etc_swift_container-server.conf.iniset'
iniset /tmp/041_etc_swift_container-server.conf.iniset filter:recon use egg:swift#recon
'/etc/swift/container-server.conf' -> '/tmp/042_etc_swift_container-server.conf.iniset'
iniset /tmp/042_etc_swift_container-server.conf.iniset filter:recon recon_cache_path /var/cache/swift
'/etc/swift/object-server.conf' -> '/tmp/043_etc_swift_object-server.conf.iniset'
iniset /tmp/043_etc_swift_object-server.conf.iniset DEFAULT bind_ip 10.0.0.41
'/etc/swift/object-server.conf' -> '/tmp/044_etc_swift_object-server.conf.iniset'
iniset /tmp/044_etc_swift_object-server.conf.iniset DEFAULT bind_port 6200
'/etc/swift/object-server.conf' -> '/tmp/045_etc_swift_object-server.conf.iniset'
iniset /tmp/045_etc_swift_object-server.conf.iniset DEFAULT user swift
'/etc/swift/object-server.conf' -> '/tmp/046_etc_swift_object-server.conf.iniset'
iniset /tmp/046_etc_swift_object-server.conf.iniset DEFAULT swift_dir /etc/swift
'/etc/swift/object-server.conf' -> '/tmp/047_etc_swift_object-server.conf.iniset'
iniset /tmp/047_etc_swift_object-server.conf.iniset DEFAULT devices /srv/node
'/etc/swift/object-server.conf' -> '/tmp/048_etc_swift_object-server.conf.iniset'
iniset /tmp/048_etc_swift_object-server.conf.iniset DEFAULT mount_check True
'/etc/swift/object-server.conf' -> '/tmp/049_etc_swift_object-server.conf.iniset'
iniset /tmp/049_etc_swift_object-server.conf.iniset pipeline:main pipeline healthcheck recon object-server
'/etc/swift/object-server.conf' -> '/tmp/050_etc_swift_object-server.conf.iniset'
iniset /tmp/050_etc_swift_object-server.conf.iniset filter:recon use egg:swift#recon
'/etc/swift/object-server.conf' -> '/tmp/051_etc_swift_object-server.conf.iniset'
iniset /tmp/051_etc_swift_object-server.conf.iniset filter:recon recon_cache_path /var/cache/swift
'/etc/swift/object-server.conf' -> '/tmp/052_etc_swift_object-server.conf.iniset'
iniset /tmp/052_etc_swift_object-server.conf.iniset filter:recon recon_lock_path /var/lock
