Last metadata expiration check: 0:52:03 ago on Tue 08 Mar 2022 09:26:36 AM EST.
rdo-release-wallaby-2.el8.noarch.rpm            7.4 kB/s |  16 kB     00:02    
Dependencies resolved.
================================================================================
 Package           Architecture Version                Repository          Size
================================================================================
Installing:
 rdo-release       noarch       wallaby-2.el8          @commandline        16 k

Transaction Summary
================================================================================
Install  1 Package

Total size: 16 k
Installed size: 12 k
Downloading Packages:
Running transaction check
Transaction check succeeded.
Running transaction test
Transaction test succeeded.
Running transaction
  Preparing        :                                                        1/1 
  Installing       : rdo-release-wallaby-2.el8.noarch                       1/1 
  Verifying        : rdo-release-wallaby-2.el8.noarch                       1/1 

Installed:
  rdo-release-wallaby-2.el8.noarch                                              

Complete!
