apt_download: mariadb-server python3-mysqldb

WARNING: apt does not have a stable CLI interface. Use with caution in scripts.

Reading package lists...
Building dependency tree...
Reading state information...
The following additional packages will be installed:
  galera-4 libcgi-fast-perl libcgi-pm-perl libdbd-mariadb-perl libdbi-perl
  libhtml-template-perl libmariadb3 libmysqlclient21 libterm-readkey-perl
  mariadb-client-10.6 mariadb-client-core-10.6 mariadb-common
  mariadb-server-10.6 mariadb-server-core-10.6 mysql-common socat
Suggested packages:
  libclone-perl libmldbm-perl libnet-daemon-perl libsql-statement-perl
  libipc-sharedcache-perl mailx mariadb-test python3-mysqldb-dbg
The following NEW packages will be installed:
  galera-4 libcgi-fast-perl libcgi-pm-perl libdbd-mariadb-perl libdbi-perl
  libhtml-template-perl libmariadb3 libmysqlclient21 libterm-readkey-perl
  mariadb-client-10.6 mariadb-client-core-10.6 mariadb-common mariadb-server
  mariadb-server-10.6 mariadb-server-core-10.6 mysql-common python3-mysqldb
  socat
0 upgraded, 18 newly installed, 0 to remove and 0 not upgraded.
Need to get 0 B/29.4 MB of archives.
After this operation, 231 MB of additional disk space will be used.
Download complete and in download only mode
apt_download: mariadb-server rabbitmq-server

WARNING: apt does not have a stable CLI interface. Use with caution in scripts.

Reading package lists...
Building dependency tree...
Reading state information...
The following additional packages will be installed:
  erlang-asn1 erlang-base erlang-crypto erlang-eldap erlang-ftp erlang-inets
  erlang-mnesia erlang-os-mon erlang-parsetools erlang-public-key
  erlang-runtime-tools erlang-snmp erlang-ssl erlang-syntax-tools erlang-tftp
  erlang-tools erlang-xmerl galera-4 libcgi-fast-perl libcgi-pm-perl
  libdbd-mariadb-perl libdbi-perl libhtml-template-perl libmariadb3
  libmysqlclient21 libsctp1 libterm-readkey-perl locales-all
  mariadb-client-10.6 mariadb-client-core-10.6 mariadb-common
  mariadb-server-10.6 mariadb-server-core-10.6 mysql-common socat
Suggested packages:
  erlang erlang-manpages erlang-doc libclone-perl libmldbm-perl
  libnet-daemon-perl libsql-statement-perl libipc-sharedcache-perl
  lksctp-tools mailx mariadb-test
The following NEW packages will be installed:
  erlang-asn1 erlang-base erlang-crypto erlang-eldap erlang-ftp erlang-inets
  erlang-mnesia erlang-os-mon erlang-parsetools erlang-public-key
  erlang-runtime-tools erlang-snmp erlang-ssl erlang-syntax-tools erlang-tftp
  erlang-tools erlang-xmerl galera-4 libcgi-fast-perl libcgi-pm-perl
  libdbd-mariadb-perl libdbi-perl libhtml-template-perl libmariadb3
  libmysqlclient21 libsctp1 libterm-readkey-perl locales-all
  mariadb-client-10.6 mariadb-client-core-10.6 mariadb-common mariadb-server
  mariadb-server-10.6 mariadb-server-core-10.6 mysql-common rabbitmq-server
  socat
0 upgraded, 37 newly installed, 0 to remove and 0 not upgraded.
Need to get 3,184 kB/67.4 MB of archives.
After this operation, 507 MB of additional disk space will be used.
Get:1 http://archive.ubuntu.com/ubuntu focal/main amd64 erlang-asn1 amd64 1:22.2.7+dfsg-1 [712 kB]
Get:2 http://archive.ubuntu.com/ubuntu focal/main amd64 erlang-public-key amd64 1:22.2.7+dfsg-1 [567 kB]
Get:3 http://archive.ubuntu.com/ubuntu focal/main amd64 erlang-runtime-tools amd64 1:22.2.7+dfsg-1 [182 kB]
Get:4 http://archive.ubuntu.com/ubuntu focal/main amd64 erlang-eldap amd64 1:22.2.7+dfsg-1 [99.7 kB]
Get:5 http://archive.ubuntu.com/ubuntu focal/main amd64 erlang-tftp amd64 1:22.2.7+dfsg-1 [84.6 kB]
Get:6 http://archive.ubuntu.com/ubuntu focal/main amd64 erlang-snmp amd64 1:22.2.7+dfsg-1 [1,538 kB]
Fetched 3,184 kB in 10s (308 kB/s)
Download complete and in download only mode
apt_download: libctf0 linux-libc-dev libisl22 cpp g++ libdpkg-perl build-essential fakeroot libalgorithm-diff-xs-perl manpages-dev zlib1g-dev python3-dev python3-pip libdpkg-perl

WARNING: apt does not have a stable CLI interface. Use with caution in scripts.

Reading package lists...
Building dependency tree...
Reading state information...
cpp is already the newest version (4:9.3.0-1ubuntu2).
fakeroot is already the newest version (1.24-1).
g++ is already the newest version (4:9.3.0-1ubuntu2).
libalgorithm-diff-xs-perl is already the newest version (0.04-6).
libdpkg-perl is already the newest version (1.19.7ubuntu3).
libisl22 is already the newest version (0.22.1-1).
manpages-dev is already the newest version (5.05-1).
python3-dev is already the newest version (3.8.2-0ubuntu2).
build-essential is already the newest version (12.8ubuntu1.1).
libctf0 is already the newest version (2.34-6ubuntu1.3).
linux-libc-dev is already the newest version (5.4.0-104.118).
zlib1g-dev is already the newest version (1:1.2.11.dfsg-2ubuntu1.2).
The following additional packages will be installed:
  python-pip-whl python3-wheel
The following NEW packages will be installed:
  python-pip-whl python3-pip python3-wheel
0 upgraded, 3 newly installed, 0 to remove and 0 not upgraded.
Need to get 0 B/2,060 kB of archives.
After this operation, 3,465 kB of additional disk space will be used.
Download complete and in download only mode
apt_download: python3-dev python3-pip

WARNING: apt does not have a stable CLI interface. Use with caution in scripts.

Reading package lists...
Building dependency tree...
Reading state information...
python3-dev is already the newest version (3.8.2-0ubuntu2).
The following additional packages will be installed:
  python-pip-whl python3-wheel
The following NEW packages will be installed:
  python-pip-whl python3-pip python3-wheel
0 upgraded, 3 newly installed, 0 to remove and 0 not upgraded.
Need to get 0 B/2,060 kB of archives.
After this operation, 3,465 kB of additional disk space will be used.
Download complete and in download only mode
apt_download: keystone python3-openstackclient apache2 memcached python3-memcache

WARNING: apt does not have a stable CLI interface. Use with caution in scripts.

Reading package lists...
Building dependency tree...
Reading state information...
apache2 is already the newest version (2.4.41-4ubuntu3.9).
The following additional packages will be installed:
  alembic keystone-common libapache2-mod-wsgi-py3 libjs-jquery libjs-sphinxdoc
  libjs-underscore pycadf-common python-pastedeploy-tpl python3-alembic
  python3-amqp python3-aniso8601 python3-anyjson python3-bcrypt
  python3-cachetools python3-cinderclient python3-defusedxml python3-dnspython
  python3-eventlet python3-extras python3-fasteners python3-fixtures
  python3-flask python3-flask-restful python3-futurist python3-greenlet
  python3-itsdangerous python3-jmespath python3-keystone
  python3-keystoneclient python3-keystonemiddleware python3-kombu python3-ldap
  python3-migrate python3-mimeparse python3-munch python3-novaclient
  python3-openstacksdk python3-os-client-config python3-osc-lib
  python3-oslo.cache python3-oslo.concurrency python3-oslo.db
  python3-oslo.messaging python3-oslo.middleware python3-oslo.policy
  python3-oslo.service python3-oslo.upgradecheck python3-osprofiler
  python3-passlib python3-paste python3-pastedeploy python3-pastescript
  python3-pycadf python3-pymysql python3-pysaml2 python3-repoze.lru
  python3-requestsexceptions python3-routes python3-scrypt python3-sqlalchemy
  python3-sqlalchemy-ext python3-sqlparse python3-statsd python3-tempita
  python3-tenacity python3-testscenarios python3-testtools python3-vine
  python3-webob python3-werkzeug xmlsec1
Suggested packages:
  libanyevent-perl libcache-memcached-perl libmemcached libterm-readkey-perl
  libyaml-perl python-amqp-doc python-eventlet-doc python-flask-doc
  python-futurist-doc python-greenlet-doc python-greenlet-dev
  python3-greenlet-dbg python3-ldappool python-kombu-doc python3-boto
  python3-django python3-pymongo python3-redis python-migrate-doc
  python-openstacksdk-doc python-os-client-config-doc python-osc-lib-doc
  python-oslo.cache-doc python-oslo.concurrency-doc python3-confluent-kafka
  python3-zmq python-oslo.middleware-doc python-oslo.policy-doc
  python-oslo.service-doc httpd-wsgi libapache2-mod-python libapache2-mod-scgi
  libjs-mochikit python3-cherrypy3 python-pymysql-doc python3-repoze.who
  python-sqlalchemy-doc python3-fdb python3-pymssql python3-mysqldb
  python3-psycopg2 python-sqlparse-doc python-tenacity-doc
  python-testtools-doc python-webob-doc ipython3 python-werkzeug-doc
  python3-termcolor python3-watchdog
The following NEW packages will be installed:
  alembic keystone keystone-common libapache2-mod-wsgi-py3 libjs-jquery
  libjs-sphinxdoc libjs-underscore memcached pycadf-common
  python-pastedeploy-tpl python3-alembic python3-amqp python3-aniso8601
  python3-anyjson python3-bcrypt python3-cachetools python3-cinderclient
  python3-defusedxml python3-dnspython python3-eventlet python3-extras
  python3-fasteners python3-fixtures python3-flask python3-flask-restful
  python3-futurist python3-greenlet python3-itsdangerous python3-jmespath
  python3-keystone python3-keystoneclient python3-keystonemiddleware
  python3-kombu python3-ldap python3-memcache python3-migrate
  python3-mimeparse python3-munch python3-novaclient python3-openstackclient
  python3-openstacksdk python3-os-client-config python3-osc-lib
  python3-oslo.cache python3-oslo.concurrency python3-oslo.db
  python3-oslo.messaging python3-oslo.middleware python3-oslo.policy
  python3-oslo.service python3-oslo.upgradecheck python3-osprofiler
  python3-passlib python3-paste python3-pastedeploy python3-pastescript
  python3-pycadf python3-pymysql python3-pysaml2 python3-repoze.lru
  python3-requestsexceptions python3-routes python3-scrypt python3-sqlalchemy
  python3-sqlalchemy-ext python3-sqlparse python3-statsd python3-tempita
  python3-tenacity python3-testscenarios python3-testtools python3-vine
  python3-webob python3-werkzeug xmlsec1
0 upgraded, 75 newly installed, 0 to remove and 0 not upgraded.
Need to get 8,048 kB/8,066 kB of archives.
After this operation, 52.5 MB of additional disk space will be used.
Get:1 http://ubuntu-cloud.archive.canonical.com/ubuntu focal-updates/wallaby/main amd64 python3-sqlalchemy all 1.3.22+ds1-1~cloud0 [795 kB]
Get:2 http://archive.ubuntu.com/ubuntu focal-updates/main amd64 memcached amd64 1.5.22-2ubuntu0.2 [128 kB]
Err:3 http://archive.ubuntu.com/ubuntu focal/main amd64 libjs-jquery all 3.3.1~dfsg-3
  400  Bad Request [IP: 91.189.88.142 80]
Err:4 http://ubuntu-cloud.archive.canonical.com/ubuntu focal-updates/wallaby/main amd64 python3-alembic all 1.4.3-1ubuntu1~cloud0
  400  Bad Request [IP: 91.189.88.142 80]
Get:5 http://archive.ubuntu.com/ubuntu focal-updates/main amd64 libjs-underscore all 1.9.1~dfsg-1ubuntu0.20.04.1 [99.5 kB]
Get:6 http://ubuntu-cloud.archive.canonical.com/ubuntu focal-updates/wallaby/main amd64 libjs-sphinxdoc all 3.5.4-1~cloud0 [130 kB]
Err:7 http://archive.ubuntu.com/ubuntu focal/main amd64 libapache2-mod-wsgi-py3 amd64 4.6.8-1ubuntu3
  400  Bad Request [IP: 91.189.88.142 80]
Err:8 http://ubuntu-cloud.archive.canonical.com/ubuntu focal-updates/wallaby/main amd64 alembic all 1.4.3-1ubuntu1~cloud0
  400  Bad Request [IP: 91.189.88.142 80]
Get:9 http://archive.ubuntu.com/ubuntu focal/main amd64 pycadf-common all 2.10.0-2 [4,932 B]
Err:10 http://archive.ubuntu.com/ubuntu focal/main amd64 python-pastedeploy-tpl all 2.1.0-1
  400  Bad Request [IP: 91.189.88.142 80]
Get:11 http://ubuntu-cloud.archive.canonical.com/ubuntu focal-updates/wallaby/main amd64 python3-amqp all 5.0.3-3~cloud0 [42.1 kB]
Get:12 http://archive.ubuntu.com/ubuntu focal/main amd64 python3-vine all 1.3.0+dfsg-1 [17.2 kB]
Err:13 http://ubuntu-cloud.archive.canonical.com/ubuntu focal-updates/wallaby/main amd64 python3-cinderclient all 1:7.4.0-0ubuntu1~cloud0
  400  Bad Request [IP: 91.189.88.142 80]
Err:14 http://archive.ubuntu.com/ubuntu focal/main amd64 python3-aniso8601 all 8.0.0-1
  400  Bad Request [IP: 91.189.88.142 80]
Get:15 http://ubuntu-cloud.archive.canonical.com/ubuntu focal-updates/wallaby/main amd64 python3-greenlet amd64 0.4.17-1build1~cloud0 [17.3 kB]
Err:16 http://ubuntu-cloud.archive.canonical.com/ubuntu focal-updates/wallaby/main amd64 python3-eventlet all 0.30.0-0ubuntu1.1~cloud0
  400  Bad Request [IP: 91.189.88.142 80]
Get:17 http://archive.ubuntu.com/ubuntu focal/main amd64 python3-anyjson all 0.3.3-2 [7,392 B]
Err:18 http://archive.ubuntu.com/ubuntu focal/main amd64 python3-cachetools all 4.0.0-1
  400  Bad Request [IP: 91.189.88.142 80]
Get:19 http://ubuntu-cloud.archive.canonical.com/ubuntu focal-updates/wallaby/main amd64 python3-keystoneclient all 1:4.2.0-0ubuntu1~cloud0 [208 kB]
Get:20 http://archive.ubuntu.com/ubuntu focal/main amd64 python3-defusedxml all 0.6.0-2 [37.0 kB]
Err:21 http://archive.ubuntu.com/ubuntu focal/main amd64 python3-dnspython all 1.16.0-1build1
  400  Bad Request [IP: 91.189.88.142 80]
Get:22 http://archive.ubuntu.com/ubuntu focal/main amd64 python3-extras all 1.0.0-4build1 [7,640 B]
Err:23 http://ubuntu-cloud.archive.canonical.com/ubuntu focal-updates/wallaby/main amd64 python3-oslo.cache all 2.7.0-0ubuntu1~cloud0
  400  Bad Request [IP: 91.189.88.142 80]
Err:24 http://archive.ubuntu.com/ubuntu focal/main amd64 python3-fasteners all 0.14.1-2
  400  Bad Request [IP: 91.189.88.142 80]
Get:25 http://ubuntu-cloud.archive.canonical.com/ubuntu focal-updates/wallaby/main amd64 python3-webob all 1:1.8.6-1.1~cloud0 [91.0 kB]
Err:26 http://ubuntu-cloud.archive.canonical.com/ubuntu focal-updates/wallaby/main amd64 python3-keystonemiddleware all 9.2.0-0ubuntu1~cloud0
  400  Bad Request [IP: 91.189.88.142 80]
Get:27 http://archive.ubuntu.com/ubuntu focal/main amd64 python3-mimeparse all 1.6.0-3build1 [7,152 B]
Err:28 http://archive.ubuntu.com/ubuntu focal/main amd64 python3-testtools all 2.4.0-0ubuntu1
  400  Bad Request [IP: 91.189.88.142 80]
Get:29 http://ubuntu-cloud.archive.canonical.com/ubuntu focal-updates/wallaby/main amd64 python3-kombu all 5.0.2-3~cloud0 [133 kB]
Get:30 http://archive.ubuntu.com/ubuntu focal/main amd64 python3-fixtures all 3.0.0-3build1 [32.6 kB]
Err:31 http://archive.ubuntu.com/ubuntu focal/main amd64 python3-itsdangerous all 1.1.0-1
  400  Bad Request [IP: 91.189.88.142 80]
Err:32 http://ubuntu-cloud.archive.canonical.com/ubuntu focal-updates/wallaby/main amd64 python3-novaclient all 2:17.4.0-0ubuntu1~cloud0
  400  Bad Request [IP: 91.189.88.142 80]
Get:33 http://archive.ubuntu.com/ubuntu focal/main amd64 python3-werkzeug all 0.16.1+dfsg1-2 [183 kB]
Get:34 http://ubuntu-cloud.archive.canonical.com/ubuntu focal-updates/wallaby/main amd64 python3-openstacksdk all 0.55.0-0ubuntu1~cloud0 [560 kB]
Err:35 http://archive.ubuntu.com/ubuntu focal/main amd64 python3-flask all 1.1.1-2
  400  Bad Request [IP: 91.189.88.142 80]
Get:36 http://archive.ubuntu.com/ubuntu focal/main amd64 python3-flask-restful all 0.3.8-1 [22.3 kB]
Err:37 http://archive.ubuntu.com/ubuntu focal/main amd64 python3-futurist all 2.1.0-0ubuntu1
  400  Bad Request [IP: 91.189.88.142 80]
Get:38 http://archive.ubuntu.com/ubuntu focal-updates/main amd64 python3-jmespath all 0.9.4-2ubuntu1 [21.5 kB]
Err:39 http://ubuntu-cloud.archive.canonical.com/ubuntu focal-updates/wallaby/main amd64 python3-os-client-config all 2.1.0-0ubuntu3~cloud0
  501  Not Implemented [IP: 91.189.88.142 80]
Err:40 http://archive.ubuntu.com/ubuntu focal/main amd64 python3-memcache all 1.59-4
  400  Bad Request [IP: 91.189.88.142 80]
Get:41 http://ubuntu-cloud.archive.canonical.com/ubuntu focal-updates/wallaby/main amd64 python3-osc-lib all 2.3.1-0ubuntu1~cloud0 [53.5 kB]
Get:42 http://archive.ubuntu.com/ubuntu focal/main amd64 python3-pycadf all 2.10.0-2 [17.3 kB]
Err:43 http://archive.ubuntu.com/ubuntu focal/main amd64 python3-ldap amd64 3.2.0-4ubuntu2
  400  Bad Request [IP: 91.189.88.142 80]
Err:44 http://ubuntu-cloud.archive.canonical.com/ubuntu focal-updates/wallaby/main amd64 python3-openstackclient all 5.5.0-0ubuntu1~cloud0
  400  Bad Request [IP: 91.189.88.142 80]
Get:45 http://archive.ubuntu.com/ubuntu focal/main amd64 python3-sqlparse all 0.2.4-3 [28.1 kB]
Get:46 http://ubuntu-cloud.archive.canonical.com/ubuntu focal-updates/wallaby/main amd64 python3-oslo.concurrency all 4.4.0-0ubuntu1~cloud0 [31.7 kB]
Err:47 http://archive.ubuntu.com/ubuntu focal/main amd64 python3-tempita all 0.5.2-6
  400  Bad Request [IP: 91.189.88.142 80]
Err:48 http://ubuntu-cloud.archive.canonical.com/ubuntu focal-updates/wallaby/main amd64 python3-oslo.db all 8.5.0+really.8.5.0-0ubuntu1~cloud0
  400  Bad Request [IP: 91.189.88.142 80]
Get:49 http://archive.ubuntu.com/ubuntu focal/main amd64 python3-migrate all 0.13.0-0ubuntu1 [69.8 kB]
Get:50 http://ubuntu-cloud.archive.canonical.com/ubuntu focal-updates/wallaby/main amd64 python3-oslo.middleware all 4.2.0-0ubuntu1~cloud0 [33.4 kB]
Err:51 http://ubuntu-cloud.archive.canonical.com/ubuntu focal-updates/wallaby/main amd64 python3-paste all 3.5.0+dfsg1-1~cloud0
  400  Bad Request [IP: 91.189.88.142 80]
Err:52 http://archive.ubuntu.com/ubuntu focal/main amd64 python3-munch all 2.3.2-2
  400  Bad Request [IP: 91.189.88.142 80]
Get:53 http://ubuntu-cloud.archive.canonical.com/ubuntu focal-updates/wallaby/main amd64 python3-oslo.service all 2.5.0-0ubuntu1~cloud0 [51.2 kB]
Get:54 http://archive.ubuntu.com/ubuntu focal/main amd64 python3-requestsexceptions all 1.4.0-3 [4,232 B]
Err:55 http://archive.ubuntu.com/ubuntu focal/main amd64 python3-testscenarios all 0.5.0-3build1
  400  Bad Request [IP: 91.189.88.142 80]
Err:56 http://ubuntu-cloud.archive.canonical.com/ubuntu focal-updates/wallaby/main amd64 python3-tenacity all 6.2.0-4~cloud0
  400  Bad Request [IP: 91.189.88.142 80]
Get:57 http://archive.ubuntu.com/ubuntu focal/main amd64 python3-statsd all 3.3.0-2build1 [11.9 kB]
Get:58 http://ubuntu-cloud.archive.canonical.com/ubuntu focal-updates/wallaby/main amd64 python3-oslo.messaging all 12.7.1-0ubuntu1~cloud0 [152 kB]
Err:59 http://archive.ubuntu.com/ubuntu focal/main amd64 python3-pastedeploy all 2.1.0-1
  400  Bad Request [IP: 91.189.88.142 80]
Get:60 http://archive.ubuntu.com/ubuntu focal/main amd64 python3-repoze.lru all 0.7-2 [12.1 kB]
Get:61 http://archive.ubuntu.com/ubuntu focal/main amd64 python3-routes all 2.4.1-2 [88.1 kB]
Get:62 http://archive.ubuntu.com/ubuntu focal/main amd64 python3-pastescript all 2.0.2-4 [54.6 kB]
Get:63 http://ubuntu-cloud.archive.canonical.com/ubuntu focal-updates/wallaby/main amd64 python3-oslo.policy all 3.7.0-0ubuntu1~cloud0 [57.5 kB]
Get:64 http://ubuntu-cloud.archive.canonical.com/ubuntu focal-updates/wallaby/main amd64 python3-oslo.upgradecheck all 1.3.0-0ubuntu1~cloud0 [9,064 B]
Get:65 http://archive.ubuntu.com/ubuntu focal/main amd64 python3-pymysql all 0.9.3-2ubuntu3 [38.9 kB]
Get:66 http://ubuntu-cloud.archive.canonical.com/ubuntu focal-updates/wallaby/main amd64 python3-osprofiler all 3.4.0-0ubuntu1~cloud0 [49.0 kB]
Get:67 http://archive.ubuntu.com/ubuntu focal/main amd64 xmlsec1 amd64 1.2.28-2 [25.0 kB]
Get:68 http://ubuntu-cloud.archive.canonical.com/ubuntu focal-updates/wallaby/main amd64 python3-pysaml2 all 6.1.0-0ubuntu1.21.04.1~cloud0 [208 kB]
Get:69 http://archive.ubuntu.com/ubuntu focal/main amd64 python3-scrypt amd64 0.8.0-0.3ubuntu1 [24.5 kB]
Get:70 http://archive.ubuntu.com/ubuntu focal/main amd64 python3-bcrypt amd64 3.1.7-2ubuntu1 [30.4 kB]
Get:71 http://archive.ubuntu.com/ubuntu focal/main amd64 python3-passlib all 1.7.2-1 [353 kB]
Get:72 http://ubuntu-cloud.archive.canonical.com/ubuntu focal-updates/wallaby/main amd64 python3-sqlalchemy-ext amd64 1.3.22+ds1-1~cloud0 [20.1 kB]
Get:73 http://ubuntu-cloud.archive.canonical.com/ubuntu focal-updates/wallaby/main amd64 keystone-common all 2:19.0.0-0ubuntu1~cloud0 [56.1 kB]
Get:74 http://ubuntu-cloud.archive.canonical.com/ubuntu focal-updates/wallaby/main amd64 python3-keystone all 2:19.0.0-0ubuntu1~cloud0 [735 kB]
Fetched 4,760 kB in 18s (266 kB/s)
E: Failed to fetch http://ubuntu-cloud.archive.canonical.com/ubuntu/pool/main/a/alembic/python3-alembic_1.4.3-1ubuntu1~cloud0_all.deb  400  Bad Request [IP: 91.189.88.142 80]
E: Failed to fetch http://archive.ubuntu.com/ubuntu/pool/main/j/jquery/libjs-jquery_3.3.1~dfsg-3_all.deb  400  Bad Request [IP: 91.189.88.142 80]
E: Failed to fetch http://ubuntu-cloud.archive.canonical.com/ubuntu/pool/main/a/alembic/alembic_1.4.3-1ubuntu1~cloud0_all.deb  400  Bad Request [IP: 91.189.88.142 80]
E: Failed to fetch http://archive.ubuntu.com/ubuntu/pool/main/m/mod-wsgi/libapache2-mod-wsgi-py3_4.6.8-1ubuntu3_amd64.deb  400  Bad Request [IP: 91.189.88.142 80]
E: Failed to fetch http://archive.ubuntu.com/ubuntu/pool/main/p/pastedeploy/python-pastedeploy-tpl_2.1.0-1_all.deb  400  Bad Request [IP: 91.189.88.142 80]
E: Failed to fetch http://archive.ubuntu.com/ubuntu/pool/main/p/python-aniso8601/python3-aniso8601_8.0.0-1_all.deb  400  Bad Request [IP: 91.189.88.142 80]
E: Failed to fetch http://archive.ubuntu.com/ubuntu/pool/main/p/python-cachetools/python3-cachetools_4.0.0-1_all.deb  400  Bad Request [IP: 91.189.88.142 80]
E: Failed to fetch http://ubuntu-cloud.archive.canonical.com/ubuntu/pool/main/p/python-cinderclient/python3-cinderclient_7.4.0-0ubuntu1~cloud0_all.deb  400  Bad Request [IP: 91.189.88.142 80]
E: Failed to fetch http://archive.ubuntu.com/ubuntu/pool/main/d/dnspython/python3-dnspython_1.16.0-1build1_all.deb  400  Bad Request [IP: 91.189.88.142 80]
E: Failed to fetch http://ubuntu-cloud.archive.canonical.com/ubuntu/pool/main/p/python-eventlet/python3-eventlet_0.30.0-0ubuntu1.1~cloud0_all.deb  400  Bad Request [IP: 91.189.88.142 80]
E: Failed to fetch http://archive.ubuntu.com/ubuntu/pool/main/p/python-fasteners/python3-fasteners_0.14.1-2_all.deb  400  Bad Request [IP: 91.189.88.142 80]
E: Failed to fetch http://archive.ubuntu.com/ubuntu/pool/main/p/python-testtools/python3-testtools_2.4.0-0ubuntu1_all.deb  400  Bad Request [IP: 91.189.88.142 80]
E: Failed to fetch http://archive.ubuntu.com/ubuntu/pool/main/p/python-itsdangerous/python3-itsdangerous_1.1.0-1_all.deb  400  Bad Request [IP: 91.189.88.142 80]
E: Failed to fetch http://archive.ubuntu.com/ubuntu/pool/main/f/flask/python3-flask_1.1.1-2_all.deb  400  Bad Request [IP: 91.189.88.142 80]
E: Failed to fetch http://archive.ubuntu.com/ubuntu/pool/main/p/python-futurist/python3-futurist_2.1.0-0ubuntu1_all.deb  400  Bad Request [IP: 91.189.88.142 80]
E: Failed to fetch http://archive.ubuntu.com/ubuntu/pool/main/p/python-memcache/python3-memcache_1.59-4_all.deb  400  Bad Request [IP: 91.189.88.142 80]
E: Failed to fetch http://ubuntu-cloud.archive.canonical.com/ubuntu/pool/main/p/python-oslo.cache/python3-oslo.cache_2.7.0-0ubuntu1~cloud0_all.deb  400  Bad Request [IP: 91.189.88.142 80]
E: Failed to fetch http://ubuntu-cloud.archive.canonical.com/ubuntu/pool/main/p/python-keystonemiddleware/python3-keystonemiddleware_9.2.0-0ubuntu1~cloud0_all.deb  400  Bad Request [IP: 91.189.88.142 80]
E: Failed to fetch http://archive.ubuntu.com/ubuntu/pool/main/p/python-ldap/python3-ldap_3.2.0-4ubuntu2_amd64.deb  400  Bad Request [IP: 91.189.88.142 80]
E: Failed to fetch http://archive.ubuntu.com/ubuntu/pool/main/p/python-tempita/python3-tempita_0.5.2-6_all.deb  400  Bad Request [IP: 91.189.88.142 80]
E: Failed to fetch http://ubuntu-cloud.archive.canonical.com/ubuntu/pool/main/p/python-novaclient/python3-novaclient_17.4.0-0ubuntu1~cloud0_all.deb  400  Bad Request [IP: 91.189.88.142 80]
E: Failed to fetch http://archive.ubuntu.com/ubuntu/pool/main/p/python-munch/python3-munch_2.3.2-2_all.deb  400  Bad Request [IP: 91.189.88.142 80]
E: Failed to fetch http://ubuntu-cloud.archive.canonical.com/ubuntu/pool/main/p/python-os-client-config/python3-os-client-config_2.1.0-0ubuntu3~cloud0_all.deb  501  Not Implemented [IP: 91.189.88.142 80]
E: Failed to fetch http://ubuntu-cloud.archive.canonical.com/ubuntu/pool/main/p/python-openstackclient/python3-openstackclient_5.5.0-0ubuntu1~cloud0_all.deb  400  Bad Request [IP: 91.189.88.142 80]
E: Failed to fetch http://archive.ubuntu.com/ubuntu/pool/main/p/python-testscenarios/python3-testscenarios_0.5.0-3build1_all.deb  400  Bad Request [IP: 91.189.88.142 80]
E: Failed to fetch http://ubuntu-cloud.archive.canonical.com/ubuntu/pool/main/p/python-oslo.db/python3-oslo.db_8.5.0+really.8.5.0-0ubuntu1~cloud0_all.deb  400  Bad Request [IP: 91.189.88.142 80]
E: Failed to fetch http://ubuntu-cloud.archive.canonical.com/ubuntu/pool/main/p/paste/python3-paste_3.5.0+dfsg1-1~cloud0_all.deb  400  Bad Request [IP: 91.189.88.142 80]
E: Failed to fetch http://archive.ubuntu.com/ubuntu/pool/main/p/pastedeploy/python3-pastedeploy_2.1.0-1_all.deb  400  Bad Request [IP: 91.189.88.142 80]
E: Failed to fetch http://ubuntu-cloud.archive.canonical.com/ubuntu/pool/main/p/python-tenacity/python3-tenacity_6.2.0-4~cloud0_all.deb  400  Bad Request [IP: 91.189.88.142 80]
E: Some files failed to download
