Setting up database for glance.
Waiting for database server to come up.
mysql cmd: CREATE DATABASE glance.
mysql cmd: GRANT ALL ON glance.* TO 'glance'@'%' IDENTIFIED BY 'glanceDBPass';.
mysql cmd: GRANT ALL ON glance.* TO 'glance'@'localhost' IDENTIFIED BY 'glanceDBPass';.
Sourcing the admin credentials.
Waiting for keystone to come up.
Creating glance user and giving it admin role under service tenant.
+---------------------+----------------------------------+
| Field               | Value                            |
+---------------------+----------------------------------+
| default_project_id  | 8092bb6b255a4d4695d2a0d0f8626aa6 |
| domain_id           | default                          |
| enabled             | True                             |
| id                  | 3b08c6d07dcb4e7fadb1c2279bd16f41 |
| name                | glance                           |
| options             | {}                               |
| password_expires_at | None                             |
+---------------------+----------------------------------+
Registering glance with keystone so that other services can locate it.
+-------------+----------------------------------+
| Field       | Value                            |
+-------------+----------------------------------+
| description | OpenStack Image                  |
| enabled     | True                             |
| id          | 4d9f4e7597624981a0abbc4eaaff9166 |
| name        | glance                           |
| type        | image                            |
+-------------+----------------------------------+
Creating the Image service API endpoints.
+--------------+----------------------------------+
| Field        | Value                            |
+--------------+----------------------------------+
| enabled      | True                             |
| id           | 0d3aebb96659481195650f5b214a4531 |
| interface    | public                           |
| region       | RegionOne                        |
| region_id    | RegionOne                        |
| service_id   | 4d9f4e7597624981a0abbc4eaaff9166 |
| service_name | glance                           |
| service_type | image                            |
| url          | http://controller:9292           |
+--------------+----------------------------------+
+--------------+----------------------------------+
| Field        | Value                            |
+--------------+----------------------------------+
| enabled      | True                             |
| id           | f4ebd424a62c478dbcd76eb82ad297cc |
| interface    | internal                         |
| region       | RegionOne                        |
| region_id    | RegionOne                        |
| service_id   | 4d9f4e7597624981a0abbc4eaaff9166 |
| service_name | glance                           |
| service_type | image                            |
| url          | http://controller:9292           |
+--------------+----------------------------------+
+--------------+----------------------------------+
| Field        | Value                            |
+--------------+----------------------------------+
| enabled      | True                             |
| id           | 0e39277381b2422e9780a79cbde685fb |
| interface    | admin                            |
| region       | RegionOne                        |
| region_id    | RegionOne                        |
| service_id   | 4d9f4e7597624981a0abbc4eaaff9166 |
| service_name | glance                           |
| service_type | image                            |
| url          | http://controller:9292           |
+--------------+----------------------------------+
Installing glance.
Last metadata expiration check: 0:05:50 ago on Tue 08 Mar 2022 10:18:56 AM EST.
Dependencies resolved.
================================================================================================================
 Package                                Arch    Version                                 Repository          Size
================================================================================================================
Installing:
 openstack-glance                       noarch  1:22.1.0-1.el8                          openstack-wallaby   78 k
Installing dependencies:
 adobe-mappings-cmap                    noarch  20171205-3.el8                          appstream          2.1 M
 adobe-mappings-cmap-deprecated         noarch  20171205-3.el8                          appstream          119 k
 adobe-mappings-pdf                     noarch  20180407-1.el8                          appstream          707 k
 blosc                                  x86_64  1.20.1-1.el8                            openstack-wallaby   62 k
 cryptsetup                             x86_64  2.3.7-2.el8                             baseos             198 k
 dejavu-sans-fonts                      noarch  2.35-7.el8                              baseos             1.6 M
 desktop-file-utils                     x86_64  0.23-8.el8                              appstream           80 k
 device-mapper-multipath                x86_64  0.8.4-22.el8                            baseos             200 k
 device-mapper-multipath-libs           x86_64  0.8.4-22.el8                            baseos             325 k
 gd                                     x86_64  2.2.5-7.el8                             appstream          144 k
 google-droid-sans-fonts                noarch  20120715-13.el8                         appstream          2.5 M
 graphviz                               x86_64  2.40.1-43.el8                           appstream          1.7 M
 gssproxy                               x86_64  0.8.0-20.el8                            baseos             119 k
 gtk2                                   x86_64  2.24.32-5.el8                           appstream          3.4 M
 hdf5                                   x86_64  1.10.5-5.el8                            openstack-wallaby  2.1 M
 iscsi-initiator-utils                  x86_64  6.2.1.4-4.git095f59c.el8                baseos             378 k
 iscsi-initiator-utils-iscsiuio         x86_64  6.2.1.4-4.git095f59c.el8                baseos             100 k
 isns-utils-libs                        x86_64  0.99-1.el8                              baseos             105 k
 jbig2dec-libs                          x86_64  0.16-1.el8                              appstream           71 k
 keyutils                               x86_64  1.5.10-9.el8                            baseos              66 k
 libXaw                                 x86_64  1.0.13-10.el8                           appstream          194 k
 libXmu                                 x86_64  1.1.3-1.el8                             appstream           75 k
 libXpm                                 x86_64  3.5.12-8.el8                            appstream           58 k
 libXt                                  x86_64  1.1.5-12.el8                            appstream          186 k
 libXxf86misc                           x86_64  1.0.4-1.el8                             appstream           23 k
 libaec                                 x86_64  1.0.2-3.el8                             powertools          39 k
 libfontenc                             x86_64  1.1.3-8.el8                             appstream           37 k
 libgfortran                            x86_64  8.5.0-10.el8                            baseos             643 k
 libgs                                  x86_64  9.27-1.el8                              appstream          3.1 M
 libidn                                 x86_64  1.34-5.el8                              appstream          239 k
 libijs                                 x86_64  0.35-5.el8                              appstream           30 k
 libmcpp                                x86_64  2.7.2-20.el8                            appstream           81 k
 libpaper                               x86_64  1.1.24-22.el8                           appstream           45 k
 libqhull                               x86_64  1:7.2.1-2.el8                           openstack-wallaby  168 k
 libquadmath                            x86_64  8.5.0-10.el8                            baseos             171 k
 librsvg2                               x86_64  2.42.7-4.el8                            appstream          571 k
 libtool-ltdl                           x86_64  2.4.6-25.el8                            baseos              58 k
 libverto-libevent                      x86_64  0.3.0-5.el8                             baseos              16 k
 libwebp                                x86_64  1.0.0-5.el8                             appstream          272 k
 libxslt                                x86_64  1.1.32-6.el8                            baseos             250 k
 mcpp                                   x86_64  2.7.2-20.el8                            appstream           31 k
 nfs-utils                              x86_64  1:2.3.3-50.el8                          baseos             504 k
 openblas                               x86_64  0.3.15-3.el8                            appstream          4.7 M
 openblas-threads                       x86_64  0.3.15-3.el8                            appstream          4.9 M
 openjpeg2                              x86_64  2.4.0-4.el8                             appstream          165 k
 perl-Filter                            x86_64  2:1.58-2.el8                            appstream           82 k
 perl-Text-Unidecode                    noarch  1.30-5.el8                              appstream          149 k
 perl-XML-Parser                        x86_64  2.44-11.el8                             appstream          226 k
 perl-XML-XPath                         noarch  1.42-3.el8                              appstream           88 k
 perl-encoding                          x86_64  4:2.22-3.el8                            appstream           68 k
 perl-open                              noarch  1.11-421.el8                            appstream           78 k
 platform-python-devel                  x86_64  3.6.8-45.el8                            appstream          250 k
 python-oslo-privsep-lang               noarch  2.5.1-1.el8                             openstack-wallaby   12 k
 python-oslo-vmware-lang                noarch  3.8.1-1.el8                             openstack-wallaby   13 k
 python-rpm-macros                      noarch  3-41.el8                                appstream           15 k
 python-srpm-macros                     noarch  3-41.el8                                appstream           15 k
 python3-Bottleneck                     x86_64  1.2.1-13.el8                            openstack-wallaby  131 k
 python3-automaton                      noarch  2.3.1-1.el8                             openstack-wallaby   41 k
 python3-barbicanclient                 noarch  5.1.0-1.el8                             openstack-wallaby  130 k
 python3-boto                           noarch  2.49.0-4.el8                            openstack-wallaby  1.8 M
 python3-cairo                          x86_64  1.16.3-6.el8                            appstream           90 k
 python3-castellan                      noarch  3.7.2-1.el8                             openstack-wallaby  127 k
 python3-cursive                        noarch  0.2.2-1.el8                             openstack-wallaby   58 k
 python3-cycler                         noarch  0.10.0-13.el8                           openstack-wallaby   20 k
 python3-glance                         noarch  1:22.1.0-1.el8                          openstack-wallaby  797 k
 python3-glance-store                   noarch  2.5.0-1.el8                             openstack-wallaby  300 k
 python3-glanceclient                   noarch  1:3.3.0-1.el8                           openstack-wallaby  147 k
 python3-kiwisolver                     x86_64  1.1.0-4.el8                             openstack-wallaby   78 k
 python3-lxml                           x86_64  4.2.3-4.el8                             appstream          1.5 M
 python3-matplotlib                     x86_64  3.1.1-2.el8                             openstack-wallaby  3.3 M
 python3-matplotlib-data                noarch  3.1.1-2.el8                             openstack-wallaby  1.8 M
 python3-matplotlib-data-fonts          noarch  3.1.1-2.el8                             openstack-wallaby  2.4 M
 python3-matplotlib-tk                  x86_64  3.1.1-2.el8                             openstack-wallaby   64 k
 python3-mock                           noarch  3.0.5-7.el8                             ceph-nautilus       55 k
 python3-networkx                       noarch  2.5-1.el8                               openstack-wallaby  2.5 M
 python3-numexpr                        x86_64  2.7.1-1.el8                             openstack-wallaby  198 k
 python3-numpy                          x86_64  1:1.14.3-10.el8                         appstream          3.7 M
 python3-numpy-f2py                     x86_64  1:1.14.3-10.el8                         appstream          225 k
 python3-os-brick                       noarch  4.3.2-1.el8                             openstack-wallaby  1.1 M
 python3-os-win                         noarch  5.4.0-1.el8                             openstack-wallaby  450 k
 python3-oslo-privsep                   noarch  2.5.1-1.el8                             openstack-wallaby   40 k
 python3-oslo-reports                   noarch  2.2.0-2.el8                             openstack-wallaby   59 k
 python3-oslo-rootwrap                  noarch  6.3.1-1.el8                             openstack-wallaby   44 k
 python3-oslo-vmware                    noarch  3.8.1-1.el8                             openstack-wallaby  232 k
 python3-pandas                         x86_64  0.25.3-1.el8                            openstack-wallaby   11 M
 python3-pillow                         x86_64  5.1.1-18.el8                            appstream          632 k
 python3-psutil                         x86_64  5.7.3-1.el8                             openstack-wallaby  420 k
 python3-pydot                          noarch  1.4.1-1.el8                             openstack-wallaby   51 k
 python3-pygraphviz                     x86_64  1.5-9.el8                               openstack-wallaby   91 k
 python3-pysendfile                     x86_64  2.0.1-15.el8                            openstack-wallaby   21 k
 python3-pyxattr                        x86_64  0.5.3-18.el8                            powertools          36 k
 python3-retrying                       noarch  1.3.3-1.el8                             openstack-wallaby   23 k
 python3-rpm-generators                 noarch  5-7.el8                                 appstream           25 k
 python3-rpm-macros                     noarch  3-41.el8                                appstream           14 k
 python3-scipy                          x86_64  1.0.0-21.module_el8.5.0+771+e5d9a225    appstream           14 M
 python3-simplegeneric                  noarch  0.8.1-17.el8                            ceph-nautilus       19 k
 python3-soupsieve                      noarch  2.1.0-1.el8                             openstack-wallaby   66 k
 python3-suds                           noarch  0.7-0.10.94664ddd46a6.el8               appstream          242 k
 python3-tables                         x86_64  3.5.2-6.el8                             openstack-wallaby  1.4 M
 python3-taskflow                       noarch  4.6.0-1.el8                             openstack-wallaby  689 k
 python3-tenacity                       noarch  6.2.0-1.el8                             openstack-wallaby   50 k
 python3-tkinter                        x86_64  3.6.8-45.el8                            appstream          372 k
 python3-warlock                        noarch  1.3.3-1.el8                             openstack-wallaby   22 k
 python3-webencodings                   noarch  0.5.1-6.el8                             appstream           27 k
 python3-wsme                           noarch  0.10.1-1.el8                            openstack-wallaby  140 k
 qemu-img                               x86_64  15:6.2.0-5.module_el8.6.0+1087+b42c8331 appstream          2.1 M
 quota                                  x86_64  1:4.04-14.el8                           baseos             214 k
 quota-nls                              noarch  1:4.04-14.el8                           baseos              95 k
 rpcbind                                x86_64  1.2.5-8.el8                             baseos              70 k
 sysfsutils                             x86_64  2.1.0-25.el8                            appstream           49 k
 tcl                                    x86_64  1:8.6.8-2.el8                           baseos             1.1 M
 texlive-base                           noarch  7:20180414-25.el8                       appstream          2.4 M
 texlive-dvipng                         x86_64  7:20180414-25.el8                       appstream          332 k
 texlive-kpathsea                       x86_64  7:20180414-25.el8                       appstream          1.1 M
 texlive-lib                            x86_64  7:20180414-25.el8                       appstream          541 k
 texlive-tetex                          noarch  7:20180414-25.el8                       appstream          403 k
 texlive-texlive.infra                  noarch  7:20180414-25.el8                       appstream          280 k
 tk                                     x86_64  1:8.6.8-1.el8                           appstream          1.6 M
 urw-base35-bookman-fonts               noarch  20170801-10.el8                         appstream          857 k
 urw-base35-c059-fonts                  noarch  20170801-10.el8                         appstream          884 k
 urw-base35-d050000l-fonts              noarch  20170801-10.el8                         appstream           79 k
 urw-base35-fonts                       noarch  20170801-10.el8                         appstream           12 k
 urw-base35-fonts-common                noarch  20170801-10.el8                         appstream           23 k
 urw-base35-gothic-fonts                noarch  20170801-10.el8                         appstream          654 k
 urw-base35-nimbus-mono-ps-fonts        noarch  20170801-10.el8                         appstream          801 k
 urw-base35-nimbus-roman-fonts          noarch  20170801-10.el8                         appstream          865 k
 urw-base35-nimbus-sans-fonts           noarch  20170801-10.el8                         appstream          1.3 M
 urw-base35-p052-fonts                  noarch  20170801-10.el8                         appstream          982 k
 urw-base35-standard-symbols-ps-fonts   noarch  20170801-10.el8                         appstream           44 k
 urw-base35-z003-fonts                  noarch  20170801-10.el8                         appstream          279 k
 userspace-rcu                          x86_64  0.10.1-4.el8                            baseos             101 k
 xdg-utils                              noarch  1.1.2-5.el8                             appstream           84 k
 xorg-x11-font-utils                    x86_64  1:7.5-41.el8                            appstream          104 k
 xorg-x11-fonts-ISO8859-1-100dpi        noarch  7.5-19.el8                              appstream          1.1 M
 xorg-x11-server-utils                  x86_64  7.7-27.el8                              appstream          198 k
Installing weak dependencies:
 python3-beautifulsoup4                 noarch  4.9.3-1.el8                             openstack-wallaby  215 k
 python3-cssselect                      noarch  0.9.2-13.el8                            openstack-wallaby   40 k
 python3-html5lib                       noarch  1:0.999999999-6.el8                     appstream          214 k

Transaction Summary
================================================================================================================
Install  139 Packages

Total download size: 102 M
Installed size: 430 M
Downloading Packages:
(1/139): adobe-mappings-cmap-deprecated-2017120 467 kB/s | 119 kB     00:00    
(2/139): adobe-mappings-pdf-20180407-1.el8.noar 2.2 MB/s | 707 kB     00:00    
(3/139): desktop-file-utils-0.23-8.el8.x86_64.r 830 kB/s |  80 kB     00:00    
(4/139): gd-2.2.5-7.el8.x86_64.rpm              1.3 MB/s | 144 kB     00:00    
(5/139): adobe-mappings-cmap-20171205-3.el8.noa 3.8 MB/s | 2.1 MB     00:00    
(6/139): graphviz-2.40.1-43.el8.x86_64.rpm      6.3 MB/s | 1.7 MB     00:00    
(7/139): google-droid-sans-fonts-20120715-13.el 5.9 MB/s | 2.5 MB     00:00    
(8/139): jbig2dec-libs-0.16-1.el8.x86_64.rpm    975 kB/s |  71 kB     00:00    
(9/139): libXmu-1.1.3-1.el8.x86_64.rpm          724 kB/s |  75 kB     00:00    
(10/139): libXaw-1.0.13-10.el8.x86_64.rpm       1.7 MB/s | 194 kB     00:00    
(11/139): gtk2-2.24.32-5.el8.x86_64.rpm         7.3 MB/s | 3.4 MB     00:00    
(12/139): libXpm-3.5.12-8.el8.x86_64.rpm        377 kB/s |  58 kB     00:00    
(13/139): libXt-1.1.5-12.el8.x86_64.rpm         1.2 MB/s | 186 kB     00:00    
(14/139): libXxf86misc-1.0.4-1.el8.x86_64.rpm   438 kB/s |  23 kB     00:00    
(15/139): libfontenc-1.1.3-8.el8.x86_64.rpm     407 kB/s |  37 kB     00:00    
(16/139): libidn-1.34-5.el8.x86_64.rpm          2.0 MB/s | 239 kB     00:00    
(17/139): libijs-0.35-5.el8.x86_64.rpm          368 kB/s |  30 kB     00:00    
(18/139): libpaper-1.1.24-22.el8.x86_64.rpm     450 kB/s |  45 kB     00:00    
(19/139): libmcpp-2.7.2-20.el8.x86_64.rpm       701 kB/s |  81 kB     00:00    
(20/139): libwebp-1.0.0-5.el8.x86_64.rpm        2.6 MB/s | 272 kB     00:00    
(21/139): librsvg2-2.42.7-4.el8.x86_64.rpm      4.4 MB/s | 571 kB     00:00    
(22/139): mcpp-2.7.2-20.el8.x86_64.rpm          478 kB/s |  31 kB     00:00    
(23/139): libgs-9.27-1.el8.x86_64.rpm           5.8 MB/s | 3.1 MB     00:00    
(24/139): openjpeg2-2.4.0-4.el8.x86_64.rpm      1.3 MB/s | 165 kB     00:00    
(25/139): perl-Filter-1.58-2.el8.x86_64.rpm     692 kB/s |  82 kB     00:00    
(26/139): perl-Text-Unidecode-1.30-5.el8.noarch 872 kB/s | 149 kB     00:00    
(27/139): openblas-0.3.15-3.el8.x86_64.rpm      7.0 MB/s | 4.7 MB     00:00    
(28/139): perl-XML-Parser-2.44-11.el8.x86_64.rp 1.5 MB/s | 226 kB     00:00    
(29/139): openblas-threads-0.3.15-3.el8.x86_64. 6.8 MB/s | 4.9 MB     00:00    
(30/139): perl-encoding-2.22-3.el8.x86_64.rpm   1.0 MB/s |  68 kB     00:00    
(31/139): perl-XML-XPath-1.42-3.el8.noarch.rpm  991 kB/s |  88 kB     00:00    
(32/139): python-rpm-macros-3-41.el8.noarch.rpm 110 kB/s |  15 kB     00:00    
(33/139): perl-open-1.11-421.el8.noarch.rpm     417 kB/s |  78 kB     00:00    
(34/139): python-srpm-macros-3-41.el8.noarch.rp 324 kB/s |  15 kB     00:00    
(35/139): platform-python-devel-3.6.8-45.el8.x8 1.3 MB/s | 250 kB     00:00    
(36/139): python3-cairo-1.16.3-6.el8.x86_64.rpm 744 kB/s |  90 kB     00:00    
(37/139): python3-html5lib-0.999999999-6.el8.no 1.6 MB/s | 214 kB     00:00    
(38/139): python3-lxml-4.2.3-4.el8.x86_64.rpm   5.7 MB/s | 1.5 MB     00:00    
(39/139): python3-numpy-f2py-1.14.3-10.el8.x86_ 1.5 MB/s | 225 kB     00:00    
(40/139): python3-rpm-generators-5-7.el8.noarch 270 kB/s |  25 kB     00:00    
(41/139): python3-pillow-5.1.1-18.el8.x86_64.rp 3.8 MB/s | 632 kB     00:00    
(42/139): python3-rpm-macros-3-41.el8.noarch.rp 218 kB/s |  14 kB     00:00    
(43/139): python3-numpy-1.14.3-10.el8.x86_64.rp 8.2 MB/s | 3.7 MB     00:00    
(44/139): python3-suds-0.7-0.10.94664ddd46a6.el 1.2 MB/s | 242 kB     00:00    
(45/139): python3-tkinter-3.6.8-45.el8.x86_64.r 2.0 MB/s | 372 kB     00:00    
(46/139): python3-webencodings-0.5.1-6.el8.noar 192 kB/s |  27 kB     00:00    
(47/139): sysfsutils-2.1.0-25.el8.x86_64.rpm    310 kB/s |  49 kB     00:00    
(48/139): qemu-img-6.2.0-5.module_el8.6.0+1087+ 6.0 MB/s | 2.1 MB     00:00    
(49/139): texlive-base-20180414-25.el8.noarch.r 8.0 MB/s | 2.4 MB     00:00    
(50/139): texlive-dvipng-20180414-25.el8.x86_64 3.0 MB/s | 332 kB     00:00    
(51/139): texlive-lib-20180414-25.el8.x86_64.rp 2.8 MB/s | 541 kB     00:00    
(52/139): texlive-kpathsea-20180414-25.el8.x86_ 4.6 MB/s | 1.1 MB     00:00    
(53/139): texlive-tetex-20180414-25.el8.noarch. 4.4 MB/s | 403 kB     00:00    
(54/139): texlive-texlive.infra-20180414-25.el8 4.4 MB/s | 280 kB     00:00    
(55/139): urw-base35-bookman-fonts-20170801-10. 5.1 MB/s | 857 kB     00:00    
(56/139): python3-scipy-1.0.0-21.module_el8.5.0 9.5 MB/s |  14 MB     00:01    
(57/139): tk-8.6.8-1.el8.x86_64.rpm             3.9 MB/s | 1.6 MB     00:00    
(58/139): urw-base35-d050000l-fonts-20170801-10 1.4 MB/s |  79 kB     00:00    
(59/139): urw-base35-c059-fonts-20170801-10.el8 3.5 MB/s | 884 kB     00:00    
(60/139): urw-base35-fonts-20170801-10.el8.noar 192 kB/s |  12 kB     00:00    
(61/139): urw-base35-fonts-common-20170801-10.e 379 kB/s |  23 kB     00:00    
(62/139): urw-base35-gothic-fonts-20170801-10.e 5.2 MB/s | 654 kB     00:00    
(63/139): urw-base35-nimbus-roman-fonts-2017080 8.8 MB/s | 865 kB     00:00    
(64/139): urw-base35-nimbus-mono-ps-fonts-20170 6.4 MB/s | 801 kB     00:00    
(65/139): urw-base35-standard-symbols-ps-fonts- 611 kB/s |  44 kB     00:00    
(66/139): urw-base35-p052-fonts-20170801-10.el8 9.1 MB/s | 982 kB     00:00    
(67/139): urw-base35-nimbus-sans-fonts-20170801 8.9 MB/s | 1.3 MB     00:00    
(68/139): urw-base35-z003-fonts-20170801-10.el8 3.6 MB/s | 279 kB     00:00    
(69/139): xdg-utils-1.1.2-5.el8.noarch.rpm      697 kB/s |  84 kB     00:00    
(70/139): xorg-x11-font-utils-7.5-41.el8.x86_64 835 kB/s | 104 kB     00:00    
(71/139): xorg-x11-fonts-ISO8859-1-100dpi-7.5-1 6.5 MB/s | 1.1 MB     00:00    
(72/139): xorg-x11-server-utils-7.7-27.el8.x86_ 1.4 MB/s | 198 kB     00:00    
(73/139): cryptsetup-2.3.7-2.el8.x86_64.rpm     662 kB/s | 198 kB     00:00    
(74/139): device-mapper-multipath-0.8.4-22.el8. 790 kB/s | 200 kB     00:00    
(75/139): device-mapper-multipath-libs-0.8.4-22 3.2 MB/s | 325 kB     00:00    
(76/139): gssproxy-0.8.0-20.el8.x86_64.rpm      1.9 MB/s | 119 kB     00:00    
(77/139): iscsi-initiator-utils-6.2.1.4-4.git09 5.6 MB/s | 378 kB     00:00    
(78/139): dejavu-sans-fonts-2.35-7.el8.noarch.r 3.9 MB/s | 1.6 MB     00:00    
(79/139): iscsi-initiator-utils-iscsiuio-6.2.1. 1.8 MB/s | 100 kB     00:00    
(80/139): isns-utils-libs-0.99-1.el8.x86_64.rpm 2.2 MB/s | 105 kB     00:00    
(81/139): keyutils-1.5.10-9.el8.x86_64.rpm      1.5 MB/s |  66 kB     00:00    
(82/139): libquadmath-8.5.0-10.el8.x86_64.rpm   3.1 MB/s | 171 kB     00:00    
(83/139): libtool-ltdl-2.4.6-25.el8.x86_64.rpm  1.2 MB/s |  58 kB     00:00    
(84/139): libverto-libevent-0.3.0-5.el8.x86_64. 350 kB/s |  16 kB     00:00    
(85/139): libgfortran-8.5.0-10.el8.x86_64.rpm   4.7 MB/s | 643 kB     00:00    
(86/139): libxslt-1.1.32-6.el8.x86_64.rpm       3.9 MB/s | 250 kB     00:00    
(87/139): quota-4.04-14.el8.x86_64.rpm          3.4 MB/s | 214 kB     00:00    
(88/139): quota-nls-4.04-14.el8.noarch.rpm      1.8 MB/s |  95 kB     00:00    
(89/139): nfs-utils-2.3.3-50.el8.x86_64.rpm     4.7 MB/s | 504 kB     00:00    
(90/139): rpcbind-1.2.5-8.el8.x86_64.rpm        1.3 MB/s |  70 kB     00:00    
(91/139): userspace-rcu-0.10.1-4.el8.x86_64.rpm 1.9 MB/s | 101 kB     00:00    
(92/139): libaec-1.0.2-3.el8.x86_64.rpm         560 kB/s |  39 kB     00:00    
(93/139): tcl-8.6.8-2.el8.x86_64.rpm            8.4 MB/s | 1.1 MB     00:00    
(94/139): python3-pyxattr-0.5.3-18.el8.x86_64.r 664 kB/s |  36 kB     00:00    
(95/139): blosc-1.20.1-1.el8.x86_64.rpm         1.5 MB/s |  62 kB     00:00    
(96/139): python3-simplegeneric-0.8.1-17.el8.no 291 kB/s |  19 kB     00:00    
(97/139): python3-mock-3.0.5-7.el8.noarch.rpm   553 kB/s |  55 kB     00:00    
(98/139): libqhull-7.2.1-2.el8.x86_64.rpm       2.2 MB/s | 168 kB     00:00    
(99/139): python-oslo-privsep-lang-2.5.1-1.el8. 434 kB/s |  12 kB     00:00    
(100/139): hdf5-1.10.5-5.el8.x86_64.rpm          14 MB/s | 2.1 MB     00:00    
(101/139): openstack-glance-22.1.0-1.el8.noarch 684 kB/s |  78 kB     00:00    
(102/139): python-oslo-vmware-lang-3.8.1-1.el8. 416 kB/s |  13 kB     00:00    
(103/139): python3-Bottleneck-1.2.1-13.el8.x86_ 4.8 MB/s | 131 kB     00:00    
(104/139): python3-automaton-2.3.1-1.el8.noarch 1.4 MB/s |  41 kB     00:00    
(105/139): python3-barbicanclient-5.1.0-1.el8.n 3.5 MB/s | 130 kB     00:00    
(106/139): python3-beautifulsoup4-4.9.3-1.el8.n 6.7 MB/s | 215 kB     00:00    
(107/139): python3-castellan-3.7.2-1.el8.noarch 4.0 MB/s | 127 kB     00:00    
(108/139): python3-cssselect-0.9.2-13.el8.noarc 2.2 MB/s |  40 kB     00:00    
(109/139): python3-cursive-0.2.2-1.el8.noarch.r 3.0 MB/s |  58 kB     00:00    
(110/139): python3-cycler-0.10.0-13.el8.noarch. 816 kB/s |  20 kB     00:00    
(111/139): python3-glance-store-2.5.0-1.el8.noa 8.8 MB/s | 300 kB     00:00    
(112/139): python3-boto-2.49.0-4.el8.noarch.rpm  14 MB/s | 1.8 MB     00:00    
(113/139): python3-glanceclient-3.3.0-1.el8.noa 5.4 MB/s | 147 kB     00:00    
(114/139): python3-glance-22.1.0-1.el8.noarch.r 9.1 MB/s | 797 kB     00:00    
(115/139): python3-kiwisolver-1.1.0-4.el8.x86_6 3.7 MB/s |  78 kB     00:00    
(116/139): python3-matplotlib-data-3.1.1-2.el8.  14 MB/s | 1.8 MB     00:00    
(117/139): python3-matplotlib-3.1.1-2.el8.x86_6  17 MB/s | 3.3 MB     00:00    
(118/139): python3-matplotlib-tk-3.1.1-2.el8.x8 1.2 MB/s |  64 kB     00:00    
(119/139): python3-matplotlib-data-fonts-3.1.1-  12 MB/s | 2.4 MB     00:00    
(120/139): python3-numexpr-2.7.1-1.el8.x86_64.r 5.5 MB/s | 198 kB     00:00    
(121/139): python3-os-win-5.4.0-1.el8.noarch.rp 7.9 MB/s | 450 kB     00:00    
(122/139): python3-os-brick-4.3.2-1.el8.noarch.  13 MB/s | 1.1 MB     00:00    
(123/139): python3-oslo-privsep-2.5.1-1.el8.noa 1.8 MB/s |  40 kB     00:00    
(124/139): python3-networkx-2.5-1.el8.noarch.rp  17 MB/s | 2.5 MB     00:00    
(125/139): python3-oslo-rootwrap-6.3.1-1.el8.no 1.3 MB/s |  44 kB     00:00    
(126/139): python3-oslo-reports-2.2.0-2.el8.noa 1.3 MB/s |  59 kB     00:00    
(127/139): python3-oslo-vmware-3.8.1-1.el8.noar 9.9 MB/s | 232 kB     00:00    
(128/139): python3-pydot-1.4.1-1.el8.noarch.rpm 2.0 MB/s |  51 kB     00:00    
(129/139): python3-psutil-5.7.3-1.el8.x86_64.rp 9.2 MB/s | 420 kB     00:00    
(130/139): python3-pygraphviz-1.5-9.el8.x86_64. 3.6 MB/s |  91 kB     00:00    
(131/139): python3-pysendfile-2.0.1-15.el8.x86_ 713 kB/s |  21 kB     00:00    
(132/139): python3-retrying-1.3.3-1.el8.noarch. 1.0 MB/s |  23 kB     00:00    
(133/139): python3-soupsieve-2.1.0-1.el8.noarch 2.1 MB/s |  66 kB     00:00    
(134/139): python3-tables-3.5.2-6.el8.x86_64.rp  11 MB/s | 1.4 MB     00:00    
(135/139): python3-taskflow-4.6.0-1.el8.noarch. 5.2 MB/s | 689 kB     00:00    
(136/139): python3-tenacity-6.2.0-1.el8.noarch. 2.0 MB/s |  50 kB     00:00    
(137/139): python3-warlock-1.3.3-1.el8.noarch.r 794 kB/s |  22 kB     00:00    
(138/139): python3-wsme-0.10.1-1.el8.noarch.rpm 4.7 MB/s | 140 kB     00:00    
(139/139): python3-pandas-0.25.3-1.el8.x86_64.r  24 MB/s |  11 MB     00:00    
--------------------------------------------------------------------------------
Total                                            10 MB/s | 102 MB     00:10     
Running transaction check
Transaction check succeeded.
Running transaction test
Transaction test succeeded.
Running transaction
  Preparing        :                                                        1/1 
  Installing       : urw-base35-fonts-common-20170801-10.el8.noarch       1/139 
  Installing       : libXt-1.1.5-12.el8.x86_64                            2/139 
  Installing       : libXmu-1.1.3-1.el8.x86_64                            3/139 
  Running scriptlet: texlive-base-7:20180414-25.el8.noarch                4/139 
  Installing       : texlive-base-7:20180414-25.el8.noarch                4/139 
  Installing       : libXpm-3.5.12-8.el8.x86_64                           5/139 
  Installing       : python3-matplotlib-data-fonts-3.1.1-2.el8.noarch     6/139 
  Installing       : python3-matplotlib-data-3.1.1-2.el8.noarch           7/139 
  Installing       : python3-tenacity-6.2.0-1.el8.noarch                  8/139 
  Installing       : python3-os-win-5.4.0-1.el8.noarch                    9/139 
  Installing       : userspace-rcu-0.10.1-4.el8.x86_64                   10/139 
  Running scriptlet: userspace-rcu-0.10.1-4.el8.x86_64                   10/139 
  Installing       : tcl-1:8.6.8-2.el8.x86_64                            11/139 
  Running scriptlet: tcl-1:8.6.8-2.el8.x86_64                            11/139 
  Installing       : libquadmath-8.5.0-10.el8.x86_64                     12/139 
  Running scriptlet: libquadmath-8.5.0-10.el8.x86_64                     12/139 
  Installing       : libgfortran-8.5.0-10.el8.x86_64                     13/139 
  Running scriptlet: libgfortran-8.5.0-10.el8.x86_64                     13/139 
  Installing       : openblas-0.3.15-3.el8.x86_64                        14/139 
  Running scriptlet: openblas-0.3.15-3.el8.x86_64                        14/139 
  Installing       : openblas-threads-0.3.15-3.el8.x86_64                15/139 
  Running scriptlet: openblas-threads-0.3.15-3.el8.x86_64                15/139 
  Installing       : python3-numpy-1:1.14.3-10.el8.x86_64                16/139 
  Installing       : python3-numexpr-2.7.1-1.el8.x86_64                  17/139 
  Installing       : texlive-lib-7:20180414-25.el8.x86_64                18/139 
  Installing       : perl-XML-Parser-2.44-11.el8.x86_64                  19/139 
  Installing       : openjpeg2-2.4.0-4.el8.x86_64                        20/139 
  Installing       : libwebp-1.0.0-5.el8.x86_64                          21/139 
  Installing       : gd-2.2.5-7.el8.x86_64                               22/139 
  Running scriptlet: gd-2.2.5-7.el8.x86_64                               22/139 
  Installing       : python3-pillow-5.1.1-18.el8.x86_64                  23/139 
  Installing       : adobe-mappings-cmap-20171205-3.el8.noarch           24/139 
  Installing       : adobe-mappings-cmap-deprecated-20171205-3.el8.no    25/139 
  Running scriptlet: tk-1:8.6.8-1.el8.x86_64                             26/139 
  Installing       : tk-1:8.6.8-1.el8.x86_64                             26/139 
  Running scriptlet: tk-1:8.6.8-1.el8.x86_64                             26/139 
  Installing       : python3-tkinter-3.6.8-45.el8.x86_64                 27/139 
  Installing       : device-mapper-multipath-libs-0.8.4-22.el8.x86_64    28/139 
  Running scriptlet: device-mapper-multipath-libs-0.8.4-22.el8.x86_64    28/139 
  Installing       : device-mapper-multipath-0.8.4-22.el8.x86_64         29/139 
  Running scriptlet: device-mapper-multipath-0.8.4-22.el8.x86_64         29/139 
  Installing       : libXaw-1.0.13-10.el8.x86_64                         30/139 
  Installing       : python3-warlock-1.3.3-1.el8.noarch                  31/139 
  Installing       : python3-glanceclient-1:3.3.0-1.el8.noarch           32/139 
  Installing       : python3-soupsieve-2.1.0-1.el8.noarch                33/139 
  Installing       : python3-retrying-1.3.3-1.el8.noarch                 34/139 
  Installing       : python3-pysendfile-2.0.1-15.el8.x86_64              35/139 
  Installing       : python3-psutil-5.7.3-1.el8.x86_64                   36/139 
  Installing       : python3-oslo-reports-2.2.0-2.el8.noarch             37/139 
  Installing       : python3-oslo-rootwrap-6.3.1-1.el8.noarch            38/139 
  Installing       : python3-kiwisolver-1.1.0-4.el8.x86_64               39/139 
  Installing       : python3-cycler-0.10.0-13.el8.noarch                 40/139 
  Installing       : python3-cssselect-0.9.2-13.el8.noarch               41/139 
  Installing       : python3-boto-2.49.0-4.el8.noarch                    42/139 
  Installing       : python3-barbicanclient-5.1.0-1.el8.noarch           43/139 
  Installing       : python3-castellan-3.7.2-1.el8.noarch                44/139 
  Installing       : python3-cursive-0.2.2-1.el8.noarch                  45/139 
  Installing       : python3-automaton-2.3.1-1.el8.noarch                46/139 
  Installing       : python-oslo-vmware-lang-3.8.1-1.el8.noarch          47/139 
  Installing       : python-oslo-privsep-lang-2.5.1-1.el8.noarch         48/139 
  Installing       : python3-oslo-privsep-2.5.1-1.el8.noarch             49/139 
  Installing       : libqhull-1:7.2.1-2.el8.x86_64                       50/139 
  Installing       : blosc-1.20.1-1.el8.x86_64                           51/139 
  Installing       : python3-simplegeneric-0.8.1-17.el8.noarch           52/139 
  Installing       : python3-wsme-0.10.1-1.el8.noarch                    53/139 
  Installing       : python3-mock-3.0.5-7.el8.noarch                     54/139 
  Installing       : python3-pyxattr-0.5.3-18.el8.x86_64                 55/139 
  Installing       : libaec-1.0.2-3.el8.x86_64                           56/139 
  Installing       : hdf5-1.10.5-5.el8.x86_64                            57/139 
  Installing       : python3-tables-3.5.2-6.el8.x86_64                   58/139 
  Running scriptlet: rpcbind-1.2.5-8.el8.x86_64                          59/139 
  Installing       : rpcbind-1.2.5-8.el8.x86_64                          59/139 
  Running scriptlet: rpcbind-1.2.5-8.el8.x86_64                          59/139 
  Installing       : quota-nls-1:4.04-14.el8.noarch                      60/139 
  Installing       : quota-1:4.04-14.el8.x86_64                          61/139 
  Installing       : libxslt-1.1.32-6.el8.x86_64                         62/139 
  Installing       : libverto-libevent-0.3.0-5.el8.x86_64                63/139 
  Installing       : gssproxy-0.8.0-20.el8.x86_64                        64/139 
  Running scriptlet: gssproxy-0.8.0-20.el8.x86_64                        64/139 
  Installing       : libtool-ltdl-2.4.6-25.el8.x86_64                    65/139 
  Running scriptlet: libtool-ltdl-2.4.6-25.el8.x86_64                    65/139 
  Installing       : keyutils-1.5.10-9.el8.x86_64                        66/139 
  Running scriptlet: nfs-utils-1:2.3.3-50.el8.x86_64                     67/139 
  Installing       : nfs-utils-1:2.3.3-50.el8.x86_64                     67/139 
  Running scriptlet: nfs-utils-1:2.3.3-50.el8.x86_64                     67/139 
  Installing       : isns-utils-libs-0.99-1.el8.x86_64                   68/139 
  Running scriptlet: isns-utils-libs-0.99-1.el8.x86_64                   68/139 
  Installing       : iscsi-initiator-utils-iscsiuio-6.2.1.4-4.git095f    69/139 
  Running scriptlet: iscsi-initiator-utils-iscsiuio-6.2.1.4-4.git095f    69/139 
  Installing       : iscsi-initiator-utils-6.2.1.4-4.git095f59c.el8.x    70/139 
  Running scriptlet: iscsi-initiator-utils-6.2.1.4-4.git095f59c.el8.x    70/139 
  Installing       : dejavu-sans-fonts-2.35-7.el8.noarch                 71/139 
  Installing       : cryptsetup-2.3.7-2.el8.x86_64                       72/139 
  Installing       : sysfsutils-2.1.0-25.el8.x86_64                      73/139 
  Installing       : python3-os-brick-4.3.2-1.el8.noarch                 74/139 
  Installing       : python3-glance-store-2.5.0-1.el8.noarch             75/139 
  Installing       : qemu-img-15:6.2.0-5.module_el8.6.0+1087+b42c8331    76/139 
  Installing       : python3-webencodings-0.5.1-6.el8.noarch             77/139 
  Installing       : python3-html5lib-1:0.999999999-6.el8.noarch         78/139 
  Installing       : python3-beautifulsoup4-4.9.3-1.el8.noarch           79/139 
  Installing       : python3-lxml-4.2.3-4.el8.x86_64                     80/139 
  Installing       : python3-suds-0.7-0.10.94664ddd46a6.el8.noarch       81/139 
  Installing       : python3-oslo-vmware-3.8.1-1.el8.noarch              82/139 
  Installing       : python3-rpm-generators-5-7.el8.noarch               83/139 
  Installing       : python3-cairo-1.16.3-6.el8.x86_64                   84/139 
  Installing       : python-srpm-macros-3-41.el8.noarch                  85/139 
  Installing       : python-rpm-macros-3-41.el8.noarch                   86/139 
  Installing       : python3-rpm-macros-3-41.el8.noarch                  87/139 
  Installing       : platform-python-devel-3.6.8-45.el8.x86_64           88/139 
  Installing       : python3-numpy-f2py-1:1.14.3-10.el8.x86_64           89/139 
  Running scriptlet: python3-numpy-f2py-1:1.14.3-10.el8.x86_64           89/139 
  Installing       : python3-scipy-1.0.0-21.module_el8.5.0+771+e5d9a2    90/139 
  Installing       : python3-Bottleneck-1.2.1-13.el8.x86_64              91/139 
  Installing       : perl-Text-Unidecode-1.30-5.el8.noarch               92/139 
  Installing       : perl-Filter-2:1.58-2.el8.x86_64                     93/139 
  Installing       : perl-encoding-4:2.22-3.el8.x86_64                   94/139 
  Installing       : perl-open-1.11-421.el8.noarch                       95/139 
  Installing       : perl-XML-XPath-1.42-3.el8.noarch                    96/139 
  Installing       : texlive-texlive.infra-7:20180414-25.el8.noarch      97/139 
  Installing       : texlive-tetex-7:20180414-25.el8.noarch              98/139 
  Installing       : texlive-kpathsea-7:20180414-25.el8.x86_64           99/139 
  Running scriptlet: texlive-kpathsea-7:20180414-25.el8.x86_64           99/139 
  Installing       : texlive-dvipng-7:20180414-25.el8.x86_64            100/139 
  Running scriptlet: texlive-dvipng-7:20180414-25.el8.x86_64            100/139 
  Installing       : python3-matplotlib-tk-3.1.1-2.el8.x86_64           101/139 
  Installing       : python3-matplotlib-3.1.1-2.el8.x86_64              102/139 
  Installing       : python3-pandas-0.25.3-1.el8.x86_64                 103/139 
  Installing       : librsvg2-2.42.7-4.el8.x86_64                       104/139 
  Installing       : libpaper-1.1.24-22.el8.x86_64                      105/139 
  Installing       : libmcpp-2.7.2-20.el8.x86_64                        106/139 
  Running scriptlet: libmcpp-2.7.2-20.el8.x86_64                        106/139 
  Installing       : mcpp-2.7.2-20.el8.x86_64                           107/139 
  Installing       : libijs-0.35-5.el8.x86_64                           108/139 
  Installing       : libidn-1.34-5.el8.x86_64                           109/139 
  Running scriptlet: libidn-1.34-5.el8.x86_64                           109/139 
  Installing       : libfontenc-1.1.3-8.el8.x86_64                      110/139 
  Installing       : xorg-x11-font-utils-1:7.5-41.el8.x86_64            111/139 
  Installing       : xorg-x11-fonts-ISO8859-1-100dpi-7.5-19.el8.noarc   112/139 
  Running scriptlet: xorg-x11-fonts-ISO8859-1-100dpi-7.5-19.el8.noarc   112/139 
  Installing       : libXxf86misc-1.0.4-1.el8.x86_64                    113/139 
  Installing       : xorg-x11-server-utils-7.7-27.el8.x86_64            114/139 
  Installing       : urw-base35-bookman-fonts-20170801-10.el8.noarch    115/139 
  Running scriptlet: urw-base35-bookman-fonts-20170801-10.el8.noarch    115/139 
  Installing       : urw-base35-c059-fonts-20170801-10.el8.noarch       116/139 
  Running scriptlet: urw-base35-c059-fonts-20170801-10.el8.noarch       116/139 
  Installing       : urw-base35-d050000l-fonts-20170801-10.el8.noarch   117/139 
  Running scriptlet: urw-base35-d050000l-fonts-20170801-10.el8.noarch   117/139 
  Installing       : urw-base35-gothic-fonts-20170801-10.el8.noarch     118/139 
  Running scriptlet: urw-base35-gothic-fonts-20170801-10.el8.noarch     118/139 
  Installing       : urw-base35-nimbus-mono-ps-fonts-20170801-10.el8.   119/139 
  Running scriptlet: urw-base35-nimbus-mono-ps-fonts-20170801-10.el8.   119/139 
  Installing       : urw-base35-nimbus-roman-fonts-20170801-10.el8.no   120/139 
  Running scriptlet: urw-base35-nimbus-roman-fonts-20170801-10.el8.no   120/139 
  Installing       : urw-base35-nimbus-sans-fonts-20170801-10.el8.noa   121/139 
  Running scriptlet: urw-base35-nimbus-sans-fonts-20170801-10.el8.noa   121/139 
  Installing       : urw-base35-p052-fonts-20170801-10.el8.noarch       122/139 
  Running scriptlet: urw-base35-p052-fonts-20170801-10.el8.noarch       122/139 
  Installing       : urw-base35-standard-symbols-ps-fonts-20170801-10   123/139 
  Running scriptlet: urw-base35-standard-symbols-ps-fonts-20170801-10   123/139 
  Installing       : urw-base35-z003-fonts-20170801-10.el8.noarch       124/139 
  Running scriptlet: urw-base35-z003-fonts-20170801-10.el8.noarch       124/139 
  Installing       : urw-base35-fonts-20170801-10.el8.noarch            125/139 
  Installing       : jbig2dec-libs-0.16-1.el8.x86_64                    126/139 
  Running scriptlet: jbig2dec-libs-0.16-1.el8.x86_64                    126/139 
  Installing       : gtk2-2.24.32-5.el8.x86_64                          127/139 
  Running scriptlet: gtk2-2.24.32-5.el8.x86_64                          127/139 
  Installing       : google-droid-sans-fonts-20120715-13.el8.noarch     128/139 
  Installing       : desktop-file-utils-0.23-8.el8.x86_64               129/139 
  Installing       : xdg-utils-1.1.2-5.el8.noarch                       130/139 
  Installing       : adobe-mappings-pdf-20180407-1.el8.noarch           131/139 
  Installing       : libgs-9.27-1.el8.x86_64                            132/139 
  Installing       : graphviz-2.40.1-43.el8.x86_64                      133/139 
  Running scriptlet: graphviz-2.40.1-43.el8.x86_64                      133/139 
  Installing       : python3-pydot-1.4.1-1.el8.noarch                   134/139 
  Installing       : python3-pygraphviz-1.5-9.el8.x86_64                135/139 
  Installing       : python3-networkx-2.5-1.el8.noarch                  136/139 
  Installing       : python3-taskflow-4.6.0-1.el8.noarch                137/139 
  Installing       : python3-glance-1:22.1.0-1.el8.noarch               138/139 
  Running scriptlet: openstack-glance-1:22.1.0-1.el8.noarch             139/139 
  Installing       : openstack-glance-1:22.1.0-1.el8.noarch             139/139 
  Running scriptlet: openstack-glance-1:22.1.0-1.el8.noarch             139/139 
  Running scriptlet: texlive-base-7:20180414-25.el8.noarch              139/139 
  Running scriptlet: urw-base35-bookman-fonts-20170801-10.el8.noarch    139/139 
  Running scriptlet: urw-base35-c059-fonts-20170801-10.el8.noarch       139/139 
  Running scriptlet: urw-base35-d050000l-fonts-20170801-10.el8.noarch   139/139 
  Running scriptlet: urw-base35-gothic-fonts-20170801-10.el8.noarch     139/139 
  Running scriptlet: urw-base35-nimbus-mono-ps-fonts-20170801-10.el8.   139/139 
  Running scriptlet: urw-base35-nimbus-roman-fonts-20170801-10.el8.no   139/139 
  Running scriptlet: urw-base35-nimbus-sans-fonts-20170801-10.el8.noa   139/139 
  Running scriptlet: urw-base35-p052-fonts-20170801-10.el8.noarch       139/139 
  Running scriptlet: urw-base35-standard-symbols-ps-fonts-20170801-10   139/139 
  Running scriptlet: urw-base35-z003-fonts-20170801-10.el8.noarch       139/139 
  Running scriptlet: openstack-glance-1:22.1.0-1.el8.noarch             139/139 
[/usr/lib/tmpfiles.d/rabbitmq-server.conf:1] Line references path below legacy directory /var/run/, updating /var/run/rabbitmq â†’ /run/rabbitmq; please update the tmpfiles.d/ drop-in file accordingly.

  Running scriptlet: texlive-kpathsea-7:20180414-25.el8.x86_64          139/139 
  Running scriptlet: desktop-file-utils-0.23-8.el8.x86_64               139/139 
  Verifying        : adobe-mappings-cmap-20171205-3.el8.noarch            1/139 
  Verifying        : adobe-mappings-cmap-deprecated-20171205-3.el8.no     2/139 
  Verifying        : adobe-mappings-pdf-20180407-1.el8.noarch             3/139 
  Verifying        : desktop-file-utils-0.23-8.el8.x86_64                 4/139 
  Verifying        : gd-2.2.5-7.el8.x86_64                                5/139 
  Verifying        : google-droid-sans-fonts-20120715-13.el8.noarch       6/139 
  Verifying        : graphviz-2.40.1-43.el8.x86_64                        7/139 
  Verifying        : gtk2-2.24.32-5.el8.x86_64                            8/139 
  Verifying        : jbig2dec-libs-0.16-1.el8.x86_64                      9/139 
  Verifying        : libXaw-1.0.13-10.el8.x86_64                         10/139 
  Verifying        : libXmu-1.1.3-1.el8.x86_64                           11/139 
  Verifying        : libXpm-3.5.12-8.el8.x86_64                          12/139 
  Verifying        : libXt-1.1.5-12.el8.x86_64                           13/139 
  Verifying        : libXxf86misc-1.0.4-1.el8.x86_64                     14/139 
  Verifying        : libfontenc-1.1.3-8.el8.x86_64                       15/139 
  Verifying        : libgs-9.27-1.el8.x86_64                             16/139 
  Verifying        : libidn-1.34-5.el8.x86_64                            17/139 
  Verifying        : libijs-0.35-5.el8.x86_64                            18/139 
  Verifying        : libmcpp-2.7.2-20.el8.x86_64                         19/139 
  Verifying        : libpaper-1.1.24-22.el8.x86_64                       20/139 
  Verifying        : librsvg2-2.42.7-4.el8.x86_64                        21/139 
  Verifying        : libwebp-1.0.0-5.el8.x86_64                          22/139 
  Verifying        : mcpp-2.7.2-20.el8.x86_64                            23/139 
  Verifying        : openblas-0.3.15-3.el8.x86_64                        24/139 
  Verifying        : openblas-threads-0.3.15-3.el8.x86_64                25/139 
  Verifying        : openjpeg2-2.4.0-4.el8.x86_64                        26/139 
  Verifying        : perl-Filter-2:1.58-2.el8.x86_64                     27/139 
  Verifying        : perl-Text-Unidecode-1.30-5.el8.noarch               28/139 
  Verifying        : perl-XML-Parser-2.44-11.el8.x86_64                  29/139 
  Verifying        : perl-XML-XPath-1.42-3.el8.noarch                    30/139 
  Verifying        : perl-encoding-4:2.22-3.el8.x86_64                   31/139 
  Verifying        : perl-open-1.11-421.el8.noarch                       32/139 
  Verifying        : platform-python-devel-3.6.8-45.el8.x86_64           33/139 
  Verifying        : python-rpm-macros-3-41.el8.noarch                   34/139 
  Verifying        : python-srpm-macros-3-41.el8.noarch                  35/139 
  Verifying        : python3-cairo-1.16.3-6.el8.x86_64                   36/139 
  Verifying        : python3-html5lib-1:0.999999999-6.el8.noarch         37/139 
  Verifying        : python3-lxml-4.2.3-4.el8.x86_64                     38/139 
  Verifying        : python3-numpy-1:1.14.3-10.el8.x86_64                39/139 
  Verifying        : python3-numpy-f2py-1:1.14.3-10.el8.x86_64           40/139 
  Verifying        : python3-pillow-5.1.1-18.el8.x86_64                  41/139 
  Verifying        : python3-rpm-generators-5-7.el8.noarch               42/139 
  Verifying        : python3-rpm-macros-3-41.el8.noarch                  43/139 
  Verifying        : python3-scipy-1.0.0-21.module_el8.5.0+771+e5d9a2    44/139 
  Verifying        : python3-suds-0.7-0.10.94664ddd46a6.el8.noarch       45/139 
  Verifying        : python3-tkinter-3.6.8-45.el8.x86_64                 46/139 
  Verifying        : python3-webencodings-0.5.1-6.el8.noarch             47/139 
  Verifying        : qemu-img-15:6.2.0-5.module_el8.6.0+1087+b42c8331    48/139 
  Verifying        : sysfsutils-2.1.0-25.el8.x86_64                      49/139 
  Verifying        : texlive-base-7:20180414-25.el8.noarch               50/139 
  Verifying        : texlive-dvipng-7:20180414-25.el8.x86_64             51/139 
  Verifying        : texlive-kpathsea-7:20180414-25.el8.x86_64           52/139 
  Verifying        : texlive-lib-7:20180414-25.el8.x86_64                53/139 
  Verifying        : texlive-tetex-7:20180414-25.el8.noarch              54/139 
  Verifying        : texlive-texlive.infra-7:20180414-25.el8.noarch      55/139 
  Verifying        : tk-1:8.6.8-1.el8.x86_64                             56/139 
  Verifying        : urw-base35-bookman-fonts-20170801-10.el8.noarch     57/139 
  Verifying        : urw-base35-c059-fonts-20170801-10.el8.noarch        58/139 
  Verifying        : urw-base35-d050000l-fonts-20170801-10.el8.noarch    59/139 
  Verifying        : urw-base35-fonts-20170801-10.el8.noarch             60/139 
  Verifying        : urw-base35-fonts-common-20170801-10.el8.noarch      61/139 
  Verifying        : urw-base35-gothic-fonts-20170801-10.el8.noarch      62/139 
  Verifying        : urw-base35-nimbus-mono-ps-fonts-20170801-10.el8.    63/139 
  Verifying        : urw-base35-nimbus-roman-fonts-20170801-10.el8.no    64/139 
  Verifying        : urw-base35-nimbus-sans-fonts-20170801-10.el8.noa    65/139 
  Verifying        : urw-base35-p052-fonts-20170801-10.el8.noarch        66/139 
  Verifying        : urw-base35-standard-symbols-ps-fonts-20170801-10    67/139 
  Verifying        : urw-base35-z003-fonts-20170801-10.el8.noarch        68/139 
  Verifying        : xdg-utils-1.1.2-5.el8.noarch                        69/139 
  Verifying        : xorg-x11-font-utils-1:7.5-41.el8.x86_64             70/139 
  Verifying        : xorg-x11-fonts-ISO8859-1-100dpi-7.5-19.el8.noarc    71/139 
  Verifying        : xorg-x11-server-utils-7.7-27.el8.x86_64             72/139 
  Verifying        : cryptsetup-2.3.7-2.el8.x86_64                       73/139 
  Verifying        : dejavu-sans-fonts-2.35-7.el8.noarch                 74/139 
  Verifying        : device-mapper-multipath-0.8.4-22.el8.x86_64         75/139 
  Verifying        : device-mapper-multipath-libs-0.8.4-22.el8.x86_64    76/139 
  Verifying        : gssproxy-0.8.0-20.el8.x86_64                        77/139 
  Verifying        : iscsi-initiator-utils-6.2.1.4-4.git095f59c.el8.x    78/139 
  Verifying        : iscsi-initiator-utils-iscsiuio-6.2.1.4-4.git095f    79/139 
  Verifying        : isns-utils-libs-0.99-1.el8.x86_64                   80/139 
  Verifying        : keyutils-1.5.10-9.el8.x86_64                        81/139 
  Verifying        : libgfortran-8.5.0-10.el8.x86_64                     82/139 
  Verifying        : libquadmath-8.5.0-10.el8.x86_64                     83/139 
  Verifying        : libtool-ltdl-2.4.6-25.el8.x86_64                    84/139 
  Verifying        : libverto-libevent-0.3.0-5.el8.x86_64                85/139 
  Verifying        : libxslt-1.1.32-6.el8.x86_64                         86/139 
  Verifying        : nfs-utils-1:2.3.3-50.el8.x86_64                     87/139 
  Verifying        : quota-1:4.04-14.el8.x86_64                          88/139 
  Verifying        : quota-nls-1:4.04-14.el8.noarch                      89/139 
  Verifying        : rpcbind-1.2.5-8.el8.x86_64                          90/139 
  Verifying        : tcl-1:8.6.8-2.el8.x86_64                            91/139 
  Verifying        : userspace-rcu-0.10.1-4.el8.x86_64                   92/139 
  Verifying        : libaec-1.0.2-3.el8.x86_64                           93/139 
  Verifying        : python3-pyxattr-0.5.3-18.el8.x86_64                 94/139 
  Verifying        : python3-mock-3.0.5-7.el8.noarch                     95/139 
  Verifying        : python3-simplegeneric-0.8.1-17.el8.noarch           96/139 
  Verifying        : blosc-1.20.1-1.el8.x86_64                           97/139 
  Verifying        : hdf5-1.10.5-5.el8.x86_64                            98/139 
  Verifying        : libqhull-1:7.2.1-2.el8.x86_64                       99/139 
  Verifying        : openstack-glance-1:22.1.0-1.el8.noarch             100/139 
  Verifying        : python-oslo-privsep-lang-2.5.1-1.el8.noarch        101/139 
  Verifying        : python-oslo-vmware-lang-3.8.1-1.el8.noarch         102/139 
  Verifying        : python3-Bottleneck-1.2.1-13.el8.x86_64             103/139 
  Verifying        : python3-automaton-2.3.1-1.el8.noarch               104/139 
  Verifying        : python3-barbicanclient-5.1.0-1.el8.noarch          105/139 
  Verifying        : python3-beautifulsoup4-4.9.3-1.el8.noarch          106/139 
  Verifying        : python3-boto-2.49.0-4.el8.noarch                   107/139 
  Verifying        : python3-castellan-3.7.2-1.el8.noarch               108/139 
  Verifying        : python3-cssselect-0.9.2-13.el8.noarch              109/139 
  Verifying        : python3-cursive-0.2.2-1.el8.noarch                 110/139 
  Verifying        : python3-cycler-0.10.0-13.el8.noarch                111/139 
  Verifying        : python3-glance-1:22.1.0-1.el8.noarch               112/139 
  Verifying        : python3-glance-store-2.5.0-1.el8.noarch            113/139 
  Verifying        : python3-glanceclient-1:3.3.0-1.el8.noarch          114/139 
  Verifying        : python3-kiwisolver-1.1.0-4.el8.x86_64              115/139 
  Verifying        : python3-matplotlib-3.1.1-2.el8.x86_64              116/139 
  Verifying        : python3-matplotlib-data-3.1.1-2.el8.noarch         117/139 
  Verifying        : python3-matplotlib-data-fonts-3.1.1-2.el8.noarch   118/139 
  Verifying        : python3-matplotlib-tk-3.1.1-2.el8.x86_64           119/139 
  Verifying        : python3-networkx-2.5-1.el8.noarch                  120/139 
  Verifying        : python3-numexpr-2.7.1-1.el8.x86_64                 121/139 
  Verifying        : python3-os-brick-4.3.2-1.el8.noarch                122/139 
  Verifying        : python3-os-win-5.4.0-1.el8.noarch                  123/139 
  Verifying        : python3-oslo-privsep-2.5.1-1.el8.noarch            124/139 
  Verifying        : python3-oslo-reports-2.2.0-2.el8.noarch            125/139 
  Verifying        : python3-oslo-rootwrap-6.3.1-1.el8.noarch           126/139 
  Verifying        : python3-oslo-vmware-3.8.1-1.el8.noarch             127/139 
  Verifying        : python3-pandas-0.25.3-1.el8.x86_64                 128/139 
  Verifying        : python3-psutil-5.7.3-1.el8.x86_64                  129/139 
  Verifying        : python3-pydot-1.4.1-1.el8.noarch                   130/139 
  Verifying        : python3-pygraphviz-1.5-9.el8.x86_64                131/139 
  Verifying        : python3-pysendfile-2.0.1-15.el8.x86_64             132/139 
  Verifying        : python3-retrying-1.3.3-1.el8.noarch                133/139 
  Verifying        : python3-soupsieve-2.1.0-1.el8.noarch               134/139 
  Verifying        : python3-tables-3.5.2-6.el8.x86_64                  135/139 
  Verifying        : python3-taskflow-4.6.0-1.el8.noarch                136/139 
  Verifying        : python3-tenacity-6.2.0-1.el8.noarch                137/139 
  Verifying        : python3-warlock-1.3.3-1.el8.noarch                 138/139 
  Verifying        : python3-wsme-0.10.1-1.el8.noarch                   139/139 

Installed:
  adobe-mappings-cmap-20171205-3.el8.noarch                                     
  adobe-mappings-cmap-deprecated-20171205-3.el8.noarch                          
  adobe-mappings-pdf-20180407-1.el8.noarch                                      
  blosc-1.20.1-1.el8.x86_64                                                     
  cryptsetup-2.3.7-2.el8.x86_64                                                 
  dejavu-sans-fonts-2.35-7.el8.noarch                                           
  desktop-file-utils-0.23-8.el8.x86_64                                          
  device-mapper-multipath-0.8.4-22.el8.x86_64                                   
  device-mapper-multipath-libs-0.8.4-22.el8.x86_64                              
  gd-2.2.5-7.el8.x86_64                                                         
  google-droid-sans-fonts-20120715-13.el8.noarch                                
  graphviz-2.40.1-43.el8.x86_64                                                 
  gssproxy-0.8.0-20.el8.x86_64                                                  
  gtk2-2.24.32-5.el8.x86_64                                                     
  hdf5-1.10.5-5.el8.x86_64                                                      
  iscsi-initiator-utils-6.2.1.4-4.git095f59c.el8.x86_64                         
  iscsi-initiator-utils-iscsiuio-6.2.1.4-4.git095f59c.el8.x86_64                
  isns-utils-libs-0.99-1.el8.x86_64                                             
  jbig2dec-libs-0.16-1.el8.x86_64                                               
  keyutils-1.5.10-9.el8.x86_64                                                  
  libXaw-1.0.13-10.el8.x86_64                                                   
  libXmu-1.1.3-1.el8.x86_64                                                     
  libXpm-3.5.12-8.el8.x86_64                                                    
  libXt-1.1.5-12.el8.x86_64                                                     
  libXxf86misc-1.0.4-1.el8.x86_64                                               
  libaec-1.0.2-3.el8.x86_64                                                     
  libfontenc-1.1.3-8.el8.x86_64                                                 
  libgfortran-8.5.0-10.el8.x86_64                                               
  libgs-9.27-1.el8.x86_64                                                       
  libidn-1.34-5.el8.x86_64                                                      
  libijs-0.35-5.el8.x86_64                                                      
  libmcpp-2.7.2-20.el8.x86_64                                                   
  libpaper-1.1.24-22.el8.x86_64                                                 
  libqhull-1:7.2.1-2.el8.x86_64                                                 
  libquadmath-8.5.0-10.el8.x86_64                                               
  librsvg2-2.42.7-4.el8.x86_64                                                  
  libtool-ltdl-2.4.6-25.el8.x86_64                                              
  libverto-libevent-0.3.0-5.el8.x86_64                                          
  libwebp-1.0.0-5.el8.x86_64                                                    
  libxslt-1.1.32-6.el8.x86_64                                                   
  mcpp-2.7.2-20.el8.x86_64                                                      
  nfs-utils-1:2.3.3-50.el8.x86_64                                               
  openblas-0.3.15-3.el8.x86_64                                                  
  openblas-threads-0.3.15-3.el8.x86_64                                          
  openjpeg2-2.4.0-4.el8.x86_64                                                  
  openstack-glance-1:22.1.0-1.el8.noarch                                        
  perl-Filter-2:1.58-2.el8.x86_64                                               
  perl-Text-Unidecode-1.30-5.el8.noarch                                         
  perl-XML-Parser-2.44-11.el8.x86_64                                            
  perl-XML-XPath-1.42-3.el8.noarch                                              
  perl-encoding-4:2.22-3.el8.x86_64                                             
  perl-open-1.11-421.el8.noarch                                                 
  platform-python-devel-3.6.8-45.el8.x86_64                                     
  python-oslo-privsep-lang-2.5.1-1.el8.noarch                                   
  python-oslo-vmware-lang-3.8.1-1.el8.noarch                                    
  python-rpm-macros-3-41.el8.noarch                                             
  python-srpm-macros-3-41.el8.noarch                                            
  python3-Bottleneck-1.2.1-13.el8.x86_64                                        
  python3-automaton-2.3.1-1.el8.noarch                                          
  python3-barbicanclient-5.1.0-1.el8.noarch                                     
  python3-beautifulsoup4-4.9.3-1.el8.noarch                                     
  python3-boto-2.49.0-4.el8.noarch                                              
  python3-cairo-1.16.3-6.el8.x86_64                                             
  python3-castellan-3.7.2-1.el8.noarch                                          
  python3-cssselect-0.9.2-13.el8.noarch                                         
  python3-cursive-0.2.2-1.el8.noarch                                            
  python3-cycler-0.10.0-13.el8.noarch                                           
  python3-glance-1:22.1.0-1.el8.noarch                                          
  python3-glance-store-2.5.0-1.el8.noarch                                       
  python3-glanceclient-1:3.3.0-1.el8.noarch                                     
  python3-html5lib-1:0.999999999-6.el8.noarch                                   
  python3-kiwisolver-1.1.0-4.el8.x86_64                                         
  python3-lxml-4.2.3-4.el8.x86_64                                               
  python3-matplotlib-3.1.1-2.el8.x86_64                                         
  python3-matplotlib-data-3.1.1-2.el8.noarch                                    
  python3-matplotlib-data-fonts-3.1.1-2.el8.noarch                              
  python3-matplotlib-tk-3.1.1-2.el8.x86_64                                      
  python3-mock-3.0.5-7.el8.noarch                                               
  python3-networkx-2.5-1.el8.noarch                                             
  python3-numexpr-2.7.1-1.el8.x86_64                                            
  python3-numpy-1:1.14.3-10.el8.x86_64                                          
  python3-numpy-f2py-1:1.14.3-10.el8.x86_64                                     
  python3-os-brick-4.3.2-1.el8.noarch                                           
  python3-os-win-5.4.0-1.el8.noarch                                             
  python3-oslo-privsep-2.5.1-1.el8.noarch                                       
  python3-oslo-reports-2.2.0-2.el8.noarch                                       
  python3-oslo-rootwrap-6.3.1-1.el8.noarch                                      
  python3-oslo-vmware-3.8.1-1.el8.noarch                                        
  python3-pandas-0.25.3-1.el8.x86_64                                            
  python3-pillow-5.1.1-18.el8.x86_64                                            
  python3-psutil-5.7.3-1.el8.x86_64                                             
  python3-pydot-1.4.1-1.el8.noarch                                              
  python3-pygraphviz-1.5-9.el8.x86_64                                           
  python3-pysendfile-2.0.1-15.el8.x86_64                                        
  python3-pyxattr-0.5.3-18.el8.x86_64                                           
  python3-retrying-1.3.3-1.el8.noarch                                           
  python3-rpm-generators-5-7.el8.noarch                                         
  python3-rpm-macros-3-41.el8.noarch                                            
  python3-scipy-1.0.0-21.module_el8.5.0+771+e5d9a225.x86_64                     
  python3-simplegeneric-0.8.1-17.el8.noarch                                     
  python3-soupsieve-2.1.0-1.el8.noarch                                          
  python3-suds-0.7-0.10.94664ddd46a6.el8.noarch                                 
  python3-tables-3.5.2-6.el8.x86_64                                             
  python3-taskflow-4.6.0-1.el8.noarch                                           
  python3-tenacity-6.2.0-1.el8.noarch                                           
  python3-tkinter-3.6.8-45.el8.x86_64                                           
  python3-warlock-1.3.3-1.el8.noarch                                            
  python3-webencodings-0.5.1-6.el8.noarch                                       
  python3-wsme-0.10.1-1.el8.noarch                                              
  qemu-img-15:6.2.0-5.module_el8.6.0+1087+b42c8331.x86_64                       
  quota-1:4.04-14.el8.x86_64                                                    
  quota-nls-1:4.04-14.el8.noarch                                                
  rpcbind-1.2.5-8.el8.x86_64                                                    
  sysfsutils-2.1.0-25.el8.x86_64                                                
  tcl-1:8.6.8-2.el8.x86_64                                                      
  texlive-base-7:20180414-25.el8.noarch                                         
  texlive-dvipng-7:20180414-25.el8.x86_64                                       
  texlive-kpathsea-7:20180414-25.el8.x86_64                                     
  texlive-lib-7:20180414-25.el8.x86_64                                          
  texlive-tetex-7:20180414-25.el8.noarch                                        
  texlive-texlive.infra-7:20180414-25.el8.noarch                                
  tk-1:8.6.8-1.el8.x86_64                                                       
  urw-base35-bookman-fonts-20170801-10.el8.noarch                               
  urw-base35-c059-fonts-20170801-10.el8.noarch                                  
  urw-base35-d050000l-fonts-20170801-10.el8.noarch                              
  urw-base35-fonts-20170801-10.el8.noarch                                       
  urw-base35-fonts-common-20170801-10.el8.noarch                                
  urw-base35-gothic-fonts-20170801-10.el8.noarch                                
  urw-base35-nimbus-mono-ps-fonts-20170801-10.el8.noarch                        
  urw-base35-nimbus-roman-fonts-20170801-10.el8.noarch                          
  urw-base35-nimbus-sans-fonts-20170801-10.el8.noarch                           
  urw-base35-p052-fonts-20170801-10.el8.noarch                                  
  urw-base35-standard-symbols-ps-fonts-20170801-10.el8.noarch                   
  urw-base35-z003-fonts-20170801-10.el8.noarch                                  
  userspace-rcu-0.10.1-4.el8.x86_64                                             
  xdg-utils-1.1.2-5.el8.noarch                                                  
  xorg-x11-font-utils-1:7.5-41.el8.x86_64                                       
  xorg-x11-fonts-ISO8859-1-100dpi-7.5-19.el8.noarch                             
  xorg-x11-server-utils-7.7-27.el8.x86_64                                       

Complete!
Database connection: mysql+pymysql://glance:glanceDBPass@controller/glance.
Configuring glance-api.conf.
'/etc/glance/glance-api.conf' -> '/tmp/008_etc_glance_glance-api.conf.iniset'
iniset /tmp/008_etc_glance_glance-api.conf.iniset database connection mysql+pymysql://glance:glanceDBPass@controller/glance
'/etc/glance/glance-api.conf' -> '/tmp/009_etc_glance_glance-api.conf.iniset'
iniset /tmp/009_etc_glance_glance-api.conf.iniset keystone_authtoken www_authenticate_uri http://controller:5000
'/etc/glance/glance-api.conf' -> '/tmp/010_etc_glance_glance-api.conf.iniset'
iniset /tmp/010_etc_glance_glance-api.conf.iniset keystone_authtoken auth_url http://controller:5000
'/etc/glance/glance-api.conf' -> '/tmp/011_etc_glance_glance-api.conf.iniset'
iniset /tmp/011_etc_glance_glance-api.conf.iniset keystone_authtoken memcached_servers controller:11211
'/etc/glance/glance-api.conf' -> '/tmp/012_etc_glance_glance-api.conf.iniset'
iniset /tmp/012_etc_glance_glance-api.conf.iniset keystone_authtoken auth_type password
'/etc/glance/glance-api.conf' -> '/tmp/013_etc_glance_glance-api.conf.iniset'
iniset /tmp/013_etc_glance_glance-api.conf.iniset keystone_authtoken project_domain_name Default
'/etc/glance/glance-api.conf' -> '/tmp/014_etc_glance_glance-api.conf.iniset'
iniset /tmp/014_etc_glance_glance-api.conf.iniset keystone_authtoken user_domain_name Default
'/etc/glance/glance-api.conf' -> '/tmp/015_etc_glance_glance-api.conf.iniset'
iniset /tmp/015_etc_glance_glance-api.conf.iniset keystone_authtoken project_name service
'/etc/glance/glance-api.conf' -> '/tmp/016_etc_glance_glance-api.conf.iniset'
iniset /tmp/016_etc_glance_glance-api.conf.iniset keystone_authtoken username glance
'/etc/glance/glance-api.conf' -> '/tmp/017_etc_glance_glance-api.conf.iniset'
iniset /tmp/017_etc_glance_glance-api.conf.iniset keystone_authtoken password glancePass
'/etc/glance/glance-api.conf' -> '/tmp/018_etc_glance_glance-api.conf.iniset'
iniset /tmp/018_etc_glance_glance-api.conf.iniset paste_deploy flavor keystone
'/etc/glance/glance-api.conf' -> '/tmp/019_etc_glance_glance-api.conf.iniset'
iniset /tmp/019_etc_glance_glance-api.conf.iniset glance_store stores file,http
'/etc/glance/glance-api.conf' -> '/tmp/020_etc_glance_glance-api.conf.iniset'
iniset /tmp/020_etc_glance_glance-api.conf.iniset glance_store default_store file
'/etc/glance/glance-api.conf' -> '/tmp/021_etc_glance_glance-api.conf.iniset'
iniset /tmp/021_etc_glance_glance-api.conf.iniset glance_store filesystem_store_datadir /var/lib/glance/images/
Creating the database tables for glance.
INFO  [alembic.runtime.migration] Context impl MySQLImpl.
INFO  [alembic.runtime.migration] Will assume non-transactional DDL.
INFO  [alembic.runtime.migration] Running upgrade  -> liberty, liberty initial
INFO  [alembic.runtime.migration] Running upgrade liberty -> mitaka01, add index on created_at and updated_at columns of 'images' table
INFO  [alembic.runtime.migration] Running upgrade mitaka01 -> mitaka02, update metadef os_nova_server
INFO  [alembic.runtime.migration] Running upgrade mitaka02 -> ocata_expand01, add visibility to images
INFO  [alembic.runtime.migration] Running upgrade ocata_expand01 -> pike_expand01, empty expand for symmetry with pike_contract01
INFO  [alembic.runtime.migration] Running upgrade pike_expand01 -> queens_expand01
INFO  [alembic.runtime.migration] Running upgrade queens_expand01 -> rocky_expand01, add os_hidden column to images table
INFO  [alembic.runtime.migration] Running upgrade rocky_expand01 -> rocky_expand02, add os_hash_algo and os_hash_value columns to images table
INFO  [alembic.runtime.migration] Running upgrade rocky_expand02 -> train_expand01, empty expand for symmetry with train_contract01
INFO  [alembic.runtime.migration] Running upgrade train_expand01 -> ussuri_expand01, empty expand for symmetry with ussuri_expand01
INFO  [alembic.runtime.migration] Running upgrade ussuri_expand01 -> wallaby_expand01, add image_id, request_id, user columns to tasks table"
INFO  [alembic.runtime.migration] Context impl MySQLImpl.
INFO  [alembic.runtime.migration] Will assume non-transactional DDL.
INFO  [alembic.runtime.migration] Context impl MySQLImpl.
INFO  [alembic.runtime.migration] Will assume non-transactional DDL.
INFO  [alembic.runtime.migration] Context impl MySQLImpl.
INFO  [alembic.runtime.migration] Will assume non-transactional DDL.
INFO  [alembic.runtime.migration] Context impl MySQLImpl.
INFO  [alembic.runtime.migration] Will assume non-transactional DDL.
INFO  [alembic.runtime.migration] Context impl MySQLImpl.
INFO  [alembic.runtime.migration] Will assume non-transactional DDL.
INFO  [alembic.runtime.migration] Running upgrade mitaka02 -> ocata_contract01, remove is_public from images
INFO  [alembic.runtime.migration] Running upgrade ocata_contract01 -> pike_contract01, drop glare artifacts tables
INFO  [alembic.runtime.migration] Running upgrade pike_contract01 -> queens_contract01
INFO  [alembic.runtime.migration] Running upgrade queens_contract01 -> rocky_contract01
INFO  [alembic.runtime.migration] Running upgrade rocky_contract01 -> rocky_contract02
INFO  [alembic.runtime.migration] Running upgrade rocky_contract02 -> train_contract01
INFO  [alembic.runtime.migration] Running upgrade train_contract01 -> ussuri_contract01
INFO  [alembic.runtime.migration] Running upgrade ussuri_contract01 -> wallaby_contract01
INFO  [alembic.runtime.migration] Context impl MySQLImpl.
INFO  [alembic.runtime.migration] Will assume non-transactional DDL.
INFO  [alembic.runtime.migration] Context impl MySQLImpl.
INFO  [alembic.runtime.migration] Will assume non-transactional DDL.
Upgraded database to: wallaby_expand01, current revision(s): wallaby_expand01
Database migration is up to date. No migration needed.
Upgraded database to: wallaby_contract01, current revision(s): wallaby_contract01
Database is synced successfully.
Restarting glance service.
Created symlink /etc/systemd/system/multi-user.target.wants/openstack-glance-api.service â†’ /usr/lib/systemd/system/openstack-glance-api.service.
â— openstack-glance-api.service - OpenStack Image Service (code-named Glance) API server
   Loaded: loaded (/usr/lib/systemd/system/openstack-glance-api.service; enabled; vendor preset: disabled)
   Active: active (running) since Tue 2022-03-08 10:25:40 EST; 327ms ago
 Main PID: 10576 (glance-api)
    Tasks: 1 (limit: 23634)
   Memory: 20.3M
   CGroup: /system.slice/openstack-glance-api.service
           â””â”€10576 /usr/bin/python3 /usr/bin/glance-api

Mar 08 10:25:40 controller systemd[1]: Started OpenStack Image Service (code-named Glance) API server.
Enabling Firewall..
success
success
Building and Inserting SELinux Module for Glance API 
module glanceapi 1.0;

require {
        type glance_api_t;
        type mysqld_exec_t;
        type mysqld_safe_exec_t;
        type rpm_exec_t;
        type hostname_exec_t;
        type sudo_exec_t;
        type httpd_config_t;
        type iscsid_exec_t;
        type gpg_exec_t;
        type crontab_exec_t;
        type consolehelper_exec_t;
        class dir search;
        class file {getattr open read};
}

#============= glance_api_t ==============
allow glance_api_t httpd_config_t: dir search;
allow glance_api_t mysqld_exec_t: file getattr;
allow glance_api_t mysqld_safe_exec_t: file getattr;
allow glance_api_t gpg_exec_t: file getattr;
allow glance_api_t hostname_exec_t: file getattr;
allow glance_api_t rpm_exec_t: file getattr;
allow glance_api_t sudo_exec_t: file getattr;
allow glance_api_t consolehelper_exec_t: file getattr;
allow glance_api_t crontab_exec_t: file getattr;
allow glance_api_t iscsid_exec_t: file {getattr open read};
Building SELinux Modules for Glance
Waiting for glance to start.
Adding pre-downloaded CirrOS image as cirros to glance.
+------------------+----------------------------------------------------------------------------------+
| Property         | Value                                                                            |
+------------------+----------------------------------------------------------------------------------+
| checksum         | 443b7623e27ecf03dc9e01ee93f67afe                                                 |
| container_format | bare                                                                             |
| created_at       | 2022-03-08T15:26:01Z                                                             |
| disk_format      | qcow2                                                                            |
| id               | 97e8955d-3112-4fe8-8428-8308cf6e0372                                             |
| min_disk         | 0                                                                                |
| min_ram          | 0                                                                                |
| name             | cirros                                                                           |
| os_hash_algo     | sha512                                                                           |
| os_hash_value    | 6513f21e44aa3da349f248188a44bc304a3653a04122d8fb4535423c8e1d14cd6a153f735bb0982e |
|                  | 2161b5b5186106570c17a9e58b64dd39390617cd5a350f78                                 |
| os_hidden        | False                                                                            |
| owner            | ef03429f307e473e86218b16663d7a2e                                                 |
| protected        | False                                                                            |
| size             | 12716032                                                                         |
| status           | active                                                                           |
| tags             | []                                                                               |
| updated_at       | 2022-03-08T15:26:01Z                                                             |
| virtual_size     | 46137344                                                                         |
| visibility       | public                                                                           |
+------------------+----------------------------------------------------------------------------------+
Verifying that the image was successfully added to the service.
glance image-list
+--------------------------------------+--------+
| ID                                   | Name   |
+--------------------------------------+--------+
| 97e8955d-3112-4fe8-8428-8308cf6e0372 | cirros |
+--------------------------------------+--------+
