Setting up database nova.
Waiting for database server to come up.
mysql cmd: CREATE DATABASE nova.
mysql cmd: GRANT ALL ON nova.* TO 'nova'@'%' IDENTIFIED BY 'novaDBPass';.
mysql cmd: GRANT ALL ON nova.* TO 'nova'@'localhost' IDENTIFIED BY 'novaDBPass';.
Setting up database nova_api.
Waiting for database server to come up.
mysql cmd: CREATE DATABASE nova_api.
mysql cmd: GRANT ALL ON nova_api.* TO 'nova'@'%' IDENTIFIED BY 'novaDBPass';.
mysql cmd: GRANT ALL ON nova_api.* TO 'nova'@'localhost' IDENTIFIED BY 'novaDBPass';.
Setting up first cell database.
Waiting for database server to come up.
mysql cmd: CREATE DATABASE nova_cell0.
mysql cmd: GRANT ALL ON nova_cell0.* TO 'nova'@'%' IDENTIFIED BY 'novaDBPass';.
mysql cmd: GRANT ALL ON nova_cell0.* TO 'nova'@'localhost' IDENTIFIED BY 'novaDBPass';.
Sourcing the admin credentials.
Waiting for keystone to come up.
Creating nova user and giving it the admin role.
+---------------------+----------------------------------+
| Field               | Value                            |
+---------------------+----------------------------------+
| domain_id           | default                          |
| enabled             | True                             |
| id                  | 13e8622c484241f793b1e540a24ac252 |
| name                | nova                             |
| options             | {}                               |
| password_expires_at | None                             |
+---------------------+----------------------------------+
Creating the nova service entity.
+-------------+----------------------------------+
| Field       | Value                            |
+-------------+----------------------------------+
| description | OpenStack Compute                |
| enabled     | True                             |
| id          | d06a211a1b164166909871a424fe882f |
| name        | nova                             |
| type        | compute                          |
+-------------+----------------------------------+
Creating nova endpoints.
+--------------+----------------------------------+
| Field        | Value                            |
+--------------+----------------------------------+
| enabled      | True                             |
| id           | 46d5e5a003354d2dbd4cffa2eb0d44dc |
| interface    | public                           |
| region       | RegionOne                        |
| region_id    | RegionOne                        |
| service_id   | d06a211a1b164166909871a424fe882f |
| service_name | nova                             |
| service_type | compute                          |
| url          | http://controller:8774/v2.1      |
+--------------+----------------------------------+
+--------------+----------------------------------+
| Field        | Value                            |
+--------------+----------------------------------+
| enabled      | True                             |
| id           | b1e60c61bf5c41feb8a730c8fa4d0e59 |
| interface    | internal                         |
| region       | RegionOne                        |
| region_id    | RegionOne                        |
| service_id   | d06a211a1b164166909871a424fe882f |
| service_name | nova                             |
| service_type | compute                          |
| url          | http://controller:8774/v2.1      |
+--------------+----------------------------------+
+--------------+----------------------------------+
| Field        | Value                            |
+--------------+----------------------------------+
| enabled      | True                             |
| id           | 23a5b5ecd813457ea7f36e641ee07d49 |
| interface    | admin                            |
| region       | RegionOne                        |
| region_id    | RegionOne                        |
| service_id   | d06a211a1b164166909871a424fe882f |
| service_name | nova                             |
| service_type | compute                          |
| url          | http://controller:8774/v2.1      |
+--------------+----------------------------------+
Installing nova for controller node.
Last metadata expiration check: 0:08:24 ago on Tue 08 Mar 2022 10:18:56 AM EST.
Dependencies resolved.
============================================================================================================================
 Package                             Arch    Version                                           Repository               Size
============================================================================================================================
Installing:
 openstack-nova-api                  noarch  1:23.1.0-1.el8                                    openstack-wallaby        11 k
 openstack-nova-conductor            noarch  1:23.1.0-1.el8                                    openstack-wallaby       8.8 k
 openstack-nova-novncproxy           noarch  1:23.1.0-1.el8                                    openstack-wallaby       9.3 k
 openstack-nova-scheduler            noarch  1:23.1.0-1.el8                                    openstack-wallaby       8.9 k
Installing dependencies:
 bc                                  x86_64  1.07.1-5.el8                                      baseos                  129 k
 network-scripts                     x86_64  10.00.17-1.el8                                    baseos                  197 k
 network-scripts-openvswitch2.15     x86_64  2.15.0-75.el8s                                    centos-nfv-openvswitch   33 k
 nodejs                              x86_64  1:10.23.1-1.module_el8.4.0+645+9ce14ba2           appstream               8.9 M
 novnc                               noarch  1.2.0-2.el8                                       openstack-wallaby       1.2 M
 npm                                 x86_64  1:6.14.10-1.10.23.1.1.module_el8.4.0+645+9ce14ba2 appstream               3.7 M
 openstack-nova-common               noarch  1:23.1.0-1.el8                                    openstack-wallaby       265 k
 openvswitch-selinux-extra-policy    noarch  1.0-28.el8                                        centos-nfv-openvswitch   15 k
 openvswitch2.15                     x86_64  2.15.0-75.el8s                                    centos-nfv-openvswitch   15 M
 python-oslo-versionedobjects-lang   noarch  2.4.1-1.el8                                       openstack-wallaby        12 k
 python3-dataclasses                 noarch  0.8-1.el8                                         openstack-wallaby        33 k
 python3-fluidity-sm                 noarch  0.2.0-16.el8                                      openstack-wallaby        20 k
 python3-kazoo                       noarch  2.8.0-1.el8                                       openstack-wallaby       164 k
 python3-lexicon                     noarch  1.0.0-9.el8                                       openstack-wallaby        19 k
 python3-nova                        noarch  1:23.1.0-1.el8                                    openstack-wallaby       3.2 M
 python3-openvswitch2.15             x86_64  2.15.0-75.el8s                                    centos-nfv-openvswitch  247 k
 python3-os-vif                      noarch  2.4.0-1.el8                                       openstack-wallaby        97 k
 python3-oslo-versionedobjects       noarch  2.4.1-1.el8                                       openstack-wallaby        78 k
 python3-ovsdbapp                    noarch  1.9.1-1.el8                                       openstack-wallaby       123 k
 python3-paramiko                    noarch  2.7.2-1.el8                                       openstack-wallaby       314 k
 python3-pyroute2                    noarch  0.6.5-2.el8                                       openstack-wallaby       716 k
 python3-rdo-openvswitch             noarch  1:2.15-2.el8                                      openstack-wallaby       7.1 k
 python3-redis                       noarch  3.5.3-1.el8                                       openstack-wallaby       142 k
 python3-tooz                        noarch  2.8.2-1.el8                                       openstack-wallaby       109 k
 python3-voluptuous                  noarch  0.12.1-1.el8                                      openstack-wallaby        62 k
 python3-websockify                  noarch  0.9.0-1.el8                                       openstack-wallaby        75 k
 python3-zake                        noarch  0.2.2-18.el8                                      openstack-wallaby        46 k
 rdo-network-scripts-openvswitch     noarch  1:2.15-2.el8                                      openstack-wallaby       6.8 k
 rdo-openvswitch                     noarch  1:2.15-2.el8                                      openstack-wallaby       7.0 k
Installing weak dependencies:
 network-scripts-team                x86_64  1.31-2.el8                                        baseos                   28 k
 nodejs-full-i18n                    x86_64  1:10.23.1-1.module_el8.4.0+645+9ce14ba2           appstream               7.3 M
 python3-invoke                      noarch  1.4.0-1.el8                                       openstack-wallaby       157 k

Transaction Summary
============================================================================================================================
Install  36 Packages

Total download size: 43 M
Installed size: 147 M
Downloading Packages:
(1/36): npm-6.14.10-1.10.23.1.1.module_el8.4.0+ 6.0 MB/s | 3.7 MB     00:00    
(2/36): nodejs-10.23.1-1.module_el8.4.0+645+9ce 9.8 MB/s | 8.9 MB     00:00    
(3/36): bc-1.07.1-5.el8.x86_64.rpm              441 kB/s | 129 kB     00:00    
(4/36): nodejs-full-i18n-10.23.1-1.module_el8.4 7.2 MB/s | 7.3 MB     00:01    
(5/36): network-scripts-team-1.31-2.el8.x86_64. 260 kB/s |  28 kB     00:00    
[MIRROR] network-scripts-openvswitch2.15-2.15.0-75.el8s.x86_64.rpm: Status code: 404 for http://centos.mirror.snu.edu.in/centos/8-stream/nfv/x86_64/openvswitch-2/Packages/n/network-scripts-openvswitch2.15-2.15.0-75.el8s.x86_64.rpm (IP: 103.27.165.31)
[MIRROR] openvswitch-selinux-extra-policy-1.0-28.el8.noarch.rpm: Status code: 404 for http://centos.mirror.snu.edu.in/centos/8-stream/nfv/x86_64/openvswitch-2/Packages/o/openvswitch-selinux-extra-policy-1.0-28.el8.noarch.rpm (IP: 103.27.165.31)
(6/36): network-scripts-10.00.17-1.el8.x86_64.r 1.0 MB/s | 197 kB     00:00    
[MIRROR] openvswitch2.15-2.15.0-75.el8s.x86_64.rpm: Status code: 404 for http://centos.mirror.snu.edu.in/centos/8-stream/nfv/x86_64/openvswitch-2/Packages/o/openvswitch2.15-2.15.0-75.el8s.x86_64.rpm (IP: 103.27.165.31)
(7/36): network-scripts-openvswitch2.15-2.15.0- 307 kB/s |  33 kB     00:00    
(8/36): openvswitch-selinux-extra-policy-1.0-28  87 kB/s |  15 kB     00:00    
(9/36): python3-openvswitch2.15-2.15.0-75.el8s. 1.8 MB/s | 247 kB     00:00    
(10/36): openstack-nova-api-23.1.0-1.el8.noarch 523 kB/s |  11 kB     00:00    
(11/36): novnc-1.2.0-2.el8.noarch.rpm           9.5 MB/s | 1.2 MB     00:00    
(12/36): openstack-nova-conductor-23.1.0-1.el8. 421 kB/s | 8.8 kB     00:00    
(13/36): openstack-nova-common-23.1.0-1.el8.noa 3.0 MB/s | 265 kB     00:00    
(14/36): openstack-nova-novncproxy-23.1.0-1.el8 304 kB/s | 9.3 kB     00:00    
(15/36): openstack-nova-scheduler-23.1.0-1.el8. 228 kB/s | 8.9 kB     00:00    
(16/36): python-oslo-versionedobjects-lang-2.4. 321 kB/s |  12 kB     00:00    
(17/36): python3-dataclasses-0.8-1.el8.noarch.r 770 kB/s |  33 kB     00:00    
(18/36): python3-fluidity-sm-0.2.0-16.el8.noarc 423 kB/s |  20 kB     00:00    
(19/36): python3-invoke-1.4.0-1.el8.noarch.rpm  2.1 MB/s | 157 kB     00:00    
(20/36): python3-kazoo-2.8.0-1.el8.noarch.rpm   1.5 MB/s | 164 kB     00:00    
(21/36): python3-lexicon-1.0.0-9.el8.noarch.rpm 440 kB/s |  19 kB     00:00    
(22/36): python3-os-vif-2.4.0-1.el8.noarch.rpm  2.6 MB/s |  97 kB     00:00    
(23/36): openvswitch2.15-2.15.0-75.el8s.x86_64.  18 MB/s |  15 MB     00:00    
(24/36): python3-nova-23.1.0-1.el8.noarch.rpm   7.1 MB/s | 3.2 MB     00:00    
(25/36): python3-oslo-versionedobjects-2.4.1-1. 191 kB/s |  78 kB     00:00    
(26/36): python3-ovsdbapp-1.9.1-1.el8.noarch.rp 1.4 MB/s | 123 kB     00:00    
(27/36): python3-rdo-openvswitch-2.15-2.el8.noa 324 kB/s | 7.1 kB     00:00    
(28/36): python3-paramiko-2.7.2-1.el8.noarch.rp 8.7 MB/s | 314 kB     00:00    
(29/36): python3-tooz-2.8.2-1.el8.noarch.rpm    4.6 MB/s | 109 kB     00:00    
(30/36): python3-redis-3.5.3-1.el8.noarch.rpm   3.7 MB/s | 142 kB     00:00    
(31/36): python3-pyroute2-0.6.5-2.el8.noarch.rp 9.7 MB/s | 716 kB     00:00    
(32/36): python3-voluptuous-0.12.1-1.el8.noarch 2.7 MB/s |  62 kB     00:00    
(33/36): python3-websockify-0.9.0-1.el8.noarch. 4.0 MB/s |  75 kB     00:00    
(34/36): rdo-network-scripts-openvswitch-2.15-2 137 kB/s | 6.8 kB     00:00    
(35/36): python3-zake-0.2.2-18.el8.noarch.rpm   773 kB/s |  46 kB     00:00    
(36/36): rdo-openvswitch-2.15-2.el8.noarch.rpm  114 kB/s | 7.0 kB     00:00    
--------------------------------------------------------------------------------
Total                                           9.2 MB/s |  43 MB     00:04     
Running transaction check
Transaction check succeeded.
Running transaction test
Transaction test succeeded.
Running transaction
  Running scriptlet: npm-1:6.14.10-1.10.23.1.1.module_el8.4.0+645+9ce14ba   1/1 
  Preparing        :                                                        1/1 
  Installing       : nodejs-full-i18n-1:10.23.1-1.module_el8.4.0+645+9c    1/36 
  Installing       : npm-1:6.14.10-1.10.23.1.1.module_el8.4.0+645+9ce14    2/36 
  Installing       : nodejs-1:10.23.1-1.module_el8.4.0+645+9ce14ba2.x86    3/36 
  Installing       : python3-websockify-0.9.0-1.el8.noarch                 4/36 
  Installing       : novnc-1.2.0-2.el8.noarch                              5/36 
  Installing       : python3-voluptuous-0.12.1-1.el8.noarch                6/36 
  Installing       : python3-redis-3.5.3-1.el8.noarch                      7/36 
  Installing       : python3-pyroute2-0.6.5-2.el8.noarch                   8/36 
  Installing       : python3-lexicon-1.0.0-9.el8.noarch                    9/36 
  Installing       : python3-kazoo-2.8.0-1.el8.noarch                     10/36 
  Installing       : python3-zake-0.2.2-18.el8.noarch                     11/36 
  Installing       : python3-tooz-2.8.2-1.el8.noarch                      12/36 
  Installing       : python3-fluidity-sm-0.2.0-16.el8.noarch              13/36 
  Installing       : python3-invoke-1.4.0-1.el8.noarch                    14/36 
  Installing       : python3-paramiko-2.7.2-1.el8.noarch                  15/36 
  Installing       : python3-dataclasses-0.8-1.el8.noarch                 16/36 
  Installing       : python-oslo-versionedobjects-lang-2.4.1-1.el8.noar   17/36 
  Installing       : python3-oslo-versionedobjects-2.4.1-1.el8.noarch     18/36 
  Running scriptlet: openvswitch-selinux-extra-policy-1.0-28.el8.noarch   19/36 
  Installing       : openvswitch-selinux-extra-policy-1.0-28.el8.noarch   19/36 
  Running scriptlet: openvswitch-selinux-extra-policy-1.0-28.el8.noarch   19/36 
  Installing       : bc-1.07.1-5.el8.x86_64                               20/36 
  Running scriptlet: bc-1.07.1-5.el8.x86_64                               20/36 
  Installing       : network-scripts-10.00.17-1.el8.x86_64                21/36 
  Running scriptlet: network-scripts-10.00.17-1.el8.x86_64                21/36 
  Installing       : network-scripts-openvswitch2.15-2.15.0-75.el8s.x86   22/36 
  Running scriptlet: openvswitch2.15-2.15.0-75.el8s.x86_64                23/36 
  Installing       : openvswitch2.15-2.15.0-75.el8s.x86_64                23/36 
  Running scriptlet: openvswitch2.15-2.15.0-75.el8s.x86_64                23/36 
  Installing       : python3-openvswitch2.15-2.15.0-75.el8s.x86_64        24/36 
  Installing       : rdo-network-scripts-openvswitch-1:2.15-2.el8.noarc   25/36 
  Installing       : rdo-openvswitch-1:2.15-2.el8.noarch                  26/36 
  Installing       : python3-rdo-openvswitch-1:2.15-2.el8.noarch          27/36 
  Installing       : python3-ovsdbapp-1.9.1-1.el8.noarch                  28/36 
  Installing       : python3-os-vif-2.4.0-1.el8.noarch                    29/36 
  Installing       : python3-nova-1:23.1.0-1.el8.noarch                   30/36 
  Running scriptlet: openstack-nova-common-1:23.1.0-1.el8.noarch          31/36 
  Installing       : openstack-nova-common-1:23.1.0-1.el8.noarch          31/36 
  Installing       : openstack-nova-api-1:23.1.0-1.el8.noarch             32/36 
  Running scriptlet: openstack-nova-api-1:23.1.0-1.el8.noarch             32/36 
  Installing       : openstack-nova-conductor-1:23.1.0-1.el8.noarch       33/36 
  Running scriptlet: openstack-nova-conductor-1:23.1.0-1.el8.noarch       33/36 
  Installing       : openstack-nova-novncproxy-1:23.1.0-1.el8.noarch      34/36 
  Running scriptlet: openstack-nova-novncproxy-1:23.1.0-1.el8.noarch      34/36 
  Installing       : openstack-nova-scheduler-1:23.1.0-1.el8.noarch       35/36 
  Running scriptlet: openstack-nova-scheduler-1:23.1.0-1.el8.noarch       35/36 
  Installing       : network-scripts-team-1.31-2.el8.x86_64               36/36 
  Running scriptlet: openvswitch-selinux-extra-policy-1.0-28.el8.noarch   36/36 
  Running scriptlet: network-scripts-team-1.31-2.el8.x86_64               36/36 
  Verifying        : nodejs-1:10.23.1-1.module_el8.4.0+645+9ce14ba2.x86    1/36 
  Verifying        : nodejs-full-i18n-1:10.23.1-1.module_el8.4.0+645+9c    2/36 
  Verifying        : npm-1:6.14.10-1.10.23.1.1.module_el8.4.0+645+9ce14    3/36 
  Verifying        : bc-1.07.1-5.el8.x86_64                                4/36 
  Verifying        : network-scripts-10.00.17-1.el8.x86_64                 5/36 
  Verifying        : network-scripts-team-1.31-2.el8.x86_64                6/36 
  Verifying        : network-scripts-openvswitch2.15-2.15.0-75.el8s.x86    7/36 
  Verifying        : openvswitch-selinux-extra-policy-1.0-28.el8.noarch    8/36 
  Verifying        : openvswitch2.15-2.15.0-75.el8s.x86_64                 9/36 
  Verifying        : python3-openvswitch2.15-2.15.0-75.el8s.x86_64        10/36 
  Verifying        : novnc-1.2.0-2.el8.noarch                             11/36 
  Verifying        : openstack-nova-api-1:23.1.0-1.el8.noarch             12/36 
  Verifying        : openstack-nova-common-1:23.1.0-1.el8.noarch          13/36 
  Verifying        : openstack-nova-conductor-1:23.1.0-1.el8.noarch       14/36 
  Verifying        : openstack-nova-novncproxy-1:23.1.0-1.el8.noarch      15/36 
  Verifying        : openstack-nova-scheduler-1:23.1.0-1.el8.noarch       16/36 
  Verifying        : python-oslo-versionedobjects-lang-2.4.1-1.el8.noar   17/36 
  Verifying        : python3-dataclasses-0.8-1.el8.noarch                 18/36 
  Verifying        : python3-fluidity-sm-0.2.0-16.el8.noarch              19/36 
  Verifying        : python3-invoke-1.4.0-1.el8.noarch                    20/36 
  Verifying        : python3-kazoo-2.8.0-1.el8.noarch                     21/36 
  Verifying        : python3-lexicon-1.0.0-9.el8.noarch                   22/36 
  Verifying        : python3-nova-1:23.1.0-1.el8.noarch                   23/36 
  Verifying        : python3-os-vif-2.4.0-1.el8.noarch                    24/36 
  Verifying        : python3-oslo-versionedobjects-2.4.1-1.el8.noarch     25/36 
  Verifying        : python3-ovsdbapp-1.9.1-1.el8.noarch                  26/36 
  Verifying        : python3-paramiko-2.7.2-1.el8.noarch                  27/36 
  Verifying        : python3-pyroute2-0.6.5-2.el8.noarch                  28/36 
  Verifying        : python3-rdo-openvswitch-1:2.15-2.el8.noarch          29/36 
  Verifying        : python3-redis-3.5.3-1.el8.noarch                     30/36 
  Verifying        : python3-tooz-2.8.2-1.el8.noarch                      31/36 
  Verifying        : python3-voluptuous-0.12.1-1.el8.noarch               32/36 
  Verifying        : python3-websockify-0.9.0-1.el8.noarch                33/36 
  Verifying        : python3-zake-0.2.2-18.el8.noarch                     34/36 
  Verifying        : rdo-network-scripts-openvswitch-1:2.15-2.el8.noarc   35/36 
  Verifying        : rdo-openvswitch-1:2.15-2.el8.noarch                  36/36 

Installed:
  bc-1.07.1-5.el8.x86_64                                                        
  network-scripts-10.00.17-1.el8.x86_64                                         
  network-scripts-openvswitch2.15-2.15.0-75.el8s.x86_64                         
  network-scripts-team-1.31-2.el8.x86_64                                        
  nodejs-1:10.23.1-1.module_el8.4.0+645+9ce14ba2.x86_64                         
  nodejs-full-i18n-1:10.23.1-1.module_el8.4.0+645+9ce14ba2.x86_64               
  novnc-1.2.0-2.el8.noarch                                                      
  npm-1:6.14.10-1.10.23.1.1.module_el8.4.0+645+9ce14ba2.x86_64                  
  openstack-nova-api-1:23.1.0-1.el8.noarch                                      
  openstack-nova-common-1:23.1.0-1.el8.noarch                                   
  openstack-nova-conductor-1:23.1.0-1.el8.noarch                                
  openstack-nova-novncproxy-1:23.1.0-1.el8.noarch                               
  openstack-nova-scheduler-1:23.1.0-1.el8.noarch                                
  openvswitch-selinux-extra-policy-1.0-28.el8.noarch                            
  openvswitch2.15-2.15.0-75.el8s.x86_64                                         
  python-oslo-versionedobjects-lang-2.4.1-1.el8.noarch                          
  python3-dataclasses-0.8-1.el8.noarch                                          
  python3-fluidity-sm-0.2.0-16.el8.noarch                                       
  python3-invoke-1.4.0-1.el8.noarch                                             
  python3-kazoo-2.8.0-1.el8.noarch                                              
  python3-lexicon-1.0.0-9.el8.noarch                                            
  python3-nova-1:23.1.0-1.el8.noarch                                            
  python3-openvswitch2.15-2.15.0-75.el8s.x86_64                                 
  python3-os-vif-2.4.0-1.el8.noarch                                             
  python3-oslo-versionedobjects-2.4.1-1.el8.noarch                              
  python3-ovsdbapp-1.9.1-1.el8.noarch                                           
  python3-paramiko-2.7.2-1.el8.noarch                                           
  python3-pyroute2-0.6.5-2.el8.noarch                                           
  python3-rdo-openvswitch-1:2.15-2.el8.noarch                                   
  python3-redis-3.5.3-1.el8.noarch                                              
  python3-tooz-2.8.2-1.el8.noarch                                               
  python3-voluptuous-0.12.1-1.el8.noarch                                        
  python3-websockify-0.9.0-1.el8.noarch                                         
  python3-zake-0.2.2-18.el8.noarch                                              
  rdo-network-scripts-openvswitch-1:2.15-2.el8.noarch                           
  rdo-openvswitch-1:2.15-2.el8.noarch                                           

Complete!
Setting API database connection: mysql+pymysql://nova:novaDBPass@controller/nova_api.
'/etc/nova/nova.conf' -> '/tmp/032_etc_nova_nova.conf.iniset'
iniset /tmp/032_etc_nova_nova.conf.iniset api_database connection mysql+pymysql://nova:novaDBPass@controller/nova_api
Setting database connection: mysql+pymysql://nova:novaDBPass@controller/nova.
'/etc/nova/nova.conf' -> '/tmp/033_etc_nova_nova.conf.iniset'
iniset /tmp/033_etc_nova_nova.conf.iniset database connection mysql+pymysql://nova:novaDBPass@controller/nova
Configuring nova services.
Configuring RabbitMQ message queue access.
'/etc/nova/nova.conf' -> '/tmp/034_etc_nova_nova.conf.iniset'
iniset /tmp/034_etc_nova_nova.conf.iniset DEFAULT transport_url rabbit://openstack:rabbitPass@controller:5672
'/etc/nova/nova.conf' -> '/tmp/035_etc_nova_nova.conf.iniset'
iniset /tmp/035_etc_nova_nova.conf.iniset api auth_strategy keystone
'/etc/nova/nova.conf' -> '/tmp/036_etc_nova_nova.conf.iniset'
iniset /tmp/036_etc_nova_nova.conf.iniset keystone_authtoken www_authenticate_uri http://controller:5000/
'/etc/nova/nova.conf' -> '/tmp/037_etc_nova_nova.conf.iniset'
iniset /tmp/037_etc_nova_nova.conf.iniset keystone_authtoken auth_url http://controller:5000/
'/etc/nova/nova.conf' -> '/tmp/038_etc_nova_nova.conf.iniset'
iniset /tmp/038_etc_nova_nova.conf.iniset keystone_authtoken memcached_servers controller:11211
'/etc/nova/nova.conf' -> '/tmp/039_etc_nova_nova.conf.iniset'
iniset /tmp/039_etc_nova_nova.conf.iniset keystone_authtoken auth_type password
'/etc/nova/nova.conf' -> '/tmp/040_etc_nova_nova.conf.iniset'
iniset /tmp/040_etc_nova_nova.conf.iniset keystone_authtoken project_domain_name Default
'/etc/nova/nova.conf' -> '/tmp/041_etc_nova_nova.conf.iniset'
iniset /tmp/041_etc_nova_nova.conf.iniset keystone_authtoken user_domain_name Default
'/etc/nova/nova.conf' -> '/tmp/042_etc_nova_nova.conf.iniset'
iniset /tmp/042_etc_nova_nova.conf.iniset keystone_authtoken project_name service
'/etc/nova/nova.conf' -> '/tmp/043_etc_nova_nova.conf.iniset'
iniset /tmp/043_etc_nova_nova.conf.iniset keystone_authtoken username nova
'/etc/nova/nova.conf' -> '/tmp/044_etc_nova_nova.conf.iniset'
iniset /tmp/044_etc_nova_nova.conf.iniset keystone_authtoken password novaPass
'/etc/nova/nova.conf' -> '/tmp/045_etc_nova_nova.conf.iniset'
iniset /tmp/045_etc_nova_nova.conf.iniset DEFAULT my_ip 10.0.0.11
'/etc/nova/nova.conf' -> '/tmp/046_etc_nova_nova.conf.iniset'
iniset /tmp/046_etc_nova_nova.conf.iniset DEFAULT use_neutron true
'/etc/nova/nova.conf' -> '/tmp/047_etc_nova_nova.conf.iniset'
iniset /tmp/047_etc_nova_nova.conf.iniset DEFAULT firewall_driver nova.virt.firewall.NoopFirewallDriver
'/etc/nova/nova.conf' -> '/tmp/048_etc_nova_nova.conf.iniset'
iniset /tmp/048_etc_nova_nova.conf.iniset vnc enabled true
'/etc/nova/nova.conf' -> '/tmp/049_etc_nova_nova.conf.iniset'
iniset /tmp/049_etc_nova_nova.conf.iniset vnc server_listen $my_ip
'/etc/nova/nova.conf' -> '/tmp/050_etc_nova_nova.conf.iniset'
iniset /tmp/050_etc_nova_nova.conf.iniset vnc server_proxyclient_address $my_ip
'/etc/nova/nova.conf' -> '/tmp/051_etc_nova_nova.conf.iniset'
iniset /tmp/051_etc_nova_nova.conf.iniset glance api_servers http://controller:9292
'/etc/nova/nova.conf' -> '/tmp/052_etc_nova_nova.conf.iniset'
iniset /tmp/052_etc_nova_nova.conf.iniset oslo_concurrency lock_path /var/lib/nova/tmp
Configuring access to the Placement service.
'/etc/nova/nova.conf' -> '/tmp/053_etc_nova_nova.conf.iniset'
iniset /tmp/053_etc_nova_nova.conf.iniset placement region_name RegionOne
'/etc/nova/nova.conf' -> '/tmp/054_etc_nova_nova.conf.iniset'
iniset /tmp/054_etc_nova_nova.conf.iniset placement project_domain_name Default
'/etc/nova/nova.conf' -> '/tmp/055_etc_nova_nova.conf.iniset'
iniset /tmp/055_etc_nova_nova.conf.iniset placement project_name service
'/etc/nova/nova.conf' -> '/tmp/056_etc_nova_nova.conf.iniset'
iniset /tmp/056_etc_nova_nova.conf.iniset placement auth_type password
'/etc/nova/nova.conf' -> '/tmp/057_etc_nova_nova.conf.iniset'
iniset /tmp/057_etc_nova_nova.conf.iniset placement user_domain_name Default
'/etc/nova/nova.conf' -> '/tmp/058_etc_nova_nova.conf.iniset'
iniset /tmp/058_etc_nova_nova.conf.iniset placement auth_url http://controller:5000/v3
'/etc/nova/nova.conf' -> '/tmp/059_etc_nova_nova.conf.iniset'
iniset /tmp/059_etc_nova_nova.conf.iniset placement username placement
'/etc/nova/nova.conf' -> '/tmp/060_etc_nova_nova.conf.iniset'
iniset /tmp/060_etc_nova_nova.conf.iniset placement password placementPass
Populating the nova-api databases.
Registering the cell0 database.
Creating the cell1 cell.
--transport-url not provided in the command line, using the value [DEFAULT]/transport_url from the configuration file
--database_connection not provided in the command line, using the value [database]/connection from the configuration file
64ad1b22-cadf-469e-8b25-083c9ed918e8
Populating the nova database.
Verifying nova cell0 and cell1 are registered correctly.
+-------+--------------------------------------+-----------------------------------------+-------------------------------------------------+----------+
|  Name |                 UUID                 |              Transport URL              |               Database Connection               | Disabled |
+-------+--------------------------------------+-----------------------------------------+-------------------------------------------------+----------+
| cell0 | 00000000-0000-0000-0000-000000000000 |                  none:/                 | mysql+pymysql://nova:****@controller/nova_cell0 |  False   |
| cell1 | 64ad1b22-cadf-469e-8b25-083c9ed918e8 | rabbit://openstack:****@controller:5672 |    mysql+pymysql://nova:****@controller/nova    |  False   |
+-------+--------------------------------------+-----------------------------------------+-------------------------------------------------+----------+
Sourcing the admin credentials.
Waiting for keystone to come up.
Restarting nova services.
Restarting and enabling openstack-nova-api.
Created symlink /etc/systemd/system/multi-user.target.wants/openstack-nova-api.service → /usr/lib/systemd/system/openstack-nova-api.service.
Restarting and enabling openstack-nova-scheduler.
Created symlink /etc/systemd/system/multi-user.target.wants/openstack-nova-scheduler.service → /usr/lib/systemd/system/openstack-nova-scheduler.service.
Restarting and enabling openstack-nova-conductor.
Created symlink /etc/systemd/system/multi-user.target.wants/openstack-nova-conductor.service → /usr/lib/systemd/system/openstack-nova-conductor.service.
Restarting and enabling openstack-nova-novncproxy.
Created symlink /etc/systemd/system/multi-user.target.wants/openstack-nova-novncproxy.service → /usr/lib/systemd/system/openstack-nova-novncproxy.service.
Opening Firewall. 
success
success
module novaapi 1.0;

require {
        type rpm_exec_t;
        type hostname_exec_t;
        type nova_t;
        type gpg_exec_t;
        class file getattr;
}

#============= nova_t ==============
allow nova_t gpg_exec_t:file getattr;
allow nova_t hostname_exec_t:file getattr;
allow nova_t rpm_exec_t:file getattr;
Verifying operation of the Compute service.+----------------------------------+-----------+-----------+
| ID                               | Name      | Type      |
+----------------------------------+-----------+-----------+
| 4d9f4e7597624981a0abbc4eaaff9166 | glance    | image     |
| 8a47336d21be41c38a1d32bc69640726 | placement | placement |
| 96349d83b48b478994b2010fe0ce4c78 | keystone  | identity  |
| d06a211a1b164166909871a424fe882f | nova      | compute   |
+----------------------------------+-----------+-----------+

Checking nova endpoints.
+-----------+-----------+-----------------------------------------+
| Name      | Type      | Endpoints                               |
+-----------+-----------+-----------------------------------------+
| glance    | image     | RegionOne                               |
|           |           |   public: http://controller:9292        |
|           |           | RegionOne                               |
|           |           |   admin: http://controller:9292         |
|           |           | RegionOne                               |
|           |           |   internal: http://controller:9292      |
|           |           |                                         |
| placement | placement | RegionOne                               |
|           |           |   public: http://controller:8778        |
|           |           | RegionOne                               |
|           |           |   internal: http://controller:8778      |
|           |           | RegionOne                               |
|           |           |   admin: http://controller:8778         |
|           |           |                                         |
| keystone  | identity  | RegionOne                               |
|           |           |   public: http://controller:5000/v3/    |
|           |           | RegionOne                               |
|           |           |   admin: http://controller:5000/v3/     |
|           |           | RegionOne                               |
|           |           |   internal: http://controller:5000/v3/  |
|           |           |                                         |
| nova      | compute   | RegionOne                               |
|           |           |   admin: http://controller:8774/v2.1    |
|           |           | RegionOne                               |
|           |           |   public: http://controller:8774/v2.1   |
|           |           | RegionOne                               |
|           |           |   internal: http://controller:8774/v2.1 |
|           |           |                                         |
+-----------+-----------+-----------------------------------------+
Checking nova images.
+--------------------------------------+--------+--------+
| ID                                   | Name   | Status |
+--------------------------------------+--------+--------+
| 97e8955d-3112-4fe8-8428-8308cf6e0372 | cirros | active |
+--------------------------------------+--------+--------+
