Setting up database for neutron.
Waiting for database server to come up.
mysql cmd: CREATE DATABASE neutron.
mysql cmd: GRANT ALL ON neutron.* TO 'neutron'@'%' IDENTIFIED BY 'neutronDBPass';.
mysql cmd: GRANT ALL ON neutron.* TO 'neutron'@'localhost' IDENTIFIED BY 'neutronDBPass';.
Waiting for keystone to come up.
Creating neutron user and giving it admin role under service tenant.
+---------------------+----------------------------------+
| Field               | Value                            |
+---------------------+----------------------------------+
| domain_id           | default                          |
| enabled             | True                             |
| id                  | a4e6a9525b484c078444610cf8ce897a |
| name                | neutron                          |
| options             | {}                               |
| password_expires_at | None                             |
+---------------------+----------------------------------+
Registering neutron with keystone so that other services can locate it.
+-------------+----------------------------------+
| Field       | Value                            |
+-------------+----------------------------------+
| description | OpenStack Networking             |
| enabled     | True                             |
| id          | 5e8355ee41aa4ffb89af4a923ff55efc |
| name        | neutron                          |
| type        | network                          |
+-------------+----------------------------------+
+--------------+----------------------------------+
| Field        | Value                            |
+--------------+----------------------------------+
| enabled      | True                             |
| id           | 4bd9bbe4c1c247d1b96661755a23aed1 |
| interface    | public                           |
| region       | RegionOne                        |
| region_id    | RegionOne                        |
| service_id   | 5e8355ee41aa4ffb89af4a923ff55efc |
| service_name | neutron                          |
| service_type | network                          |
| url          | http://controller:9696           |
+--------------+----------------------------------+
+--------------+----------------------------------+
| Field        | Value                            |
+--------------+----------------------------------+
| enabled      | True                             |
| id           | 70290d076c11441182d71c4da0473256 |
| interface    | internal                         |
| region       | RegionOne                        |
| region_id    | RegionOne                        |
| service_id   | 5e8355ee41aa4ffb89af4a923ff55efc |
| service_name | neutron                          |
| service_type | network                          |
| url          | http://controller:9696           |
+--------------+----------------------------------+
+--------------+----------------------------------+
| Field        | Value                            |
+--------------+----------------------------------+
| enabled      | True                             |
| id           | ac841789b56040a7a3a4552ba84d7538 |
| interface    | public                           |
| region       | RegionOne                        |
| region_id    | RegionOne                        |
| service_id   | 5e8355ee41aa4ffb89af4a923ff55efc |
| service_name | neutron                          |
| service_type | network                          |
| url          | http://controller:9696           |
+--------------+----------------------------------+
