Waiting for keystone to come up.
Installing additional packages for self-service networks.
Last metadata expiration check: 0:10:39 ago on Tue 08 Mar 2022 10:18:56 AM EST.
Package iptables-ebtables-1.8.4-22.el8.x86_64 is already installed.
Dependencies resolved.
============================================================================================
 Package                    Arch    Version                         Repository          Size
============================================================================================
Installing:
 openstack-neutron          noarch  1:18.2.0-1.el8                  openstack-wallaby   26 k
 openstack-neutron-ml2      noarch  1:18.2.0-1.el8                  openstack-wallaby   15 k
Installing dependencies:
 conntrack-tools            x86_64  1.4.4-10.el8                    baseos             204 k
 dibbler-client             x86_64  1.0.1-10.el8                    openstack-wallaby  438 k
 dnsmasq                    x86_64  2.79-21.el8                     appstream          320 k
 dnsmasq-utils              x86_64  2.79-21.el8                     appstream           56 k
 haproxy                    x86_64  1.8.27-4.el8                    appstream          1.4 M
 iproute-tc                 x86_64  5.15.0-3.el8                    baseos             463 k
 keepalived                 x86_64  2.1.5-8.el8                     appstream          536 k
 libev                      x86_64  4.24-6.el8                      appstream           52 k
 libnetfilter_cthelper      x86_64  1.0.0-15.el8                    baseos              24 k
 libnetfilter_cttimeout     x86_64  1.0.0-11.el8                    baseos              24 k
 libnetfilter_queue         x86_64  1.0.4-3.el8                     baseos              31 k
 libunwind                  x86_64  1.3.1-3.el8                     ceph-nautilus       76 k
 lm_sensors-libs            x86_64  3.4.0-23.20180522git70f7e08.el8 baseos              59 k
 net-snmp-agent-libs        x86_64  1:5.8-25.el8                    appstream          749 k
 net-snmp-libs              x86_64  1:5.8-25.el8                    baseos             827 k
 openpgm                    x86_64  5.2.122-21.el8                  openstack-wallaby  180 k
 openstack-neutron-common   noarch  1:18.2.0-1.el8                  openstack-wallaby  184 k
 python3-designateclient    noarch  4.2.0-1.el8                     openstack-wallaby   91 k
 python3-gevent             x86_64  1.2.2-4.el8                     appstream          497 k
 python3-logutils           noarch  0.3.5-11.el8                    ceph-nautilus       49 k
 python3-neutron            noarch  1:18.2.0-1.el8                  openstack-wallaby  2.7 M
 python3-neutron-lib        noarch  2.10.2-1.el8                    openstack-wallaby  386 k
 python3-os-ken             noarch  1.4.1-1.el8                     openstack-wallaby  2.3 M
 python3-pecan              noarch  1.3.3-2.el8s                    ceph-nautilus      283 k
 python3-setproctitle       x86_64  1.1.10-16.el8                   openstack-wallaby   24 k
 python3-tinyrpc            noarch  1.0.3-1.el8                     openstack-wallaby   51 k
 python3-waitress           noarch  1.4.2-1.el8                     ceph-nautilus      255 k
 python3-webtest            noarch  2.0.35-3.el8                    openstack-wallaby   87 k
 python3-zmq                x86_64  20.0.0-1.el8                    openstack-wallaby  430 k
 radvd                      x86_64  2.17-15.el8                     appstream          104 k
 zeromq                     x86_64  4.3.2-1.el8                     openstack-wallaby  316 k

Transaction Summary
============================================================================================
Install  33 Packages

Total download size: 13 M
Installed size: 59 M
Downloading Packages:
(1/33): dnsmasq-2.79-21.el8.x86_64.rpm          1.5 MB/s | 320 kB     00:00    
(2/33): dnsmasq-utils-2.79-21.el8.x86_64.rpm    269 kB/s |  56 kB     00:00    
(3/33): libev-4.24-6.el8.x86_64.rpm             575 kB/s |  52 kB     00:00    
(4/33): keepalived-2.1.5-8.el8.x86_64.rpm       4.7 MB/s | 536 kB     00:00    
(5/33): haproxy-1.8.27-4.el8.x86_64.rpm         4.1 MB/s | 1.4 MB     00:00    
(6/33): radvd-2.17-15.el8.x86_64.rpm            1.5 MB/s | 104 kB     00:00    
(7/33): python3-gevent-1.2.2-4.el8.x86_64.rpm   4.2 MB/s | 497 kB     00:00    
(8/33): net-snmp-agent-libs-5.8-25.el8.x86_64.r 4.7 MB/s | 749 kB     00:00    
(9/33): libnetfilter_cthelper-1.0.0-15.el8.x86_ 189 kB/s |  24 kB     00:00    
(10/33): libnetfilter_cttimeout-1.0.0-11.el8.x8 391 kB/s |  24 kB     00:00    
(11/33): conntrack-tools-1.4.4-10.el8.x86_64.rp 728 kB/s | 204 kB     00:00    
(12/33): libnetfilter_queue-1.0.4-3.el8.x86_64. 486 kB/s |  31 kB     00:00    
(13/33): lm_sensors-libs-3.4.0-23.20180522git70 1.1 MB/s |  59 kB     00:00    
(14/33): libunwind-1.3.1-3.el8.x86_64.rpm       930 kB/s |  76 kB     00:00    
(15/33): python3-logutils-0.3.5-11.el8.noarch.r 847 kB/s |  49 kB     00:00    
(16/33): iproute-tc-5.15.0-3.el8.x86_64.rpm     954 kB/s | 463 kB     00:00    
(17/33): net-snmp-libs-5.8-25.el8.x86_64.rpm    3.4 MB/s | 827 kB     00:00    
(18/33): python3-pecan-1.3.3-2.el8s.noarch.rpm  3.5 MB/s | 283 kB     00:00    
(19/33): python3-waitress-1.4.2-1.el8.noarch.rp 2.6 MB/s | 255 kB     00:00    
(20/33): openstack-neutron-18.2.0-1.el8.noarch.  83 kB/s |  26 kB     00:00    
(21/33): openpgm-5.2.122-21.el8.x86_64.rpm      470 kB/s | 180 kB     00:00    
(22/33): dibbler-client-1.0.1-10.el8.x86_64.rpm 1.0 MB/s | 438 kB     00:00    
(23/33): openstack-neutron-ml2-18.2.0-1.el8.noa 611 kB/s |  15 kB     00:00    
(24/33): openstack-neutron-common-18.2.0-1.el8. 3.2 MB/s | 184 kB     00:00    
(25/33): python3-designateclient-4.2.0-1.el8.no 3.6 MB/s |  91 kB     00:00    
(26/33): python3-neutron-lib-2.10.2-1.el8.noarc 6.7 MB/s | 386 kB     00:00    
(27/33): python3-setproctitle-1.1.10-16.el8.x86 732 kB/s |  24 kB     00:00    
(28/33): python3-tinyrpc-1.0.3-1.el8.noarch.rpm 2.0 MB/s |  51 kB     00:00    
(29/33): python3-webtest-2.0.35-3.el8.noarch.rp 3.7 MB/s |  87 kB     00:00    
(30/33): python3-neutron-18.2.0-1.el8.noarch.rp  16 MB/s | 2.7 MB     00:00    
(31/33): python3-zmq-20.0.0-1.el8.x86_64.rpm     11 MB/s | 430 kB     00:00    
(32/33): python3-os-ken-1.4.1-1.el8.noarch.rpm   12 MB/s | 2.3 MB     00:00    
(33/33): zeromq-4.3.2-1.el8.x86_64.rpm          5.8 MB/s | 316 kB     00:00    
--------------------------------------------------------------------------------
Total                                           2.6 MB/s |  13 MB     00:04     
Running transaction check
Transaction check succeeded.
Running transaction test
Transaction test succeeded.
Running transaction
  Preparing        :                                                        1/1 
  Installing       : net-snmp-libs-1:5.8-25.el8.x86_64                     1/33 
  Installing       : python3-setproctitle-1.1.10-16.el8.x86_64             2/33 
  Installing       : python3-designateclient-4.2.0-1.el8.noarch            3/33 
  Installing       : openpgm-5.2.122-21.el8.x86_64                         4/33 
  Installing       : dibbler-client-1.0.1-10.el8.x86_64                    5/33 
  Installing       : python3-waitress-1.4.2-1.el8.noarch                   6/33 
  Installing       : python3-webtest-2.0.35-3.el8.noarch                   7/33 
  Installing       : python3-logutils-0.3.5-11.el8.noarch                  8/33 
  Installing       : python3-pecan-1.3.3-2.el8s.noarch                     9/33 
  Installing       : libunwind-1.3.1-3.el8.x86_64                         10/33 
  Installing       : zeromq-4.3.2-1.el8.x86_64                            11/33 
  Installing       : python3-zmq-20.0.0-1.el8.x86_64                      12/33 
  Installing       : lm_sensors-libs-3.4.0-23.20180522git70f7e08.el8.x8   13/33 
  Running scriptlet: lm_sensors-libs-3.4.0-23.20180522git70f7e08.el8.x8   13/33 
  Installing       : net-snmp-agent-libs-1:5.8-25.el8.x86_64              14/33 
  Installing       : keepalived-2.1.5-8.el8.x86_64                        15/33 
  Running scriptlet: keepalived-2.1.5-8.el8.x86_64                        15/33 
  Installing       : libnetfilter_queue-1.0.4-3.el8.x86_64                16/33 
  Running scriptlet: libnetfilter_queue-1.0.4-3.el8.x86_64                16/33 
  Installing       : libnetfilter_cttimeout-1.0.0-11.el8.x86_64           17/33 
  Running scriptlet: libnetfilter_cttimeout-1.0.0-11.el8.x86_64           17/33 
  Installing       : libnetfilter_cthelper-1.0.0-15.el8.x86_64            18/33 
  Running scriptlet: libnetfilter_cthelper-1.0.0-15.el8.x86_64            18/33 
  Installing       : conntrack-tools-1.4.4-10.el8.x86_64                  19/33 
  Running scriptlet: conntrack-tools-1.4.4-10.el8.x86_64                  19/33 
  Installing       : iproute-tc-5.15.0-3.el8.x86_64                       20/33 
  Running scriptlet: radvd-2.17-15.el8.x86_64                             21/33 
  Installing       : radvd-2.17-15.el8.x86_64                             21/33 
  Running scriptlet: radvd-2.17-15.el8.x86_64                             21/33 
  Installing       : libev-4.24-6.el8.x86_64                              22/33 
  Installing       : python3-gevent-1.2.2-4.el8.x86_64                    23/33 
  Installing       : python3-tinyrpc-1.0.3-1.el8.noarch                   24/33 
  Installing       : python3-os-ken-1.4.1-1.el8.noarch                    25/33 
  Installing       : python3-neutron-lib-2.10.2-1.el8.noarch              26/33 
  Installing       : python3-neutron-1:18.2.0-1.el8.noarch                27/33 
  Running scriptlet: openstack-neutron-common-1:18.2.0-1.el8.noarch       28/33 
  Installing       : openstack-neutron-common-1:18.2.0-1.el8.noarch       28/33 
  Running scriptlet: haproxy-1.8.27-4.el8.x86_64                          29/33 
  Installing       : haproxy-1.8.27-4.el8.x86_64                          29/33 
  Running scriptlet: haproxy-1.8.27-4.el8.x86_64                          29/33 
  Installing       : dnsmasq-utils-2.79-21.el8.x86_64                     30/33 
  Running scriptlet: dnsmasq-2.79-21.el8.x86_64                           31/33 
  Installing       : dnsmasq-2.79-21.el8.x86_64                           31/33 
  Running scriptlet: dnsmasq-2.79-21.el8.x86_64                           31/33 
  Installing       : openstack-neutron-1:18.2.0-1.el8.noarch              32/33 
  Running scriptlet: openstack-neutron-1:18.2.0-1.el8.noarch              32/33 
  Installing       : openstack-neutron-ml2-1:18.2.0-1.el8.noarch          33/33 
  Running scriptlet: openstack-neutron-ml2-1:18.2.0-1.el8.noarch          33/33 
[/usr/lib/tmpfiles.d/rabbitmq-server.conf:1] Line references path below legacy directory /var/run/, updating /var/run/rabbitmq → /run/rabbitmq; please update the tmpfiles.d/ drop-in file accordingly.

  Verifying        : dnsmasq-2.79-21.el8.x86_64                            1/33 
  Verifying        : dnsmasq-utils-2.79-21.el8.x86_64                      2/33 
  Verifying        : haproxy-1.8.27-4.el8.x86_64                           3/33 
  Verifying        : keepalived-2.1.5-8.el8.x86_64                         4/33 
  Verifying        : libev-4.24-6.el8.x86_64                               5/33 
  Verifying        : net-snmp-agent-libs-1:5.8-25.el8.x86_64               6/33 
  Verifying        : python3-gevent-1.2.2-4.el8.x86_64                     7/33 
  Verifying        : radvd-2.17-15.el8.x86_64                              8/33 
  Verifying        : conntrack-tools-1.4.4-10.el8.x86_64                   9/33 
  Verifying        : iproute-tc-5.15.0-3.el8.x86_64                       10/33 
  Verifying        : libnetfilter_cthelper-1.0.0-15.el8.x86_64            11/33 
  Verifying        : libnetfilter_cttimeout-1.0.0-11.el8.x86_64           12/33 
  Verifying        : libnetfilter_queue-1.0.4-3.el8.x86_64                13/33 
  Verifying        : lm_sensors-libs-3.4.0-23.20180522git70f7e08.el8.x8   14/33 
  Verifying        : net-snmp-libs-1:5.8-25.el8.x86_64                    15/33 
  Verifying        : libunwind-1.3.1-3.el8.x86_64                         16/33 
  Verifying        : python3-logutils-0.3.5-11.el8.noarch                 17/33 
  Verifying        : python3-pecan-1.3.3-2.el8s.noarch                    18/33 
  Verifying        : python3-waitress-1.4.2-1.el8.noarch                  19/33 
  Verifying        : dibbler-client-1.0.1-10.el8.x86_64                   20/33 
  Verifying        : openpgm-5.2.122-21.el8.x86_64                        21/33 
  Verifying        : openstack-neutron-1:18.2.0-1.el8.noarch              22/33 
  Verifying        : openstack-neutron-common-1:18.2.0-1.el8.noarch       23/33 
  Verifying        : openstack-neutron-ml2-1:18.2.0-1.el8.noarch          24/33 
  Verifying        : python3-designateclient-4.2.0-1.el8.noarch           25/33 
  Verifying        : python3-neutron-1:18.2.0-1.el8.noarch                26/33 
  Verifying        : python3-neutron-lib-2.10.2-1.el8.noarch              27/33 
  Verifying        : python3-os-ken-1.4.1-1.el8.noarch                    28/33 
  Verifying        : python3-setproctitle-1.1.10-16.el8.x86_64            29/33 
  Verifying        : python3-tinyrpc-1.0.3-1.el8.noarch                   30/33 
  Verifying        : python3-webtest-2.0.35-3.el8.noarch                  31/33 
  Verifying        : python3-zmq-20.0.0-1.el8.x86_64                      32/33 
  Verifying        : zeromq-4.3.2-1.el8.x86_64                            33/33 

Installed:
  conntrack-tools-1.4.4-10.el8.x86_64                                           
  dibbler-client-1.0.1-10.el8.x86_64                                            
  dnsmasq-2.79-21.el8.x86_64                                                    
  dnsmasq-utils-2.79-21.el8.x86_64                                              
  haproxy-1.8.27-4.el8.x86_64                                                   
  iproute-tc-5.15.0-3.el8.x86_64                                                
  keepalived-2.1.5-8.el8.x86_64                                                 
  libev-4.24-6.el8.x86_64                                                       
  libnetfilter_cthelper-1.0.0-15.el8.x86_64                                     
  libnetfilter_cttimeout-1.0.0-11.el8.x86_64                                    
  libnetfilter_queue-1.0.4-3.el8.x86_64                                         
  libunwind-1.3.1-3.el8.x86_64                                                  
  lm_sensors-libs-3.4.0-23.20180522git70f7e08.el8.x86_64                        
  net-snmp-agent-libs-1:5.8-25.el8.x86_64                                       
  net-snmp-libs-1:5.8-25.el8.x86_64                                             
  openpgm-5.2.122-21.el8.x86_64                                                 
  openstack-neutron-1:18.2.0-1.el8.noarch                                       
  openstack-neutron-common-1:18.2.0-1.el8.noarch                                
  openstack-neutron-ml2-1:18.2.0-1.el8.noarch                                   
  python3-designateclient-4.2.0-1.el8.noarch                                    
  python3-gevent-1.2.2-4.el8.x86_64                                             
  python3-logutils-0.3.5-11.el8.noarch                                          
  python3-neutron-1:18.2.0-1.el8.noarch                                         
  python3-neutron-lib-2.10.2-1.el8.noarch                                       
  python3-os-ken-1.4.1-1.el8.noarch                                             
  python3-pecan-1.3.3-2.el8s.noarch                                             
  python3-setproctitle-1.1.10-16.el8.x86_64                                     
  python3-tinyrpc-1.0.3-1.el8.noarch                                            
  python3-waitress-1.4.2-1.el8.noarch                                           
  python3-webtest-2.0.35-3.el8.noarch                                           
  python3-zmq-20.0.0-1.el8.x86_64                                               
  radvd-2.17-15.el8.x86_64                                                      
  zeromq-4.3.2-1.el8.x86_64                                                     

Complete!
Configuring the metadata agent.
'/etc/neutron/metadata_agent.ini' -> '/tmp/061_etc_neutron_metadata_agent.ini.iniset'
iniset /tmp/061_etc_neutron_metadata_agent.ini.iniset DEFAULT nova_metadata_host controller
'/etc/neutron/metadata_agent.ini' -> '/tmp/062_etc_neutron_metadata_agent.ini.iniset'
iniset /tmp/062_etc_neutron_metadata_agent.ini.iniset DEFAULT metadata_proxy_shared_secret stack_training
Configuring Compute to use Networking.
'/etc/nova/nova.conf' -> '/tmp/063_etc_nova_nova.conf.iniset'
iniset /tmp/063_etc_nova_nova.conf.iniset neutron auth_url http://controller:5000
'/etc/nova/nova.conf' -> '/tmp/064_etc_nova_nova.conf.iniset'
iniset /tmp/064_etc_nova_nova.conf.iniset neutron auth_type password
'/etc/nova/nova.conf' -> '/tmp/065_etc_nova_nova.conf.iniset'
iniset /tmp/065_etc_nova_nova.conf.iniset neutron project_domain_name default
'/etc/nova/nova.conf' -> '/tmp/066_etc_nova_nova.conf.iniset'
iniset /tmp/066_etc_nova_nova.conf.iniset neutron user_domain_name default
'/etc/nova/nova.conf' -> '/tmp/067_etc_nova_nova.conf.iniset'
iniset /tmp/067_etc_nova_nova.conf.iniset neutron region_name RegionOne
'/etc/nova/nova.conf' -> '/tmp/068_etc_nova_nova.conf.iniset'
iniset /tmp/068_etc_nova_nova.conf.iniset neutron project_name service
'/etc/nova/nova.conf' -> '/tmp/069_etc_nova_nova.conf.iniset'
iniset /tmp/069_etc_nova_nova.conf.iniset neutron username neutron
'/etc/nova/nova.conf' -> '/tmp/070_etc_nova_nova.conf.iniset'
iniset /tmp/070_etc_nova_nova.conf.iniset neutron password neutronPass
'/etc/nova/nova.conf' -> '/tmp/071_etc_nova_nova.conf.iniset'
iniset /tmp/071_etc_nova_nova.conf.iniset neutron service_metadata_proxy true
'/etc/nova/nova.conf' -> '/tmp/072_etc_nova_nova.conf.iniset'
iniset /tmp/072_etc_nova_nova.conf.iniset neutron metadata_proxy_shared_secret stack_training
Creating Link in /etc/neutron/ for ml2_conf.ini as plugin.ini. 
Configuring neutron for controller node.
Setting database connection: mysql+pymysql://neutron:neutronDBPass@controller/neutron.
'/etc/neutron/neutron.conf' -> '/tmp/073_etc_neutron_neutron.conf.iniset'
iniset /tmp/073_etc_neutron_neutron.conf.iniset database connection mysql+pymysql://neutron:neutronDBPass@controller/neutron
'/etc/neutron/neutron.conf' -> '/tmp/074_etc_neutron_neutron.conf.iniset'
iniset /tmp/074_etc_neutron_neutron.conf.iniset DEFAULT core_plugin ml2
'/etc/neutron/neutron.conf' -> '/tmp/075_etc_neutron_neutron.conf.iniset'
iniset /tmp/075_etc_neutron_neutron.conf.iniset DEFAULT service_plugins router
'/etc/neutron/neutron.conf' -> '/tmp/076_etc_neutron_neutron.conf.iniset'
iniset /tmp/076_etc_neutron_neutron.conf.iniset DEFAULT allow_overlapping_ips true
Configuring RabbitMQ message queue access.
'/etc/neutron/neutron.conf' -> '/tmp/077_etc_neutron_neutron.conf.iniset'
iniset /tmp/077_etc_neutron_neutron.conf.iniset DEFAULT transport_url rabbit://openstack:rabbitPass@controller
'/etc/neutron/neutron.conf' -> '/tmp/078_etc_neutron_neutron.conf.iniset'
iniset /tmp/078_etc_neutron_neutron.conf.iniset DEFAULT auth_strategy keystone
'/etc/neutron/neutron.conf' -> '/tmp/079_etc_neutron_neutron.conf.iniset'
iniset /tmp/079_etc_neutron_neutron.conf.iniset keystone_authtoken www_authenticate_uri http://controller:5000
'/etc/neutron/neutron.conf' -> '/tmp/080_etc_neutron_neutron.conf.iniset'
iniset /tmp/080_etc_neutron_neutron.conf.iniset keystone_authtoken auth_url http://controller:5000
'/etc/neutron/neutron.conf' -> '/tmp/081_etc_neutron_neutron.conf.iniset'
iniset /tmp/081_etc_neutron_neutron.conf.iniset keystone_authtoken memcached_servers controller:11211
'/etc/neutron/neutron.conf' -> '/tmp/082_etc_neutron_neutron.conf.iniset'
iniset /tmp/082_etc_neutron_neutron.conf.iniset keystone_authtoken auth_type password
'/etc/neutron/neutron.conf' -> '/tmp/083_etc_neutron_neutron.conf.iniset'
iniset /tmp/083_etc_neutron_neutron.conf.iniset keystone_authtoken project_domain_name default
'/etc/neutron/neutron.conf' -> '/tmp/084_etc_neutron_neutron.conf.iniset'
iniset /tmp/084_etc_neutron_neutron.conf.iniset keystone_authtoken user_domain_name default
'/etc/neutron/neutron.conf' -> '/tmp/085_etc_neutron_neutron.conf.iniset'
iniset /tmp/085_etc_neutron_neutron.conf.iniset keystone_authtoken project_name service
'/etc/neutron/neutron.conf' -> '/tmp/086_etc_neutron_neutron.conf.iniset'
iniset /tmp/086_etc_neutron_neutron.conf.iniset keystone_authtoken username neutron
'/etc/neutron/neutron.conf' -> '/tmp/087_etc_neutron_neutron.conf.iniset'
iniset /tmp/087_etc_neutron_neutron.conf.iniset keystone_authtoken password neutronPass
'/etc/neutron/neutron.conf' -> '/tmp/088_etc_neutron_neutron.conf.iniset'
iniset /tmp/088_etc_neutron_neutron.conf.iniset DEFAULT notify_nova_on_port_status_changes true
'/etc/neutron/neutron.conf' -> '/tmp/089_etc_neutron_neutron.conf.iniset'
iniset /tmp/089_etc_neutron_neutron.conf.iniset DEFAULT notify_nova_on_port_data_changes true
'/etc/neutron/neutron.conf' -> '/tmp/090_etc_neutron_neutron.conf.iniset'
iniset /tmp/090_etc_neutron_neutron.conf.iniset nova auth_url http://controller:5000
'/etc/neutron/neutron.conf' -> '/tmp/091_etc_neutron_neutron.conf.iniset'
iniset /tmp/091_etc_neutron_neutron.conf.iniset nova auth_type password
'/etc/neutron/neutron.conf' -> '/tmp/092_etc_neutron_neutron.conf.iniset'
iniset /tmp/092_etc_neutron_neutron.conf.iniset nova project_domain_name default
'/etc/neutron/neutron.conf' -> '/tmp/093_etc_neutron_neutron.conf.iniset'
iniset /tmp/093_etc_neutron_neutron.conf.iniset nova user_domain_name default
'/etc/neutron/neutron.conf' -> '/tmp/094_etc_neutron_neutron.conf.iniset'
iniset /tmp/094_etc_neutron_neutron.conf.iniset nova region_name RegionOne
'/etc/neutron/neutron.conf' -> '/tmp/095_etc_neutron_neutron.conf.iniset'
iniset /tmp/095_etc_neutron_neutron.conf.iniset nova project_name service
'/etc/neutron/neutron.conf' -> '/tmp/096_etc_neutron_neutron.conf.iniset'
iniset /tmp/096_etc_neutron_neutron.conf.iniset nova username nova
'/etc/neutron/neutron.conf' -> '/tmp/097_etc_neutron_neutron.conf.iniset'
iniset /tmp/097_etc_neutron_neutron.conf.iniset nova password novaPass
'/etc/neutron/neutron.conf' -> '/tmp/098_etc_neutron_neutron.conf.iniset'
iniset /tmp/098_etc_neutron_neutron.conf.iniset oslo_concurrency lock_path /var/lib/neutron/tmp
Configuring the Modular Layer 2 (ML2) plug-in.
'/etc/neutron/plugins/ml2/ml2_conf.ini' -> '/tmp/099_etc_neutron_plugins_ml2_ml2_conf.ini.iniset'
iniset /tmp/099_etc_neutron_plugins_ml2_ml2_conf.ini.iniset ml2 type_drivers flat,vlan,vxlan
'/etc/neutron/plugins/ml2/ml2_conf.ini' -> '/tmp/100_etc_neutron_plugins_ml2_ml2_conf.ini.iniset'
iniset /tmp/100_etc_neutron_plugins_ml2_ml2_conf.ini.iniset ml2 tenant_network_types vxlan
'/etc/neutron/plugins/ml2/ml2_conf.ini' -> '/tmp/101_etc_neutron_plugins_ml2_ml2_conf.ini.iniset'
iniset /tmp/101_etc_neutron_plugins_ml2_ml2_conf.ini.iniset ml2 mechanism_drivers linuxbridge,l2population
'/etc/neutron/plugins/ml2/ml2_conf.ini' -> '/tmp/102_etc_neutron_plugins_ml2_ml2_conf.ini.iniset'
iniset /tmp/102_etc_neutron_plugins_ml2_ml2_conf.ini.iniset ml2 extension_drivers port_security
'/etc/neutron/plugins/ml2/ml2_conf.ini' -> '/tmp/103_etc_neutron_plugins_ml2_ml2_conf.ini.iniset'
iniset /tmp/103_etc_neutron_plugins_ml2_ml2_conf.ini.iniset ml2_type_flat flat_networks provider
'/etc/neutron/plugins/ml2/ml2_conf.ini' -> '/tmp/104_etc_neutron_plugins_ml2_ml2_conf.ini.iniset'
iniset /tmp/104_etc_neutron_plugins_ml2_ml2_conf.ini.iniset ml2_type_vxlan vni_ranges 1:1000
'/etc/neutron/plugins/ml2/ml2_conf.ini' -> '/tmp/105_etc_neutron_plugins_ml2_ml2_conf.ini.iniset'
iniset /tmp/105_etc_neutron_plugins_ml2_ml2_conf.ini.iniset securitygroup enable_ipset true
Configuring the layer-3 agent.
'/etc/neutron/l3_agent.ini' -> '/tmp/106_etc_neutron_l3_agent.ini.iniset'
iniset /tmp/106_etc_neutron_l3_agent.ini.iniset DEFAULT interface_driver linuxbridge
Configuring the DHCP agent.
'/etc/neutron/dhcp_agent.ini' -> '/tmp/107_etc_neutron_dhcp_agent.ini.iniset'
iniset /tmp/107_etc_neutron_dhcp_agent.ini.iniset DEFAULT interface_driver linuxbridge
'/etc/neutron/dhcp_agent.ini' -> '/tmp/108_etc_neutron_dhcp_agent.ini.iniset'
iniset /tmp/108_etc_neutron_dhcp_agent.ini.iniset DEFAULT dhcp_driver neutron.agent.linux.dhcp.Dnsmasq
'/etc/neutron/dhcp_agent.ini' -> '/tmp/109_etc_neutron_dhcp_agent.ini.iniset'
iniset /tmp/109_etc_neutron_dhcp_agent.ini.iniset DEFAULT enable_isolated_metadata true
Populating the database.
INFO  [alembic.runtime.migration] Context impl MySQLImpl.
INFO  [alembic.runtime.migration] Will assume non-transactional DDL.
INFO  [alembic.runtime.migration] Context impl MySQLImpl.
INFO  [alembic.runtime.migration] Will assume non-transactional DDL.
INFO  [alembic.runtime.migration] Running upgrade  -> kilo
INFO  [alembic.runtime.migration] Running upgrade kilo -> 354db87e3225
INFO  [alembic.runtime.migration] Running upgrade 354db87e3225 -> 599c6a226151
INFO  [alembic.runtime.migration] Running upgrade 599c6a226151 -> 52c5312f6baf
INFO  [alembic.runtime.migration] Running upgrade 52c5312f6baf -> 313373c0ffee
INFO  [alembic.runtime.migration] Running upgrade 313373c0ffee -> 8675309a5c4f
INFO  [alembic.runtime.migration] Running upgrade 8675309a5c4f -> 45f955889773
INFO  [alembic.runtime.migration] Running upgrade 45f955889773 -> 26c371498592
INFO  [alembic.runtime.migration] Running upgrade 26c371498592 -> 1c844d1677f7
INFO  [alembic.runtime.migration] Running upgrade 1c844d1677f7 -> 1b4c6e320f79
INFO  [alembic.runtime.migration] Running upgrade 1b4c6e320f79 -> 48153cb5f051
INFO  [alembic.runtime.migration] Running upgrade 48153cb5f051 -> 9859ac9c136
INFO  [alembic.runtime.migration] Running upgrade 9859ac9c136 -> 34af2b5c5a59
INFO  [alembic.runtime.migration] Running upgrade 34af2b5c5a59 -> 59cb5b6cf4d
INFO  [alembic.runtime.migration] Running upgrade 59cb5b6cf4d -> 13cfb89f881a
INFO  [alembic.runtime.migration] Running upgrade 13cfb89f881a -> 32e5974ada25
INFO  [alembic.runtime.migration] Running upgrade 32e5974ada25 -> ec7fcfbf72ee
INFO  [alembic.runtime.migration] Running upgrade ec7fcfbf72ee -> dce3ec7a25c9
INFO  [alembic.runtime.migration] Running upgrade dce3ec7a25c9 -> c3a73f615e4
INFO  [alembic.runtime.migration] Running upgrade c3a73f615e4 -> 659bf3d90664
INFO  [alembic.runtime.migration] Running upgrade 659bf3d90664 -> 1df244e556f5
INFO  [alembic.runtime.migration] Running upgrade 1df244e556f5 -> 19f26505c74f
INFO  [alembic.runtime.migration] Running upgrade 19f26505c74f -> 15be73214821
INFO  [alembic.runtime.migration] Running upgrade 15be73214821 -> b4caf27aae4
INFO  [alembic.runtime.migration] Running upgrade b4caf27aae4 -> 15e43b934f81
INFO  [alembic.runtime.migration] Running upgrade 15e43b934f81 -> 31ed664953e6
INFO  [alembic.runtime.migration] Running upgrade 31ed664953e6 -> 2f9e956e7532
INFO  [alembic.runtime.migration] Running upgrade 2f9e956e7532 -> 3894bccad37f
INFO  [alembic.runtime.migration] Running upgrade 3894bccad37f -> 0e66c5227a8a
INFO  [alembic.runtime.migration] Running upgrade 0e66c5227a8a -> 45f8dd33480b
INFO  [alembic.runtime.migration] Running upgrade 45f8dd33480b -> 5abc0278ca73
INFO  [alembic.runtime.migration] Running upgrade kilo -> 30018084ec99
INFO  [alembic.runtime.migration] Running upgrade 30018084ec99 -> 4ffceebfada
INFO  [alembic.runtime.migration] Running upgrade 4ffceebfada -> 5498d17be016
INFO  [alembic.runtime.migration] Running upgrade 5498d17be016 -> 2a16083502f3
INFO  [alembic.runtime.migration] Running upgrade 2a16083502f3 -> 2e5352a0ad4d
INFO  [alembic.runtime.migration] Running upgrade 2e5352a0ad4d -> 11926bcfe72d
INFO  [alembic.runtime.migration] Running upgrade 11926bcfe72d -> 4af11ca47297
INFO  [alembic.runtime.migration] Running upgrade 4af11ca47297 -> 1b294093239c
INFO  [alembic.runtime.migration] Running upgrade 1b294093239c -> 8a6d8bdae39
INFO  [alembic.runtime.migration] Running upgrade 8a6d8bdae39 -> 2b4c2465d44b
INFO  [alembic.runtime.migration] Running upgrade 2b4c2465d44b -> e3278ee65050
INFO  [alembic.runtime.migration] Running upgrade e3278ee65050 -> c6c112992c9
INFO  [alembic.runtime.migration] Running upgrade c6c112992c9 -> 5ffceebfada
INFO  [alembic.runtime.migration] Running upgrade 5ffceebfada -> 4ffceebfcdc
INFO  [alembic.runtime.migration] Running upgrade 4ffceebfcdc -> 7bbb25278f53
INFO  [alembic.runtime.migration] Running upgrade 7bbb25278f53 -> 89ab9a816d70
INFO  [alembic.runtime.migration] Running upgrade 89ab9a816d70 -> c879c5e1ee90
INFO  [alembic.runtime.migration] Running upgrade c879c5e1ee90 -> 8fd3918ef6f4
INFO  [alembic.runtime.migration] Running upgrade 8fd3918ef6f4 -> 4bcd4df1f426
INFO  [alembic.runtime.migration] Running upgrade 4bcd4df1f426 -> b67e765a3524
INFO  [alembic.runtime.migration] Running upgrade 5abc0278ca73 -> d3435b514502
INFO  [alembic.runtime.migration] Running upgrade d3435b514502 -> 30107ab6a3ee
INFO  [alembic.runtime.migration] Running upgrade 30107ab6a3ee -> c415aab1c048
INFO  [alembic.runtime.migration] Running upgrade c415aab1c048 -> a963b38d82f4
INFO  [alembic.runtime.migration] Running upgrade b67e765a3524 -> a84ccf28f06a
INFO  [alembic.runtime.migration] Running upgrade a84ccf28f06a -> 7d9d8eeec6ad
INFO  [alembic.runtime.migration] Running upgrade a963b38d82f4 -> 3d0e74aa7d37
INFO  [alembic.runtime.migration] Running upgrade 3d0e74aa7d37 -> 030a959ceafa
INFO  [alembic.runtime.migration] Running upgrade 030a959ceafa -> a5648cfeeadf
INFO  [alembic.runtime.migration] Running upgrade a5648cfeeadf -> 0f5bef0f87d4
INFO  [alembic.runtime.migration] Running upgrade 0f5bef0f87d4 -> 67daae611b6e
INFO  [alembic.runtime.migration] Running upgrade 67daae611b6e -> 6b461a21bcfc
INFO  [alembic.runtime.migration] Running upgrade 6b461a21bcfc -> 5cd92597d11d
INFO  [alembic.runtime.migration] Running upgrade 5cd92597d11d -> 929c968efe70
INFO  [alembic.runtime.migration] Running upgrade 929c968efe70 -> a9c43481023c
INFO  [alembic.runtime.migration] Running upgrade a9c43481023c -> 804a3c76314c
INFO  [alembic.runtime.migration] Running upgrade 804a3c76314c -> 2b42d90729da
INFO  [alembic.runtime.migration] Running upgrade 2b42d90729da -> 62c781cb6192
INFO  [alembic.runtime.migration] Running upgrade 62c781cb6192 -> c8c222d42aa9
INFO  [alembic.runtime.migration] Running upgrade c8c222d42aa9 -> 349b6fd605a6
INFO  [alembic.runtime.migration] Running upgrade 349b6fd605a6 -> 7d32f979895f
INFO  [alembic.runtime.migration] Running upgrade 7d32f979895f -> 594422d373ee
INFO  [alembic.runtime.migration] Running upgrade 594422d373ee -> 61663558142c
INFO  [alembic.runtime.migration] Running upgrade 61663558142c -> 867d39095bf4, port forwarding
INFO  [alembic.runtime.migration] Running upgrade 867d39095bf4 -> d72db3e25539, modify uniq port forwarding
INFO  [alembic.runtime.migration] Running upgrade d72db3e25539 -> cada2437bf41
INFO  [alembic.runtime.migration] Running upgrade cada2437bf41 -> 195176fb410d, router gateway IP QoS
INFO  [alembic.runtime.migration] Running upgrade 195176fb410d -> fb0167bd9639
INFO  [alembic.runtime.migration] Running upgrade fb0167bd9639 -> 0ff9e3881597
INFO  [alembic.runtime.migration] Running upgrade 0ff9e3881597 -> 9bfad3f1e780
INFO  [alembic.runtime.migration] Running upgrade 9bfad3f1e780 -> 63fd95af7dcd
INFO  [alembic.runtime.migration] Running upgrade 63fd95af7dcd -> c613d0b82681
INFO  [alembic.runtime.migration] Running upgrade c613d0b82681 -> c3e9d13c4367
INFO  [alembic.runtime.migration] Running upgrade c3e9d13c4367 -> 86274d77933e
INFO  [alembic.runtime.migration] Running upgrade 86274d77933e -> f4b9654dd40c
INFO  [alembic.runtime.migration] Running upgrade f4b9654dd40c -> a010322604bc
INFO  [alembic.runtime.migration] Running upgrade a010322604bc -> 263d454a9655
INFO  [alembic.runtime.migration] Running upgrade 263d454a9655 -> Ibac91d24da2
INFO  [alembic.runtime.migration] Running upgrade Ibac91d24da2 -> 2217c4222de6
INFO  [alembic.runtime.migration] Running upgrade 2217c4222de6 -> 18a7e90ae768
INFO  [alembic.runtime.migration] Running upgrade 18a7e90ae768 -> e4e236b0e1ff
INFO  [alembic.runtime.migration] Running upgrade e4e236b0e1ff -> e88badaa9591
INFO  [alembic.runtime.migration] Running upgrade e88badaa9591 -> d8bdf05313f4
INFO  [alembic.runtime.migration] Running upgrade d8bdf05313f4 -> dfe425060830
INFO  [alembic.runtime.migration] Running upgrade dfe425060830 -> fd6107509ccd
INFO  [alembic.runtime.migration] Running upgrade fd6107509ccd -> 1ea5dab0897a
INFO  [alembic.runtime.migration] Running upgrade 1ea5dab0897a -> 49d8622c5221
INFO  [alembic.runtime.migration] Running upgrade 49d8622c5221 -> I38991de2b4
INFO  [alembic.runtime.migration] Running upgrade I38991de2b4 -> 532aa95457e2
INFO  [alembic.runtime.migration] Running upgrade 532aa95457e2 -> f010820fc498
INFO  [alembic.runtime.migration] Running upgrade f010820fc498 -> a964d94b4677
INFO  [alembic.runtime.migration] Running upgrade a964d94b4677 -> 26d1e9f5c766
INFO  [alembic.runtime.migration] Running upgrade 26d1e9f5c766 -> 1e0744e4ffea
INFO  [alembic.runtime.migration] Running upgrade 1e0744e4ffea -> 6135a7bd4425
INFO  [alembic.runtime.migration] Running upgrade 7d9d8eeec6ad -> a8b517cff8ab
INFO  [alembic.runtime.migration] Running upgrade a8b517cff8ab -> 3b935b28e7a0
INFO  [alembic.runtime.migration] Running upgrade 3b935b28e7a0 -> b12a3ef66e62
INFO  [alembic.runtime.migration] Running upgrade b12a3ef66e62 -> 97c25b0d2353
INFO  [alembic.runtime.migration] Running upgrade 97c25b0d2353 -> 2e0d7a8a1586
INFO  [alembic.runtime.migration] Running upgrade 2e0d7a8a1586 -> 5c85685d616d
  Running upgrade for neutron ...
  OK
success
success

module linuxbridgectl 1.0;

require {
        type neutron_t;
        type neutron_exec_t;
        type neutron_t;
        type dnsmasq_t;
        class file execute_no_trans;
        class capability { dac_override sys_rawio };
}

#============= neutron_t ==============
allow neutron_t self:capability { dac_override sys_rawio };
allow neutron_t neutron_exec_t:file execute_no_trans;

#============= dnsmasq_t ==============
allow dnsmasq_t self:capability dac_override;

Restarting nova services.
Restarting neutron-server.
Created symlink /etc/systemd/system/multi-user.target.wants/neutron-server.service → /usr/lib/systemd/system/neutron-server.service.
Restarting neutron-dhcp-agent.
Created symlink /etc/systemd/system/multi-user.target.wants/neutron-dhcp-agent.service → /usr/lib/systemd/system/neutron-dhcp-agent.service.
Restarting neutron-metadata-agent.
Created symlink /etc/systemd/system/multi-user.target.wants/neutron-metadata-agent.service → /usr/lib/systemd/system/neutron-metadata-agent.service.
neutron-l3-agent is /usr/bin/neutron-l3-agent
Restarting neutron-l3-agent.
Created symlink /etc/systemd/system/multi-user.target.wants/neutron-l3-agent.service → /usr/lib/systemd/system/neutron-l3-agent.service.
Verifying operation.
+--------------------------------------+----------------+------------+-------------------+-------+-------+------------------------+
| ID                                   | Agent Type     | Host       | Availability Zone | Alive | State | Binary                 |
+--------------------------------------+----------------+------------+-------------------+-------+-------+------------------------+
| 61d3a7ca-25d6-41df-8c98-f866c9699136 | Metadata agent | controller | None              | :-)   | UP    | neutron-metadata-agent |
| 7e77ae67-eb85-4b56-bdd0-3f531462319e | DHCP agent     | controller | nova              | :-)   | UP    | neutron-dhcp-agent     |
| d0ff0318-0f8a-4d71-a096-2004d299ddd1 | L3 agent       | controller | nova              | :-)   | UP    | neutron-l3-agent       |
+--------------------------------------+----------------+------------+-------------------+-------+-------+------------------------+
