Installing additional packages for self-service networks.
Last metadata expiration check: 0:12:15 ago on Tue 08 Mar 2022 10:18:56 AM EST.
Dependencies resolved.
================================================================================
 Package                       Arch   Version           Repository         Size
================================================================================
Installing:
 openstack-neutron-linuxbridge noarch 1:18.2.0-1.el8    openstack-wallaby  16 k

Transaction Summary
================================================================================
Install  1 Package

Total download size: 16 k
Installed size: 18 k
Downloading Packages:
openstack-neutron-linuxbridge-18.2.0-1.el8.noar 268 kB/s |  16 kB     00:00    
--------------------------------------------------------------------------------
Total                                            14 kB/s |  16 kB     00:01     
Running transaction check
Transaction check succeeded.
Running transaction test
Transaction test succeeded.
Running transaction
  Preparing        :                                                        1/1 
  Installing       : openstack-neutron-linuxbridge-1:18.2.0-1.el8.noarch    1/1 
  Running scriptlet: openstack-neutron-linuxbridge-1:18.2.0-1.el8.noarch    1/1 
Line is not an assignment at '/etc/sysctl.d/99-sysctl.conf:16': (null)
Couldn't write '1' to 'net/bridge/bridge-nf-call-ip6tables', ignoring: No such file or directory
Couldn't write '1' to 'net/bridge/bridge-nf-call-iptables', ignoring: No such file or directory
Couldn't write '/etc/neutron/dnsmasq-neutron.conf' to 'dnsmasq_config_file', ignoring: No such file or directory
warning: %transfiletriggerin(systemd-239-58.el8.x86_64) scriptlet failed, exit status 1

Error in <unknown> scriptlet in rpm package openstack-neutron-linuxbridge
  Verifying        : openstack-neutron-linuxbridge-1:18.2.0-1.el8.noarch    1/1 

Installed:
  openstack-neutron-linuxbridge-1:18.2.0-1.el8.noarch                           

Complete!
Configuring Linux Bridge agent.
Set IF_NAMES to lo enp0s3 enp0s8 enp0s9
ifnum_to_ifname: interface 2 is enp0s9
PUBLIC_INTERFACE_NAME=enp0s9
'/etc/neutron/plugins/ml2/linuxbridge_agent.ini' -> '/tmp/110_etc_neutron_plugins_ml2_linuxbridge_agent.ini.iniset'
iniset /tmp/110_etc_neutron_plugins_ml2_linuxbridge_agent.ini.iniset linux_bridge physical_interface_mappings provider:enp0s9
Success. Node controller in mgmt: 10.0.0.11.
'/etc/neutron/plugins/ml2/linuxbridge_agent.ini' -> '/tmp/111_etc_neutron_plugins_ml2_linuxbridge_agent.ini.iniset'
iniset /tmp/111_etc_neutron_plugins_ml2_linuxbridge_agent.ini.iniset vxlan enable_vxlan true
'/etc/neutron/plugins/ml2/linuxbridge_agent.ini' -> '/tmp/112_etc_neutron_plugins_ml2_linuxbridge_agent.ini.iniset'
iniset /tmp/112_etc_neutron_plugins_ml2_linuxbridge_agent.ini.iniset vxlan local_ip 10.0.0.11
'/etc/neutron/plugins/ml2/linuxbridge_agent.ini' -> '/tmp/113_etc_neutron_plugins_ml2_linuxbridge_agent.ini.iniset'
iniset /tmp/113_etc_neutron_plugins_ml2_linuxbridge_agent.ini.iniset vxlan l2_population true
'/etc/neutron/plugins/ml2/linuxbridge_agent.ini' -> '/tmp/114_etc_neutron_plugins_ml2_linuxbridge_agent.ini.iniset'
iniset /tmp/114_etc_neutron_plugins_ml2_linuxbridge_agent.ini.iniset securitygroup enable_security_group true
'/etc/neutron/plugins/ml2/linuxbridge_agent.ini' -> '/tmp/115_etc_neutron_plugins_ml2_linuxbridge_agent.ini.iniset'
iniset /tmp/115_etc_neutron_plugins_ml2_linuxbridge_agent.ini.iniset securitygroup firewall_driver neutron.agent.linux.iptables_firewall.IptablesFirewallDriver
'/etc/sysctl.d/99-sysctl.conf' -> '/tmp/116_etc_sysctl.d_99-sysctl.conf.iniset'
'/etc/sysctl.d/99-sysctl.conf' -> '/tmp/117_etc_sysctl.d_99-sysctl.conf.iniset'
Ensuring that the kernel supports network bridge filters.
sysctl: cannot stat /proc/sys/net/bridge/bridge-nf-call-iptables: No such file or directory
net.bridge.bridge-nf-call-ip6tables = 1
net.bridge.bridge-nf-call-iptables = 1
sysctl: cannot stat /proc/sys/[DEFAULT]: No such file or directory
sysctl: cannot stat /proc/sys/dnsmasq_config_file: No such file or directory
