Installing keystone.

WARNING: apt does not have a stable CLI interface. Use with caution in scripts.

Reading package lists...
Building dependency tree...
Reading state information...
apache2 is already the newest version (2.4.41-4ubuntu3.9).
The following additional packages will be installed:
  alembic keystone-common libapache2-mod-wsgi-py3 libjs-jquery libjs-sphinxdoc
  libjs-underscore pycadf-common python-pastedeploy-tpl python3-alembic
  python3-amqp python3-aniso8601 python3-anyjson python3-bcrypt
  python3-cachetools python3-defusedxml python3-dnspython python3-eventlet
  python3-extras python3-fasteners python3-fixtures python3-flask
  python3-flask-restful python3-futurist python3-greenlet python3-itsdangerous
  python3-keystone python3-keystonemiddleware python3-kombu python3-ldap
  python3-migrate python3-mimeparse python3-oslo.cache
  python3-oslo.concurrency python3-oslo.db python3-oslo.messaging
  python3-oslo.middleware python3-oslo.policy python3-oslo.service
  python3-oslo.upgradecheck python3-osprofiler python3-passlib python3-paste
  python3-pastedeploy python3-pastescript python3-pycadf python3-pymysql
  python3-pysaml2 python3-repoze.lru python3-routes python3-scrypt
  python3-sqlalchemy python3-sqlalchemy-ext python3-sqlparse python3-statsd
  python3-tempita python3-tenacity python3-testscenarios python3-testtools
  python3-vine python3-webob python3-werkzeug xmlsec1
Suggested packages:
  python-amqp-doc python-eventlet-doc python-flask-doc python-futurist-doc
  python-greenlet-doc python-greenlet-dev python3-greenlet-dbg
  python3-ldappool python-kombu-doc python3-boto python3-django
  python3-pymongo python3-redis python-migrate-doc python-oslo.cache-doc
  python-oslo.concurrency-doc python3-confluent-kafka python3-zmq
  python-oslo.middleware-doc python-oslo.policy-doc python-oslo.service-doc
  httpd-wsgi libapache2-mod-python libapache2-mod-scgi libjs-mochikit
  python3-cherrypy3 python-pymysql-doc python3-repoze.who
  python-sqlalchemy-doc python3-fdb python3-pymssql python3-psycopg2
  python-sqlparse-doc python-tenacity-doc python-testtools-doc
  python-webob-doc ipython3 python-werkzeug-doc python3-termcolor
  python3-watchdog
The following NEW packages will be installed:
  alembic keystone keystone-common libapache2-mod-wsgi-py3 libjs-jquery
  libjs-sphinxdoc libjs-underscore pycadf-common python-pastedeploy-tpl
  python3-alembic python3-amqp python3-aniso8601 python3-anyjson
  python3-bcrypt python3-cachetools python3-defusedxml python3-dnspython
  python3-eventlet python3-extras python3-fasteners python3-fixtures
  python3-flask python3-flask-restful python3-futurist python3-greenlet
  python3-itsdangerous python3-keystone python3-keystonemiddleware
  python3-kombu python3-ldap python3-migrate python3-mimeparse
  python3-oslo.cache python3-oslo.concurrency python3-oslo.db
  python3-oslo.messaging python3-oslo.middleware python3-oslo.policy
  python3-oslo.service python3-oslo.upgradecheck python3-osprofiler
  python3-passlib python3-paste python3-pastedeploy python3-pastescript
  python3-pycadf python3-pymysql python3-pysaml2 python3-repoze.lru
  python3-routes python3-scrypt python3-sqlalchemy python3-sqlalchemy-ext
  python3-sqlparse python3-statsd python3-tempita python3-tenacity
  python3-testscenarios python3-testtools python3-vine python3-webob
  python3-werkzeug xmlsec1
0 upgraded, 63 newly installed, 0 to remove and 0 not upgraded.
Need to get 1,367 kB/6,198 kB of archives.
After this operation, 35.7 MB of additional disk space will be used.
Get:1 http://archive.ubuntu.com/ubuntu focal/main amd64 pycadf-common all 2.10.0-2 [4,932 B]
Err:2 http://archive.ubuntu.com/ubuntu focal/main amd64 python3-vine all 1.3.0+dfsg-1
  400  Bad Request [IP: 91.189.88.142 80]
Get:3 http://archive.ubuntu.com/ubuntu focal/main amd64 python3-anyjson all 0.3.3-2 [7,392 B]
Get:4 http://ubuntu-cloud.archive.canonical.com/ubuntu focal-updates/wallaby/main amd64 python3-alembic all 1.4.3-1ubuntu1~cloud0 [116 kB]
Err:5 http://archive.ubuntu.com/ubuntu focal/main amd64 python3-defusedxml all 0.6.0-2
  400  Bad Request [IP: 91.189.88.142 80]
Get:6 http://archive.ubuntu.com/ubuntu focal/main amd64 python3-extras all 1.0.0-4build1 [7,640 B]
Err:7 http://archive.ubuntu.com/ubuntu focal/main amd64 python3-mimeparse all 1.6.0-3build1
  400  Bad Request [IP: 91.189.88.142 80]
Get:8 http://archive.ubuntu.com/ubuntu focal/main amd64 python3-fixtures all 3.0.0-3build1 [32.6 kB]
Err:9 http://ubuntu-cloud.archive.canonical.com/ubuntu focal-updates/wallaby/main amd64 alembic all 1.4.3-1ubuntu1~cloud0
  400  Bad Request [IP: 91.189.91.38 80]
Get:10 http://archive.ubuntu.com/ubuntu focal/main amd64 python3-werkzeug all 0.16.1+dfsg1-2 [183 kB]
Get:11 http://ubuntu-cloud.archive.canonical.com/ubuntu focal-updates/wallaby/main amd64 python3-greenlet amd64 0.4.17-1build1~cloud0 [17.3 kB]
Get:12 http://archive.ubuntu.com/ubuntu focal/main amd64 python3-flask-restful all 0.3.8-1 [22.3 kB]
Get:13 http://archive.ubuntu.com/ubuntu focal/main amd64 python3-pycadf all 2.10.0-2 [17.3 kB]
Get:14 http://archive.ubuntu.com/ubuntu focal/main amd64 python3-sqlparse all 0.2.4-3 [28.1 kB]
Get:15 http://archive.ubuntu.com/ubuntu focal/main amd64 python3-migrate all 0.13.0-0ubuntu1 [69.8 kB]
Get:16 http://archive.ubuntu.com/ubuntu focal/main amd64 python3-statsd all 3.3.0-2build1 [11.9 kB]
Get:17 http://archive.ubuntu.com/ubuntu focal/main amd64 python3-repoze.lru all 0.7-2 [12.1 kB]
Get:18 http://ubuntu-cloud.archive.canonical.com/ubuntu focal-updates/wallaby/main amd64 python3-oslo.cache all 2.7.0-0ubuntu1~cloud0 [36.9 kB]
Get:19 http://ubuntu-cloud.archive.canonical.com/ubuntu focal-updates/wallaby/main amd64 python3-keystonemiddleware all 9.2.0-0ubuntu1~cloud0 [67.3 kB]
Get:20 http://ubuntu-cloud.archive.canonical.com/ubuntu focal-updates/wallaby/main amd64 python3-oslo.concurrency all 4.4.0-0ubuntu1~cloud0 [31.7 kB]
Get:21 http://ubuntu-cloud.archive.canonical.com/ubuntu focal-updates/wallaby/main amd64 python3-oslo.middleware all 4.2.0-0ubuntu1~cloud0 [33.4 kB]
Get:22 http://ubuntu-cloud.archive.canonical.com/ubuntu focal-updates/wallaby/main amd64 python3-oslo.service all 2.5.0-0ubuntu1~cloud0 [51.2 kB]
Get:23 http://ubuntu-cloud.archive.canonical.com/ubuntu focal-updates/wallaby/main amd64 python3-oslo.messaging all 12.7.1-0ubuntu1~cloud0 [152 kB]
Fetched 903 kB in 5s (179 kB/s)
E: Failed to fetch http://ubuntu-cloud.archive.canonical.com/ubuntu/pool/main/a/alembic/alembic_1.4.3-1ubuntu1~cloud0_all.deb  400  Bad Request [IP: 91.189.91.38 80]
E: Failed to fetch http://archive.ubuntu.com/ubuntu/pool/main/v/vine/python3-vine_1.3.0+dfsg-1_all.deb  400  Bad Request [IP: 91.189.88.142 80]
E: Failed to fetch http://archive.ubuntu.com/ubuntu/pool/main/d/defusedxml/python3-defusedxml_0.6.0-2_all.deb  400  Bad Request [IP: 91.189.88.142 80]
E: Failed to fetch http://archive.ubuntu.com/ubuntu/pool/main/p/python-mimeparse/python3-mimeparse_1.6.0-3build1_all.deb  400  Bad Request [IP: 91.189.88.142 80]
E: Unable to fetch some archives, maybe run apt-get update or try with --fix-missing?
