Setting up database for cinder.
Waiting for database server to come up.
mysql cmd: CREATE DATABASE cinder.
mysql cmd: GRANT ALL ON cinder.* TO 'cinder'@'%' IDENTIFIED BY 'cinderDBPass';.
mysql cmd: GRANT ALL ON cinder.* TO 'cinder'@'localhost' IDENTIFIED BY 'cinderDBPass';.
Waiting for keystone to come up.
Creating cinder user.
+---------------------+----------------------------------+
| Field               | Value                            |
+---------------------+----------------------------------+
| domain_id           | default                          |
| enabled             | True                             |
| id                  | 9434902de7ac4bc0a9c7cda907be30b6 |
| name                | cinder                           |
| options             | {}                               |
| password_expires_at | None                             |
+---------------------+----------------------------------+
Linking cinder user, service tenant and admin role.
Registering cinder with keystone so that other services can locate it.
+-------------+----------------------------------+
| Field       | Value                            |
+-------------+----------------------------------+
| description | OpenStack Block Storage          |
| enabled     | True                             |
| id          | 4ee72ff97c6c4a9dae51a6c4e13b5b22 |
| name        | cinderv2                         |
| type        | volumev2                         |
+-------------+----------------------------------+
+-------------+----------------------------------+
| Field       | Value                            |
+-------------+----------------------------------+
| description | OpenStack Block Storage          |
| enabled     | True                             |
| id          | bd605ef56a3d426cbecb8cf22edaa760 |
| name        | cinderv3                         |
| type        | volumev3                         |
+-------------+----------------------------------+
+--------------+------------------------------------------+
| Field        | Value                                    |
+--------------+------------------------------------------+
| enabled      | True                                     |
| id           | 320c0ea1988e4f0e9522d79c095a3b41         |
| interface    | public                                   |
| region       | RegionOne                                |
| region_id    | RegionOne                                |
| service_id   | 4ee72ff97c6c4a9dae51a6c4e13b5b22         |
| service_name | cinderv2                                 |
| service_type | volumev2                                 |
| url          | http://controller:8776/v2/%(project_id)s |
+--------------+------------------------------------------+
+--------------+------------------------------------------+
| Field        | Value                                    |
+--------------+------------------------------------------+
| enabled      | True                                     |
| id           | 44a7b1cfd2bb462d942ce5a6298ea547         |
| interface    | internal                                 |
| region       | RegionOne                                |
| region_id    | RegionOne                                |
| service_id   | 4ee72ff97c6c4a9dae51a6c4e13b5b22         |
| service_name | cinderv2                                 |
| service_type | volumev2                                 |
| url          | http://controller:8776/v2/%(project_id)s |
+--------------+------------------------------------------+
+--------------+------------------------------------------+
| Field        | Value                                    |
+--------------+------------------------------------------+
| enabled      | True                                     |
| id           | aae414ec7cdb42e49db9bbb6bb8cff30         |
| interface    | admin                                    |
| region       | RegionOne                                |
| region_id    | RegionOne                                |
| service_id   | 4ee72ff97c6c4a9dae51a6c4e13b5b22         |
| service_name | cinderv2                                 |
| service_type | volumev2                                 |
| url          | http://controller:8776/v2/%(project_id)s |
+--------------+------------------------------------------+
+--------------+------------------------------------------+
| Field        | Value                                    |
+--------------+------------------------------------------+
| enabled      | True                                     |
| id           | 43ef9210198243339055ddf5f970d8bb         |
| interface    | public                                   |
| region       | RegionOne                                |
| region_id    | RegionOne                                |
| service_id   | bd605ef56a3d426cbecb8cf22edaa760         |
| service_name | cinderv3                                 |
| service_type | volumev3                                 |
| url          | http://controller:8776/v3/%(project_id)s |
+--------------+------------------------------------------+
+--------------+------------------------------------------+
| Field        | Value                                    |
+--------------+------------------------------------------+
| enabled      | True                                     |
| id           | 16e11e037cea452083a400727c3bd6f6         |
| interface    | internal                                 |
| region       | RegionOne                                |
| region_id    | RegionOne                                |
| service_id   | bd605ef56a3d426cbecb8cf22edaa760         |
| service_name | cinderv3                                 |
| service_type | volumev3                                 |
| url          | http://controller:8776/v3/%(project_id)s |
+--------------+------------------------------------------+
+--------------+------------------------------------------+
| Field        | Value                                    |
+--------------+------------------------------------------+
| enabled      | True                                     |
| id           | 21d9e21beed144abadace842f7d79b8a         |
| interface    | admin                                    |
| region       | RegionOne                                |
| region_id    | RegionOne                                |
| service_id   | bd605ef56a3d426cbecb8cf22edaa760         |
| service_name | cinderv3                                 |
| service_type | volumev3                                 |
| url          | http://controller:8776/v3/%(project_id)s |
+--------------+------------------------------------------+
Installing cinder.
Last metadata expiration check: 0:15:42 ago on Tue 08 Mar 2022 10:18:56 AM EST.
Package qemu-img-15:6.2.0-5.module_el8.6.0+1087+b42c8331.x86_64 is already installed.
Dependencies resolved.
=================================================================================================
 Package                     Arch    Version                             Repository          Size
=================================================================================================
Installing:
 openstack-cinder            noarch  1:18.1.0-1.el8                      openstack-wallaby   62 k
Installing dependencies:
 libcgroup                   x86_64  0.41-19.el8                         baseos              70 k
 libcgroup-tools             x86_64  0.41-19.el8                         baseos              93 k
 python3-boto3               noarch  1.6.1-2.el8                         openstack-wallaby  137 k
 python3-botocore            noarch  1.17.52-1.el8                       openstack-wallaby  4.4 M
 python3-cinder              noarch  1:18.1.0-1.el8                      openstack-wallaby  7.4 k
 python3-cinder-common       noarch  1:18.1.0-1.el8                      openstack-wallaby  4.1 M
 python3-docutils            noarch  0.14-12.module_el8.5.0+761+faacb0fb appstream          1.6 M
 python3-google-api-client   noarch  1:1.6.7-10.el8                      openstack-wallaby   97 k
 python3-kmod                x86_64  0.9-20.el8                          baseos              90 k
 python3-rtslib              noarch  2.1.74-1.el8                        baseos             102 k
 python3-s3transfer          noarch  0.3.3-3.el8                         openstack-wallaby  108 k
 python3-tabulate            noarch  0.8.7-4.el8                         openstack-wallaby   50 k
 python3-uritemplate         noarch  3.0.0-10.el8                        openstack-wallaby   23 k
 python3-zstd                x86_64  1.4.5.1-1.el8                       openstack-wallaby   18 k

Transaction Summary
=================================================================================================
Install  15 Packages

Total download size: 11 M
Installed size: 74 M
Downloading Packages:
(1/15): libcgroup-0.41-19.el8.x86_64.rpm        358 kB/s |  70 kB     00:00    
(2/15): libcgroup-tools-0.41-19.el8.x86_64.rpm  246 kB/s |  93 kB     00:00    
(3/15): python3-kmod-0.9-20.el8.x86_64.rpm      456 kB/s |  90 kB     00:00    
(4/15): python3-docutils-0.14-12.module_el8.5.0 3.6 MB/s | 1.6 MB     00:00    
(5/15): python3-rtslib-2.1.74-1.el8.noarch.rpm  1.1 MB/s | 102 kB     00:00    
(6/15): openstack-cinder-18.1.0-1.el8.noarch.rp 118 kB/s |  62 kB     00:00    
(7/15): python3-boto3-1.6.1-2.el8.noarch.rpm    276 kB/s | 137 kB     00:00    
(8/15): python3-cinder-18.1.0-1.el8.noarch.rpm   90 kB/s | 7.4 kB     00:00    
(9/15): python3-botocore-1.17.52-1.el8.noarch.r 6.1 MB/s | 4.4 MB     00:00    
(10/15): python3-google-api-client-1.6.7-10.el8 537 kB/s |  97 kB     00:00    
(11/15): python3-cinder-common-18.1.0-1.el8.noa  14 MB/s | 4.1 MB     00:00    
(12/15): python3-s3transfer-0.3.3-3.el8.noarch. 1.7 MB/s | 108 kB     00:00    
(13/15): python3-tabulate-0.8.7-4.el8.noarch.rp 678 kB/s |  50 kB     00:00    
(14/15): python3-uritemplate-3.0.0-10.el8.noarc 707 kB/s |  23 kB     00:00    
(15/15): python3-zstd-1.4.5.1-1.el8.x86_64.rpm  369 kB/s |  18 kB     00:00    
--------------------------------------------------------------------------------
Total                                           2.9 MB/s |  11 MB     00:03     
Running transaction check
Transaction check succeeded.
Running transaction test
Transaction test succeeded.
Running transaction
  Preparing        :                                                        1/1 
  Installing       : python3-zstd-1.4.5.1-1.el8.x86_64                     1/15 
  Installing       : python3-uritemplate-3.0.0-10.el8.noarch               2/15 
  Installing       : python3-google-api-client-1:1.6.7-10.el8.noarch       3/15 
  Installing       : python3-tabulate-0.8.7-4.el8.noarch                   4/15 
  Installing       : python3-kmod-0.9-20.el8.x86_64                        5/15 
  Installing       : python3-rtslib-2.1.74-1.el8.noarch                    6/15 
  Running scriptlet: libcgroup-0.41-19.el8.x86_64                          7/15 
  Installing       : libcgroup-0.41-19.el8.x86_64                          7/15 
  Running scriptlet: libcgroup-0.41-19.el8.x86_64                          7/15 
  Installing       : libcgroup-tools-0.41-19.el8.x86_64                    8/15 
  Running scriptlet: libcgroup-tools-0.41-19.el8.x86_64                    8/15 
  Installing       : python3-docutils-0.14-12.module_el8.5.0+761+faacb0    9/15 
  Installing       : python3-botocore-1.17.52-1.el8.noarch                10/15 
  Installing       : python3-s3transfer-0.3.3-3.el8.noarch                11/15 
  Installing       : python3-boto3-1.6.1-2.el8.noarch                     12/15 
  Installing       : python3-cinder-common-1:18.1.0-1.el8.noarch          13/15 
  Installing       : python3-cinder-1:18.1.0-1.el8.noarch                 14/15 
  Running scriptlet: openstack-cinder-1:18.1.0-1.el8.noarch               15/15 
  Installing       : openstack-cinder-1:18.1.0-1.el8.noarch               15/15 
  Running scriptlet: openstack-cinder-1:18.1.0-1.el8.noarch               15/15 
  Verifying        : python3-docutils-0.14-12.module_el8.5.0+761+faacb0    1/15 
  Verifying        : libcgroup-0.41-19.el8.x86_64                          2/15 
  Verifying        : libcgroup-tools-0.41-19.el8.x86_64                    3/15 
  Verifying        : python3-kmod-0.9-20.el8.x86_64                        4/15 
  Verifying        : python3-rtslib-2.1.74-1.el8.noarch                    5/15 
  Verifying        : openstack-cinder-1:18.1.0-1.el8.noarch                6/15 
  Verifying        : python3-boto3-1.6.1-2.el8.noarch                      7/15 
  Verifying        : python3-botocore-1.17.52-1.el8.noarch                 8/15 
  Verifying        : python3-cinder-1:18.1.0-1.el8.noarch                  9/15 
  Verifying        : python3-cinder-common-1:18.1.0-1.el8.noarch          10/15 
  Verifying        : python3-google-api-client-1:1.6.7-10.el8.noarch      11/15 
  Verifying        : python3-s3transfer-0.3.3-3.el8.noarch                12/15 
  Verifying        : python3-tabulate-0.8.7-4.el8.noarch                  13/15 
  Verifying        : python3-uritemplate-3.0.0-10.el8.noarch              14/15 
  Verifying        : python3-zstd-1.4.5.1-1.el8.x86_64                    15/15 

Installed:
  libcgroup-0.41-19.el8.x86_64                                                  
  libcgroup-tools-0.41-19.el8.x86_64                                            
  openstack-cinder-1:18.1.0-1.el8.noarch                                        
  python3-boto3-1.6.1-2.el8.noarch                                              
  python3-botocore-1.17.52-1.el8.noarch                                         
  python3-cinder-1:18.1.0-1.el8.noarch                                          
  python3-cinder-common-1:18.1.0-1.el8.noarch                                   
  python3-docutils-0.14-12.module_el8.5.0+761+faacb0fb.noarch                   
  python3-google-api-client-1:1.6.7-10.el8.noarch                               
  python3-kmod-0.9-20.el8.x86_64                                                
  python3-rtslib-2.1.74-1.el8.noarch                                            
  python3-s3transfer-0.3.3-3.el8.noarch                                         
  python3-tabulate-0.8.7-4.el8.noarch                                           
  python3-uritemplate-3.0.0-10.el8.noarch                                       
  python3-zstd-1.4.5.1-1.el8.x86_64                                             

Complete!
Configuring cinder-api.conf.
Setting database connection: mysql+pymysql://cinder:cinderDBPass@controller/cinder.
'/etc/cinder/cinder.conf' -> '/tmp/135_etc_cinder_cinder.conf.iniset'
iniset /tmp/135_etc_cinder_cinder.conf.iniset database connection mysql+pymysql://cinder:cinderDBPass@controller/cinder
Configuring RabbitMQ message queue access.
'/etc/cinder/cinder.conf' -> '/tmp/136_etc_cinder_cinder.conf.iniset'
iniset /tmp/136_etc_cinder_cinder.conf.iniset DEFAULT transport_url rabbit://openstack:rabbitPass@controller
'/etc/cinder/cinder.conf' -> '/tmp/137_etc_cinder_cinder.conf.iniset'
iniset /tmp/137_etc_cinder_cinder.conf.iniset DEFAULT auth_strategy keystone
'/etc/cinder/cinder.conf' -> '/tmp/138_etc_cinder_cinder.conf.iniset'
iniset /tmp/138_etc_cinder_cinder.conf.iniset keystone_authtoken www_authenticate_uri http://controller:5000
'/etc/cinder/cinder.conf' -> '/tmp/139_etc_cinder_cinder.conf.iniset'
iniset /tmp/139_etc_cinder_cinder.conf.iniset keystone_authtoken auth_url http://controller:5000
'/etc/cinder/cinder.conf' -> '/tmp/140_etc_cinder_cinder.conf.iniset'
iniset /tmp/140_etc_cinder_cinder.conf.iniset keystone_authtoken memcached_servers controller:11211
'/etc/cinder/cinder.conf' -> '/tmp/141_etc_cinder_cinder.conf.iniset'
iniset /tmp/141_etc_cinder_cinder.conf.iniset keystone_authtoken auth_type password
'/etc/cinder/cinder.conf' -> '/tmp/142_etc_cinder_cinder.conf.iniset'
iniset /tmp/142_etc_cinder_cinder.conf.iniset keystone_authtoken project_domain_id default
'/etc/cinder/cinder.conf' -> '/tmp/143_etc_cinder_cinder.conf.iniset'
iniset /tmp/143_etc_cinder_cinder.conf.iniset keystone_authtoken user_domain_id default
'/etc/cinder/cinder.conf' -> '/tmp/144_etc_cinder_cinder.conf.iniset'
iniset /tmp/144_etc_cinder_cinder.conf.iniset keystone_authtoken project_name service
'/etc/cinder/cinder.conf' -> '/tmp/145_etc_cinder_cinder.conf.iniset'
iniset /tmp/145_etc_cinder_cinder.conf.iniset keystone_authtoken username cinder
'/etc/cinder/cinder.conf' -> '/tmp/146_etc_cinder_cinder.conf.iniset'
iniset /tmp/146_etc_cinder_cinder.conf.iniset keystone_authtoken password cinderPass
'/etc/cinder/cinder.conf' -> '/tmp/147_etc_cinder_cinder.conf.iniset'
iniset /tmp/147_etc_cinder_cinder.conf.iniset DEFAULT my_ip 10.0.0.11
'/etc/cinder/cinder.conf' -> '/tmp/148_etc_cinder_cinder.conf.iniset'
iniset /tmp/148_etc_cinder_cinder.conf.iniset oslo_concurrency lock_path /var/lib/cinder/tmp
Populating the Block Storage database.
Configuring Compute to use Block Storage.
'/etc/nova/nova.conf' -> '/tmp/149_etc_nova_nova.conf.iniset'
iniset /tmp/149_etc_nova_nova.conf.iniset cinder os_region_name RegionOne
Restarting the Block Storage services.
Restarting and enabling openstack-cinder-scheduler.
Created symlink /etc/systemd/system/multi-user.target.wants/openstack-cinder-scheduler.service → /usr/lib/systemd/system/openstack-cinder-scheduler.service.
Restarting and enabling openstack-cinder-api.
Created symlink /etc/systemd/system/multi-user.target.wants/openstack-cinder-api.service → /usr/lib/systemd/system/openstack-cinder-api.service.
Restarting and enabling openstack-nova-api.
Restarting and enabling openstack-nova-scheduler.
Restarting and enabling openstack-nova-conductor.
Restarting and enabling openstack-nova-novncproxy.
Restarting and enabling httpd.
Restarting httpd and Nova services.
Restarting openstack-nova-api.
Restarting openstack-nova-scheduler.
Restarting openstack-nova-conductor.
Restarting openstack-nova-novncproxy.
Restarting httpd.
Warning: ALREADY_ENABLED: 9696:tcp
success
success
Waiting for cinder to start.
