Waiting for keystone to come up.
Setting up database for heat.
Waiting for database server to come up.
mysql cmd: CREATE DATABASE heat.
mysql cmd: GRANT ALL ON heat.* TO 'heat'@'%' IDENTIFIED BY 'heatDBPass';.
mysql cmd: GRANT ALL ON heat.* TO 'heat'@'localhost' IDENTIFIED BY 'heatDBPass';.
Sourcing the admin credentials.
Waiting for keystone to come up.
Creating heat user and giving it admin role under service tenant.
+---------------------+----------------------------------+
| Field               | Value                            |
+---------------------+----------------------------------+
| domain_id           | default                          |
| enabled             | True                             |
| id                  | 59d4fc088f1347b5899534ace3fd4c4a |
| name                | heat                             |
| options             | {}                               |
| password_expires_at | None                             |
+---------------------+----------------------------------+
Creating the heat and heat-cfn service entities.
+-------------+----------------------------------+
| Field       | Value                            |
+-------------+----------------------------------+
| description | Orchestration                    |
| enabled     | True                             |
| id          | 81800e8982c5459b8dafed12134f8d90 |
| name        | heat                             |
| type        | orchestration                    |
+-------------+----------------------------------+
+-------------+----------------------------------+
| Field       | Value                            |
+-------------+----------------------------------+
| description | Orchestration                    |
| enabled     | True                             |
| id          | 5abdb465f6654f86b375e34116ae4cb7 |
| name        | heat-cfn                         |
| type        | cloudformation                   |
+-------------+----------------------------------+
Creating heat and heat-cfn endpoints.
+--------------+-----------------------------------------+
| Field        | Value                                   |
+--------------+-----------------------------------------+
| enabled      | True                                    |
| id           | 845e860d4b2b43fabf6045669410e497        |
| interface    | public                                  |
| region       | RegionOne                               |
| region_id    | RegionOne                               |
| service_id   | 81800e8982c5459b8dafed12134f8d90        |
| service_name | heat                                    |
| service_type | orchestration                           |
| url          | http://controller:8004/v1/%(tenant_id)s |
+--------------+-----------------------------------------+
+--------------+-----------------------------------------+
| Field        | Value                                   |
+--------------+-----------------------------------------+
| enabled      | True                                    |
| id           | 1e49c974848b4157b4a254a926cd0249        |
| interface    | internal                                |
| region       | RegionOne                               |
| region_id    | RegionOne                               |
| service_id   | 81800e8982c5459b8dafed12134f8d90        |
| service_name | heat                                    |
| service_type | orchestration                           |
| url          | http://controller:8004/v1/%(tenant_id)s |
+--------------+-----------------------------------------+
+--------------+-----------------------------------------+
| Field        | Value                                   |
+--------------+-----------------------------------------+
| enabled      | True                                    |
| id           | e6b3ca21d12249c9919068bf1625f1c5        |
| interface    | admin                                   |
| region       | RegionOne                               |
| region_id    | RegionOne                               |
| service_id   | 81800e8982c5459b8dafed12134f8d90        |
| service_name | heat                                    |
| service_type | orchestration                           |
| url          | http://controller:8004/v1/%(tenant_id)s |
+--------------+-----------------------------------------+
+--------------+----------------------------------+
| Field        | Value                            |
+--------------+----------------------------------+
| enabled      | True                             |
| id           | 57038aa0f44648e8accdf84b7387969d |
| interface    | public                           |
| region       | RegionOne                        |
| region_id    | RegionOne                        |
| service_id   | 5abdb465f6654f86b375e34116ae4cb7 |
| service_name | heat-cfn                         |
| service_type | cloudformation                   |
| url          | http://controller:8000/v1        |
+--------------+----------------------------------+
+--------------+----------------------------------+
| Field        | Value                            |
+--------------+----------------------------------+
| enabled      | True                             |
| id           | c07c9c9ed9eb40d3ad07d1f90f2e1f6c |
| interface    | internal                         |
| region       | RegionOne                        |
| region_id    | RegionOne                        |
| service_id   | 5abdb465f6654f86b375e34116ae4cb7 |
| service_name | heat-cfn                         |
| service_type | cloudformation                   |
| url          | http://controller:8000/v1        |
+--------------+----------------------------------+
+--------------+----------------------------------+
| Field        | Value                            |
+--------------+----------------------------------+
| enabled      | True                             |
| id           | 16006d6a0cb64338b3df6de44eb39a6a |
| interface    | admin                            |
| region       | RegionOne                        |
| region_id    | RegionOne                        |
| service_id   | 5abdb465f6654f86b375e34116ae4cb7 |
| service_name | heat-cfn                         |
| service_type | cloudformation                   |
| url          | http://controller:8000/v1        |
+--------------+----------------------------------+
Creating heat domain.
+-------------+----------------------------------+
| Field       | Value                            |
+-------------+----------------------------------+
| description | Stack projects and users         |
| enabled     | True                             |
| id          | ddfd4c5f567d4e1a9c7cc39dd4a02f91 |
| name        | heat                             |
| options     | {}                               |
| tags        | []                               |
+-------------+----------------------------------+
Creating heat_domain_admin user.
+---------------------+----------------------------------+
| Field               | Value                            |
+---------------------+----------------------------------+
| domain_id           | ddfd4c5f567d4e1a9c7cc39dd4a02f91 |
| enabled             | True                             |
| id                  | 2ae1d79f30c7469e981a514466e98392 |
| name                | heat_domain_admin                |
| options             | {}                               |
| password_expires_at | None                             |
+---------------------+----------------------------------+
Creating the heat_stack_owner role.
+-------------+----------------------------------+
| Field       | Value                            |
+-------------+----------------------------------+
| description | None                             |
| domain_id   | None                             |
| id          | fe6aba34461c41fc966fe14bd7653d7b |
| name        | heat_stack_owner                 |
| options     | {}                               |
+-------------+----------------------------------+
Creating the heat_stack_user role.
+-------------+----------------------------------+
| Field       | Value                            |
+-------------+----------------------------------+
| description | None                             |
| domain_id   | None                             |
| id          | e6bf14b30e704812a5400c1de950a389 |
| name        | heat_stack_user                  |
| options     | {}                               |
+-------------+----------------------------------+
Installing heat.
Last metadata expiration check: 0:26:23 ago on Tue 08 Mar 2022 10:18:56 AM EST.
Package python3-pip-9.0.3-22.el8.noarch is already installed.
Dependencies resolved.
================================================================================
 Package                  Arch     Version            Repository           Size
================================================================================
Installing:
 openstack-heat-api       noarch   1:16.0.0-1.el8     openstack-wallaby    21 k
 openstack-heat-api-cfn   noarch   1:16.0.0-1.el8     openstack-wallaby    21 k
 openstack-heat-common    noarch   1:16.0.0-1.el8     openstack-wallaby   1.8 M
 openstack-heat-engine    noarch   1:16.0.0-1.el8     openstack-wallaby    20 k
Installing dependencies:
 libburn                  x86_64   1.4.8-3.el8        appstream           173 k
 libisoburn               x86_64   1.4.8-4.el8        appstream           410 k
 libisofs                 x86_64   1.4.8-3.el8        appstream           221 k
 python3-aodhclient       noarch   2.2.0-1.el8        openstack-wallaby    55 k
 python3-croniter         noarch   0.3.35-1.el8       openstack-wallaby    50 k
 python3-ironicclient     noarch   4.6.3-1.el8        openstack-wallaby   357 k
 python3-magnumclient     noarch   3.4.1-1.el8        openstack-wallaby   122 k
 python3-manilaclient     noarch   2.6.2-1.el8        openstack-wallaby   556 k
 python3-mistralclient    noarch   4.2.0-1.el8        openstack-wallaby   170 k
 python3-monascaclient    noarch   2.3.0-1.el8        openstack-wallaby    55 k
 python3-natsort          noarch   7.1.0-1.el8        openstack-wallaby    60 k
 python3-octaviaclient    noarch   2.3.1-1.el8        openstack-wallaby    92 k
 python3-saharaclient     noarch   3.3.0-1.el8        openstack-wallaby   195 k
 python3-troveclient      noarch   7.0.0-1.el8        openstack-wallaby   360 k
 python3-yaql             noarch   1.1.3-10.el8       openstack-wallaby   190 k
 python3-zaqarclient      noarch   2.1.0-1.el8        openstack-wallaby   130 k
 xorriso                  x86_64   1.4.8-4.el8        appstream           281 k

Transaction Summary
================================================================================
Install  21 Packages

Total download size: 5.3 M
Installed size: 22 M
Downloading Packages:
(1/21): libburn-1.4.8-3.el8.x86_64.rpm          414 kB/s | 173 kB     00:00    
(2/21): libisoburn-1.4.8-4.el8.x86_64.rpm       898 kB/s | 410 kB     00:00    
(3/21): libisofs-1.4.8-3.el8.x86_64.rpm         476 kB/s | 221 kB     00:00    
(4/21): xorriso-1.4.8-4.el8.x86_64.rpm          2.2 MB/s | 281 kB     00:00    
(5/21): openstack-heat-api-cfn-16.0.0-1.el8.noa  84 kB/s |  21 kB     00:00    
(6/21): openstack-heat-api-16.0.0-1.el8.noarch.  81 kB/s |  21 kB     00:00    
(7/21): openstack-heat-engine-16.0.0-1.el8.noar 384 kB/s |  20 kB     00:00    
(8/21): python3-aodhclient-2.2.0-1.el8.noarch.r 808 kB/s |  55 kB     00:00    
(9/21): python3-croniter-0.3.35-1.el8.noarch.rp 304 kB/s |  50 kB     00:00    
(10/21): python3-ironicclient-4.6.3-1.el8.noarc 2.1 MB/s | 357 kB     00:00    
(11/21): openstack-heat-common-16.0.0-1.el8.noa 3.8 MB/s | 1.8 MB     00:00    
(12/21): python3-magnumclient-3.4.1-1.el8.noarc 1.4 MB/s | 122 kB     00:00    
(13/21): python3-manilaclient-2.6.2-1.el8.noarc 7.5 MB/s | 556 kB     00:00    
(14/21): python3-mistralclient-4.2.0-1.el8.noar 2.6 MB/s | 170 kB     00:00    
(15/21): python3-monascaclient-2.3.0-1.el8.noar 1.0 MB/s |  55 kB     00:00    
(16/21): python3-natsort-7.1.0-1.el8.noarch.rpm 1.3 MB/s |  60 kB     00:00    
(17/21): python3-octaviaclient-2.3.1-1.el8.noar 2.4 MB/s |  92 kB     00:00    
(18/21): python3-saharaclient-3.3.0-1.el8.noarc 3.8 MB/s | 195 kB     00:00    
(19/21): python3-troveclient-7.0.0-1.el8.noarch 4.3 MB/s | 360 kB     00:00    
(20/21): python3-yaql-1.1.3-10.el8.noarch.rpm   3.0 MB/s | 190 kB     00:00    
(21/21): python3-zaqarclient-2.1.0-1.el8.noarch 2.4 MB/s | 130 kB     00:00    
--------------------------------------------------------------------------------
Total                                           1.8 MB/s | 5.3 MB     00:02     
Running transaction check
Transaction check succeeded.
Running transaction test
Transaction test succeeded.
Running transaction
  Preparing        :                                                        1/1 
  Installing       : python3-mistralclient-4.2.0-1.el8.noarch              1/21 
  Installing       : libisofs-1.4.8-3.el8.x86_64                           2/21 
  Running scriptlet: libisofs-1.4.8-3.el8.x86_64                           2/21 
  Installing       : libburn-1.4.8-3.el8.x86_64                            3/21 
  Running scriptlet: libburn-1.4.8-3.el8.x86_64                            3/21 
  Installing       : libisoburn-1.4.8-4.el8.x86_64                         4/21 
  Running scriptlet: libisoburn-1.4.8-4.el8.x86_64                         4/21 
  Installing       : xorriso-1.4.8-4.el8.x86_64                            5/21 
  Running scriptlet: xorriso-1.4.8-4.el8.x86_64                            5/21 
  Installing       : python3-ironicclient-4.6.3-1.el8.noarch               6/21 
  Installing       : python3-troveclient-7.0.0-1.el8.noarch                7/21 
  Installing       : python3-zaqarclient-2.1.0-1.el8.noarch                8/21 
  Installing       : python3-yaql-1.1.3-10.el8.noarch                      9/21 
  Installing       : python3-saharaclient-3.3.0-1.el8.noarch              10/21 
  Installing       : python3-octaviaclient-2.3.1-1.el8.noarch             11/21 
  Installing       : python3-natsort-7.1.0-1.el8.noarch                   12/21 
  Installing       : python3-croniter-0.3.35-1.el8.noarch                 13/21 
  Installing       : python3-monascaclient-2.3.0-1.el8.noarch             14/21 
  Installing       : python3-manilaclient-2.6.2-1.el8.noarch              15/21 
  Installing       : python3-magnumclient-3.4.1-1.el8.noarch              16/21 
  Installing       : python3-aodhclient-2.2.0-1.el8.noarch                17/21 
  Running scriptlet: openstack-heat-common-1:16.0.0-1.el8.noarch          18/21 
  Installing       : openstack-heat-common-1:16.0.0-1.el8.noarch          18/21 
  Installing       : openstack-heat-api-1:16.0.0-1.el8.noarch             19/21 
  Running scriptlet: openstack-heat-api-1:16.0.0-1.el8.noarch             19/21 
  Installing       : openstack-heat-api-cfn-1:16.0.0-1.el8.noarch         20/21 
  Running scriptlet: openstack-heat-api-cfn-1:16.0.0-1.el8.noarch         20/21 
  Installing       : openstack-heat-engine-1:16.0.0-1.el8.noarch          21/21 
  Running scriptlet: openstack-heat-engine-1:16.0.0-1.el8.noarch          21/21 
  Verifying        : libburn-1.4.8-3.el8.x86_64                            1/21 
  Verifying        : libisoburn-1.4.8-4.el8.x86_64                         2/21 
  Verifying        : libisofs-1.4.8-3.el8.x86_64                           3/21 
  Verifying        : xorriso-1.4.8-4.el8.x86_64                            4/21 
  Verifying        : openstack-heat-api-1:16.0.0-1.el8.noarch              5/21 
  Verifying        : openstack-heat-api-cfn-1:16.0.0-1.el8.noarch          6/21 
  Verifying        : openstack-heat-common-1:16.0.0-1.el8.noarch           7/21 
  Verifying        : openstack-heat-engine-1:16.0.0-1.el8.noarch           8/21 
  Verifying        : python3-aodhclient-2.2.0-1.el8.noarch                 9/21 
  Verifying        : python3-croniter-0.3.35-1.el8.noarch                 10/21 
  Verifying        : python3-ironicclient-4.6.3-1.el8.noarch              11/21 
  Verifying        : python3-magnumclient-3.4.1-1.el8.noarch              12/21 
  Verifying        : python3-manilaclient-2.6.2-1.el8.noarch              13/21 
  Verifying        : python3-mistralclient-4.2.0-1.el8.noarch             14/21 
  Verifying        : python3-monascaclient-2.3.0-1.el8.noarch             15/21 
  Verifying        : python3-natsort-7.1.0-1.el8.noarch                   16/21 
  Verifying        : python3-octaviaclient-2.3.1-1.el8.noarch             17/21 
  Verifying        : python3-saharaclient-3.3.0-1.el8.noarch              18/21 
  Verifying        : python3-troveclient-7.0.0-1.el8.noarch               19/21 
  Verifying        : python3-yaql-1.1.3-10.el8.noarch                     20/21 
  Verifying        : python3-zaqarclient-2.1.0-1.el8.noarch               21/21 

Installed:
  libburn-1.4.8-3.el8.x86_64                                                    
  libisoburn-1.4.8-4.el8.x86_64                                                 
  libisofs-1.4.8-3.el8.x86_64                                                   
  openstack-heat-api-1:16.0.0-1.el8.noarch                                      
  openstack-heat-api-cfn-1:16.0.0-1.el8.noarch                                  
  openstack-heat-common-1:16.0.0-1.el8.noarch                                   
  openstack-heat-engine-1:16.0.0-1.el8.noarch                                   
  python3-aodhclient-2.2.0-1.el8.noarch                                         
  python3-croniter-0.3.35-1.el8.noarch                                          
  python3-ironicclient-4.6.3-1.el8.noarch                                       
  python3-magnumclient-3.4.1-1.el8.noarch                                       
  python3-manilaclient-2.6.2-1.el8.noarch                                       
  python3-mistralclient-4.2.0-1.el8.noarch                                      
  python3-monascaclient-2.3.0-1.el8.noarch                                      
  python3-natsort-7.1.0-1.el8.noarch                                            
  python3-octaviaclient-2.3.1-1.el8.noarch                                      
  python3-saharaclient-3.3.0-1.el8.noarch                                       
  python3-troveclient-7.0.0-1.el8.noarch                                        
  python3-yaql-1.1.3-10.el8.noarch                                              
  python3-zaqarclient-2.1.0-1.el8.noarch                                        
  xorriso-1.4.8-4.el8.x86_64                                                    

Complete!
WARNING: Running pip install with root privileges is generally not a good idea. Try `pip3 install --user` instead.
Collecting heat-dashboard
  Downloading https://files.pythonhosted.org/packages/c5/01/a2f01de6e76b8a9b13df5045b88680d5b8d8cfa462f74a989ddde8a2ec21/heat_dashboard-6.0.0-py3-none-any.whl (1.3MB)
Requirement already satisfied: pbr!=2.1.0,>=2.0.0 in /usr/lib/python3.6/site-packages (from heat-dashboard)
Collecting xstatic-angular-uuid>=0.0.4.0 (from heat-dashboard)
  Downloading https://files.pythonhosted.org/packages/99/c1/3f65111630b7dc0279c6e70407eae0460c10c6adf748f5787ff39ee1f5d5/XStatic_Angular_UUID-0.0.4.0-py2.py3-none-any.whl
Requirement already satisfied: horizon>=18.3.1 in /usr/lib/python3.6/site-packages (from heat-dashboard)
Collecting xstatic-filesaver>=1.3.2.0 (from heat-dashboard)
  Downloading https://files.pythonhosted.org/packages/56/07/dfb6f97044c0aa3f6f53e1961573aa5b3a909eb42768300c26ad88745588/XStatic_FileSaver-1.3.2.0-py2.py3-none-any.whl
Requirement already satisfied: python-heatclient>=1.10.0 in /usr/lib/python3.6/site-packages (from heat-dashboard)
Collecting xstatic-js-yaml>=3.8.1.0 (from heat-dashboard)
  Downloading https://files.pythonhosted.org/packages/c6/f7/8de8a63819864c5aefc120d1a1e890d2a2f67ba016f4fb23f7fe02cb4376/XStatic_JS_Yaml-3.8.1.0-py2.py3-none-any.whl
Collecting xstatic-json2yaml>=0.1.1.0 (from heat-dashboard)
  Downloading https://files.pythonhosted.org/packages/e1/9f/794e16f9d36ab66a43dcd9ed14ef761157f9f4fbbf1093f3bc2d1a26360f/XStatic_Json2yaml-0.1.1.0-py2.py3-none-any.whl
Collecting xstatic-angular-vis>=4.16.0.0 (from heat-dashboard)
  Downloading https://files.pythonhosted.org/packages/a2/5f/14fa03d7680a1a9077e9ee6389fd195988c77d7cb385241642f2e3ebb456/XStatic_Angular_Vis-4.16.0.0-py2.py3-none-any.whl
Collecting Babel>=2.6.0 (from horizon>=18.3.1->heat-dashboard)
  Downloading https://files.pythonhosted.org/packages/aa/96/4ba93c5f40459dc850d25f9ba93f869a623e77aaecc7a9344e19c01942cf/Babel-2.9.1-py2.py3-none-any.whl (8.8MB)
Requirement already satisfied: debtcollector>=1.2.0 in /usr/lib/python3.6/site-packages (from horizon>=18.3.1->heat-dashboard)
Requirement already satisfied: Django<3.0,>=2.2 in /usr/lib/python3.6/site-packages (from horizon>=18.3.1->heat-dashboard)
Requirement already satisfied: django-compressor>=2.0 in /usr/lib/python3.6/site-packages (from horizon>=18.3.1->heat-dashboard)
Requirement already satisfied: django-debreach>=1.4.2 in /usr/lib/python3.6/site-packages (from horizon>=18.3.1->heat-dashboard)
Requirement already satisfied: django-pyscss>=2.0.2 in /usr/lib/python3.6/site-packages (from horizon>=18.3.1->heat-dashboard)
Requirement already satisfied: futurist>=1.2.0 in /usr/lib/python3.6/site-packages (from horizon>=18.3.1->heat-dashboard)
Requirement already satisfied: iso8601>=0.1.11 in /usr/lib/python3.6/site-packages (from horizon>=18.3.1->heat-dashboard)
Requirement already satisfied: keystoneauth1>=3.4.0 in /usr/lib/python3.6/site-packages (from horizon>=18.3.1->heat-dashboard)
Requirement already satisfied: netaddr>=0.7.18 in /usr/lib/python3.6/site-packages (from horizon>=18.3.1->heat-dashboard)
Requirement already satisfied: oslo.concurrency>=3.26.0 in /usr/lib/python3.6/site-packages (from horizon>=18.3.1->heat-dashboard)
Requirement already satisfied: oslo.config>=5.2.0 in /usr/lib/python3.6/site-packages (from horizon>=18.3.1->heat-dashboard)
Requirement already satisfied: oslo.i18n>=3.15.3 in /usr/lib/python3.6/site-packages (from horizon>=18.3.1->heat-dashboard)
Requirement already satisfied: oslo.policy>=3.2.0 in /usr/lib/python3.6/site-packages (from horizon>=18.3.1->heat-dashboard)
Requirement already satisfied: oslo.serialization!=2.19.1,>=2.18.0 in /usr/lib/python3.6/site-packages (from horizon>=18.3.1->heat-dashboard)
Requirement already satisfied: oslo.upgradecheck>=0.1.1 in /usr/lib/python3.6/site-packages (from horizon>=18.3.1->heat-dashboard)
Requirement already satisfied: oslo.utils>=3.40.0 in /usr/lib/python3.6/site-packages (from horizon>=18.3.1->heat-dashboard)
Requirement already satisfied: osprofiler>=2.3.0 in /usr/lib/python3.6/site-packages (from horizon>=18.3.1->heat-dashboard)
Requirement already satisfied: pymongo!=3.1,>=3.0.2 in /usr/lib64/python3.6/site-packages (from horizon>=18.3.1->heat-dashboard)
Requirement already satisfied: pyScss>=1.3.7 in /usr/lib64/python3.6/site-packages (from horizon>=18.3.1->heat-dashboard)
Requirement already satisfied: python-cinderclient>=5.0.0 in /usr/lib/python3.6/site-packages (from horizon>=18.3.1->heat-dashboard)
Requirement already satisfied: python-glanceclient>=2.8.0 in /usr/lib/python3.6/site-packages (from horizon>=18.3.1->heat-dashboard)
Requirement already satisfied: python-keystoneclient>=3.22.0 in /usr/lib/python3.6/site-packages (from horizon>=18.3.1->heat-dashboard)
Requirement already satisfied: python-neutronclient>=6.7.0 in /usr/lib/python3.6/site-packages (from horizon>=18.3.1->heat-dashboard)
Requirement already satisfied: python-novaclient>=9.1.0 in /usr/lib/python3.6/site-packages (from horizon>=18.3.1->heat-dashboard)
Requirement already satisfied: python-swiftclient>=3.2.0 in /usr/lib/python3.6/site-packages (from horizon>=18.3.1->heat-dashboard)
Requirement already satisfied: pytz>=2013.6 in /usr/lib/python3.6/site-packages (from horizon>=18.3.1->heat-dashboard)
Requirement already satisfied: PyYAML>=3.12 in /usr/lib64/python3.6/site-packages (from horizon>=18.3.1->heat-dashboard)
Requirement already satisfied: requests>=2.14.2 in /usr/lib/python3.6/site-packages (from horizon>=18.3.1->heat-dashboard)
Requirement already satisfied: semantic-version>=2.3.1 in /usr/lib/python3.6/site-packages (from horizon>=18.3.1->heat-dashboard)
Requirement already satisfied: XStatic>=1.0.0 in /usr/lib/python3.6/site-packages (from horizon>=18.3.1->heat-dashboard)
Requirement already satisfied: XStatic-Angular>=1.5.8.0 in /usr/lib/python3.6/site-packages (from horizon>=18.3.1->heat-dashboard)
Requirement already satisfied: XStatic-Angular-Bootstrap>=2.2.0.0 in /usr/lib/python3.6/site-packages (from horizon>=18.3.1->heat-dashboard)
Requirement already satisfied: XStatic-Angular-FileUpload>=12.0.4.0 in /usr/lib/python3.6/site-packages (from horizon>=18.3.1->heat-dashboard)
Requirement already satisfied: XStatic-Angular-Gettext>=2.3.8.0 in /usr/lib/python3.6/site-packages (from horizon>=18.3.1->heat-dashboard)
Requirement already satisfied: XStatic-Angular-lrdragndrop>=1.0.2.2 in /usr/lib/python3.6/site-packages (from horizon>=18.3.1->heat-dashboard)
Requirement already satisfied: XStatic-Angular-Schema-Form>=0.8.13.0 in /usr/lib/python3.6/site-packages (from horizon>=18.3.1->heat-dashboard)
Requirement already satisfied: XStatic-Bootstrap-Datepicker>=1.3.1.0 in /usr/lib/python3.6/site-packages (from horizon>=18.3.1->heat-dashboard)
Requirement already satisfied: XStatic-Bootstrap-SCSS>=3.3.7.1 in /usr/lib/python3.6/site-packages (from horizon>=18.3.1->heat-dashboard)
Requirement already satisfied: XStatic-bootswatch>=3.3.7.0 in /usr/lib/python3.6/site-packages (from horizon>=18.3.1->heat-dashboard)
Requirement already satisfied: XStatic-D3>=3.5.17.0 in /usr/lib/python3.6/site-packages (from horizon>=18.3.1->heat-dashboard)
Requirement already satisfied: XStatic-Hogan>=2.0.0.2 in /usr/lib/python3.6/site-packages (from horizon>=18.3.1->heat-dashboard)
Requirement already satisfied: XStatic-Font-Awesome>=4.7.0.0 in /usr/lib/python3.6/site-packages (from horizon>=18.3.1->heat-dashboard)
Requirement already satisfied: XStatic-Jasmine>=2.4.1.1 in /usr/lib/python3.6/site-packages (from horizon>=18.3.1->heat-dashboard)
Collecting XStatic-jQuery<2,>=1.12.4.1 (from horizon>=18.3.1->heat-dashboard)
  Downloading https://files.pythonhosted.org/packages/67/f1/c18c14fc4aab386e4aba587c5d10c268de222c75bf5e271b6f68a2ea6e77/XStatic-jQuery-1.12.4.1.tar.gz (123kB)
Requirement already satisfied: XStatic-JQuery-Migrate>=1.2.1.1 in /usr/lib/python3.6/site-packages (from horizon>=18.3.1->heat-dashboard)
Requirement already satisfied: XStatic-JQuery.quicksearch>=2.0.3.1 in /usr/lib/python3.6/site-packages (from horizon>=18.3.1->heat-dashboard)
Requirement already satisfied: XStatic-JQuery.TableSorter>=2.14.5.1 in /usr/lib/python3.6/site-packages (from horizon>=18.3.1->heat-dashboard)
Collecting XStatic-jquery-ui>=1.12.1.1 (from horizon>=18.3.1->heat-dashboard)
  Downloading https://files.pythonhosted.org/packages/cb/e8/20e39283a6b44299c39f99ab3240662bddccf0ec8d8f8657eddeb0eed93d/XStatic-jquery-ui-1.13.0.1.tar.gz (1.4MB)
Requirement already satisfied: XStatic-JSEncrypt>=2.3.1.1 in /usr/lib/python3.6/site-packages (from horizon>=18.3.1->heat-dashboard)
Requirement already satisfied: XStatic-mdi>=1.6.50.2 in /usr/lib/python3.6/site-packages (from horizon>=18.3.1->heat-dashboard)
Requirement already satisfied: XStatic-objectpath>=1.2.1.0 in /usr/lib/python3.6/site-packages (from horizon>=18.3.1->heat-dashboard)
Requirement already satisfied: XStatic-Rickshaw>=1.5.0.0 in /usr/lib/python3.6/site-packages (from horizon>=18.3.1->heat-dashboard)
Requirement already satisfied: XStatic-roboto-fontface>=0.5.0.0 in /usr/lib/python3.6/site-packages (from horizon>=18.3.1->heat-dashboard)
Requirement already satisfied: XStatic-smart-table>=1.4.13.2 in /usr/lib/python3.6/site-packages (from horizon>=18.3.1->heat-dashboard)
Requirement already satisfied: XStatic-Spin>=1.2.5.2 in /usr/lib/python3.6/site-packages (from horizon>=18.3.1->heat-dashboard)
Requirement already satisfied: XStatic-term.js>=0.0.7.0 in /usr/lib/python3.6/site-packages (from horizon>=18.3.1->heat-dashboard)
Requirement already satisfied: XStatic-tv4>=1.2.7.0 in /usr/lib/python3.6/site-packages (from horizon>=18.3.1->heat-dashboard)
Collecting enmerkar>=0.7.1 (from horizon>=18.3.1->heat-dashboard)
  Downloading https://files.pythonhosted.org/packages/15/e4/89a23164cf125d336d932b1bccca185e0563ac972027e86ed87360a1f78e/enmerkar-0.7.1-py3-none-any.whl
Requirement already satisfied: sqlparse>=0.2.2 in /usr/lib/python3.6/site-packages (from Django<3.0,>=2.2->horizon>=18.3.1->heat-dashboard)
Requirement already satisfied: django-appconf>=1.0.3 in /usr/lib/python3.6/site-packages (from django-compressor>=2.0->horizon>=18.3.1->heat-dashboard)
Requirement already satisfied: rcssmin==1.0.6 in /usr/lib64/python3.6/site-packages (from django-compressor>=2.0->horizon>=18.3.1->heat-dashboard)
Requirement already satisfied: rjsmin==1.1.0 in /usr/lib64/python3.6/site-packages (from django-compressor>=2.0->horizon>=18.3.1->heat-dashboard)
Requirement already satisfied: six>=1.12.0 in /usr/lib/python3.6/site-packages (from django-compressor>=2.0->horizon>=18.3.1->heat-dashboard)
Requirement already satisfied: chardet<5,>=3.0.2 in /usr/lib/python3.6/site-packages (from requests>=2.14.2->horizon>=18.3.1->heat-dashboard)
Requirement already satisfied: idna<3,>=2.5 in /usr/lib/python3.6/site-packages (from requests>=2.14.2->horizon>=18.3.1->heat-dashboard)
Requirement already satisfied: urllib3<1.27,>=1.21.1 in /usr/lib/python3.6/site-packages (from requests>=2.14.2->horizon>=18.3.1->heat-dashboard)
Installing collected packages: xstatic-angular-uuid, xstatic-filesaver, xstatic-js-yaml, xstatic-json2yaml, xstatic-angular-vis, heat-dashboard, Babel, XStatic-jQuery, XStatic-jquery-ui, enmerkar
  Running setup.py install for XStatic-jQuery: started
    Running setup.py install for XStatic-jQuery: finished with status 'done'
  Running setup.py install for XStatic-jquery-ui: started
    Running setup.py install for XStatic-jquery-ui: finished with status 'done'
Successfully installed Babel-2.9.1 XStatic-jQuery-1.12.4.1 XStatic-jquery-ui-1.13.0.1 enmerkar-0.7.1 heat-dashboard-6.0.0 xstatic-angular-uuid-0.0.4.0 xstatic-angular-vis-4.16.0.0 xstatic-filesaver-1.3.2.0 xstatic-js-yaml-3.8.1.0 xstatic-json2yaml-0.1.1.0
Database connection: mysql+pymysql://heat:heatDBPass@controller/heat.
Configuring heat.conf.
'/etc/heat/heat.conf' -> '/tmp/150_etc_heat_heat.conf.iniset'
iniset /tmp/150_etc_heat_heat.conf.iniset database connection mysql+pymysql://heat:heatDBPass@controller/heat
Configuring keystone.
Configuring RabbitMQ message queue access.
'/etc/heat/heat.conf' -> '/tmp/151_etc_heat_heat.conf.iniset'
iniset /tmp/151_etc_heat_heat.conf.iniset DEFAULT transport_url rabbit://openstack:rabbitPass@controller
'/etc/heat/heat.conf' -> '/tmp/152_etc_heat_heat.conf.iniset'
iniset /tmp/152_etc_heat_heat.conf.iniset keystone_authtoken www_authenticate_uri http://controller:5000
'/etc/heat/heat.conf' -> '/tmp/153_etc_heat_heat.conf.iniset'
iniset /tmp/153_etc_heat_heat.conf.iniset keystone_authtoken auth_url http://controller:5000
'/etc/heat/heat.conf' -> '/tmp/154_etc_heat_heat.conf.iniset'
iniset /tmp/154_etc_heat_heat.conf.iniset keystone_authtoken memcached_servers controller:11211
'/etc/heat/heat.conf' -> '/tmp/155_etc_heat_heat.conf.iniset'
iniset /tmp/155_etc_heat_heat.conf.iniset keystone_authtoken auth_type password
'/etc/heat/heat.conf' -> '/tmp/156_etc_heat_heat.conf.iniset'
iniset /tmp/156_etc_heat_heat.conf.iniset keystone_authtoken project_domain_name default
'/etc/heat/heat.conf' -> '/tmp/157_etc_heat_heat.conf.iniset'
iniset /tmp/157_etc_heat_heat.conf.iniset keystone_authtoken user_domain_name default
'/etc/heat/heat.conf' -> '/tmp/158_etc_heat_heat.conf.iniset'
iniset /tmp/158_etc_heat_heat.conf.iniset keystone_authtoken project_name service
'/etc/heat/heat.conf' -> '/tmp/159_etc_heat_heat.conf.iniset'
iniset /tmp/159_etc_heat_heat.conf.iniset keystone_authtoken username heat
'/etc/heat/heat.conf' -> '/tmp/160_etc_heat_heat.conf.iniset'
iniset /tmp/160_etc_heat_heat.conf.iniset keystone_authtoken password heatPass
'/etc/heat/heat.conf' -> '/tmp/161_etc_heat_heat.conf.iniset'
iniset /tmp/161_etc_heat_heat.conf.iniset trustee auth_type password
'/etc/heat/heat.conf' -> '/tmp/162_etc_heat_heat.conf.iniset'
iniset /tmp/162_etc_heat_heat.conf.iniset trustee auth_url http://controller:5000
'/etc/heat/heat.conf' -> '/tmp/163_etc_heat_heat.conf.iniset'
iniset /tmp/163_etc_heat_heat.conf.iniset trustee username heat
'/etc/heat/heat.conf' -> '/tmp/164_etc_heat_heat.conf.iniset'
iniset /tmp/164_etc_heat_heat.conf.iniset trustee password heatPass
'/etc/heat/heat.conf' -> '/tmp/165_etc_heat_heat.conf.iniset'
iniset /tmp/165_etc_heat_heat.conf.iniset trustee user_domain_name default
'/etc/heat/heat.conf' -> '/tmp/166_etc_heat_heat.conf.iniset'
iniset /tmp/166_etc_heat_heat.conf.iniset clients_keystone auth_uri http://controller:5000
'/etc/heat/heat.conf' -> '/tmp/167_etc_heat_heat.conf.iniset'
iniset /tmp/167_etc_heat_heat.conf.iniset DEFAULT heat_metadata_server_url http://controller:8000
'/etc/heat/heat.conf' -> '/tmp/168_etc_heat_heat.conf.iniset'
iniset /tmp/168_etc_heat_heat.conf.iniset DEFAULT heat_waitcondition_server_url http://controller:8000/v1/waitcondition
'/etc/heat/heat.conf' -> '/tmp/169_etc_heat_heat.conf.iniset'
iniset /tmp/169_etc_heat_heat.conf.iniset DEFAULT stack_domain_admin heat_domain_admin
'/etc/heat/heat.conf' -> '/tmp/170_etc_heat_heat.conf.iniset'
iniset /tmp/170_etc_heat_heat.conf.iniset DEFAULT stack_domain_admin_password heatDomainPass
'/etc/heat/heat.conf' -> '/tmp/171_etc_heat_heat.conf.iniset'
iniset /tmp/171_etc_heat_heat.conf.iniset DEFAULT stack_user_domain_name heat
Creating the database tables for heat.
2022-03-08 10:45:54.368 22089 INFO migrate.versioning.api [-] 72 -> 73... [00m
2022-03-08 10:45:54.661 22089 INFO migrate.versioning.api [-] done[00m
2022-03-08 10:45:54.661 22089 INFO migrate.versioning.api [-] 73 -> 74... [00m
2022-03-08 10:45:54.664 22089 INFO migrate.versioning.api [-] done[00m
2022-03-08 10:45:54.665 22089 INFO migrate.versioning.api [-] 74 -> 75... [00m
2022-03-08 10:45:54.668 22089 INFO migrate.versioning.api [-] done[00m
2022-03-08 10:45:54.669 22089 INFO migrate.versioning.api [-] 75 -> 76... [00m
2022-03-08 10:45:54.672 22089 INFO migrate.versioning.api [-] done[00m
2022-03-08 10:45:54.672 22089 INFO migrate.versioning.api [-] 76 -> 77... [00m
2022-03-08 10:45:54.676 22089 INFO migrate.versioning.api [-] done[00m
2022-03-08 10:45:54.676 22089 INFO migrate.versioning.api [-] 77 -> 78... [00m
2022-03-08 10:45:54.681 22089 INFO migrate.versioning.api [-] done[00m
2022-03-08 10:45:54.681 22089 INFO migrate.versioning.api [-] 78 -> 79... [00m
2022-03-08 10:45:54.789 22089 INFO migrate.versioning.api [-] done[00m
2022-03-08 10:45:54.789 22089 INFO migrate.versioning.api [-] 79 -> 80... [00m
2022-03-08 10:45:54.845 22089 INFO migrate.versioning.api [-] done[00m
2022-03-08 10:45:54.846 22089 INFO migrate.versioning.api [-] 80 -> 81... [00m
2022-03-08 10:45:54.849 22089 INFO migrate.versioning.api [-] done[00m
2022-03-08 10:45:54.849 22089 INFO migrate.versioning.api [-] 81 -> 82... [00m
2022-03-08 10:45:54.853 22089 INFO migrate.versioning.api [-] done[00m
2022-03-08 10:45:54.854 22089 INFO migrate.versioning.api [-] 82 -> 83... [00m
2022-03-08 10:45:54.857 22089 INFO migrate.versioning.api [-] done[00m
2022-03-08 10:45:54.857 22089 INFO migrate.versioning.api [-] 83 -> 84... [00m
2022-03-08 10:45:54.861 22089 INFO migrate.versioning.api [-] done[00m
2022-03-08 10:45:54.861 22089 INFO migrate.versioning.api [-] 84 -> 85... [00m
2022-03-08 10:45:54.865 22089 INFO migrate.versioning.api [-] done[00m
2022-03-08 10:45:54.865 22089 INFO migrate.versioning.api [-] 85 -> 86... [00m
2022-03-08 10:45:54.913 22089 INFO migrate.versioning.api [-] done[00m
Restarting heat services.
Created symlink /etc/systemd/system/multi-user.target.wants/openstack-heat-api.service → /usr/lib/systemd/system/openstack-heat-api.service.
Created symlink /etc/systemd/system/multi-user.target.wants/openstack-heat-api-cfn.service → /usr/lib/systemd/system/openstack-heat-api-cfn.service.
Created symlink /etc/systemd/system/multi-user.target.wants/openstack-heat-engine.service → /usr/lib/systemd/system/openstack-heat-engine.service.
success
success
Waiting for openstack stack list.
Restarting heat servies took 39 seconds.
Listing service components.
+------------+-------------+--------------------------------------+------------+--------+----------------------------+--------+
| Hostname   | Binary      | Engine ID                            | Host       | Topic  | Updated At                 | Status |
+------------+-------------+--------------------------------------+------------+--------+----------------------------+--------+
| controller | heat-engine | 3c48e8b2-f65c-4ba7-a3c3-f79e69b0864c | controller | engine | 2022-03-08T15:46:09.000000 | up     |
| controller | heat-engine | 8344528f-3ea2-4142-b450-b1f719216565 | controller | engine | 2022-03-08T15:46:09.000000 | up     |
| controller | heat-engine | bd04dd22-4cb4-4685-8694-9b0c7fea1750 | controller | engine | 2022-03-08T15:46:09.000000 | up     |
| controller | heat-engine | 9b1b0d5d-a924-4d52-be50-1ec08235f48f | controller | engine | 2022-03-08T15:46:09.000000 | up     |
+------------+-------------+--------------------------------------+------------+--------+----------------------------+--------+
