Sourcing the admin credentials.
Waiting for neutron to come up.
Waiting for neutron agent neutron-l3-agent.
linuxbridge-agent and dhcp-agent must be up before we can add interfaces.
Waiting for neutron agent neutron-linuxbridge-agent.
Waiting for neutron agent neutron-dhcp-agent.
Creating the public network.
+---------------------------+--------------------------------------+
| Field                     | Value                                |
+---------------------------+--------------------------------------+
| admin_state_up            | UP                                   |
| availability_zone_hints   |                                      |
| availability_zones        |                                      |
| created_at                | 2022-03-10T13:17:32Z                 |
| description               |                                      |
| dns_domain                | None                                 |
| id                        | fa9ea2fb-f15c-49ed-a148-abf5a80539a1 |
| ipv4_address_scope        | None                                 |
| ipv6_address_scope        | None                                 |
| is_default                | False                                |
| is_vlan_transparent       | None                                 |
| mtu                       | 1500                                 |
| name                      | provider                             |
| port_security_enabled     | True                                 |
| project_id                | ef03429f307e473e86218b16663d7a2e     |
| provider:network_type     | flat                                 |
| provider:physical_network | provider                             |
| provider:segmentation_id  | None                                 |
| qos_policy_id             | None                                 |
| revision_number           | 1                                    |
| router:external           | External                             |
| segments                  | None                                 |
| shared                    | True                                 |
| status                    | ACTIVE                               |
| subnets                   |                                      |
| tags                      |                                      |
| updated_at                | 2022-03-10T13:17:32Z                 |
+---------------------------+--------------------------------------+
Creating a subnet on the public network.
+----------------------+--------------------------------------+
| Field                | Value                                |
+----------------------+--------------------------------------+
| allocation_pools     | 203.0.113.101-203.0.113.200          |
| cidr                 | 203.0.113.0/24                       |
| created_at           | 2022-03-10T13:17:36Z                 |
| description          |                                      |
| dns_nameservers      | 8.8.4.4                              |
| dns_publish_fixed_ip | None                                 |
| enable_dhcp          | True                                 |
| gateway_ip           | 203.0.113.1                          |
| host_routes          |                                      |
| id                   | 1c7d3157-f8d6-46f3-875f-07cab903b60b |
| ip_version           | 4                                    |
| ipv6_address_mode    | None                                 |
| ipv6_ra_mode         | None                                 |
| name                 | provider                             |
| network_id           | fa9ea2fb-f15c-49ed-a148-abf5a80539a1 |
| prefix_length        | None                                 |
| project_id           | ef03429f307e473e86218b16663d7a2e     |
| revision_number      | 0                                    |
| segment_id           | None                                 |
| service_types        |                                      |
| subnetpool_id        | None                                 |
| tags                 |                                      |
| updated_at           | 2022-03-10T13:17:36Z                 |
+----------------------+--------------------------------------+
Waiting for DHCP namespace.........
Waiting for bridge to show up.....
NAME            UUID                                  TYPE      DEVICE         
enp0s3          d0669bc9-a5b7-4bb5-bf6d-88c67a82dac5  ethernet  enp0s3         
enp0s8          8a33c434-fff7-4d04-ba75-4bdda0e3e453  ethernet  enp0s8         
brqfa9ea2fb-f1  2adafd92-fd10-4f09-a9e9-0df00464feec  bridge    brqfa9ea2fb-f1 
enp0s9          c4010e0f-5864-412c-a858-78f5b990685c  ethernet  enp0s9         
enp0s9          9d41be1c-6543-4415-9057-9a98278c2844  ethernet  --             
