Waiting for first DHCP namespace.
Waiting for first bridge to show up.
Waiting for neutron to come up.
Sourcing the demo credentials.
Creating the private network.
+---------------------------+--------------------------------------+
| Field                     | Value                                |
+---------------------------+--------------------------------------+
| admin_state_up            | UP                                   |
| availability_zone_hints   |                                      |
| availability_zones        |                                      |
| created_at                | 2022-03-10T13:19:55Z                 |
| description               |                                      |
| dns_domain                | None                                 |
| id                        | 16b6c4e6-881d-4e18-a45f-33251a413844 |
| ipv4_address_scope        | None                                 |
| ipv6_address_scope        | None                                 |
| is_default                | False                                |
| is_vlan_transparent       | None                                 |
| mtu                       | 1450                                 |
| name                      | selfservice                          |
| port_security_enabled     | True                                 |
| project_id                | 96fe9ce8299e4531bdf2245402499120     |
| provider:network_type     | None                                 |
| provider:physical_network | None                                 |
| provider:segmentation_id  | None                                 |
| qos_policy_id             | None                                 |
| revision_number           | 1                                    |
| router:external           | Internal                             |
| segments                  | None                                 |
| shared                    | False                                |
| status                    | ACTIVE                               |
| subnets                   |                                      |
| tags                      |                                      |
| updated_at                | 2022-03-10T13:19:55Z                 |
+---------------------------+--------------------------------------+
Creating a subnet on the private network.
+----------------------+--------------------------------------+
| Field                | Value                                |
+----------------------+--------------------------------------+
| allocation_pools     | 172.16.1.2-172.16.1.254              |
| cidr                 | 172.16.1.0/24                        |
| created_at           | 2022-03-10T13:19:58Z                 |
| description          |                                      |
| dns_nameservers      | 8.8.4.4                              |
| dns_publish_fixed_ip | None                                 |
| enable_dhcp          | True                                 |
| gateway_ip           | 172.16.1.1                           |
| host_routes          |                                      |
| id                   | f895c548-9e52-4a68-9604-4371c29f1421 |
| ip_version           | 4                                    |
| ipv6_address_mode    | None                                 |
| ipv6_ra_mode         | None                                 |
| name                 | selfservice                          |
| network_id           | 16b6c4e6-881d-4e18-a45f-33251a413844 |
| prefix_length        | None                                 |
| project_id           | 96fe9ce8299e4531bdf2245402499120     |
| revision_number      | 0                                    |
| segment_id           | None                                 |
| service_types        |                                      |
| subnetpool_id        | None                                 |
| tags                 |                                      |
| updated_at           | 2022-03-10T13:19:58Z                 |
+----------------------+--------------------------------------+
Waiting for second DHCP namespace..
Waiting for second bridge...
Bridges are:
NAME            UUID                                  TYPE      DEVICE         
enp0s3          d0669bc9-a5b7-4bb5-bf6d-88c67a82dac5  ethernet  enp0s3         
enp0s8          8a33c434-fff7-4d04-ba75-4bdda0e3e453  ethernet  enp0s8         
brqfa9ea2fb-f1  2adafd92-fd10-4f09-a9e9-0df00464feec  bridge    brqfa9ea2fb-f1 
brq16b6c4e6-88  f2610da1-d399-4f1a-91e2-fe924559b6f2  bridge    brq16b6c4e6-88 
enp0s9          c4010e0f-5864-412c-a858-78f5b990685c  ethernet  enp0s9         
vxlan-459       b37d193c-93dc-4743-be0b-869ea86c4aa0  vxlan     vxlan-459      
enp0s9          9d41be1c-6543-4415-9057-9a98278c2844  ethernet  --             
Sourcing the demo credentials.
Creating a router.
+-------------------------+--------------------------------------+
| Field                   | Value                                |
+-------------------------+--------------------------------------+
| admin_state_up          | UP                                   |
| availability_zone_hints |                                      |
| availability_zones      |                                      |
| created_at              | 2022-03-10T13:20:05Z                 |
| description             |                                      |
| external_gateway_info   | null                                 |
| flavor_id               | None                                 |
| id                      | b9d66152-43cd-4c8e-bee8-c001bb4e0df3 |
| name                    | router                               |
| project_id              | 96fe9ce8299e4531bdf2245402499120     |
| revision_number         | 1                                    |
| routes                  |                                      |
| status                  | ACTIVE                               |
| tags                    |                                      |
| updated_at              | 2022-03-10T13:20:05Z                 |
+-------------------------+--------------------------------------+
Waiting for neutron agent neutron-l3-agent.
linuxbridge-agent and dhcp-agent must be up before we can add interfaces.
Waiting for neutron agent neutron-linuxbridge-agent.
Waiting for neutron agent neutron-dhcp-agent.
Adding the private network subnet as an interface on the router.
Getting router namespace.....qrouter-b9d66152-43cd-4c8e-bee8-c001bb4e0df3 (id: 2)
Waiting for interface qr-* in router namespace.Cannot open network namespace "qrouter-b9d66152-43cd-4c8e-bee8-c001bb4e0df3 (id: 2)": No such file or directory
.Cannot open network namespace "qrouter-b9d66152-43cd-4c8e-bee8-c001bb4e0df3 (id: 2)": No such file or directory
.Cannot open network namespace "qrouter-b9d66152-43cd-4c8e-bee8-c001bb4e0df3 (id: 2)": No such file or directory
.Cannot open network namespace "qrouter-b9d66152-43cd-4c8e-bee8-c001bb4e0df3 (id: 2)": No such file or directory
.Cannot open network namespace "qrouter-b9d66152-43cd-4c8e-bee8-c001bb4e0df3 (id: 2)": No such file or directory
.Cannot open network namespace "qrouter-b9d66152-43cd-4c8e-bee8-c001bb4e0df3 (id: 2)": No such file or directory
.Cannot open network namespace "qrouter-b9d66152-43cd-4c8e-bee8-c001bb4e0df3 (id: 2)": No such file or directory
.Cannot open network namespace "qrouter-b9d66152-43cd-4c8e-bee8-c001bb4e0df3 (id: 2)": No such file or directory
.Cannot open network namespace "qrouter-b9d66152-43cd-4c8e-bee8-c001bb4e0df3 (id: 2)": No such file or directory
.Cannot open network namespace "qrouter-b9d66152-43cd-4c8e-bee8-c001bb4e0df3 (id: 2)": No such file or directory
.Cannot open network namespace "qrouter-b9d66152-43cd-4c8e-bee8-c001bb4e0df3 (id: 2)": No such file or directory
.Cannot open network namespace "qrouter-b9d66152-43cd-4c8e-bee8-c001bb4e0df3 (id: 2)": No such file or directory
.Cannot open network namespace "qrouter-b9d66152-43cd-4c8e-bee8-c001bb4e0df3 (id: 2)": No such file or directory
.Cannot open network namespace "qrouter-b9d66152-43cd-4c8e-bee8-c001bb4e0df3 (id: 2)": No such file or directory
.Cannot open network namespace "qrouter-b9d66152-43cd-4c8e-bee8-c001bb4e0df3 (id: 2)": No such file or directory
.Cannot open network namespace "qrouter-b9d66152-43cd-4c8e-bee8-c001bb4e0df3 (id: 2)": No such file or directory
.Cannot open network namespace "qrouter-b9d66152-43cd-4c8e-bee8-c001bb4e0df3 (id: 2)": No such file or directory
.Cannot open network namespace "qrouter-b9d66152-43cd-4c8e-bee8-c001bb4e0df3 (id: 2)": No such file or directory
.Cannot open network namespace "qrouter-b9d66152-43cd-4c8e-bee8-c001bb4e0df3 (id: 2)": No such file or directory
.Cannot open network namespace "qrouter-b9d66152-43cd-4c8e-bee8-c001bb4e0df3 (id: 2)": No such file or directory
.Cannot open network namespace "qrouter-b9d66152-43cd-4c8e-bee8-c001bb4e0df3 (id: 2)": No such file or directory
.Cannot open network namespace "qrouter-b9d66152-43cd-4c8e-bee8-c001bb4e0df3 (id: 2)": No such file or directory
.Cannot open network namespace "qrouter-b9d66152-43cd-4c8e-bee8-c001bb4e0df3 (id: 2)": No such file or directory
.Cannot open network namespace "qrouter-b9d66152-43cd-4c8e-bee8-c001bb4e0df3 (id: 2)": No such file or directory
.Cannot open network namespace "qrouter-b9d66152-43cd-4c8e-bee8-c001bb4e0df3 (id: 2)": No such file or directory
.Cannot open network namespace "qrouter-b9d66152-43cd-4c8e-bee8-c001bb4e0df3 (id: 2)": No such file or directory
.Cannot open network namespace "qrouter-b9d66152-43cd-4c8e-bee8-c001bb4e0df3 (id: 2)": No such file or directory
.Cannot open network namespace "qrouter-b9d66152-43cd-4c8e-bee8-c001bb4e0df3 (id: 2)": No such file or directory
.Cannot open network namespace "qrouter-b9d66152-43cd-4c8e-bee8-c001bb4e0df3 (id: 2)": No such file or directory
.Cannot open network namespace "qrouter-b9d66152-43cd-4c8e-bee8-c001bb4e0df3 (id: 2)": No such file or directory
.Cannot open network namespace "qrouter-b9d66152-43cd-4c8e-bee8-c001bb4e0df3 (id: 2)": No such file or directory
.Cannot open network namespace "qrouter-b9d66152-43cd-4c8e-bee8-c001bb4e0df3 (id: 2)": No such file or directory
.Cannot open network namespace "qrouter-b9d66152-43cd-4c8e-bee8-c001bb4e0df3 (id: 2)": No such file or directory
.Cannot open network namespace "qrouter-b9d66152-43cd-4c8e-bee8-c001bb4e0df3 (id: 2)": No such file or directory
.Cannot open network namespace "qrouter-b9d66152-43cd-4c8e-bee8-c001bb4e0df3 (id: 2)": No such file or directory
.Cannot open network namespace "qrouter-b9d66152-43cd-4c8e-bee8-c001bb4e0df3 (id: 2)": No such file or directory
.Cannot open network namespace "qrouter-b9d66152-43cd-4c8e-bee8-c001bb4e0df3 (id: 2)": No such file or directory
.Cannot open network namespace "qrouter-b9d66152-43cd-4c8e-bee8-c001bb4e0df3 (id: 2)": No such file or directory
.Cannot open network namespace "qrouter-b9d66152-43cd-4c8e-bee8-c001bb4e0df3 (id: 2)": No such file or directory
.Cannot open network namespace "qrouter-b9d66152-43cd-4c8e-bee8-c001bb4e0df3 (id: 2)": No such file or directory
.Cannot open network namespace "qrouter-b9d66152-43cd-4c8e-bee8-c001bb4e0df3 (id: 2)": No such file or directory
.Cannot open network namespace "qrouter-b9d66152-43cd-4c8e-bee8-c001bb4e0df3 (id: 2)": No such file or directory
.Cannot open network namespace "qrouter-b9d66152-43cd-4c8e-bee8-c001bb4e0df3 (id: 2)": No such file or directory
.Cannot open network namespace "qrouter-b9d66152-43cd-4c8e-bee8-c001bb4e0df3 (id: 2)": No such file or directory
.Cannot open network namespace "qrouter-b9d66152-43cd-4c8e-bee8-c001bb4e0df3 (id: 2)": No such file or directory
.Cannot open network namespace "qrouter-b9d66152-43cd-4c8e-bee8-c001bb4e0df3 (id: 2)": No such file or directory
.Cannot open network namespace "qrouter-b9d66152-43cd-4c8e-bee8-c001bb4e0df3 (id: 2)": No such file or directory
.Cannot open network namespace "qrouter-b9d66152-43cd-4c8e-bee8-c001bb4e0df3 (id: 2)": No such file or directory
.Cannot open network namespace "qrouter-b9d66152-43cd-4c8e-bee8-c001bb4e0df3 (id: 2)": No such file or directory
.Cannot open network namespace "qrouter-b9d66152-43cd-4c8e-bee8-c001bb4e0df3 (id: 2)": No such file or directory
.Cannot open network namespace "qrouter-b9d66152-43cd-4c8e-bee8-c001bb4e0df3 (id: 2)": No such file or directory
.Cannot open network namespace "qrouter-b9d66152-43cd-4c8e-bee8-c001bb4e0df3 (id: 2)": No such file or directory
.Cannot open network namespace "qrouter-b9d66152-43cd-4c8e-bee8-c001bb4e0df3 (id: 2)": No such file or directory
.Cannot open network namespace "qrouter-b9d66152-43cd-4c8e-bee8-c001bb4e0df3 (id: 2)": No such file or directory
.Cannot open network namespace "qrouter-b9d66152-43cd-4c8e-bee8-c001bb4e0df3 (id: 2)": No such file or directory
.Cannot open network namespace "qrouter-b9d66152-43cd-4c8e-bee8-c001bb4e0df3 (id: 2)": No such file or directory
.Cannot open network namespace "qrouter-b9d66152-43cd-4c8e-bee8-c001bb4e0df3 (id: 2)": No such file or directory
.Cannot open network namespace "qrouter-b9d66152-43cd-4c8e-bee8-c001bb4e0df3 (id: 2)": No such file or directory
.Cannot open network namespace "qrouter-b9d66152-43cd-4c8e-bee8-c001bb4e0df3 (id: 2)": No such file or directory
.Cannot open network namespace "qrouter-b9d66152-43cd-4c8e-bee8-c001bb4e0df3 (id: 2)": No such file or directory
.Cannot open network namespace "qrouter-b9d66152-43cd-4c8e-bee8-c001bb4e0df3 (id: 2)": No such file or directory
.Cannot open network namespace "qrouter-b9d66152-43cd-4c8e-bee8-c001bb4e0df3 (id: 2)": No such file or directory
.Cannot open network namespace "qrouter-b9d66152-43cd-4c8e-bee8-c001bb4e0df3 (id: 2)": No such file or directory
.Cannot open network namespace "qrouter-b9d66152-43cd-4c8e-bee8-c001bb4e0df3 (id: 2)": No such file or directory
.Cannot open network namespace "qrouter-b9d66152-43cd-4c8e-bee8-c001bb4e0df3 (id: 2)": No such file or directory
.Cannot open network namespace "qrouter-b9d66152-43cd-4c8e-bee8-c001bb4e0df3 (id: 2)": No such file or directory
.Cannot open network namespace "qrouter-b9d66152-43cd-4c8e-bee8-c001bb4e0df3 (id: 2)": No such file or directory
.Cannot open network namespace "qrouter-b9d66152-43cd-4c8e-bee8-c001bb4e0df3 (id: 2)": No such file or directory
.Cannot open network namespace "qrouter-b9d66152-43cd-4c8e-bee8-c001bb4e0df3 (id: 2)": No such file or directory
.Cannot open network namespace "qrouter-b9d66152-43cd-4c8e-bee8-c001bb4e0df3 (id: 2)": No such file or directory
.Cannot open network namespace "qrouter-b9d66152-43cd-4c8e-bee8-c001bb4e0df3 (id: 2)": No such file or directory
.Cannot open network namespace "qrouter-b9d66152-43cd-4c8e-bee8-c001bb4e0df3 (id: 2)": No such file or directory
.Cannot open network namespace "qrouter-b9d66152-43cd-4c8e-bee8-c001bb4e0df3 (id: 2)": No such file or directory
.Cannot open network namespace "qrouter-b9d66152-43cd-4c8e-bee8-c001bb4e0df3 (id: 2)": No such file or directory
.Cannot open network namespace "qrouter-b9d66152-43cd-4c8e-bee8-c001bb4e0df3 (id: 2)": No such file or directory
.Cannot open network namespace "qrouter-b9d66152-43cd-4c8e-bee8-c001bb4e0df3 (id: 2)": No such file or directory
.Cannot open network namespace "qrouter-b9d66152-43cd-4c8e-bee8-c001bb4e0df3 (id: 2)": No such file or directory
.Cannot open network namespace "qrouter-b9d66152-43cd-4c8e-bee8-c001bb4e0df3 (id: 2)": No such file or directory
.Cannot open network namespace "qrouter-b9d66152-43cd-4c8e-bee8-c001bb4e0df3 (id: 2)": No such file or directory
.Cannot open network namespace "qrouter-b9d66152-43cd-4c8e-bee8-c001bb4e0df3 (id: 2)": No such file or directory
.Cannot open network namespace "qrouter-b9d66152-43cd-4c8e-bee8-c001bb4e0df3 (id: 2)": No such file or directory
.Cannot open network namespace "qrouter-b9d66152-43cd-4c8e-bee8-c001bb4e0df3 (id: 2)": No such file or directory
.Cannot open network namespace "qrouter-b9d66152-43cd-4c8e-bee8-c001bb4e0df3 (id: 2)": No such file or directory
.Cannot open network namespace "qrouter-b9d66152-43cd-4c8e-bee8-c001bb4e0df3 (id: 2)": No such file or directory
.Cannot open network namespace "qrouter-b9d66152-43cd-4c8e-bee8-c001bb4e0df3 (id: 2)": No such file or directory
.Cannot open network namespace "qrouter-b9d66152-43cd-4c8e-bee8-c001bb4e0df3 (id: 2)": No such file or directory
.Cannot open network namespace "qrouter-b9d66152-43cd-4c8e-bee8-c001bb4e0df3 (id: 2)": No such file or directory
.Cannot open network namespace "qrouter-b9d66152-43cd-4c8e-bee8-c001bb4e0df3 (id: 2)": No such file or directory
.Cannot open network namespace "qrouter-b9d66152-43cd-4c8e-bee8-c001bb4e0df3 (id: 2)": No such file or directory
.Cannot open network namespace "qrouter-b9d66152-43cd-4c8e-bee8-c001bb4e0df3 (id: 2)": No such file or directory
.Cannot open network namespace "qrouter-b9d66152-43cd-4c8e-bee8-c001bb4e0df3 (id: 2)": No such file or directory
.Cannot open network namespace "qrouter-b9d66152-43cd-4c8e-bee8-c001bb4e0df3 (id: 2)": No such file or directory
.