SUM --- BEGIN
neutron CLI is deprecated and will be removed in the future. Use openstack CLI instead.
Running on host: controller
Checking network connection to compute node.
PING compute (10.0.0.31) 56(84) bytes of data.
64 bytes from compute (10.0.0.31): icmp_seq=1 ttl=64 time=0.408 ms

--- compute ping statistics ---
1 packets transmitted, 1 received, 0% packet loss, time 0ms
rtt min/avg/max/mdev = 0.408/0.408/0.408/0.000 ms

Checking services on controller node.
Node controller, service neutron-l3-agent: up
Node controller, service neutron-dhcp-agent: up
Node controller, service neutron-metadata-agent: up

Checking services on compute node.
Node compute, service openstack-nova-compute: up

Checking for nova services in openstack compute service list.
  nova-scheduler
  nova-conductor
  openstack-nova-compute  Waiting for openstack-nova-compute service in state 'up'.
  Service is up, waiting (may take a few minutes).


SUM wait for nova services: 12
All services are ready:
+----+----------------+------------+----------+---------+-------+----------------------------+
| ID | Binary         | Host       | Zone     | Status  | State | Updated At                 |
+----+----------------+------------+----------+---------+-------+----------------------------+
|  3 | nova-scheduler | controller | internal | enabled | up    | 2022-03-10T13:22:18.000000 |
|  4 | nova-conductor | controller | internal | enabled | up    | 2022-03-10T13:22:26.000000 |
|  5 | nova-compute   | compute    | nova     | enabled | up    | 2022-03-10T13:22:23.000000 |
+----+----------------+------------+----------+---------+-------+----------------------------+

Waiting for agents in openstack network agent list.
| 61d3a7ca-25d6-41df-8c98-f866c9699136 | Metadata agent     | controller | None              | :-)   | UP    | neutron-metadata-agent    |
| 64f85f4e-b3f1-400e-922b-2e7ffdfbdd36 | Linux bridge agent | controller | None              | :-)   | UP    | neutron-linuxbridge-agent |
| 663c9f02-566e-429c-8001-0113f02fa4cd | Linux bridge agent | compute    | None              | :-)   | UP    | neutron-linuxbridge-agent |
| 7e77ae67-eb85-4b56-bdd0-3f531462319e | DHCP agent         | controller | nova              | :-)   | UP    | neutron-dhcp-agent        |
| d0ff0318-0f8a-4d71-a096-2004d299ddd1 | L3 agent           | controller | nova              | :-)   | UP    | neutron-l3-agent          |

All agents are ready.
+--------------------------------------+--------------------+------------+-------------------+-------+-------+---------------------------+
| ID                                   | Agent Type         | Host       | Availability Zone | Alive | State | Binary                    |
+--------------------------------------+--------------------+------------+-------------------+-------+-------+---------------------------+
| 61d3a7ca-25d6-41df-8c98-f866c9699136 | Metadata agent     | controller | None              | :-)   | UP    | neutron-metadata-agent    |
| 64f85f4e-b3f1-400e-922b-2e7ffdfbdd36 | Linux bridge agent | controller | None              | :-)   | UP    | neutron-linuxbridge-agent |
| 663c9f02-566e-429c-8001-0113f02fa4cd | Linux bridge agent | compute    | None              | :-)   | UP    | neutron-linuxbridge-agent |
| 7e77ae67-eb85-4b56-bdd0-3f531462319e | DHCP agent         | controller | nova              | :-)   | UP    | neutron-dhcp-agent        |
| d0ff0318-0f8a-4d71-a096-2004d299ddd1 | L3 agent           | controller | nova              | :-)   | UP    | neutron-l3-agent          |
+--------------------------------------+--------------------+------------+-------------------+-------+-------+---------------------------+

SUM wait for neutron agents: 6

Check if m1.nano flavor is existing or else, create the flavor.
Current flavors:
+----+---------+-----+------+-----------+-------+-----------+
| ID | Name    | RAM | Disk | Ephemeral | VCPUs | Is Public |
+----+---------+-----+------+-----------+-------+-----------+
| 0  | m1.nano |  64 |    1 |         0 |     1 | True      |
+----+---------+-----+------+-----------+-------+-----------+
| 0  | m1.nano |  64 |    1 |         0 |     1 | True      |
Proceeding, m1.nano flavor exists.

Checking if 'mykey' is already in our OpenStack environment: yes.
Checking if the 'mykey' key pair matches our ssh key: yes.
+-------------+-------------------------------------------------+
| Field       | Value                                           |
+-------------+-------------------------------------------------+
| created_at  | 2022-03-10T13:16:39.000000                      |
| fingerprint | 82:73:49:bd:45:11:7f:55:38:73:a3:f6:4a:3f:45:0f |
| id          | mykey                                           |
| is_deleted  | False                                           |
| name        | mykey                                           |
| private_key | None                                            |
| type        | ssh                                             |
| user_id     | 2451f8f6db9b4b029b5e9fd201e8d38a                |
+-------------+-------------------------------------------------+
Verifying addition of the public key.
+-------+-------------------------------------------------+------+
| Name  | Fingerprint                                     | Type |
+-------+-------------------------------------------------+------+
| mykey | 82:73:49:bd:45:11:7f:55:38:73:a3:f6:4a:3f:45:0f | ssh  |
+-------+-------------------------------------------------+------+

Permitting ICMP (ping) to our instances.
Error while executing command: ConflictException: 409, Security group rule already exists. Rule id is 9702f73a-fbd2-49ff-90fe-4fb9f14762e7.
Rule was already there.

Permitting secure shell (SSH) access to our instances.
Error while executing command: ConflictException: 409, Security group rule already exists. Rule id is c4264a4e-4b38-4eec-a4d6-13d475a72fc2.
Rule was already there.

Verifying security group rules.
+--------------------------------------+---------+------------------------+----------------------------------+------+
| ID                                   | Name    | Description            | Project                          | Tags |
+--------------------------------------+---------+------------------------+----------------------------------+------+
| 761d6cdc-66cf-47a2-9d16-59b4a5c057e5 | default | Default security group | 96fe9ce8299e4531bdf2245402499120 | []   |
+--------------------------------------+---------+------------------------+----------------------------------+------+
+-----------------+---------------------------------------------------------------------------------------------------------------------------------------------------------------------------------------------------------------------------------------------------------------------------------------------------+
| Field           | Value                                                                                                                                                                                                                                                                                             |
+-----------------+---------------------------------------------------------------------------------------------------------------------------------------------------------------------------------------------------------------------------------------------------------------------------------------------------+
| created_at      | 2022-03-10T13:16:42Z                                                                                                                                                                                                                                                                              |
| description     | Default security group                                                                                                                                                                                                                                                                            |
| id              | 761d6cdc-66cf-47a2-9d16-59b4a5c057e5                                                                                                                                                                                                                                                              |
| name            | default                                                                                                                                                                                                                                                                                           |
| project_id      | 96fe9ce8299e4531bdf2245402499120                                                                                                                                                                                                                                                                  |
| revision_number | 3                                                                                                                                                                                                                                                                                                 |
| rules           | created_at='2022-03-10T13:16:43Z', direction='ingress', ethertype='IPv4', id='9702f73a-fbd2-49ff-90fe-4fb9f14762e7', normalized_cidr='0.0.0.0/0', protocol='icmp', remote_ip_prefix='0.0.0.0/0', standard_attr_id='6', updated_at='2022-03-10T13:16:43Z'                                          |
|                 | created_at='2022-03-10T13:16:42Z', direction='ingress', ethertype='IPv4', id='c3109356-afee-416f-aafa-3a7ce35433d5', remote_group_id='761d6cdc-66cf-47a2-9d16-59b4a5c057e5', standard_attr_id='2', updated_at='2022-03-10T13:16:42Z'                                                              |
|                 | created_at='2022-03-10T13:16:45Z', direction='ingress', ethertype='IPv4', id='c4264a4e-4b38-4eec-a4d6-13d475a72fc2', normalized_cidr='0.0.0.0/0', port_range_max='22', port_range_min='22', protocol='tcp', remote_ip_prefix='0.0.0.0/0', standard_attr_id='7', updated_at='2022-03-10T13:16:45Z' |
|                 | created_at='2022-03-10T13:16:43Z', direction='egress', ethertype='IPv6', id='e105ba8e-2c6a-4a6b-a514-29e33f4552e4', standard_attr_id='5', updated_at='2022-03-10T13:16:43Z'                                                                                                                       |
|                 | created_at='2022-03-10T13:16:43Z', direction='ingress', ethertype='IPv6', id='e478502c-d179-4d30-9ecb-1925c65ed1f4', remote_group_id='761d6cdc-66cf-47a2-9d16-59b4a5c057e5', standard_attr_id='4', updated_at='2022-03-10T13:16:43Z'                                                              |
|                 | created_at='2022-03-10T13:16:43Z', direction='egress', ethertype='IPv4', id='f87b0c41-15ea-4988-b255-3dadc3b3ed11', standard_attr_id='3', updated_at='2022-03-10T13:16:43Z'                                                                                                                       |
| stateful        | True                                                                                                                                                                                                                                                                                              |
| tags            | []                                                                                                                                                                                                                                                                                                |
| updated_at      | 2022-03-10T13:16:45Z                                                                                                                                                                                                                                                                              |
+-----------------+---------------------------------------------------------------------------------------------------------------------------------------------------------------------------------------------------------------------------------------------------------------------------------------------------+
Listing available flavors.
+----+---------+-----+------+-----------+-------+-----------+
| ID | Name    | RAM | Disk | Ephemeral | VCPUs | Is Public |
+----+---------+-----+------+-----------+-------+-----------+
| 0  | m1.nano |  64 |    1 |         0 |     1 | True      |
+----+---------+-----+------+-----------+-------+-----------+
Listing available images.
+--------------------------------------+--------+--------+
| ID                                   | Name   | Status |
+--------------------------------------+--------+--------+
| 97e8955d-3112-4fe8-8428-8308cf6e0372 | cirros | active |
+--------------------------------------+--------+--------+
Waiting for neutron to come up.
Listing available networks.
+--------------------------------------+-------------+--------------------------------------+
| ID                                   | Name        | Subnets                              |
+--------------------------------------+-------------+--------------------------------------+
| 16b6c4e6-881d-4e18-a45f-33251a413844 | selfservice | f895c548-9e52-4a68-9604-4371c29f1421 |
| fa9ea2fb-f15c-49ed-a148-abf5a80539a1 | provider    | 1c7d3157-f8d6-46f3-875f-07cab903b60b |
+--------------------------------------+-------------+--------------------------------------+
ID for demo-net tenant network: 16b6c4e6-881d-4e18-a45f-33251a413844
Listing available security groups.
+--------------------------------------+---------+------------------------+----------------------------------+------+
| ID                                   | Name    | Description            | Project                          | Tags |
+--------------------------------------+---------+------------------------+----------------------------------+------+
| 761d6cdc-66cf-47a2-9d16-59b4a5c057e5 | default | Default security group | 96fe9ce8299e4531bdf2245402499120 | []   |
+--------------------------------------+---------+------------------------+----------------------------------+------+
Settings for selfservice:
+----------------------+--------------------------------------+
| Field                | Value                                |
+----------------------+--------------------------------------+
| allocation_pools     | 172.16.1.2-172.16.1.254              |
| cidr                 | 172.16.1.0/24                        |
| created_at           | 2022-03-10T13:19:58Z                 |
| description          |                                      |
| dns_nameservers      | 8.8.4.4                              |
| dns_publish_fixed_ip | None                                 |
| enable_dhcp          | True                                 |
| gateway_ip           | 172.16.1.1                           |
| host_routes          |                                      |
| id                   | f895c548-9e52-4a68-9604-4371c29f1421 |
| ip_version           | 4                                    |
| ipv6_address_mode    | None                                 |
| ipv6_ra_mode         | None                                 |
| name                 | selfservice                          |
| network_id           | 16b6c4e6-881d-4e18-a45f-33251a413844 |
| prefix_length        | None                                 |
| project_id           | 96fe9ce8299e4531bdf2245402499120     |
| revision_number      | 0                                    |
| segment_id           | None                                 |
| service_types        |                                      |
| subnetpool_id        | None                                 |
| tags                 |                                      |
| updated_at           | 2022-03-10T13:19:58Z                 |
+----------------------+--------------------------------------+

Checking for DNS name servers in subnet selfservice (passed to booting instance VMs).
DNS name server already set (['8.8.4.4']).
Settings for selfservice:
+----------------------+--------------------------------------+
| Field                | Value                                |
+----------------------+--------------------------------------+
| allocation_pools     | 172.16.1.2-172.16.1.254              |
| cidr                 | 172.16.1.0/24                        |
| created_at           | 2022-03-10T13:19:58Z                 |
| description          |                                      |
| dns_nameservers      | 8.8.4.4                              |
| dns_publish_fixed_ip | None                                 |
| enable_dhcp          | True                                 |
| gateway_ip           | 172.16.1.1                           |
| host_routes          |                                      |
| id                   | f895c548-9e52-4a68-9604-4371c29f1421 |
| ip_version           | 4                                    |
| ipv6_address_mode    | None                                 |
| ipv6_ra_mode         | None                                 |
| name                 | selfservice                          |
| network_id           | 16b6c4e6-881d-4e18-a45f-33251a413844 |
| prefix_length        | None                                 |
| project_id           | 96fe9ce8299e4531bdf2245402499120     |
| revision_number      | 0                                    |
| segment_id           | None                                 |
| service_types        |                                      |
| subnetpool_id        | None                                 |
| tags                 |                                      |
| updated_at           | 2022-03-10T13:19:58Z                 |
+----------------------+--------------------------------------+


Waiting for removed instances to disappear (may take > 1 min).
Verifying that no other instance VMs are left.
Boot log: /home/stack/log/test-instance.boot
###################################################################
Launching an instance VM (0).
Waiting for instance to get out of BUILD status...
Instance VM status: ACTIVE.
Waiting for DHCP discover......
Waiting for DHCP success...........................................No lease, failing
SUM ABORT DHCP wait: fail (43)
Aborting.
