Installing networking components for compute node.
Last metadata expiration check: 1:12:57 ago on Mon 28 Dec 2020 12:37:01 AM EST.
Dependencies resolved.
================================================================================
 Package                       Arch   Version          Repository          Size
================================================================================
Installing:
 openstack-neutron-linuxbridge noarch 1:17.0.0-1.el8   openstack-victoria  16 k
Installing dependencies:
 libev                         x86_64 4.24-6.el8       appstream           52 k
 libunwind                     x86_64 1.3.1-3.el8      ceph-nautilus       76 k
 openpgm                       x86_64 5.2.122-21.el8   openstack-victoria 180 k
 openstack-neutron-common      noarch 1:17.0.0-1.el8   openstack-victoria 186 k
 python3-designateclient       noarch 4.1.0-2.el8      openstack-victoria  91 k
 python3-gevent                x86_64 1.2.2-4.el8      appstream          497 k
 python3-httplib2              noarch 0.10.3-4.el8     PowerTools         108 k
 python3-logutils              noarch 0.3.5-11.el8     ceph-nautilus       49 k
 python3-neutron               noarch 1:17.0.0-1.el8   openstack-victoria 2.6 M
 python3-neutron-lib           noarch 2.6.1-2.el8      openstack-victoria 384 k
 python3-os-ken                noarch 1.2.0-2.el8      openstack-victoria 2.3 M
 python3-os-xenapi             noarch 0.3.4-1.el8      openstack-victoria  80 k
 python3-osprofiler            noarch 3.4.0-2.el8      openstack-victoria 132 k
 python3-pecan                 noarch 1.3.2-9.el8      ceph-nautilus      282 k
 python3-setproctitle          x86_64 1.1.10-16.el8    openstack-victoria  24 k
 python3-simplegeneric         noarch 0.8.1-17.el8     ceph-nautilus       19 k
 python3-singledispatch        noarch 3.4.0.3-18.el8   ceph-nautilus       24 k
 python3-tinyrpc               noarch 1.0.3-1.el8      openstack-victoria  51 k
 python3-waitress              noarch 1.4.2-1.el8      ceph-nautilus      255 k
 python3-webtest               noarch 2.0.35-3.el8     openstack-victoria  87 k
 python3-werkzeug              noarch 1.0.1-3.el8      openstack-victoria 448 k
 python3-zmq                   x86_64 19.0.0-3.el8     openstack-victoria 417 k
 zeromq                        x86_64 4.3.2-1.el8      openstack-victoria 316 k

Transaction Summary
================================================================================
Install  24 Packages

Total download size: 8.5 M
Installed size: 47 M
Downloading Packages:
(1/24): libev-4.24-6.el8.x86_64.rpm             199 kB/s |  52 kB     00:00    
(2/24): python3-gevent-1.2.2-4.el8.x86_64.rpm   977 kB/s | 497 kB     00:00    
(3/24): libunwind-1.3.1-3.el8.x86_64.rpm        308 kB/s |  76 kB     00:00    
(4/24): python3-pecan-1.3.2-9.el8.noarch.rpm    1.7 MB/s | 282 kB     00:00    
(5/24): python3-simplegeneric-0.8.1-17.el8.noar 371 kB/s |  19 kB     00:00    
(6/24): python3-logutils-0.3.5-11.el8.noarch.rp 216 kB/s |  49 kB     00:00    
(7/24): python3-singledispatch-3.4.0.3-18.el8.n 515 kB/s |  24 kB     00:00    
(8/24): python3-waitress-1.4.2-1.el8.noarch.rpm 1.7 MB/s | 255 kB     00:00    
(9/24): openpgm-5.2.122-21.el8.x86_64.rpm       878 kB/s | 180 kB     00:00    
(10/24): openstack-neutron-linuxbridge-17.0.0-1 310 kB/s |  16 kB     00:00    
(11/24): openstack-neutron-common-17.0.0-1.el8. 1.0 MB/s | 186 kB     00:00    
(12/24): python3-designateclient-4.1.0-2.el8.no 1.2 MB/s |  91 kB     00:00    
(13/24): python3-neutron-lib-2.6.1-2.el8.noarch 1.3 MB/s | 384 kB     00:00    
(14/24): python3-neutron-17.0.0-1.el8.noarch.rp 1.9 MB/s | 2.6 MB     00:01    
(15/24): python3-os-xenapi-0.3.4-1.el8.noarch.r 1.2 MB/s |  80 kB     00:00    
(16/24): python3-os-ken-1.2.0-2.el8.noarch.rpm  2.1 MB/s | 2.3 MB     00:01    
(17/24): python3-setproctitle-1.1.10-16.el8.x86 461 kB/s |  24 kB     00:00    
(18/24): python3-osprofiler-3.4.0-2.el8.noarch. 1.1 MB/s | 132 kB     00:00    
(19/24): python3-tinyrpc-1.0.3-1.el8.noarch.rpm 612 kB/s |  51 kB     00:00    
(20/24): python3-webtest-2.0.35-3.el8.noarch.rp 628 kB/s |  87 kB     00:00    
(21/24): python3-werkzeug-1.0.1-3.el8.noarch.rp 1.4 MB/s | 448 kB     00:00    
(22/24): python3-zmq-19.0.0-3.el8.x86_64.rpm    1.9 MB/s | 417 kB     00:00    
(23/24): zeromq-4.3.2-1.el8.x86_64.rpm          1.5 MB/s | 316 kB     00:00    
(24/24): python3-httplib2-0.10.3-4.el8.noarch.r 7.0 kB/s | 108 kB     00:15    
--------------------------------------------------------------------------------
Total                                           377 kB/s | 8.5 MB     00:23     
Running transaction check
Transaction check succeeded.
Running transaction test
Transaction test succeeded.
Running transaction
  Preparing        :                                                        1/1 
  Installing       : python3-osprofiler-3.4.0-2.el8.noarch                 1/24 
  Installing       : python3-werkzeug-1.0.1-3.el8.noarch                   2/24 
  Installing       : python3-setproctitle-1.1.10-16.el8.x86_64             3/24 
  Installing       : python3-os-xenapi-0.3.4-1.el8.noarch                  4/24 
  Installing       : python3-designateclient-4.1.0-2.el8.noarch            5/24 
  Installing       : openpgm-5.2.122-21.el8.x86_64                         6/24 
  Installing       : python3-waitress-1.4.2-1.el8.noarch                   7/24 
  Installing       : python3-webtest-2.0.35-3.el8.noarch                   8/24 
  Installing       : python3-singledispatch-3.4.0.3-18.el8.noarch          9/24 
  Installing       : python3-simplegeneric-0.8.1-17.el8.noarch            10/24 
  Installing       : python3-logutils-0.3.5-11.el8.noarch                 11/24 
  Installing       : python3-pecan-1.3.2-9.el8.noarch                     12/24 
  Installing       : libunwind-1.3.1-3.el8.x86_64                         13/24 
  Installing       : zeromq-4.3.2-1.el8.x86_64                            14/24 
  Installing       : python3-zmq-19.0.0-3.el8.x86_64                      15/24 
  Installing       : python3-httplib2-0.10.3-4.el8.noarch                 16/24 
  Installing       : libev-4.24-6.el8.x86_64                              17/24 
  Installing       : python3-gevent-1.2.2-4.el8.x86_64                    18/24 
  Installing       : python3-tinyrpc-1.0.3-1.el8.noarch                   19/24 
  Installing       : python3-os-ken-1.2.0-2.el8.noarch                    20/24 
  Installing       : python3-neutron-lib-2.6.1-2.el8.noarch               21/24 
  Installing       : python3-neutron-1:17.0.0-1.el8.noarch                22/24 
  Running scriptlet: openstack-neutron-common-1:17.0.0-1.el8.noarch       23/24 
  Installing       : openstack-neutron-common-1:17.0.0-1.el8.noarch       23/24 
  Installing       : openstack-neutron-linuxbridge-1:17.0.0-1.el8.noarc   24/24 
  Running scriptlet: openstack-neutron-linuxbridge-1:17.0.0-1.el8.noarc   24/24 
  Verifying        : libev-4.24-6.el8.x86_64                               1/24 
  Verifying        : python3-gevent-1.2.2-4.el8.x86_64                     2/24 
  Verifying        : python3-httplib2-0.10.3-4.el8.noarch                  3/24 
  Verifying        : libunwind-1.3.1-3.el8.x86_64                          4/24 
  Verifying        : python3-logutils-0.3.5-11.el8.noarch                  5/24 
  Verifying        : python3-pecan-1.3.2-9.el8.noarch                      6/24 
  Verifying        : python3-simplegeneric-0.8.1-17.el8.noarch             7/24 
  Verifying        : python3-singledispatch-3.4.0.3-18.el8.noarch          8/24 
  Verifying        : python3-waitress-1.4.2-1.el8.noarch                   9/24 
  Verifying        : openpgm-5.2.122-21.el8.x86_64                        10/24 
  Verifying        : openstack-neutron-common-1:17.0.0-1.el8.noarch       11/24 
  Verifying        : openstack-neutron-linuxbridge-1:17.0.0-1.el8.noarc   12/24 
  Verifying        : python3-designateclient-4.1.0-2.el8.noarch           13/24 
  Verifying        : python3-neutron-1:17.0.0-1.el8.noarch                14/24 
  Verifying        : python3-neutron-lib-2.6.1-2.el8.noarch               15/24 
  Verifying        : python3-os-ken-1.2.0-2.el8.noarch                    16/24 
  Verifying        : python3-os-xenapi-0.3.4-1.el8.noarch                 17/24 
  Verifying        : python3-osprofiler-3.4.0-2.el8.noarch                18/24 
  Verifying        : python3-setproctitle-1.1.10-16.el8.x86_64            19/24 
  Verifying        : python3-tinyrpc-1.0.3-1.el8.noarch                   20/24 
  Verifying        : python3-webtest-2.0.35-3.el8.noarch                  21/24 
  Verifying        : python3-werkzeug-1.0.1-3.el8.noarch                  22/24 
  Verifying        : python3-zmq-19.0.0-3.el8.x86_64                      23/24 
  Verifying        : zeromq-4.3.2-1.el8.x86_64                            24/24 

Installed:
  libev-4.24-6.el8.x86_64                                                       
  libunwind-1.3.1-3.el8.x86_64                                                  
  openpgm-5.2.122-21.el8.x86_64                                                 
  openstack-neutron-common-1:17.0.0-1.el8.noarch                                
  openstack-neutron-linuxbridge-1:17.0.0-1.el8.noarch                           
  python3-designateclient-4.1.0-2.el8.noarch                                    
  python3-gevent-1.2.2-4.el8.x86_64                                             
  python3-httplib2-0.10.3-4.el8.noarch                                          
  python3-logutils-0.3.5-11.el8.noarch                                          
  python3-neutron-1:17.0.0-1.el8.noarch                                         
  python3-neutron-lib-2.6.1-2.el8.noarch                                        
  python3-os-ken-1.2.0-2.el8.noarch                                             
  python3-os-xenapi-0.3.4-1.el8.noarch                                          
  python3-osprofiler-3.4.0-2.el8.noarch                                         
  python3-pecan-1.3.2-9.el8.noarch                                              
  python3-setproctitle-1.1.10-16.el8.x86_64                                     
  python3-simplegeneric-0.8.1-17.el8.noarch                                     
  python3-singledispatch-3.4.0.3-18.el8.noarch                                  
  python3-tinyrpc-1.0.3-1.el8.noarch                                            
  python3-waitress-1.4.2-1.el8.noarch                                           
  python3-webtest-2.0.35-3.el8.noarch                                           
  python3-werkzeug-1.0.1-3.el8.noarch                                           
  python3-zmq-19.0.0-3.el8.x86_64                                               
  zeromq-4.3.2-1.el8.x86_64                                                     

Complete!
Configuring neutron for compute node.
Configuring /etc/neutron/neutron.conf.
Configuring RabbitMQ message queue access.
'/etc/neutron/neutron.conf' -> '/tmp/029_etc_neutron_neutron.conf.iniset'
iniset /tmp/029_etc_neutron_neutron.conf.iniset DEFAULT transport_url rabbit://openstack:rabbitPass@controller
'/etc/neutron/neutron.conf' -> '/tmp/030_etc_neutron_neutron.conf.iniset'
iniset /tmp/030_etc_neutron_neutron.conf.iniset DEFAULT auth_strategy keystone
'/etc/neutron/neutron.conf' -> '/tmp/031_etc_neutron_neutron.conf.iniset'
iniset /tmp/031_etc_neutron_neutron.conf.iniset keystone_authtoken www_authenticate_uri http://controller:5000
'/etc/neutron/neutron.conf' -> '/tmp/032_etc_neutron_neutron.conf.iniset'
iniset /tmp/032_etc_neutron_neutron.conf.iniset keystone_authtoken auth_url http://controller:5000
'/etc/neutron/neutron.conf' -> '/tmp/033_etc_neutron_neutron.conf.iniset'
iniset /tmp/033_etc_neutron_neutron.conf.iniset keystone_authtoken memcached_servers controller:11211
'/etc/neutron/neutron.conf' -> '/tmp/034_etc_neutron_neutron.conf.iniset'
iniset /tmp/034_etc_neutron_neutron.conf.iniset keystone_authtoken auth_type password
'/etc/neutron/neutron.conf' -> '/tmp/035_etc_neutron_neutron.conf.iniset'
iniset /tmp/035_etc_neutron_neutron.conf.iniset keystone_authtoken project_domain_name default
'/etc/neutron/neutron.conf' -> '/tmp/036_etc_neutron_neutron.conf.iniset'
iniset /tmp/036_etc_neutron_neutron.conf.iniset keystone_authtoken user_domain_name default
'/etc/neutron/neutron.conf' -> '/tmp/037_etc_neutron_neutron.conf.iniset'
iniset /tmp/037_etc_neutron_neutron.conf.iniset keystone_authtoken project_name service
'/etc/neutron/neutron.conf' -> '/tmp/038_etc_neutron_neutron.conf.iniset'
iniset /tmp/038_etc_neutron_neutron.conf.iniset keystone_authtoken username neutron
'/etc/neutron/neutron.conf' -> '/tmp/039_etc_neutron_neutron.conf.iniset'
iniset /tmp/039_etc_neutron_neutron.conf.iniset keystone_authtoken password neutronPass
'/etc/neutron/neutron.conf' -> '/tmp/040_etc_neutron_neutron.conf.iniset'
iniset /tmp/040_etc_neutron_neutron.conf.iniset oslo_concurrency lock_path /var/lib/neutron/tmp
