Success. Node compute in mgmt: 10.0.0.31.
IP address of this node's interface in management network: 10.0.0.31.
Installing Swift and other packages required for Object Storage..
Last metadata expiration check: 1:08:41 ago on Tue 29 Dec 2020 03:37:17 AM EST.
Package openstack-swift-account-2.26.0-2.el8.noarch is already installed.
Package openstack-swift-container-2.26.0-2.el8.noarch is already installed.
Package openstack-swift-object-2.26.0-2.el8.noarch is already installed.
Package xfsprogs-5.0.0-4.el8.x86_64 is already installed.
Package rsync-3.1.3-9.el8.x86_64 is already installed.
Package openssh-clients-8.0p1-5.el8.x86_64 is already installed.
Dependencies resolved.
Nothing to do.
Complete!
Configuring Disks for swift Object Storage.
meta-data=/dev/sdb               isize=512    agcount=4, agsize=524288 blks
         =                       sectsz=512   attr=2, projid32bit=1
         =                       crc=1        finobt=1, sparse=1, rmapbt=0
         =                       reflink=1
data     =                       bsize=4096   blocks=2097152, imaxpct=25
         =                       sunit=0      swidth=0 blks
naming   =version 2              bsize=4096   ascii-ci=0, ftype=1
log      =internal log           bsize=4096   blocks=2560, version=2
         =                       sectsz=512   sunit=0 blks, lazy-count=1
realtime =none                   extsz=4096   blocks=0, rtextents=0
meta-data=/dev/sdc               isize=512    agcount=4, agsize=524288 blks
         =                       sectsz=512   attr=2, projid32bit=1
         =                       crc=1        finobt=1, sparse=1, rmapbt=0
         =                       reflink=1
data     =                       bsize=4096   blocks=2097152, imaxpct=25
         =                       sunit=0      swidth=0 blks
naming   =version 2              bsize=4096   ascii-ci=0, ftype=1
log      =internal log           bsize=4096   blocks=2560, version=2
         =                       sectsz=512   sunit=0 blks, lazy-count=1
realtime =none                   extsz=4096   blocks=0, rtextents=0
Making Entries into /ets/fstab to make the devices available on reboot
/dev/sdb /srv/node/sdb xfs noatime,nodiratime,nobarrier,logbufs=8 0 2
/dev/sdc /srv/node/sdc xfs noatime,nodiratime,nobarrier,logbufs=8 0 2
'/etc/rsyncd.conf' -> '/tmp/083_etc_rsyncd.conf.iniset'
'/etc/rsyncd.conf' -> '/tmp/084_etc_rsyncd.conf.iniset'
'/etc/rsyncd.conf' -> '/tmp/085_etc_rsyncd.conf.iniset'
'/etc/rsyncd.conf' -> '/tmp/086_etc_rsyncd.conf.iniset'
'/etc/rsyncd.conf' -> '/tmp/087_etc_rsyncd.conf.iniset'
'/etc/rsyncd.conf' -> '/tmp/088_etc_rsyncd.conf.iniset'
iniset /tmp/088_etc_rsyncd.conf.iniset account max connections 2
'/etc/rsyncd.conf' -> '/tmp/089_etc_rsyncd.conf.iniset'
iniset /tmp/089_etc_rsyncd.conf.iniset account path /srv/node/
'/etc/rsyncd.conf' -> '/tmp/090_etc_rsyncd.conf.iniset'
iniset /tmp/090_etc_rsyncd.conf.iniset account read only False
'/etc/rsyncd.conf' -> '/tmp/091_etc_rsyncd.conf.iniset'
iniset /tmp/091_etc_rsyncd.conf.iniset account lock file /var/lock/account.lock
'/etc/rsyncd.conf' -> '/tmp/092_etc_rsyncd.conf.iniset'
iniset /tmp/092_etc_rsyncd.conf.iniset container max connections 2
'/etc/rsyncd.conf' -> '/tmp/093_etc_rsyncd.conf.iniset'
iniset /tmp/093_etc_rsyncd.conf.iniset container path /srv/node/
'/etc/rsyncd.conf' -> '/tmp/094_etc_rsyncd.conf.iniset'
iniset /tmp/094_etc_rsyncd.conf.iniset container read only False
'/etc/rsyncd.conf' -> '/tmp/095_etc_rsyncd.conf.iniset'
iniset /tmp/095_etc_rsyncd.conf.iniset container lock file /var/lock/container.lock
'/etc/rsyncd.conf' -> '/tmp/096_etc_rsyncd.conf.iniset'
iniset /tmp/096_etc_rsyncd.conf.iniset object max connections 2
'/etc/rsyncd.conf' -> '/tmp/097_etc_rsyncd.conf.iniset'
iniset /tmp/097_etc_rsyncd.conf.iniset object path /srv/node/
'/etc/rsyncd.conf' -> '/tmp/098_etc_rsyncd.conf.iniset'
iniset /tmp/098_etc_rsyncd.conf.iniset object read only False
'/etc/rsyncd.conf' -> '/tmp/099_etc_rsyncd.conf.iniset'
iniset /tmp/099_etc_rsyncd.conf.iniset object lock file /var/lock/object.lock
'/etc/default/rsync' -> '/tmp/100_etc_default_rsync.iniset'
start the rsync service.
Failed to enable unit: Unit file rsyncd.service does not exist.
