Success. Node compute in mgmt: 10.0.0.31.
IP address of this node's interface in management network: 10.0.0.31.
Installing Swift and other packages required for Object Storage..
Last metadata expiration check: 1:42:42 ago on Tue 29 Dec 2020 03:37:17 AM EST.
Package xfsprogs-5.0.0-4.el8.x86_64 is already installed.
Package rsync-3.1.3-9.el8.x86_64 is already installed.
Package openssh-clients-8.0p1-5.el8.x86_64 is already installed.
Dependencies resolved.
================================================================================
 Package                     Arch     Version        Repository            Size
================================================================================
Installing:
 openstack-swift-account     noarch   2.26.0-2.el8   openstack-victoria    24 k
 openstack-swift-container   noarch   2.26.0-2.el8   openstack-victoria    28 k
 openstack-swift-object      noarch   2.26.0-2.el8   openstack-victoria    30 k
 rsync-daemon                noarch   3.1.3-9.el8    baseos                43 k
Installing dependencies:
 liberasurecode              x86_64   1.6.0-4.el8    openstack-victoria    59 k
 python3-pyeclib             x86_64   1.6.0-2.el8    openstack-victoria    54 k
 python3-pyxattr             x86_64   0.5.3-18.el8   PowerTools            36 k
 python3-swift               noarch   2.26.0-2.el8   openstack-victoria   1.5 M

Transaction Summary
================================================================================
Install  8 Packages

Total download size: 1.8 M
Installed size: 6.5 M
Downloading Packages:
(1/8): rsync-daemon-3.1.3-9.el8.noarch.rpm      167 kB/s |  43 kB     00:00    
(2/8): python3-pyxattr-0.5.3-18.el8.x86_64.rpm  126 kB/s |  36 kB     00:00    
(3/8): liberasurecode-1.6.0-4.el8.x86_64.rpm    177 kB/s |  59 kB     00:00    
(4/8): openstack-swift-container-2.26.0-2.el8.n 265 kB/s |  28 kB     00:00    
(5/8): openstack-swift-object-2.26.0-2.el8.noar 394 kB/s |  30 kB     00:00    
(6/8): openstack-swift-account-2.26.0-2.el8.noa 137 kB/s |  24 kB     00:00    
(7/8): python3-pyeclib-1.6.0-2.el8.x86_64.rpm   288 kB/s |  54 kB     00:00    
(8/8): python3-swift-2.26.0-2.el8.noarch.rpm    3.8 MB/s | 1.5 MB     00:00    
--------------------------------------------------------------------------------
Total                                           952 kB/s | 1.8 MB     00:01     
Running transaction check
Transaction check succeeded.
Running transaction test
Transaction test succeeded.
Running transaction
  Preparing        :                                                        1/1 
  Installing       : liberasurecode-1.6.0-4.el8.x86_64                      1/8 
  Running scriptlet: liberasurecode-1.6.0-4.el8.x86_64                      1/8 
  Installing       : python3-pyeclib-1.6.0-2.el8.x86_64                     2/8 
  Installing       : python3-pyxattr-0.5.3-18.el8.x86_64                    3/8 
  Running scriptlet: python3-swift-2.26.0-2.el8.noarch                      4/8 
  Installing       : python3-swift-2.26.0-2.el8.noarch                      4/8 
  Running scriptlet: python3-swift-2.26.0-2.el8.noarch                      4/8 
  Installing       : openstack-swift-account-2.26.0-2.el8.noarch            5/8 
  Running scriptlet: openstack-swift-account-2.26.0-2.el8.noarch            5/8 
  Installing       : openstack-swift-container-2.26.0-2.el8.noarch          6/8 
  Running scriptlet: openstack-swift-container-2.26.0-2.el8.noarch          6/8 
  Installing       : openstack-swift-object-2.26.0-2.el8.noarch             7/8 
  Running scriptlet: openstack-swift-object-2.26.0-2.el8.noarch             7/8 
  Installing       : rsync-daemon-3.1.3-9.el8.noarch                        8/8 
  Running scriptlet: rsync-daemon-3.1.3-9.el8.noarch                        8/8 
  Verifying        : rsync-daemon-3.1.3-9.el8.noarch                        1/8 
  Verifying        : python3-pyxattr-0.5.3-18.el8.x86_64                    2/8 
  Verifying        : liberasurecode-1.6.0-4.el8.x86_64                      3/8 
  Verifying        : openstack-swift-account-2.26.0-2.el8.noarch            4/8 
  Verifying        : openstack-swift-container-2.26.0-2.el8.noarch          5/8 
  Verifying        : openstack-swift-object-2.26.0-2.el8.noarch             6/8 
  Verifying        : python3-pyeclib-1.6.0-2.el8.x86_64                     7/8 
  Verifying        : python3-swift-2.26.0-2.el8.noarch                      8/8 

Installed:
  liberasurecode-1.6.0-4.el8.x86_64                                             
  openstack-swift-account-2.26.0-2.el8.noarch                                   
  openstack-swift-container-2.26.0-2.el8.noarch                                 
  openstack-swift-object-2.26.0-2.el8.noarch                                    
  python3-pyeclib-1.6.0-2.el8.x86_64                                            
  python3-pyxattr-0.5.3-18.el8.x86_64                                           
  python3-swift-2.26.0-2.el8.noarch                                             
  rsync-daemon-3.1.3-9.el8.noarch                                               

Complete!
Configuring Disks for swift Object Storage.
meta-data=/dev/sdb               isize=512    agcount=4, agsize=524288 blks
         =                       sectsz=512   attr=2, projid32bit=1
         =                       crc=1        finobt=1, sparse=1, rmapbt=0
         =                       reflink=1
data     =                       bsize=4096   blocks=2097152, imaxpct=25
         =                       sunit=0      swidth=0 blks
naming   =version 2              bsize=4096   ascii-ci=0, ftype=1
log      =internal log           bsize=4096   blocks=2560, version=2
         =                       sectsz=512   sunit=0 blks, lazy-count=1
realtime =none                   extsz=4096   blocks=0, rtextents=0
meta-data=/dev/sdc               isize=512    agcount=4, agsize=524288 blks
         =                       sectsz=512   attr=2, projid32bit=1
         =                       crc=1        finobt=1, sparse=1, rmapbt=0
         =                       reflink=1
data     =                       bsize=4096   blocks=2097152, imaxpct=25
         =                       sunit=0      swidth=0 blks
naming   =version 2              bsize=4096   ascii-ci=0, ftype=1
log      =internal log           bsize=4096   blocks=2560, version=2
         =                       sectsz=512   sunit=0 blks, lazy-count=1
realtime =none                   extsz=4096   blocks=0, rtextents=0
Making Entries into /ets/fstab to make the devices available on reboot
/dev/sdb /srv/node/sdb xfs noatime,nodiratime,nobarrier,logbufs=8 0 2
/dev/sdc /srv/node/sdc xfs noatime,nodiratime,nobarrier,logbufs=8 0 2
'/etc/rsyncd.conf' -> '/tmp/174_etc_rsyncd.conf.iniset'
'/etc/rsyncd.conf' -> '/tmp/175_etc_rsyncd.conf.iniset'
'/etc/rsyncd.conf' -> '/tmp/176_etc_rsyncd.conf.iniset'
'/etc/rsyncd.conf' -> '/tmp/177_etc_rsyncd.conf.iniset'
'/etc/rsyncd.conf' -> '/tmp/178_etc_rsyncd.conf.iniset'
'/etc/rsyncd.conf' -> '/tmp/179_etc_rsyncd.conf.iniset'
iniset /tmp/179_etc_rsyncd.conf.iniset account max connections 2
'/etc/rsyncd.conf' -> '/tmp/180_etc_rsyncd.conf.iniset'
iniset /tmp/180_etc_rsyncd.conf.iniset account path /srv/node/
'/etc/rsyncd.conf' -> '/tmp/181_etc_rsyncd.conf.iniset'
iniset /tmp/181_etc_rsyncd.conf.iniset account read only False
'/etc/rsyncd.conf' -> '/tmp/182_etc_rsyncd.conf.iniset'
iniset /tmp/182_etc_rsyncd.conf.iniset account lock file /var/lock/account.lock
'/etc/rsyncd.conf' -> '/tmp/183_etc_rsyncd.conf.iniset'
iniset /tmp/183_etc_rsyncd.conf.iniset container max connections 2
'/etc/rsyncd.conf' -> '/tmp/184_etc_rsyncd.conf.iniset'
iniset /tmp/184_etc_rsyncd.conf.iniset container path /srv/node/
'/etc/rsyncd.conf' -> '/tmp/185_etc_rsyncd.conf.iniset'
iniset /tmp/185_etc_rsyncd.conf.iniset container read only False
'/etc/rsyncd.conf' -> '/tmp/186_etc_rsyncd.conf.iniset'
iniset /tmp/186_etc_rsyncd.conf.iniset container lock file /var/lock/container.lock
'/etc/rsyncd.conf' -> '/tmp/187_etc_rsyncd.conf.iniset'
iniset /tmp/187_etc_rsyncd.conf.iniset object max connections 2
'/etc/rsyncd.conf' -> '/tmp/188_etc_rsyncd.conf.iniset'
iniset /tmp/188_etc_rsyncd.conf.iniset object path /srv/node/
'/etc/rsyncd.conf' -> '/tmp/189_etc_rsyncd.conf.iniset'
iniset /tmp/189_etc_rsyncd.conf.iniset object read only False
'/etc/rsyncd.conf' -> '/tmp/190_etc_rsyncd.conf.iniset'
iniset /tmp/190_etc_rsyncd.conf.iniset object lock file /var/lock/object.lock
'/etc/default/rsync' -> '/tmp/191_etc_default_rsync.iniset'
start the rsync service.
Created symlink /etc/systemd/system/multi-user.target.wants/rsyncd.service → /usr/lib/systemd/system/rsyncd.service.
● rsyncd.service - fast remote file copy program daemon
   Loaded: loaded (/usr/lib/systemd/system/rsyncd.service; enabled; vendor preset: disabled)
   Active: active (running) since Tue 2020-12-29 05:20:04 EST; 16ms ago
 Main PID: 18690 (rsync)
    Tasks: 1 (limit: 17859)
   Memory: 280.0K
   CGroup: /system.slice/rsyncd.service
           └─18690 /usr/bin/rsync --daemon --no-detach

Dec 29 05:20:04 compute systemd[1]: Started fast remote file copy program daemon.
  % Total    % Received % Xferd  Average Speed   Time    Time     Time  Current
                                 Dload  Upload   Total   Spent    Left  Speed
  0     0    0     0    0     0      0      0 --:--:-- --:--:-- --:--:--     0  0     0    0     0    0     0      0      0 --:--:-- --:--:-- --:--:--     0  0     0    0     0    0     0      0      0 --:--:--  0:00:01 --:--:--     0100 11752    0 11752    0     0   5413      0 --:--:--  0:00:02 --:--:--  5413
  % Total    % Received % Xferd  Average Speed   Time    Time     Time  Current
                                 Dload  Upload   Total   Spent    Left  Speed
  0     0    0     0    0     0      0      0 --:--:-- --:--:-- --:--:--     0  0     0    0     0    0     0      0      0 --:--:-- --:--:-- --:--:--     0  0     0    0     0    0     0      0      0 --:--:--  0:00:01 --:--:--     0100 18462    0 18462    0     0   8639      0 --:--:--  0:00:02 --:--:--  8639
  % Total    % Received % Xferd  Average Speed   Time    Time     Time  Current
                                 Dload  Upload   Total   Spent    Left  Speed
  0     0    0     0    0     0      0      0 --:--:-- --:--:-- --:--:--     0  0     0    0     0    0     0      0      0 --:--:-- --:--:-- --:--:--     0  0     0    0     0    0     0      0      0 --:--:--  0:00:01 --:--:--     0100 18432    0 18432    0     0   7783      0 --:--:--  0:00:02 --:--:--  7780100 18940    0 18940    0     0   7994      0 --:--:--  0:00:02 --:--:--  7991
'/etc/swift/account-server.conf' -> '/tmp/192_etc_swift_account-server.conf.iniset'
iniset /tmp/192_etc_swift_account-server.conf.iniset DEFAULT bind_ip 10.0.0.31
'/etc/swift/account-server.conf' -> '/tmp/193_etc_swift_account-server.conf.iniset'
iniset /tmp/193_etc_swift_account-server.conf.iniset DEFAULT bind_port 6202
'/etc/swift/account-server.conf' -> '/tmp/194_etc_swift_account-server.conf.iniset'
iniset /tmp/194_etc_swift_account-server.conf.iniset DEFAULT user swift
'/etc/swift/account-server.conf' -> '/tmp/195_etc_swift_account-server.conf.iniset'
iniset /tmp/195_etc_swift_account-server.conf.iniset DEFAULT swift_dir /etc/swift
'/etc/swift/account-server.conf' -> '/tmp/196_etc_swift_account-server.conf.iniset'
iniset /tmp/196_etc_swift_account-server.conf.iniset DEFAULT devices /srv/node
'/etc/swift/account-server.conf' -> '/tmp/197_etc_swift_account-server.conf.iniset'
iniset /tmp/197_etc_swift_account-server.conf.iniset DEFAULT mount_check True
'/etc/swift/account-server.conf' -> '/tmp/198_etc_swift_account-server.conf.iniset'
iniset /tmp/198_etc_swift_account-server.conf.iniset pipeline:main pipeline healthcheck recon account-server
'/etc/swift/account-server.conf' -> '/tmp/199_etc_swift_account-server.conf.iniset'
iniset /tmp/199_etc_swift_account-server.conf.iniset filter:recon use egg:swift#recon
'/etc/swift/account-server.conf' -> '/tmp/200_etc_swift_account-server.conf.iniset'
iniset /tmp/200_etc_swift_account-server.conf.iniset filter:recon recon_cache_path /var/cache/swift
'/etc/swift/container-server.conf' -> '/tmp/201_etc_swift_container-server.conf.iniset'
iniset /tmp/201_etc_swift_container-server.conf.iniset DEFAULT bind_ip 10.0.0.31
'/etc/swift/container-server.conf' -> '/tmp/202_etc_swift_container-server.conf.iniset'
iniset /tmp/202_etc_swift_container-server.conf.iniset DEFAULT bind_port 6201
'/etc/swift/container-server.conf' -> '/tmp/203_etc_swift_container-server.conf.iniset'
iniset /tmp/203_etc_swift_container-server.conf.iniset DEFAULT user swift
'/etc/swift/container-server.conf' -> '/tmp/204_etc_swift_container-server.conf.iniset'
iniset /tmp/204_etc_swift_container-server.conf.iniset DEFAULT swift_dir /etc/swift
'/etc/swift/container-server.conf' -> '/tmp/205_etc_swift_container-server.conf.iniset'
iniset /tmp/205_etc_swift_container-server.conf.iniset DEFAULT devices /srv/node
'/etc/swift/container-server.conf' -> '/tmp/206_etc_swift_container-server.conf.iniset'
iniset /tmp/206_etc_swift_container-server.conf.iniset DEFAULT mount_check True
'/etc/swift/container-server.conf' -> '/tmp/207_etc_swift_container-server.conf.iniset'
iniset /tmp/207_etc_swift_container-server.conf.iniset pipeline:main pipeline healthcheck recon container-server
'/etc/swift/container-server.conf' -> '/tmp/208_etc_swift_container-server.conf.iniset'
iniset /tmp/208_etc_swift_container-server.conf.iniset filter:recon use egg:swift#recon
'/etc/swift/container-server.conf' -> '/tmp/209_etc_swift_container-server.conf.iniset'
iniset /tmp/209_etc_swift_container-server.conf.iniset filter:recon recon_cache_path /var/cache/swift
'/etc/swift/object-server.conf' -> '/tmp/210_etc_swift_object-server.conf.iniset'
iniset /tmp/210_etc_swift_object-server.conf.iniset DEFAULT bind_ip 10.0.0.31
'/etc/swift/object-server.conf' -> '/tmp/211_etc_swift_object-server.conf.iniset'
iniset /tmp/211_etc_swift_object-server.conf.iniset DEFAULT bind_port 6200
'/etc/swift/object-server.conf' -> '/tmp/212_etc_swift_object-server.conf.iniset'
iniset /tmp/212_etc_swift_object-server.conf.iniset DEFAULT user swift
'/etc/swift/object-server.conf' -> '/tmp/213_etc_swift_object-server.conf.iniset'
iniset /tmp/213_etc_swift_object-server.conf.iniset DEFAULT swift_dir /etc/swift
'/etc/swift/object-server.conf' -> '/tmp/214_etc_swift_object-server.conf.iniset'
iniset /tmp/214_etc_swift_object-server.conf.iniset DEFAULT devices /srv/node
'/etc/swift/object-server.conf' -> '/tmp/215_etc_swift_object-server.conf.iniset'
iniset /tmp/215_etc_swift_object-server.conf.iniset DEFAULT mount_check True
'/etc/swift/object-server.conf' -> '/tmp/216_etc_swift_object-server.conf.iniset'
iniset /tmp/216_etc_swift_object-server.conf.iniset pipeline:main pipeline healthcheck recon object-server
'/etc/swift/object-server.conf' -> '/tmp/217_etc_swift_object-server.conf.iniset'
iniset /tmp/217_etc_swift_object-server.conf.iniset filter:recon use egg:swift#recon
'/etc/swift/object-server.conf' -> '/tmp/218_etc_swift_object-server.conf.iniset'
iniset /tmp/218_etc_swift_object-server.conf.iniset filter:recon recon_cache_path /var/cache/swift
'/etc/swift/object-server.conf' -> '/tmp/219_etc_swift_object-server.conf.iniset'
iniset /tmp/219_etc_swift_object-server.conf.iniset filter:recon recon_lock_path /var/lock
Warning: ALREADY_ENABLED: 873:tcp
Warning: ALREADY_ENABLED: 6200:tcp
Warning: ALREADY_ENABLED: 6201:tcp
Warning: ALREADY_ENABLED: 6202:tcp
success
success
  % Total    % Received % Xferd  Average Speed   Time    Time     Time  Current
                                 Dload  Upload   Total   Spent    Left  Speed
  0     0    0     0    0     0      0      0 --:--:-- --:--:-- --:--:--     0  0     0    0     0    0     0      0      0 --:--:--  0:00:01 --:--:--     0  0     0    0     0    0     0      0      0 --:--:--  0:00:02 --:--:--     0100  8443    0  8443    0     0   4198      0 --:--:--  0:00:02 --:--:--  4198
'/etc/swift/swift.conf' -> '/tmp/220_etc_swift_swift.conf.iniset'
iniset /tmp/220_etc_swift_swift.conf.iniset swift-hash swift_hash_path_suffix TSPSuff12
'/etc/swift/swift.conf' -> '/tmp/221_etc_swift_swift.conf.iniset'
iniset /tmp/221_etc_swift_swift.conf.iniset swift-hash swift_hash_path_prefix TSPPre12
'/etc/swift/swift.conf' -> '/tmp/222_etc_swift_swift.conf.iniset'
iniset /tmp/222_etc_swift_swift.conf.iniset storage-policy:0 name Policy-0
'/etc/swift/swift.conf' -> '/tmp/223_etc_swift_swift.conf.iniset'
iniset /tmp/223_etc_swift_swift.conf.iniset storage-policy:0 default yes
Created symlink /etc/systemd/system/multi-user.target.wants/openstack-swift-account.service → /usr/lib/systemd/system/openstack-swift-account.service.
Created symlink /etc/systemd/system/multi-user.target.wants/openstack-swift-account-replicator.service → /usr/lib/systemd/system/openstack-swift-account-replicator.service.
Created symlink /etc/systemd/system/multi-user.target.wants/openstack-swift-account-auditor.service → /usr/lib/systemd/system/openstack-swift-account-auditor.service.
Created symlink /etc/systemd/system/multi-user.target.wants/openstack-swift-container.service → /usr/lib/systemd/system/openstack-swift-container.service.
Created symlink /etc/systemd/system/multi-user.target.wants/openstack-swift-container-replicator.service → /usr/lib/systemd/system/openstack-swift-container-replicator.service.
Created symlink /etc/systemd/system/multi-user.target.wants/openstack-swift-container-updater.service → /usr/lib/systemd/system/openstack-swift-container-updater.service.
Created symlink /etc/systemd/system/multi-user.target.wants/openstack-swift-container-auditor.service → /usr/lib/systemd/system/openstack-swift-container-auditor.service.
Created symlink /etc/systemd/system/multi-user.target.wants/openstack-swift-object.service → /usr/lib/systemd/system/openstack-swift-object.service.
Created symlink /etc/systemd/system/multi-user.target.wants/openstack-swift-object-replicator.service → /usr/lib/systemd/system/openstack-swift-object-replicator.service.
Created symlink /etc/systemd/system/multi-user.target.wants/openstack-swift-object-updater.service → /usr/lib/systemd/system/openstack-swift-object-updater.service.
Created symlink /etc/systemd/system/multi-user.target.wants/openstack-swift-object-auditor.service → /usr/lib/systemd/system/openstack-swift-object-auditor.service.
