Success. Node compute in mgmt: 10.0.0.31.
IP address of this node's interface in management network: 10.0.0.31.
Installing Swift and other packages required for Object Storage..
Last metadata expiration check: 1:02:45 ago on Thu 31 Dec 2020 04:23:03 AM EST.
Package xfsprogs-5.0.0-4.el8.x86_64 is already installed.
Package rsync-3.1.3-9.el8.x86_64 is already installed.
Package rsync-daemon-3.1.3-9.el8.noarch is already installed.
Package openssh-clients-8.0p1-5.el8.x86_64 is already installed.
Dependencies resolved.
================================================================================
 Package                     Arch     Version        Repository            Size
================================================================================
Installing:
 openstack-swift-account     noarch   2.26.0-2.el8   openstack-victoria    24 k
 openstack-swift-container   noarch   2.26.0-2.el8   openstack-victoria    28 k
 openstack-swift-object      noarch   2.26.0-2.el8   openstack-victoria    30 k
Installing dependencies:
 liberasurecode              x86_64   1.6.0-4.el8    openstack-victoria    59 k
 python3-pyeclib             x86_64   1.6.0-2.el8    openstack-victoria    54 k
 python3-pyxattr             x86_64   0.5.3-18.el8   PowerTools            36 k
 python3-swift               noarch   2.26.0-2.el8   openstack-victoria   1.5 M

Transaction Summary
================================================================================
Install  7 Packages

Total download size: 1.8 M
Installed size: 6.4 M
Downloading Packages:
(1/7): python3-pyxattr-0.5.3-18.el8.x86_64.rpm  213 kB/s |  36 kB     00:00    
(2/7): openstack-swift-account-2.26.0-2.el8.noa 100 kB/s |  24 kB     00:00    
(3/7): liberasurecode-1.6.0-4.el8.x86_64.rpm    205 kB/s |  59 kB     00:00    
(4/7): openstack-swift-container-2.26.0-2.el8.n 185 kB/s |  28 kB     00:00    
(5/7): openstack-swift-object-2.26.0-2.el8.noar 229 kB/s |  30 kB     00:00    
(6/7): python3-pyeclib-1.6.0-2.el8.x86_64.rpm   478 kB/s |  54 kB     00:00    
(7/7): python3-swift-2.26.0-2.el8.noarch.rpm    4.2 MB/s | 1.5 MB     00:00    
--------------------------------------------------------------------------------
Total                                           1.0 MB/s | 1.8 MB     00:01     
Running transaction check
Transaction check succeeded.
Running transaction test
Transaction test succeeded.
Running transaction
  Preparing        :                                                        1/1 
  Installing       : liberasurecode-1.6.0-4.el8.x86_64                      1/7 
  Running scriptlet: liberasurecode-1.6.0-4.el8.x86_64                      1/7 
  Installing       : python3-pyeclib-1.6.0-2.el8.x86_64                     2/7 
  Installing       : python3-pyxattr-0.5.3-18.el8.x86_64                    3/7 
  Running scriptlet: python3-swift-2.26.0-2.el8.noarch                      4/7 
  Installing       : python3-swift-2.26.0-2.el8.noarch                      4/7 
  Running scriptlet: python3-swift-2.26.0-2.el8.noarch                      4/7 
  Installing       : openstack-swift-account-2.26.0-2.el8.noarch            5/7 
  Running scriptlet: openstack-swift-account-2.26.0-2.el8.noarch            5/7 
  Installing       : openstack-swift-container-2.26.0-2.el8.noarch          6/7 
  Running scriptlet: openstack-swift-container-2.26.0-2.el8.noarch          6/7 
  Installing       : openstack-swift-object-2.26.0-2.el8.noarch             7/7 
  Running scriptlet: openstack-swift-object-2.26.0-2.el8.noarch             7/7 
  Verifying        : python3-pyxattr-0.5.3-18.el8.x86_64                    1/7 
  Verifying        : liberasurecode-1.6.0-4.el8.x86_64                      2/7 
  Verifying        : openstack-swift-account-2.26.0-2.el8.noarch            3/7 
  Verifying        : openstack-swift-container-2.26.0-2.el8.noarch          4/7 
  Verifying        : openstack-swift-object-2.26.0-2.el8.noarch             5/7 
  Verifying        : python3-pyeclib-1.6.0-2.el8.x86_64                     6/7 
  Verifying        : python3-swift-2.26.0-2.el8.noarch                      7/7 

Installed:
  liberasurecode-1.6.0-4.el8.x86_64                                             
  openstack-swift-account-2.26.0-2.el8.noarch                                   
  openstack-swift-container-2.26.0-2.el8.noarch                                 
  openstack-swift-object-2.26.0-2.el8.noarch                                    
  python3-pyeclib-1.6.0-2.el8.x86_64                                            
  python3-pyxattr-0.5.3-18.el8.x86_64                                           
  python3-swift-2.26.0-2.el8.noarch                                             

Complete!
Configuring Disks for swift Object Storage.
mkfs.xfs: /dev/sdb contains a mounted filesystem
Usage: mkfs.xfs
/* blocksize */		[-b size=num]
/* metadata */		[-m crc=0|1,finobt=0|1,uuid=xxx,rmapbt=0|1,reflink=0|1]
/* data subvol */	[-d agcount=n,agsize=n,file,name=xxx,size=num,
			    (sunit=value,swidth=value|su=num,sw=num|noalign),
			    sectsize=num
/* force overwrite */	[-f]
/* inode size */	[-i log=n|perblock=n|size=num,maxpct=n,attr=0|1|2,
			    projid32bit=0|1,sparse=0|1]
/* no discard */	[-K]
/* log subvol */	[-l agnum=n,internal,size=num,logdev=xxx,version=n
			    sunit=value|su=num,sectsize=num,lazy-count=0|1]
/* label */		[-L label (maximum 12 characters)]
/* naming */		[-n size=num,version=2|ci,ftype=0|1]
/* no-op info only */	[-N]
/* prototype file */	[-p fname]
/* quiet */		[-q]
/* realtime subvol */	[-r extsize=num,size=num,rtdev=xxx]
/* sectorsize */	[-s size=num]
/* version */		[-V]
			devicename
<devicename> is required unless -d name=xxx is given.
<num> is xxx (bytes), xxxs (sectors), xxxb (fs blocks), xxxk (xxx KiB),
      xxxm (xxx MiB), xxxg (xxx GiB), xxxt (xxx TiB) or xxxp (xxx PiB).
<value> is xxx (512 byte blocks).
