apt_download: mariadb-server python3-mysqldb

WARNING: apt does not have a stable CLI interface. Use with caution in scripts.

Reading package lists...
Building dependency tree...
Reading state information...
The following additional packages will be installed:
  galera-4 libcgi-fast-perl libcgi-pm-perl libdbd-mariadb-perl libdbi-perl
  libencode-locale-perl libfcgi-perl libhtml-parser-perl libhtml-tagset-perl
  libhtml-template-perl libhttp-date-perl libhttp-message-perl libio-html-perl
  liblwp-mediatypes-perl libmariadb3 libmysqlclient21 libpmem1
  libterm-readkey-perl libtimedate-perl liburi-perl mariadb-client-10.6
  mariadb-client-core-10.6 mariadb-common mariadb-server-10.6
  mariadb-server-core-10.6 mysql-common socat
Suggested packages:
  libclone-perl libmldbm-perl libnet-daemon-perl libsql-statement-perl
  libdata-dump-perl libipc-sharedcache-perl libwww-perl mailx mariadb-test
  python3-mysqldb-dbg
The following NEW packages will be installed:
  galera-4 libcgi-fast-perl libcgi-pm-perl libdbd-mariadb-perl libdbi-perl
  libencode-locale-perl libfcgi-perl libhtml-parser-perl libhtml-tagset-perl
  libhtml-template-perl libhttp-date-perl libhttp-message-perl libio-html-perl
  liblwp-mediatypes-perl libmariadb3 libmysqlclient21 libpmem1
  libterm-readkey-perl libtimedate-perl liburi-perl mariadb-client-10.6
  mariadb-client-core-10.6 mariadb-common mariadb-server mariadb-server-10.6
  mariadb-server-core-10.6 mysql-common python3-mysqldb socat
0 upgraded, 29 newly installed, 0 to remove and 0 not upgraded.
Need to get 29.8 MB/29.8 MB of archives.
After this operation, 232 MB of additional disk space will be used.
Get:1 http://in.archive.ubuntu.com/ubuntu focal-updates/main amd64 libdbi-perl amd64 1.643-1ubuntu0.1 [730 kB]
Err:2 http://in.archive.ubuntu.com/ubuntu focal/main amd64 socat amd64 1.7.3.3-2
  400  Bad Request [IP: 43.255.166.254 80]
Get:3 http://in.archive.ubuntu.com/ubuntu focal/main amd64 libhtml-tagset-perl all 3.20-4 [12.5 kB]
Err:4 http://in.archive.ubuntu.com/ubuntu focal/main amd64 liburi-perl all 1.76-2
  400  Bad Request [IP: 43.255.166.254 80]
Get:5 https://mirrors.bkns.vn/mariadb/repo/10.6/ubuntu focal/main amd64 mysql-common all 1:10.6.7+maria~focal [2,884 B]
Get:6 http://in.archive.ubuntu.com/ubuntu focal/main amd64 libhtml-parser-perl amd64 3.72-5 [86.3 kB]
Err:7 http://in.archive.ubuntu.com/ubuntu focal/main amd64 libcgi-pm-perl all 4.46-1
  400  Bad Request [IP: 43.255.166.254 80]
Get:8 https://mirrors.bkns.vn/mariadb/repo/10.6/ubuntu focal/main amd64 mariadb-common all 1:10.6.7+maria~focal [4,044 B]
Get:9 https://mirrors.bkns.vn/mariadb/repo/10.6/ubuntu focal/main amd64 galera-4 amd64 26.4.11-focal [12.7 MB]
Get:10 http://in.archive.ubuntu.com/ubuntu focal/main amd64 libfcgi-perl amd64 0.79-1 [33.1 kB]
Err:11 http://in.archive.ubuntu.com/ubuntu focal/main amd64 libcgi-fast-perl all 1:2.15-1
  400  Bad Request [IP: 43.255.166.254 80]
Get:12 http://in.archive.ubuntu.com/ubuntu focal-updates/main amd64 libmysqlclient21 amd64 8.0.28-0ubuntu0.20.04.3 [1,292 kB]
Err:13 http://in.archive.ubuntu.com/ubuntu focal/universe amd64 libdbd-mariadb-perl amd64 1.11-3ubuntu2
  400  Bad Request [IP: 43.255.166.254 80]
Get:14 http://in.archive.ubuntu.com/ubuntu focal/main amd64 libencode-locale-perl all 1.05-1 [12.3 kB]
Get:15 http://in.archive.ubuntu.com/ubuntu focal/main amd64 libhtml-template-perl all 2.97-1 [59.0 kB]
Get:16 http://in.archive.ubuntu.com/ubuntu focal/main amd64 libtimedate-perl all 2.3200-1 [34.0 kB]
Get:17 http://in.archive.ubuntu.com/ubuntu focal/main amd64 libhttp-date-perl all 6.05-1 [9,920 B]
Get:18 http://in.archive.ubuntu.com/ubuntu focal/main amd64 libio-html-perl all 1.001-1 [14.9 kB]
Get:19 http://in.archive.ubuntu.com/ubuntu focal/main amd64 liblwp-mediatypes-perl all 6.04-1 [19.5 kB]
Get:20 http://in.archive.ubuntu.com/ubuntu focal/main amd64 libhttp-message-perl all 6.22-1 [76.1 kB]
Get:21 http://in.archive.ubuntu.com/ubuntu focal/main amd64 libterm-readkey-perl amd64 2.38-1build1 [24.6 kB]
Get:22 http://in.archive.ubuntu.com/ubuntu focal/main amd64 python3-mysqldb amd64 1.4.4-2build1 [44.9 kB]
Get:23 https://mirrors.bkns.vn/mariadb/repo/10.6/ubuntu focal/main amd64 libmariadb3 amd64 1:10.6.7+maria~focal [148 kB]
Get:24 https://mirrors.bkns.vn/mariadb/repo/10.6/ubuntu focal/main amd64 mariadb-client-core-10.6 amd64 1:10.6.7+maria~focal [831 kB]
Get:25 https://mirrors.bkns.vn/mariadb/repo/10.6/ubuntu focal/main amd64 mariadb-client-10.6 amd64 1:10.6.7+maria~focal [2,398 kB]
Get:26 https://mirrors.bkns.vn/mariadb/repo/10.6/ubuntu focal/main amd64 mariadb-server-core-10.6 amd64 1:10.6.7+maria~focal [7,109 kB]
Get:27 https://mirrors.bkns.vn/mariadb/repo/10.6/ubuntu focal/main amd64 mariadb-server-10.6 amd64 1:10.6.7+maria~focal [3,423 kB]
Get:28 https://mirrors.bkns.vn/mariadb/repo/10.6/ubuntu focal/main amd64 mariadb-server all 1:10.6.7+maria~focal [2,832 B]
Fetched 29.1 MB in 34s (867 kB/s)
E: Failed to fetch http://in.archive.ubuntu.com/ubuntu/pool/main/s/socat/socat_1.7.3.3-2_amd64.deb  400  Bad Request [IP: 43.255.166.254 80]
E: Failed to fetch http://in.archive.ubuntu.com/ubuntu/pool/main/libu/liburi-perl/liburi-perl_1.76-2_all.deb  400  Bad Request [IP: 43.255.166.254 80]
E: Failed to fetch http://in.archive.ubuntu.com/ubuntu/pool/main/libc/libcgi-pm-perl/libcgi-pm-perl_4.46-1_all.deb  400  Bad Request [IP: 43.255.166.254 80]
E: Failed to fetch http://in.archive.ubuntu.com/ubuntu/pool/main/libc/libcgi-fast-perl/libcgi-fast-perl_2.15-1_all.deb  400  Bad Request [IP: 43.255.166.254 80]
E: Failed to fetch http://in.archive.ubuntu.com/ubuntu/pool/universe/libd/libdbd-mariadb-perl/libdbd-mariadb-perl_1.11-3ubuntu2_amd64.deb  400  Bad Request [IP: 43.255.166.254 80]
E: Some files failed to download
