apt_download: mariadb-server python3-mysqldb

WARNING: apt does not have a stable CLI interface. Use with caution in scripts.

Reading package lists...
Building dependency tree...
Reading state information...
The following additional packages will be installed:
  galera-4 libcgi-fast-perl libcgi-pm-perl libdbd-mariadb-perl libdbi-perl
  libencode-locale-perl libfcgi-perl libhtml-parser-perl libhtml-tagset-perl
  libhtml-template-perl libhttp-date-perl libhttp-message-perl libio-html-perl
  liblwp-mediatypes-perl libmariadb3 libmysqlclient21 libpmem1
  libterm-readkey-perl libtimedate-perl liburi-perl mariadb-client-10.6
  mariadb-client-core-10.6 mariadb-common mariadb-server-10.6
  mariadb-server-core-10.6 mysql-common socat
Suggested packages:
  libclone-perl libmldbm-perl libnet-daemon-perl libsql-statement-perl
  libdata-dump-perl libipc-sharedcache-perl libwww-perl mailx mariadb-test
  python3-mysqldb-dbg
The following NEW packages will be installed:
  galera-4 libcgi-fast-perl libcgi-pm-perl libdbd-mariadb-perl libdbi-perl
  libencode-locale-perl libfcgi-perl libhtml-parser-perl libhtml-tagset-perl
  libhtml-template-perl libhttp-date-perl libhttp-message-perl libio-html-perl
  liblwp-mediatypes-perl libmariadb3 libmysqlclient21 libpmem1
  libterm-readkey-perl libtimedate-perl liburi-perl mariadb-client-10.6
  mariadb-client-core-10.6 mariadb-common mariadb-server mariadb-server-10.6
  mariadb-server-core-10.6 mysql-common python3-mysqldb socat
0 upgraded, 29 newly installed, 0 to remove and 0 not upgraded.
Need to get 702 kB/29.8 MB of archives.
After this operation, 232 MB of additional disk space will be used.
Get:1 http://in.archive.ubuntu.com/ubuntu focal/main amd64 socat amd64 1.7.3.3-2 [323 kB]
Get:2 http://in.archive.ubuntu.com/ubuntu focal/main amd64 liburi-perl all 1.76-2 [77.5 kB]
Get:3 http://in.archive.ubuntu.com/ubuntu focal/main amd64 libcgi-pm-perl all 4.46-1 [186 kB]
Get:4 http://in.archive.ubuntu.com/ubuntu focal/main amd64 libcgi-fast-perl all 1:2.15-1 [10.5 kB]
Get:5 http://in.archive.ubuntu.com/ubuntu focal/universe amd64 libdbd-mariadb-perl amd64 1.11-3ubuntu2 [105 kB]
Fetched 702 kB in 0s (2,440 kB/s)
Download complete and in download only mode
apt_download: mariadb-server rabbitmq-server

WARNING: apt does not have a stable CLI interface. Use with caution in scripts.

Reading package lists...
Building dependency tree...
Reading state information...
The following additional packages will be installed:
  erlang-asn1 erlang-base erlang-crypto erlang-eldap erlang-ftp erlang-inets
  erlang-mnesia erlang-os-mon erlang-parsetools erlang-public-key
  erlang-runtime-tools erlang-snmp erlang-ssl erlang-syntax-tools erlang-tftp
  erlang-tools erlang-xmerl galera-4 libcgi-fast-perl libcgi-pm-perl
  libdbd-mariadb-perl libdbi-perl libencode-locale-perl libfcgi-perl
  libhtml-parser-perl libhtml-tagset-perl libhtml-template-perl
  libhttp-date-perl libhttp-message-perl libio-html-perl
  liblwp-mediatypes-perl libmariadb3 libmysqlclient21 libpmem1 libsctp1
  libterm-readkey-perl libtimedate-perl liburi-perl locales-all
  mariadb-client-10.6 mariadb-client-core-10.6 mariadb-common
  mariadb-server-10.6 mariadb-server-core-10.6 mysql-common socat
Suggested packages:
  erlang erlang-manpages erlang-doc libclone-perl libmldbm-perl
  libnet-daemon-perl libsql-statement-perl libdata-dump-perl
  libipc-sharedcache-perl lksctp-tools libwww-perl mailx mariadb-test
The following NEW packages will be installed:
  erlang-asn1 erlang-base erlang-crypto erlang-eldap erlang-ftp erlang-inets
  erlang-mnesia erlang-os-mon erlang-parsetools erlang-public-key
  erlang-runtime-tools erlang-snmp erlang-ssl erlang-syntax-tools erlang-tftp
  erlang-tools erlang-xmerl galera-4 libcgi-fast-perl libcgi-pm-perl
  libdbd-mariadb-perl libdbi-perl libencode-locale-perl libfcgi-perl
  libhtml-parser-perl libhtml-tagset-perl libhtml-template-perl
  libhttp-date-perl libhttp-message-perl libio-html-perl
  liblwp-mediatypes-perl libmariadb3 libmysqlclient21 libpmem1 libsctp1
  libterm-readkey-perl libtimedate-perl liburi-perl locales-all
  mariadb-client-10.6 mariadb-client-core-10.6 mariadb-common mariadb-server
  mariadb-server-10.6 mariadb-server-core-10.6 mysql-common rabbitmq-server
  socat
0 upgraded, 48 newly installed, 0 to remove and 0 not upgraded.
Need to get 38.1 MB/67.9 MB of archives.
After this operation, 508 MB of additional disk space will be used.
Get:1 http://in.archive.ubuntu.com/ubuntu focal/main amd64 erlang-base amd64 1:22.2.7+dfsg-1 [8,063 kB]
Err:2 http://in.archive.ubuntu.com/ubuntu focal/main amd64 erlang-asn1 amd64 1:22.2.7+dfsg-1
  400  Bad Request [IP: 43.255.166.254 80]
Get:3 http://in.archive.ubuntu.com/ubuntu focal/main amd64 erlang-crypto amd64 1:22.2.7+dfsg-1 [137 kB]
Err:4 http://in.archive.ubuntu.com/ubuntu focal/main amd64 erlang-public-key amd64 1:22.2.7+dfsg-1
  400  Bad Request [IP: 43.255.166.254 80]
Get:5 http://in.archive.ubuntu.com/ubuntu focal/main amd64 erlang-mnesia amd64 1:22.2.7+dfsg-1 [716 kB]
Err:6 http://in.archive.ubuntu.com/ubuntu focal/main amd64 erlang-runtime-tools amd64 1:22.2.7+dfsg-1
  400  Bad Request [IP: 43.255.166.254 80]
Get:7 http://in.archive.ubuntu.com/ubuntu focal/main amd64 erlang-ssl amd64 1:22.2.7+dfsg-1 [1,103 kB]
Err:8 http://in.archive.ubuntu.com/ubuntu focal/main amd64 erlang-eldap amd64 1:22.2.7+dfsg-1
  400  Bad Request [IP: 43.255.166.254 80]
Get:9 http://in.archive.ubuntu.com/ubuntu focal/main amd64 erlang-ftp amd64 1:22.2.7+dfsg-1 [68.8 kB]
Err:10 http://in.archive.ubuntu.com/ubuntu focal/main amd64 erlang-tftp amd64 1:22.2.7+dfsg-1
  400  Bad Request [IP: 43.255.166.254 80]
Get:11 http://in.archive.ubuntu.com/ubuntu focal/main amd64 erlang-inets amd64 1:22.2.7+dfsg-1 [577 kB]
Err:12 http://in.archive.ubuntu.com/ubuntu focal/main amd64 erlang-snmp amd64 1:22.2.7+dfsg-1
  400  Bad Request [IP: 43.255.166.254 80]
Get:13 http://in.archive.ubuntu.com/ubuntu focal/main amd64 erlang-os-mon amd64 1:22.2.7+dfsg-1 [81.2 kB]
Get:14 http://in.archive.ubuntu.com/ubuntu focal/main amd64 erlang-parsetools amd64 1:22.2.7+dfsg-1 [151 kB]
Get:15 http://in.archive.ubuntu.com/ubuntu focal/main amd64 erlang-syntax-tools amd64 1:22.2.7+dfsg-1 [344 kB]
Get:16 http://in.archive.ubuntu.com/ubuntu focal/main amd64 erlang-tools amd64 1:22.2.7+dfsg-1 [499 kB]
Get:17 http://in.archive.ubuntu.com/ubuntu focal/main amd64 erlang-xmerl amd64 1:22.2.7+dfsg-1 [1,113 kB]
Get:18 http://in.archive.ubuntu.com/ubuntu focal/main amd64 libsctp1 amd64 1.0.18+dfsg-1 [7,876 B]
Get:19 http://in.archive.ubuntu.com/ubuntu focal-updates/main amd64 locales-all amd64 2.31-0ubuntu9.7 [10.6 MB]
Get:20 http://in.archive.ubuntu.com/ubuntu focal-updates/main amd64 rabbitmq-server all 3.8.2-0ubuntu1.3 [11.5 MB]
Fetched 34.9 MB in 2s (15.8 MB/s)
E: Failed to fetch http://in.archive.ubuntu.com/ubuntu/pool/main/e/erlang/erlang-asn1_22.2.7+dfsg-1_amd64.deb  400  Bad Request [IP: 43.255.166.254 80]
E: Failed to fetch http://in.archive.ubuntu.com/ubuntu/pool/main/e/erlang/erlang-public-key_22.2.7+dfsg-1_amd64.deb  400  Bad Request [IP: 43.255.166.254 80]
E: Failed to fetch http://in.archive.ubuntu.com/ubuntu/pool/main/e/erlang/erlang-runtime-tools_22.2.7+dfsg-1_amd64.deb  400  Bad Request [IP: 43.255.166.254 80]
E: Failed to fetch http://in.archive.ubuntu.com/ubuntu/pool/main/e/erlang/erlang-eldap_22.2.7+dfsg-1_amd64.deb  400  Bad Request [IP: 43.255.166.254 80]
E: Failed to fetch http://in.archive.ubuntu.com/ubuntu/pool/main/e/erlang/erlang-tftp_22.2.7+dfsg-1_amd64.deb  400  Bad Request [IP: 43.255.166.254 80]
E: Failed to fetch http://in.archive.ubuntu.com/ubuntu/pool/main/e/erlang/erlang-snmp_22.2.7+dfsg-1_amd64.deb  400  Bad Request [IP: 43.255.166.254 80]
E: Some files failed to download
