
WARNING: apt does not have a stable CLI interface. Use with caution in scripts.

Hit:1 http://archive.ubuntu.com/ubuntu focal InRelease
Hit:2 http://mariadb.mirror.globo.tech/repo/10.5/ubuntu focal InRelease
Get:3 http://archive.ubuntu.com/ubuntu focal-updates InRelease [114 kB]
Get:4 http://archive.ubuntu.com/ubuntu focal-backports InRelease [108 kB]
Get:5 http://ubuntu-cloud.archive.canonical.com/ubuntu focal-updates/wallaby InRelease [8,769 B]
Get:6 http://archive.ubuntu.com/ubuntu focal-security InRelease [114 kB]
Ign:7 http://archive.ubuntu.com/ubuntu focal-updates/main amd64 Packages
Get:8 http://archive.ubuntu.com/ubuntu focal-updates/main Translation-en [312 kB]
Ign:9 http://archive.ubuntu.com/ubuntu focal-updates/main amd64 c-n-f Metadata
Get:10 http://archive.ubuntu.com/ubuntu focal-updates/universe amd64 Packages [910 kB]
Ign:11 http://archive.ubuntu.com/ubuntu focal-updates/universe Translation-en
Get:12 http://archive.ubuntu.com/ubuntu focal-updates/universe amd64 c-n-f Metadata [20.3 kB]
Ign:13 http://archive.ubuntu.com/ubuntu focal-security/main amd64 Packages
Get:14 http://archive.ubuntu.com/ubuntu focal-security/main Translation-en [231 kB]
Ign:15 http://archive.ubuntu.com/ubuntu focal-security/main amd64 c-n-f Metadata
Get:16 http://archive.ubuntu.com/ubuntu focal-security/universe amd64 Packages [692 kB]
Get:17 http://archive.ubuntu.com/ubuntu focal-security/universe Translation-en [121 kB]
Get:18 http://archive.ubuntu.com/ubuntu focal-security/universe amd64 c-n-f Metadata [14.0 kB]
Get:7 http://archive.ubuntu.com/ubuntu focal-updates/main amd64 Packages [1,643 kB]
Get:9 http://archive.ubuntu.com/ubuntu focal-updates/main amd64 c-n-f Metadata [14.8 kB]
Get:11 http://archive.ubuntu.com/ubuntu focal-updates/universe Translation-en [202 kB]
Get:13 http://archive.ubuntu.com/ubuntu focal-security/main amd64 Packages [1,317 kB]
Get:15 http://archive.ubuntu.com/ubuntu focal-security/main amd64 c-n-f Metadata [9,808 B]
Fetched 5,831 kB in 25s (234 kB/s)
Reading package lists...
Building dependency tree...
Reading state information...
20 packages can be upgraded. Run 'apt list --upgradable' to see them.
Installing packages needed for add-apt-repository.

WARNING: apt does not have a stable CLI interface. Use with caution in scripts.

Reading package lists...
Building dependency tree...
Reading state information...
software-properties-common is already the newest version (0.99.9.8).
0 upgraded, 0 newly installed, 0 to remove and 20 not upgraded.
Adding cloud repo: cloud-archive:wallaby
 Ubuntu Cloud Archive for OpenStack Wallaby
 More info: https://wiki.ubuntu.com/OpenStack/CloudArchive
Press [ENTER] to continue or Ctrl-c to cancel adding it.
Reading package lists...
Building dependency tree...
Reading state information...
ubuntu-cloud-keyring is already the newest version (2020.02.11.4).
0 upgraded, 0 newly installed, 0 to remove and 20 not upgraded.
Hit:1 http://archive.ubuntu.com/ubuntu focal InRelease
Hit:2 http://archive.ubuntu.com/ubuntu focal-updates InRelease
Hit:3 http://mariadb.mirror.globo.tech/repo/10.5/ubuntu focal InRelease
Hit:4 http://ubuntu-cloud.archive.canonical.com/ubuntu focal-updates/wallaby InRelease
Hit:5 http://archive.ubuntu.com/ubuntu focal-backports InRelease
Hit:6 http://archive.ubuntu.com/ubuntu focal-security InRelease
Reading package lists...

WARNING: apt does not have a stable CLI interface. Use with caution in scripts.

Hit:1 http://ubuntu-cloud.archive.canonical.com/ubuntu focal-updates/wallaby InRelease
Reading package lists...
Building dependency tree...
Reading state information...
7 packages can be upgraded. Run 'apt list --upgradable' to see them.
