apt_download: python-argparse python3-dev python3-pip

WARNING: apt does not have a stable CLI interface. Use with caution in scripts.

Reading package lists...
Building dependency tree...
Reading state information...
The following additional packages will be installed:
  binutils binutils-common binutils-x86-64-linux-gnu build-essential cpp cpp-9
  dpkg-dev fakeroot g++ g++-9 gcc gcc-9 gcc-9-base libalgorithm-diff-perl
  libalgorithm-diff-xs-perl libalgorithm-merge-perl libasan5 libatomic1
  libbinutils libc-dev-bin libc6-dev libcc1-0 libcrypt-dev libctf-nobfd0
  libctf0 libdpkg-perl libexpat1-dev libfakeroot libfile-fcntllock-perl
  libgcc-9-dev libgomp1 libisl22 libitm1 liblsan0 libmpc3 libpython2.7-minimal
  libpython3-dev libpython3.8-dev libquadmath0 libstdc++-9-dev libtsan0
  libubsan1 linux-libc-dev make manpages-dev python-pip-whl python3-wheel
  python3.8-dev zlib1g-dev
Suggested packages:
  binutils-doc cpp-doc gcc-9-locales debian-keyring g++-multilib
  g++-9-multilib gcc-9-doc gcc-multilib autoconf automake libtool flex bison
  gdb gcc-doc gcc-9-multilib glibc-doc bzr libstdc++-9-doc make-doc
The following NEW packages will be installed:
  binutils binutils-common binutils-x86-64-linux-gnu build-essential cpp cpp-9
  dpkg-dev fakeroot g++ g++-9 gcc gcc-9 gcc-9-base libalgorithm-diff-perl
  libalgorithm-diff-xs-perl libalgorithm-merge-perl libasan5 libatomic1
  libbinutils libc-dev-bin libc6-dev libcc1-0 libcrypt-dev libctf-nobfd0
  libctf0 libdpkg-perl libexpat1-dev libfakeroot libfile-fcntllock-perl
  libgcc-9-dev libgomp1 libisl22 libitm1 liblsan0 libmpc3 libpython2.7-minimal
  libpython2.7-stdlib libpython3-dev libpython3.8-dev libquadmath0
  libstdc++-9-dev libtsan0 libubsan1 linux-libc-dev make manpages-dev
  python-pip-whl python3-dev python3-pip python3-wheel python3.8-dev
  zlib1g-dev
0 upgraded, 52 newly installed, 0 to remove and 20 not upgraded.
Need to get 0 B/54.4 MB of archives.
After this operation, 240 MB of additional disk space will be used.
Download complete and in download only mode
apt_download: keystone python3-openstackclient apache2 memcached python3-memcache

WARNING: apt does not have a stable CLI interface. Use with caution in scripts.

Reading package lists...
Building dependency tree...
Reading state information...
The following additional packages will be installed:
  alembic apache2-bin apache2-data apache2-utils docutils-common ieee-data
  javascript-common keystone-common libapache2-mod-wsgi-py3 libapr1
  libaprutil1 libaprutil1-dbd-sqlite3 libaprutil1-ldap libimagequant0
  libjansson4 libjbig0 libjpeg-turbo8 libjpeg8 libjs-jquery libjs-sphinxdoc
  libjs-underscore liblcms2-2 liblua5.2-0 libpaper-utils libpaper1 libtiff5
  libwebp6 libwebpdemux2 libwebpmux3 pycadf-common python-babel-localedata
  python-pastedeploy-tpl python3-alembic python3-amqp python3-aniso8601
  python3-anyjson python3-appdirs python3-babel python3-bcrypt python3-bs4
  python3-cachetools python3-cinderclient python3-cliff python3-cmd2
  python3-crypto python3-dateutil python3-debtcollector python3-decorator
  python3-defusedxml python3-deprecation python3-dnspython python3-docutils
  python3-dogpile.cache python3-eventlet python3-extras python3-fasteners
  python3-fixtures python3-flask python3-flask-restful python3-futurist
  python3-greenlet python3-html5lib python3-importlib-metadata python3-iso8601
  python3-itsdangerous python3-jmespath python3-keystone python3-keystoneauth1
  python3-keystoneclient python3-keystonemiddleware python3-kombu python3-ldap
  python3-linecache2 python3-lxml python3-mako python3-migrate
  python3-mimeparse python3-monotonic python3-msgpack python3-munch
  python3-netaddr python3-novaclient python3-olefile python3-openstacksdk
  python3-os-client-config python3-os-service-types python3-osc-lib
  python3-oslo.cache python3-oslo.concurrency python3-oslo.config
  python3-oslo.context python3-oslo.db python3-oslo.i18n python3-oslo.log
  python3-oslo.messaging python3-oslo.middleware python3-oslo.policy
  python3-oslo.serialization python3-oslo.service python3-oslo.upgradecheck
  python3-oslo.utils python3-osprofiler python3-packaging python3-passlib
  python3-paste python3-pastedeploy python3-pastescript python3-pbr
  python3-pil python3-prettytable python3-pycadf python3-pygments
  python3-pyinotify python3-pymysql python3-pyparsing python3-pyperclip
  python3-pysaml2 python3-repoze.lru python3-requests
  python3-requestsexceptions python3-rfc3986 python3-roman python3-routes
  python3-scrypt python3-soupsieve python3-sqlalchemy python3-sqlalchemy-ext
  python3-sqlparse python3-statsd python3-stevedore python3-tempita
  python3-tenacity python3-testresources python3-testscenarios
  python3-testtools python3-traceback2 python3-tz python3-unittest2
  python3-vine python3-wcwidth python3-webencodings python3-webob
  python3-werkzeug python3-wrapt sgml-base ssl-cert xml-core xmlsec1
Suggested packages:
  apache2-doc apache2-suexec-pristine | apache2-suexec-custom www-browser
  liblcms2-utils libanyevent-perl libcache-memcached-perl libmemcached
  libterm-readkey-perl libyaml-perl python-amqp-doc python-cliff-doc
  python-debtcollector-doc docutils-doc fonts-linuxlibertine
  | ttf-linux-libertine texlive-lang-french texlive-latex-base
  texlive-latex-recommended python-eventlet-doc python-flask-doc
  python-futurist-doc python-greenlet-doc python-greenlet-dev
  python3-greenlet-dbg python3-genshi python3-ldappool
  python-keystoneauth1-doc python3-requests-kerberos python-kombu-doc
  python3-boto python3-django python3-pymongo python3-redis python3-lxml-dbg
  python-lxml-doc python3-beaker python-mako-doc python-migrate-doc ipython3
  python-netaddr-docs python-openstacksdk-doc python-os-client-config-doc
  python-os-service-types-doc python-osc-lib-doc python-oslo.cache-doc
  python-oslo.concurrency-doc python-oslo.log-doc python3-confluent-kafka
  python3-zmq python-oslo.middleware-doc python-oslo.policy-doc
  python-oslo.service-doc httpd-wsgi libapache2-mod-python libapache2-mod-scgi
  libjs-mochikit python3-cherrypy3 python-pil-doc python3-pil-dbg
  python-pygments-doc ttf-bitstream-vera python-pyinotify-doc
  python-pymysql-doc python-pyparsing-doc python3-repoze.who python3-socks
  python-requests-doc python-sqlalchemy-doc python3-fdb python3-pymssql
  python3-mysqldb python3-psycopg2 python-sqlparse-doc python-tenacity-doc
  python-testtools-doc python-webob-doc python-werkzeug-doc python3-termcolor
  python3-watchdog sgml-base-doc openssl-blacklist debhelper
The following NEW packages will be installed:
  alembic apache2 apache2-bin apache2-data apache2-utils docutils-common
  ieee-data javascript-common keystone keystone-common libapache2-mod-wsgi-py3
  libapr1 libaprutil1 libaprutil1-dbd-sqlite3 libaprutil1-ldap libimagequant0
  libjansson4 libjbig0 libjpeg-turbo8 libjpeg8 libjs-jquery libjs-sphinxdoc
  libjs-underscore liblcms2-2 liblua5.2-0 libpaper-utils libpaper1 libtiff5
  libwebp6 libwebpdemux2 libwebpmux3 memcached pycadf-common
  python-babel-localedata python-pastedeploy-tpl python3-alembic python3-amqp
  python3-aniso8601 python3-anyjson python3-appdirs python3-babel
  python3-bcrypt python3-bs4 python3-cachetools python3-cinderclient
  python3-cliff python3-cmd2 python3-crypto python3-dateutil
  python3-debtcollector python3-decorator python3-defusedxml
  python3-deprecation python3-dnspython python3-docutils python3-dogpile.cache
  python3-eventlet python3-extras python3-fasteners python3-fixtures
  python3-flask python3-flask-restful python3-futurist python3-greenlet
  python3-html5lib python3-iso8601 python3-itsdangerous python3-jmespath
  python3-keystone python3-keystoneauth1 python3-keystoneclient
  python3-keystonemiddleware python3-kombu python3-ldap python3-linecache2
  python3-lxml python3-mako python3-memcache python3-migrate python3-mimeparse
  python3-monotonic python3-msgpack python3-munch python3-netaddr
  python3-novaclient python3-olefile python3-openstackclient
  python3-openstacksdk python3-os-client-config python3-os-service-types
  python3-osc-lib python3-oslo.cache python3-oslo.concurrency
  python3-oslo.config python3-oslo.context python3-oslo.db python3-oslo.i18n
  python3-oslo.log python3-oslo.messaging python3-oslo.middleware
  python3-oslo.policy python3-oslo.serialization python3-oslo.service
  python3-oslo.upgradecheck python3-oslo.utils python3-osprofiler
  python3-packaging python3-passlib python3-paste python3-pastedeploy
  python3-pastescript python3-pbr python3-pil python3-prettytable
  python3-pycadf python3-pygments python3-pyinotify python3-pymysql
  python3-pyparsing python3-pyperclip python3-pysaml2 python3-repoze.lru
  python3-requestsexceptions python3-rfc3986 python3-roman python3-routes
  python3-scrypt python3-soupsieve python3-sqlalchemy python3-sqlalchemy-ext
  python3-sqlparse python3-statsd python3-stevedore python3-tempita
  python3-tenacity python3-testresources python3-testscenarios
  python3-testtools python3-traceback2 python3-tz python3-unittest2
  python3-vine python3-wcwidth python3-webencodings python3-webob
  python3-werkzeug python3-wrapt sgml-base ssl-cert xml-core xmlsec1
The following packages will be upgraded:
  python3-importlib-metadata python3-requests
2 upgraded, 151 newly installed, 0 to remove and 18 not upgraded.
Need to get 653 kB/22.4 MB of archives.
After this operation, 125 MB of additional disk space will be used.
Get:1 http://archive.ubuntu.com/ubuntu focal/main amd64 libaprutil1-ldap amd64 1.6.1-4ubuntu2 [8,736 B]
Get:2 http://ubuntu-cloud.archive.canonical.com/ubuntu focal-updates/wallaby/main amd64 libjs-sphinxdoc all 3.5.4-1~cloud0 [130 kB]
Err:3 http://archive.ubuntu.com/ubuntu focal/main amd64 python3-pyperclip all 1.7.0-1
  400  Bad Request [IP: 91.189.88.152 80]
Get:4 http://archive.ubuntu.com/ubuntu focal/main amd64 python3-dateutil all 2.7.3-3ubuntu1 [63.3 kB]
Get:5 http://ubuntu-cloud.archive.canonical.com/ubuntu focal-updates/wallaby/main amd64 python3-tz all 2021.1-1~cloud0 [34.9 kB]
Err:6 http://archive.ubuntu.com/ubuntu focal/main amd64 xml-core all 0.18+nmu1
  400  Bad Request [IP: 91.189.88.152 80]
Get:7 http://archive.ubuntu.com/ubuntu focal/main amd64 libapache2-mod-wsgi-py3 amd64 4.6.8-1ubuntu3 [93.3 kB]
Err:8 http://archive.ubuntu.com/ubuntu focal/main amd64 libpaper-utils amd64 1.1.28
  400  Bad Request [IP: 91.189.88.152 80]
Get:9 http://archive.ubuntu.com/ubuntu focal/main amd64 python3-vine all 1.3.0+dfsg-1 [17.2 kB]
Err:10 http://archive.ubuntu.com/ubuntu focal/main amd64 python3-soupsieve all 1.9.5+dfsg-1
  400  Bad Request [IP: 91.189.88.152 80]
Get:11 http://archive.ubuntu.com/ubuntu focal/main amd64 python3-os-service-types all 1.7.0-0ubuntu1 [13.1 kB]
Get:12 http://archive.ubuntu.com/ubuntu focal/main amd64 python3-roman all 2.0.0-3build1 [8,728 B]
Get:13 http://archive.ubuntu.com/ubuntu focal/main amd64 python3-defusedxml all 0.6.0-2 [37.0 kB]
Get:14 http://archive.ubuntu.com/ubuntu focal/main amd64 python3-monotonic all 1.5-0ubuntu2 [5,660 B]
Get:15 http://archive.ubuntu.com/ubuntu focal/main amd64 python3-traceback2 all 1.4.0-5ubuntu1 [16.7 kB]
Get:16 http://archive.ubuntu.com/ubuntu focal/main amd64 python3-itsdangerous all 1.1.0-1 [14.6 kB]
Get:17 http://archive.ubuntu.com/ubuntu focal/main amd64 python3-futurist all 2.1.0-0ubuntu1 [24.5 kB]
Get:18 http://archive.ubuntu.com/ubuntu focal/main amd64 python3-pyinotify all 0.9.6-1.2ubuntu1 [24.8 kB]
Get:19 http://archive.ubuntu.com/ubuntu focal/main amd64 python3-ldap amd64 3.2.0-4ubuntu2 [90.2 kB]
Fetched 583 kB in 4s (136 kB/s)
E: Failed to fetch http://archive.ubuntu.com/ubuntu/pool/main/p/python-pyperclip/python3-pyperclip_1.7.0-1_all.deb  400  Bad Request [IP: 91.189.88.152 80]
E: Failed to fetch http://archive.ubuntu.com/ubuntu/pool/main/x/xml-core/xml-core_0.18+nmu1_all.deb  400  Bad Request [IP: 91.189.88.152 80]
E: Failed to fetch http://archive.ubuntu.com/ubuntu/pool/main/libp/libpaper/libpaper-utils_1.1.28_amd64.deb  400  Bad Request [IP: 91.189.88.152 80]
E: Failed to fetch http://archive.ubuntu.com/ubuntu/pool/main/s/soupsieve/python3-soupsieve_1.9.5+dfsg-1_all.deb  400  Bad Request [IP: 91.189.88.152 80]
E: Some files failed to download
