apt_download: python-argparse python3-dev python3-pip

WARNING: apt does not have a stable CLI interface. Use with caution in scripts.

Reading package lists...
Building dependency tree...
Reading state information...
The following additional packages will be installed:
  binutils binutils-common binutils-x86-64-linux-gnu build-essential cpp cpp-9
  dpkg-dev fakeroot g++ g++-9 gcc gcc-9 gcc-9-base libalgorithm-diff-perl
  libalgorithm-diff-xs-perl libalgorithm-merge-perl libasan5 libatomic1
  libbinutils libc-dev-bin libc6-dev libcc1-0 libcrypt-dev libctf-nobfd0
  libctf0 libdpkg-perl libexpat1-dev libfakeroot libfile-fcntllock-perl
  libgcc-9-dev libgomp1 libisl22 libitm1 liblsan0 libmpc3 libpython2.7-minimal
  libpython3-dev libpython3.8-dev libquadmath0 libstdc++-9-dev libtsan0
  libubsan1 linux-libc-dev make manpages-dev python-pip-whl python3-wheel
  python3.8-dev zlib1g-dev
Suggested packages:
  binutils-doc cpp-doc gcc-9-locales debian-keyring g++-multilib
  g++-9-multilib gcc-9-doc gcc-multilib autoconf automake libtool flex bison
  gdb gcc-doc gcc-9-multilib glibc-doc bzr libstdc++-9-doc make-doc
The following NEW packages will be installed:
  binutils binutils-common binutils-x86-64-linux-gnu build-essential cpp cpp-9
  dpkg-dev fakeroot g++ g++-9 gcc gcc-9 gcc-9-base libalgorithm-diff-perl
  libalgorithm-diff-xs-perl libalgorithm-merge-perl libasan5 libatomic1
  libbinutils libc-dev-bin libc6-dev libcc1-0 libcrypt-dev libctf-nobfd0
  libctf0 libdpkg-perl libexpat1-dev libfakeroot libfile-fcntllock-perl
  libgcc-9-dev libgomp1 libisl22 libitm1 liblsan0 libmpc3 libpython2.7-minimal
  libpython2.7-stdlib libpython3-dev libpython3.8-dev libquadmath0
  libstdc++-9-dev libtsan0 libubsan1 linux-libc-dev make manpages-dev
  python-pip-whl python3-dev python3-pip python3-wheel python3.8-dev
  zlib1g-dev
0 upgraded, 52 newly installed, 0 to remove and 20 not upgraded.
Need to get 0 B/54.4 MB of archives.
After this operation, 240 MB of additional disk space will be used.
Download complete and in download only mode
apt_download: keystone python3-openstackclient apache2 memcached python3-memcache

WARNING: apt does not have a stable CLI interface. Use with caution in scripts.

Reading package lists...
Building dependency tree...
Reading state information...
The following additional packages will be installed:
  alembic apache2-bin apache2-data apache2-utils docutils-common ieee-data
  javascript-common keystone-common libapache2-mod-wsgi-py3 libapr1
  libaprutil1 libaprutil1-dbd-sqlite3 libaprutil1-ldap libimagequant0
  libjansson4 libjbig0 libjpeg-turbo8 libjpeg8 libjs-jquery libjs-sphinxdoc
  libjs-underscore liblcms2-2 liblua5.2-0 libpaper-utils libpaper1 libtiff5
  libwebp6 libwebpdemux2 libwebpmux3 pycadf-common python-babel-localedata
  python-pastedeploy-tpl python3-alembic python3-amqp python3-aniso8601
  python3-anyjson python3-appdirs python3-babel python3-bcrypt python3-bs4
  python3-cachetools python3-cinderclient python3-cliff python3-cmd2
  python3-crypto python3-dateutil python3-debtcollector python3-decorator
  python3-defusedxml python3-deprecation python3-dnspython python3-docutils
  python3-dogpile.cache python3-eventlet python3-extras python3-fasteners
  python3-fixtures python3-flask python3-flask-restful python3-futurist
  python3-greenlet python3-html5lib python3-importlib-metadata python3-iso8601
  python3-itsdangerous python3-jmespath python3-keystone python3-keystoneauth1
  python3-keystoneclient python3-keystonemiddleware python3-kombu python3-ldap
  python3-linecache2 python3-lxml python3-mako python3-migrate
  python3-mimeparse python3-monotonic python3-msgpack python3-munch
  python3-netaddr python3-novaclient python3-olefile python3-openstacksdk
  python3-os-client-config python3-os-service-types python3-osc-lib
  python3-oslo.cache python3-oslo.concurrency python3-oslo.config
  python3-oslo.context python3-oslo.db python3-oslo.i18n python3-oslo.log
  python3-oslo.messaging python3-oslo.middleware python3-oslo.policy
  python3-oslo.serialization python3-oslo.service python3-oslo.upgradecheck
  python3-oslo.utils python3-osprofiler python3-packaging python3-passlib
  python3-paste python3-pastedeploy python3-pastescript python3-pbr
  python3-pil python3-prettytable python3-pycadf python3-pygments
  python3-pyinotify python3-pymysql python3-pyparsing python3-pyperclip
  python3-pysaml2 python3-repoze.lru python3-requests
  python3-requestsexceptions python3-rfc3986 python3-roman python3-routes
  python3-scrypt python3-soupsieve python3-sqlalchemy python3-sqlalchemy-ext
  python3-sqlparse python3-statsd python3-stevedore python3-tempita
  python3-tenacity python3-testresources python3-testscenarios
  python3-testtools python3-traceback2 python3-tz python3-unittest2
  python3-vine python3-wcwidth python3-webencodings python3-webob
  python3-werkzeug python3-wrapt sgml-base ssl-cert xml-core xmlsec1
Suggested packages:
  apache2-doc apache2-suexec-pristine | apache2-suexec-custom www-browser
  liblcms2-utils libanyevent-perl libcache-memcached-perl libmemcached
  libterm-readkey-perl libyaml-perl python-amqp-doc python-cliff-doc
  python-debtcollector-doc docutils-doc fonts-linuxlibertine
  | ttf-linux-libertine texlive-lang-french texlive-latex-base
  texlive-latex-recommended python-eventlet-doc python-flask-doc
  python-futurist-doc python-greenlet-doc python-greenlet-dev
  python3-greenlet-dbg python3-genshi python3-ldappool
  python-keystoneauth1-doc python3-requests-kerberos python-kombu-doc
  python3-boto python3-django python3-pymongo python3-redis python3-lxml-dbg
  python-lxml-doc python3-beaker python-mako-doc python-migrate-doc ipython3
  python-netaddr-docs python-openstacksdk-doc python-os-client-config-doc
  python-os-service-types-doc python-osc-lib-doc python-oslo.cache-doc
  python-oslo.concurrency-doc python-oslo.log-doc python3-confluent-kafka
  python3-zmq python-oslo.middleware-doc python-oslo.policy-doc
  python-oslo.service-doc httpd-wsgi libapache2-mod-python libapache2-mod-scgi
  libjs-mochikit python3-cherrypy3 python-pil-doc python3-pil-dbg
  python-pygments-doc ttf-bitstream-vera python-pyinotify-doc
  python-pymysql-doc python-pyparsing-doc python3-repoze.who python3-socks
  python-requests-doc python-sqlalchemy-doc python3-fdb python3-pymssql
  python3-mysqldb python3-psycopg2 python-sqlparse-doc python-tenacity-doc
  python-testtools-doc python-webob-doc python-werkzeug-doc python3-termcolor
  python3-watchdog sgml-base-doc openssl-blacklist debhelper
The following NEW packages will be installed:
  alembic apache2 apache2-bin apache2-data apache2-utils docutils-common
  ieee-data javascript-common keystone keystone-common libapache2-mod-wsgi-py3
  libapr1 libaprutil1 libaprutil1-dbd-sqlite3 libaprutil1-ldap libimagequant0
  libjansson4 libjbig0 libjpeg-turbo8 libjpeg8 libjs-jquery libjs-sphinxdoc
  libjs-underscore liblcms2-2 liblua5.2-0 libpaper-utils libpaper1 libtiff5
  libwebp6 libwebpdemux2 libwebpmux3 memcached pycadf-common
  python-babel-localedata python-pastedeploy-tpl python3-alembic python3-amqp
  python3-aniso8601 python3-anyjson python3-appdirs python3-babel
  python3-bcrypt python3-bs4 python3-cachetools python3-cinderclient
  python3-cliff python3-cmd2 python3-crypto python3-dateutil
  python3-debtcollector python3-decorator python3-defusedxml
  python3-deprecation python3-dnspython python3-docutils python3-dogpile.cache
  python3-eventlet python3-extras python3-fasteners python3-fixtures
  python3-flask python3-flask-restful python3-futurist python3-greenlet
  python3-html5lib python3-iso8601 python3-itsdangerous python3-jmespath
  python3-keystone python3-keystoneauth1 python3-keystoneclient
  python3-keystonemiddleware python3-kombu python3-ldap python3-linecache2
  python3-lxml python3-mako python3-memcache python3-migrate python3-mimeparse
  python3-monotonic python3-msgpack python3-munch python3-netaddr
  python3-novaclient python3-olefile python3-openstackclient
  python3-openstacksdk python3-os-client-config python3-os-service-types
  python3-osc-lib python3-oslo.cache python3-oslo.concurrency
  python3-oslo.config python3-oslo.context python3-oslo.db python3-oslo.i18n
  python3-oslo.log python3-oslo.messaging python3-oslo.middleware
  python3-oslo.policy python3-oslo.serialization python3-oslo.service
  python3-oslo.upgradecheck python3-oslo.utils python3-osprofiler
  python3-packaging python3-passlib python3-paste python3-pastedeploy
  python3-pastescript python3-pbr python3-pil python3-prettytable
  python3-pycadf python3-pygments python3-pyinotify python3-pymysql
  python3-pyparsing python3-pyperclip python3-pysaml2 python3-repoze.lru
  python3-requestsexceptions python3-rfc3986 python3-roman python3-routes
  python3-scrypt python3-soupsieve python3-sqlalchemy python3-sqlalchemy-ext
  python3-sqlparse python3-statsd python3-stevedore python3-tempita
  python3-tenacity python3-testresources python3-testscenarios
  python3-testtools python3-traceback2 python3-tz python3-unittest2
  python3-vine python3-wcwidth python3-webencodings python3-webob
  python3-werkzeug python3-wrapt sgml-base ssl-cert xml-core xmlsec1
The following packages will be upgraded:
  python3-importlib-metadata python3-requests
2 upgraded, 151 newly installed, 0 to remove and 18 not upgraded.
Need to get 69.6 kB/22.4 MB of archives.
After this operation, 125 MB of additional disk space will be used.
Get:1 http://archive.ubuntu.com/ubuntu focal/main amd64 python3-pyperclip all 1.7.0-1 [10.5 kB]
Get:2 http://archive.ubuntu.com/ubuntu focal/main amd64 xml-core all 0.18+nmu1 [21.6 kB]
Get:3 http://archive.ubuntu.com/ubuntu focal/main amd64 libpaper-utils amd64 1.1.28 [8,400 B]
Get:4 http://archive.ubuntu.com/ubuntu focal/main amd64 python3-soupsieve all 1.9.5+dfsg-1 [29.1 kB]
Fetched 69.6 kB in 1s (80.9 kB/s)
Download complete and in download only mode
apt_download: glance python3-glanceclient

WARNING: apt does not have a stable CLI interface. Use with caution in scripts.

Reading package lists...
Building dependency tree...
Reading state information...
The following additional packages will be installed:
  alembic docutils-common glance-api glance-common ibverbs-providers ieee-data
  javascript-common libblas3 libgfortran5 libibverbs1 libimagequant0 libiscsi7
  libjbig0 libjpeg-turbo8 libjpeg8 libjs-jquery libjs-sphinxdoc
  libjs-underscore liblapack3 liblcms2-2 libnl-route-3-200 libpaper-utils
  libpaper1 libpq5 libquadmath0 librados2 librbd1 librdmacm1 libtiff5 libwebp6
  libwebpdemux2 libwebpmux3 os-brick-common pycadf-common
  python-babel-localedata python-pastedeploy-tpl python3-alembic python3-amqp
  python3-anyjson python3-arrow python3-automaton python3-babel
  python3-barbicanclient python3-bs4 python3-cachetools python3-castellan
  python3-cffi python3-cinderclient python3-cliff python3-cmd2 python3-cursive
  python3-dateutil python3-ddt python3-debtcollector python3-decorator
  python3-defusedxml python3-dnspython python3-docutils python3-dogpile.cache
  python3-eventlet python3-extras python3-fasteners python3-fixtures
  python3-futurist python3-glance python3-glance-store python3-greenlet
  python3-html5lib python3-importlib-metadata python3-iso8601
  python3-keystoneauth1 python3-keystoneclient python3-keystonemiddleware
  python3-kombu python3-linecache2 python3-lxml python3-mako python3-memcache
  python3-migrate python3-mimeparse python3-monotonic python3-msgpack
  python3-netaddr python3-networkx python3-numpy python3-olefile
  python3-os-brick python3-os-service-types python3-os-win python3-oslo.cache
  python3-oslo.concurrency python3-oslo.config python3-oslo.context
  python3-oslo.db python3-oslo.i18n python3-oslo.log python3-oslo.messaging
  python3-oslo.middleware python3-oslo.policy python3-oslo.privsep
  python3-oslo.reports python3-oslo.rootwrap python3-oslo.serialization
  python3-oslo.service python3-oslo.upgradecheck python3-oslo.utils
  python3-oslo.vmware python3-osprofiler python3-packaging python3-paste
  python3-pastedeploy python3-pastescript python3-pbr python3-pil python3-ply
  python3-prettytable python3-psutil python3-psycopg2 python3-pycadf
  python3-pycparser python3-pygments python3-pyinotify python3-pymysql
  python3-pyparsing python3-pyperclip python3-repoze.lru python3-requests
  python3-retrying python3-rfc3986 python3-roman python3-routes
  python3-semantic-version python3-simplegeneric python3-soupsieve
  python3-sqlalchemy python3-sqlalchemy-ext python3-sqlalchemy-utils
  python3-sqlparse python3-statsd python3-stevedore python3-suds
  python3-swiftclient python3-taskflow python3-tempita python3-tenacity
  python3-testresources python3-testscenarios python3-testtools
  python3-traceback2 python3-tz python3-unittest2 python3-vine python3-warlock
  python3-wcwidth python3-webencodings python3-webob python3-wrapt
  python3-wsme qemu-block-extra qemu-utils sgml-base sharutils xml-core
Suggested packages:
  apache2 | lighttpd | httpd liblcms2-utils python-amqp-doc python-arrow-doc
  python-automaton-doc python-castellan-doc python3-dev python-cliff-doc
  python-cursive-doc python-debtcollector-doc docutils-doc
  fonts-linuxlibertine | ttf-linux-libertine texlive-lang-french
  texlive-latex-base texlive-latex-recommended python-eventlet-doc
  python-futurist-doc python3-rados python3-rbd python-glanceclient-doc
  python-greenlet-doc python-greenlet-dev python3-greenlet-dbg python3-genshi
  python-keystoneauth1-doc python3-requests-kerberos python-kombu-doc
  python3-boto python3-django python3-pymongo python3-redis python3-lxml-dbg
  python-lxml-doc python3-beaker python-mako-doc memcached python-migrate-doc
  ipython3 python-netaddr-docs python-networkx-doc python3-gdal
  python3-matplotlib python3-pygraphviz | python3-pydot python3-scipy gcc
  gfortran python-numpy-doc python3-pytest python3-numpy-dbg
  python-os-brick-doc python-os-service-types-doc python-os-win-doc
  python-oslo.cache-doc python-oslo.concurrency-doc python-oslo.log-doc
  python3-confluent-kafka python3-zmq python-oslo.middleware-doc
  python-oslo.policy-doc python-oslo.privsep-doc python-oslo.reports-doc
  python-oslo.service-doc httpd-wsgi libapache2-mod-python libapache2-mod-scgi
  libjs-mochikit python3-cherrypy3 python-pil-doc python3-pil-dbg
  python-ply-doc python-psutil-doc python-psycopg2-doc cpp python-pygments-doc
  ttf-bitstream-vera python-pyinotify-doc python-pymysql-doc
  python-pyparsing-doc python3-socks python-requests-doc
  python-semantic-version-doc python-sqlalchemy-doc python3-fdb
  python3-pymssql python3-mysqldb python-sqlalchemy-utils-doc python3-infinity
  python3-intervals python3-psycopg2cffi python-sqlparse-doc python3-kazoo
  python3-pydot python3-pydotplus python-tenacity-doc python-testtools-doc
  python-webob-doc debootstrap sgml-base-doc sharutils-doc bsd-mailx | mailx
  debhelper
The following NEW packages will be installed:
  alembic docutils-common glance glance-api glance-common ibverbs-providers
  ieee-data javascript-common libblas3 libgfortran5 libibverbs1 libimagequant0
  libiscsi7 libjbig0 libjpeg-turbo8 libjpeg8 libjs-jquery libjs-sphinxdoc
  libjs-underscore liblapack3 liblcms2-2 libnl-route-3-200 libpaper-utils
  libpaper1 libpq5 libquadmath0 librados2 librbd1 librdmacm1 libtiff5 libwebp6
  libwebpdemux2 libwebpmux3 os-brick-common pycadf-common
  python-babel-localedata python-pastedeploy-tpl python3-alembic python3-amqp
  python3-anyjson python3-arrow python3-automaton python3-babel
  python3-barbicanclient python3-bs4 python3-cachetools python3-castellan
  python3-cffi python3-cinderclient python3-cliff python3-cmd2 python3-cursive
  python3-dateutil python3-ddt python3-debtcollector python3-decorator
  python3-defusedxml python3-dnspython python3-docutils python3-dogpile.cache
  python3-eventlet python3-extras python3-fasteners python3-fixtures
  python3-futurist python3-glance python3-glance-store python3-glanceclient
  python3-greenlet python3-html5lib python3-iso8601 python3-keystoneauth1
  python3-keystoneclient python3-keystonemiddleware python3-kombu
  python3-linecache2 python3-lxml python3-mako python3-memcache
  python3-migrate python3-mimeparse python3-monotonic python3-msgpack
  python3-netaddr python3-networkx python3-numpy python3-olefile
  python3-os-brick python3-os-service-types python3-os-win python3-oslo.cache
  python3-oslo.concurrency python3-oslo.config python3-oslo.context
  python3-oslo.db python3-oslo.i18n python3-oslo.log python3-oslo.messaging
  python3-oslo.middleware python3-oslo.policy python3-oslo.privsep
  python3-oslo.reports python3-oslo.rootwrap python3-oslo.serialization
  python3-oslo.service python3-oslo.upgradecheck python3-oslo.utils
  python3-oslo.vmware python3-osprofiler python3-packaging python3-paste
  python3-pastedeploy python3-pastescript python3-pbr python3-pil python3-ply
  python3-prettytable python3-psutil python3-psycopg2 python3-pycadf
  python3-pycparser python3-pygments python3-pyinotify python3-pymysql
  python3-pyparsing python3-pyperclip python3-repoze.lru python3-retrying
  python3-rfc3986 python3-roman python3-routes python3-semantic-version
  python3-simplegeneric python3-soupsieve python3-sqlalchemy
  python3-sqlalchemy-ext python3-sqlalchemy-utils python3-sqlparse
  python3-statsd python3-stevedore python3-suds python3-swiftclient
  python3-taskflow python3-tempita python3-tenacity python3-testresources
  python3-testscenarios python3-testtools python3-traceback2 python3-tz
  python3-unittest2 python3-vine python3-warlock python3-wcwidth
  python3-webencodings python3-webob python3-wrapt python3-wsme
  qemu-block-extra qemu-utils sgml-base sharutils xml-core
The following packages will be upgraded:
  python3-importlib-metadata python3-requests
2 upgraded, 163 newly installed, 0 to remove and 18 not upgraded.
Need to get 17.2 MB/34.1 MB of archives.
After this operation, 174 MB of additional disk space will be used.
Get:1 http://ubuntu-cloud.archive.canonical.com/ubuntu focal-updates/wallaby/main amd64 librados2 amd64 16.2.6-0ubuntu0.21.04.1~cloud0 [3,378 kB]
Get:2 http://archive.ubuntu.com/ubuntu focal/main amd64 libnl-route-3-200 amd64 3.4.0-1 [149 kB]
Err:3 http://archive.ubuntu.com/ubuntu focal/main amd64 libibverbs1 amd64 28.0-1ubuntu1
  400  Bad Request [IP: 91.189.88.152 80]
Get:4 http://archive.ubuntu.com/ubuntu focal/main amd64 ibverbs-providers amd64 28.0-1ubuntu1 [232 kB]
Err:5 http://archive.ubuntu.com/ubuntu focal/main amd64 libblas3 amd64 3.9.0-1build1
  400  Bad Request [IP: 91.189.88.152 80]
Get:6 http://archive.ubuntu.com/ubuntu focal-updates/main amd64 libgfortran5 amd64 10.3.0-1ubuntu1~20.04 [736 kB]
Err:7 http://archive.ubuntu.com/ubuntu focal/main amd64 librdmacm1 amd64 28.0-1ubuntu1
  400  Bad Request [IP: 91.189.88.152 80]
Get:8 http://archive.ubuntu.com/ubuntu focal/main amd64 libiscsi7 amd64 1.18.0-2 [63.9 kB]
Err:9 http://archive.ubuntu.com/ubuntu focal/main amd64 liblapack3 amd64 3.9.0-1build1
  400  Bad Request [IP: 91.189.88.152 80]
Get:10 http://archive.ubuntu.com/ubuntu focal-updates/main amd64 libpq5 amd64 12.9-0ubuntu0.20.04.1 [117 kB]
Err:11 http://archive.ubuntu.com/ubuntu focal/universe amd64 python3-arrow all 0.15.5-1
  400  Bad Request [IP: 91.189.88.152 80]
Get:12 http://archive.ubuntu.com/ubuntu focal-updates/main amd64 python3-ply all 3.11-3ubuntu0.1 [46.3 kB]
Err:13 http://archive.ubuntu.com/ubuntu focal/main amd64 python3-pycparser all 2.19-1ubuntu1
  400  Bad Request [IP: 91.189.88.152 80]
Get:14 http://archive.ubuntu.com/ubuntu focal/main amd64 python3-cffi all 1.14.0-1build1 [70.3 kB]
Err:15 http://archive.ubuntu.com/ubuntu focal/main amd64 python3-cursive all 0.2.2-2
  400  Bad Request [IP: 91.189.88.152 80]
Get:16 http://archive.ubuntu.com/ubuntu focal/main amd64 python3-retrying all 1.3.3-4 [8,160 B]
Err:17 http://archive.ubuntu.com/ubuntu focal/main amd64 python3-suds all 0.8.4-1
  400  Bad Request [IP: 91.189.88.152 80]
Get:18 http://archive.ubuntu.com/ubuntu focal/main amd64 python3-warlock all 1.2.0-3 [5,880 B]
Err:19 http://ubuntu-cloud.archive.canonical.com/ubuntu focal-updates/wallaby/main amd64 librbd1 amd64 16.2.6-0ubuntu0.21.04.1~cloud0
  400  Bad Request [IP: 91.189.88.142 80]
Get:20 http://archive.ubuntu.com/ubuntu focal/main amd64 python3-networkx all 2.4-3ubuntu1 [855 kB]
Get:21 http://ubuntu-cloud.archive.canonical.com/ubuntu focal-updates/wallaby/main amd64 os-brick-common all 4.3.1-0ubuntu2~cloud0 [5,676 B]
Err:22 http://ubuntu-cloud.archive.canonical.com/ubuntu focal-updates/wallaby/main amd64 python3-automaton all 2.3.0-0ubuntu1~cloud0
  400  Bad Request [IP: 91.189.88.142 80]
Get:23 http://ubuntu-cloud.archive.canonical.com/ubuntu focal-updates/wallaby/main amd64 python3-barbicanclient all 5.0.1-0ubuntu1~cloud0 [45.8 kB]
Err:24 http://ubuntu-cloud.archive.canonical.com/ubuntu focal-updates/wallaby/main amd64 python3-castellan all 3.7.1-0ubuntu1~cloud0
  400  Bad Request [IP: 91.189.88.142 80]
Get:25 http://ubuntu-cloud.archive.canonical.com/ubuntu focal-updates/wallaby/main amd64 python3-ddt all 1.4.1-2~cloud0 [8,116 B]
Err:26 http://ubuntu-cloud.archive.canonical.com/ubuntu focal-updates/wallaby/main amd64 python3-os-win all 5.4.0-0ubuntu1~cloud0
  400  Bad Request [IP: 91.189.88.142 80]
Get:27 http://ubuntu-cloud.archive.canonical.com/ubuntu focal-updates/wallaby/main amd64 python3-oslo.privsep all 2.5.0-0ubuntu1~cloud0 [24.4 kB]
Err:28 http://ubuntu-cloud.archive.canonical.com/ubuntu focal-updates/wallaby/main amd64 python3-os-brick all 4.3.1-0ubuntu2~cloud0
  400  Bad Request [IP: 91.189.88.142 80]
Get:29 http://archive.ubuntu.com/ubuntu focal/main amd64 python3-numpy amd64 1:1.17.4-5ubuntu3 [2,725 kB]
Get:30 http://ubuntu-cloud.archive.canonical.com/ubuntu focal-updates/wallaby/main amd64 python3-oslo.rootwrap all 6.2.0-0ubuntu1~cloud0 [26.3 kB]
Err:31 http://ubuntu-cloud.archive.canonical.com/ubuntu focal-updates/wallaby/main amd64 python3-oslo.vmware all 3.8.0-0ubuntu1~cloud0
  400  Bad Request [IP: 91.189.88.142 80]
Get:32 http://ubuntu-cloud.archive.canonical.com/ubuntu focal-updates/wallaby/main amd64 python3-swiftclient all 1:3.11.0-0ubuntu1~cloud0 [70.6 kB]
Err:33 http://ubuntu-cloud.archive.canonical.com/ubuntu focal-updates/wallaby/main amd64 python3-glance-store all 2.5.0-0ubuntu2~cloud0
  400  Bad Request [IP: 91.189.88.142 80]
Get:34 http://ubuntu-cloud.archive.canonical.com/ubuntu focal-updates/wallaby/main amd64 python3-glanceclient all 1:3.3.0-0ubuntu1~cloud0 [140 kB]
Err:35 http://ubuntu-cloud.archive.canonical.com/ubuntu focal-updates/wallaby/main amd64 python3-psutil amd64 5.8.0-1~cloud0
  400  Bad Request [IP: 91.189.88.142 80]
Get:36 http://ubuntu-cloud.archive.canonical.com/ubuntu focal-updates/wallaby/main amd64 python3-oslo.reports all 2.2.0-0ubuntu1~cloud0 [27.2 kB]
Get:37 http://ubuntu-cloud.archive.canonical.com/ubuntu focal-updates/wallaby/main amd64 python3-psycopg2 amd64 2.8.6-2~cloud0 [120 kB]
Get:38 http://ubuntu-cloud.archive.canonical.com/ubuntu focal-updates/wallaby/main amd64 python3-sqlalchemy-utils all 0.36.8-2ubuntu2~cloud0 [58.9 kB]
Get:39 http://ubuntu-cloud.archive.canonical.com/ubuntu focal-updates/wallaby/main amd64 python3-taskflow all 4.6.0-0ubuntu1~cloud0 [254 kB]
Get:40 http://ubuntu-cloud.archive.canonical.com/ubuntu focal-updates/wallaby/main amd64 glance-common all 2:22.1.0-0ubuntu1~cloud0 [88.2 kB]
Get:41 http://ubuntu-cloud.archive.canonical.com/ubuntu focal-updates/wallaby/main amd64 python3-glance all 2:22.1.0-0ubuntu1~cloud0 [699 kB]
Get:42 http://ubuntu-cloud.archive.canonical.com/ubuntu focal-updates/wallaby/main amd64 glance-api all 2:22.1.0-0ubuntu1~cloud0 [19.5 kB]
Get:43 http://ubuntu-cloud.archive.canonical.com/ubuntu focal-updates/wallaby/main amd64 glance all 2:22.1.0-0ubuntu1~cloud0 [16.5 kB]
Get:44 http://archive.ubuntu.com/ubuntu focal/main amd64 python3-semantic-version all 2.8.2-2 [14.7 kB]
Get:45 http://archive.ubuntu.com/ubuntu focal/main amd64 python3-simplegeneric all 0.8.1-3 [11.3 kB]
Get:46 http://archive.ubuntu.com/ubuntu focal/main amd64 python3-wsme all 0.9.3-3 [61.0 kB]
Get:47 http://archive.ubuntu.com/ubuntu focal-updates/main amd64 qemu-block-extra amd64 1:4.2-3ubuntu6.21 [54.8 kB]
Get:48 http://archive.ubuntu.com/ubuntu focal-updates/main amd64 qemu-utils amd64 1:4.2-3ubuntu6.21 [976 kB]
Get:49 http://archive.ubuntu.com/ubuntu focal/main amd64 sharutils amd64 1:4.15.2-4build1 [155 kB]
Fetched 11.3 MB in 21s (534 kB/s)
E: Failed to fetch http://archive.ubuntu.com/ubuntu/pool/main/r/rdma-core/libibverbs1_28.0-1ubuntu1_amd64.deb  400  Bad Request [IP: 91.189.88.152 80]
E: Failed to fetch http://archive.ubuntu.com/ubuntu/pool/main/l/lapack/libblas3_3.9.0-1build1_amd64.deb  400  Bad Request [IP: 91.189.88.152 80]
E: Failed to fetch http://archive.ubuntu.com/ubuntu/pool/main/r/rdma-core/librdmacm1_28.0-1ubuntu1_amd64.deb  400  Bad Request [IP: 91.189.88.152 80]
E: Failed to fetch http://archive.ubuntu.com/ubuntu/pool/main/l/lapack/liblapack3_3.9.0-1build1_amd64.deb  400  Bad Request [IP: 91.189.88.152 80]
E: Failed to fetch http://ubuntu-cloud.archive.canonical.com/ubuntu/pool/main/c/ceph/librbd1_16.2.6-0ubuntu0.21.04.1~cloud0_amd64.deb  400  Bad Request [IP: 91.189.88.142 80]
E: Failed to fetch http://archive.ubuntu.com/ubuntu/pool/universe/p/python-arrow/python3-arrow_0.15.5-1_all.deb  400  Bad Request [IP: 91.189.88.152 80]
E: Failed to fetch http://ubuntu-cloud.archive.canonical.com/ubuntu/pool/main/p/python-automaton/python3-automaton_2.3.0-0ubuntu1~cloud0_all.deb  400  Bad Request [IP: 91.189.88.142 80]
E: Failed to fetch http://ubuntu-cloud.archive.canonical.com/ubuntu/pool/main/p/python-castellan/python3-castellan_3.7.1-0ubuntu1~cloud0_all.deb  400  Bad Request [IP: 91.189.88.142 80]
E: Failed to fetch http://archive.ubuntu.com/ubuntu/pool/main/p/pycparser/python3-pycparser_2.19-1ubuntu1_all.deb  400  Bad Request [IP: 91.189.88.152 80]
E: Failed to fetch http://archive.ubuntu.com/ubuntu/pool/main/p/python-cursive/python3-cursive_0.2.2-2_all.deb  400  Bad Request [IP: 91.189.88.152 80]
E: Failed to fetch http://ubuntu-cloud.archive.canonical.com/ubuntu/pool/main/p/python-os-win/python3-os-win_5.4.0-0ubuntu1~cloud0_all.deb  400  Bad Request [IP: 91.189.88.142 80]
E: Failed to fetch http://ubuntu-cloud.archive.canonical.com/ubuntu/pool/main/p/python-os-brick/python3-os-brick_4.3.1-0ubuntu2~cloud0_all.deb  400  Bad Request [IP: 91.189.88.142 80]
E: Failed to fetch http://archive.ubuntu.com/ubuntu/pool/main/s/suds/python3-suds_0.8.4-1_all.deb  400  Bad Request [IP: 91.189.88.152 80]
E: Failed to fetch http://ubuntu-cloud.archive.canonical.com/ubuntu/pool/main/p/python-oslo.vmware/python3-oslo.vmware_3.8.0-0ubuntu1~cloud0_all.deb  400  Bad Request [IP: 91.189.88.142 80]
E: Failed to fetch http://ubuntu-cloud.archive.canonical.com/ubuntu/pool/main/p/python-glance-store/python3-glance-store_2.5.0-0ubuntu2~cloud0_all.deb  400  Bad Request [IP: 91.189.88.142 80]
E: Failed to fetch http://ubuntu-cloud.archive.canonical.com/ubuntu/pool/main/p/python-psutil/python3-psutil_5.8.0-1~cloud0_amd64.deb  400  Bad Request [IP: 91.189.88.142 80]
E: Some files failed to download
