
WARNING: apt does not have a stable CLI interface. Use with caution in scripts.

Reading package lists...
Building dependency tree...
Reading state information...
Calculating upgrade...
0 upgraded, 0 newly installed, 0 to remove and 0 not upgraded.

WARNING: apt does not have a stable CLI interface. Use with caution in scripts.

Reading package lists...
Building dependency tree...
Reading state information...
Calculating upgrade...
0 upgraded, 0 newly installed, 0 to remove and 0 not upgraded.

WARNING: apt does not have a stable CLI interface. Use with caution in scripts.

Reading package lists...
Building dependency tree...
Reading state information...
0 upgraded, 0 newly installed, 0 to remove and 0 not upgraded.

WARNING: apt does not have a stable CLI interface. Use with caution in scripts.

Installing OpenStack client.

WARNING: apt does not have a stable CLI interface. Use with caution in scripts.

Reading package lists...
Building dependency tree...
Reading state information...
The following packages were automatically installed and are no longer required:
  python-chardet python-pkg-resources
Use 'sudo apt autoremove' to remove them.
The following additional packages will be installed:
  python3-cinderclient python3-cliff python3-cmd2 python3-crypto
  python3-dateutil python3-decorator python3-deprecation python3-docutils
  python3-dogpile.cache python3-jmespath python3-keystoneauth1
  python3-keystoneclient python3-mako python3-monotonic python3-munch
  python3-novaclient python3-olefile python3-openstacksdk
  python3-os-client-config python3-os-service-types python3-osc-lib
  python3-oslo.config python3-oslo.context python3-oslo.log python3-pil
  python3-prettytable python3-pygments python3-pyinotify python3-pyperclip
  python3-requestsexceptions python3-rfc3986 python3-roman
Suggested packages:
  python-cliff-doc fonts-linuxlibertine | ttf-linux-libertine
  texlive-lang-french texlive-latex-base texlive-latex-recommended
  python-keystoneauth1-doc python3-requests-kerberos python3-beaker
  python-mako-doc python-openstacksdk-doc python-os-client-config-doc
  python-os-service-types-doc python-osc-lib-doc python-oslo.log-doc
  python-pil-doc python3-pil-dbg python-pygments-doc ttf-bitstream-vera
  python-pyinotify-doc
The following packages will be REMOVED:
  python-pygments
The following NEW packages will be installed:
  python3-cinderclient python3-cliff python3-cmd2 python3-crypto
  python3-dateutil python3-decorator python3-deprecation python3-docutils
  python3-dogpile.cache python3-jmespath python3-keystoneauth1
  python3-keystoneclient python3-mako python3-monotonic python3-munch
  python3-novaclient python3-olefile python3-openstackclient
  python3-openstacksdk python3-os-client-config python3-os-service-types
  python3-osc-lib python3-oslo.config python3-oslo.context python3-oslo.log
  python3-pil python3-prettytable python3-pygments python3-pyinotify
  python3-pyperclip python3-requestsexceptions python3-rfc3986 python3-roman
0 upgraded, 33 newly installed, 1 to remove and 0 not upgraded.
Need to get 4,090 kB of archives.
After this operation, 26.0 MB of additional disk space will be used.
Get:1 http://archive.ubuntu.com/ubuntu focal/main amd64 python3-pyperclip all 1.7.0-1 [10.5 kB]
Get:2 http://ubuntu-cloud.archive.canonical.com/ubuntu focal-updates/wallaby/main amd64 python3-keystoneauth1 all 4.3.1-0ubuntu1~cloud0 [160 kB]
Err:3 http://archive.ubuntu.com/ubuntu focal/main amd64 python3-cmd2 all 0.8.5-2.1
  400  Bad Request [IP: 91.189.88.152 80]
Get:4 http://archive.ubuntu.com/ubuntu focal/main amd64 python3-os-service-types all 1.7.0-0ubuntu1 [13.1 kB]
Err:5 http://archive.ubuntu.com/ubuntu focal/main amd64 python3-prettytable all 0.7.2-5
  400  Bad Request [IP: 91.189.88.152 80]
Get:6 http://archive.ubuntu.com/ubuntu focal/main amd64 python3-roman all 2.0.0-3build1 [8,728 B]
Err:7 http://ubuntu-cloud.archive.canonical.com/ubuntu focal-updates/wallaby/main amd64 python3-cinderclient all 1:7.4.0-0ubuntu1~cloud0
  400  Bad Request [IP: 91.189.91.39 80]
Err:8 http://archive.ubuntu.com/ubuntu focal/main amd64 python3-docutils all 0.16+dfsg-2
  400  Bad Request [IP: 91.189.88.152 80]
Get:9 http://ubuntu-cloud.archive.canonical.com/ubuntu focal-updates/wallaby/main amd64 python3-cliff all 3.6.0-0ubuntu1~cloud0 [43.9 kB]
Get:10 http://archive.ubuntu.com/ubuntu focal/main amd64 python3-crypto amd64 2.6.1-13ubuntu2 [237 kB]
Err:11 http://ubuntu-cloud.archive.canonical.com/ubuntu focal-updates/wallaby/main amd64 python3-dogpile.cache all 1.1.2-1~cloud0
  400  Bad Request [IP: 91.189.91.39 80]
Err:12 http://archive.ubuntu.com/ubuntu focal/main amd64 python3-dateutil all 2.7.3-3ubuntu1
  400  Bad Request [IP: 91.189.88.152 80]
Get:13 http://ubuntu-cloud.archive.canonical.com/ubuntu focal-updates/wallaby/main amd64 python3-oslo.context all 1:3.2.0-0ubuntu1~cloud0 [15.1 kB]
Get:14 http://archive.ubuntu.com/ubuntu focal/main amd64 python3-decorator all 4.4.2-0ubuntu1 [10.3 kB]
Err:15 http://archive.ubuntu.com/ubuntu focal/main amd64 python3-deprecation all 2.0.7-1
  400  Bad Request [IP: 91.189.88.152 80]
Get:16 http://archive.ubuntu.com/ubuntu focal/main amd64 python3-mako all 1.1.0+ds1-1ubuntu2 [59.1 kB]
Err:17 http://ubuntu-cloud.archive.canonical.com/ubuntu focal-updates/wallaby/main amd64 python3-oslo.log all 4.4.0-0ubuntu1~cloud0
  400  Bad Request [IP: 91.189.91.39 80]
Get:18 http://ubuntu-cloud.archive.canonical.com/ubuntu focal-updates/wallaby/main amd64 python3-oslo.config all 1:8.5.0-0ubuntu1~cloud0 [109 kB]
Get:19 http://archive.ubuntu.com/ubuntu focal-updates/main amd64 python3-jmespath all 0.9.4-2ubuntu1 [21.5 kB]
Get:20 http://archive.ubuntu.com/ubuntu focal/main amd64 python3-monotonic all 1.5-0ubuntu2 [5,660 B]
Get:21 http://archive.ubuntu.com/ubuntu focal/main amd64 python3-pyinotify all 0.9.6-1.2ubuntu1 [24.8 kB]
Get:22 http://archive.ubuntu.com/ubuntu focal/main amd64 python3-rfc3986 all 1.3.2-0ubuntu2 [21.9 kB]
Get:23 http://archive.ubuntu.com/ubuntu focal/main amd64 python3-olefile all 0.46-2 [33.7 kB]
Get:24 http://archive.ubuntu.com/ubuntu focal/main amd64 python3-munch all 2.3.2-2 [7,984 B]
Get:25 http://archive.ubuntu.com/ubuntu focal/main amd64 python3-requestsexceptions all 1.4.0-3 [4,232 B]
Get:26 http://archive.ubuntu.com/ubuntu focal-updates/main amd64 python3-pil amd64 7.0.0-4ubuntu0.5 [363 kB]
Get:27 http://ubuntu-cloud.archive.canonical.com/ubuntu focal-updates/wallaby/main amd64 python3-keystoneclient all 1:4.2.0-0ubuntu1~cloud0 [208 kB]
Get:28 http://ubuntu-cloud.archive.canonical.com/ubuntu focal-updates/wallaby/main amd64 python3-novaclient all 2:17.4.0-0ubuntu1~cloud0 [251 kB]
Get:29 http://ubuntu-cloud.archive.canonical.com/ubuntu focal-updates/wallaby/main amd64 python3-openstacksdk all 0.55.0-0ubuntu1~cloud0 [560 kB]
Get:30 http://ubuntu-cloud.archive.canonical.com/ubuntu focal-updates/wallaby/main amd64 python3-os-client-config all 2.1.0-0ubuntu3~cloud0 [20.0 kB]
Get:31 http://ubuntu-cloud.archive.canonical.com/ubuntu focal-updates/wallaby/main amd64 python3-osc-lib all 2.3.1-0ubuntu1~cloud0 [53.5 kB]
Get:32 http://ubuntu-cloud.archive.canonical.com/ubuntu focal-updates/wallaby/main amd64 python3-openstackclient all 5.5.0-0ubuntu1~cloud0 [458 kB]
Get:33 http://ubuntu-cloud.archive.canonical.com/ubuntu focal-updates/wallaby/main amd64 python3-pygments all 2.7.1+dfsg-2ubuntu1~cloud0 [656 kB]
Fetched 3,356 kB in 16s (210 kB/s)
E: Failed to fetch http://archive.ubuntu.com/ubuntu/pool/main/c/cmd2/python3-cmd2_0.8.5-2.1_all.deb  400  Bad Request [IP: 91.189.88.152 80]
E: Failed to fetch http://archive.ubuntu.com/ubuntu/pool/main/p/prettytable/python3-prettytable_0.7.2-5_all.deb  400  Bad Request [IP: 91.189.88.152 80]
E: Failed to fetch http://ubuntu-cloud.archive.canonical.com/ubuntu/pool/main/p/python-cinderclient/python3-cinderclient_7.4.0-0ubuntu1~cloud0_all.deb  400  Bad Request [IP: 91.189.91.39 80]
E: Failed to fetch http://archive.ubuntu.com/ubuntu/pool/main/p/python-docutils/python3-docutils_0.16+dfsg-2_all.deb  400  Bad Request [IP: 91.189.88.152 80]
E: Failed to fetch http://archive.ubuntu.com/ubuntu/pool/main/p/python-dateutil/python3-dateutil_2.7.3-3ubuntu1_all.deb  400  Bad Request [IP: 91.189.88.152 80]
E: Failed to fetch http://archive.ubuntu.com/ubuntu/pool/main/p/python-deprecation/python3-deprecation_2.0.7-1_all.deb  400  Bad Request [IP: 91.189.88.152 80]
E: Failed to fetch http://ubuntu-cloud.archive.canonical.com/ubuntu/pool/main/p/python-dogpile.cache/python3-dogpile.cache_1.1.2-1~cloud0_all.deb  400  Bad Request [IP: 91.189.91.39 80]
E: Failed to fetch http://ubuntu-cloud.archive.canonical.com/ubuntu/pool/main/p/python-oslo.log/python3-oslo.log_4.4.0-0ubuntu1~cloud0_all.deb  400  Bad Request [IP: 91.189.91.39 80]
E: Unable to fetch some archives, maybe run apt-get update or try with --fix-missing?
