Success. Node compute in mgmt: 10.0.0.31.
IP address of this node's interface in management network: 10.0.0.31.
Configuring LVM physical and logical volumes.
Setting LVM filter line in /etc/lvm/lvm.conf to only allow /dev/sdb.
Verifying LVM filter.
        filter = [ "a/sdb/", "r/.*/"]
        filter = [ "a/sdb/", "r/.*/"]
Configuring /etc/cinder/cinder.conf.
Setting database connection: mysql+pymysql://cinder:cinderDBPass@controller/cinder.
'/etc/cinder/cinder.conf' -> '/tmp/160_etc_cinder_cinder.conf.iniset'
iniset /tmp/160_etc_cinder_cinder.conf.iniset database connection mysql+pymysql://cinder:cinderDBPass@controller/cinder
Configuring RabbitMQ message queue access.
'/etc/cinder/cinder.conf' -> '/tmp/161_etc_cinder_cinder.conf.iniset'
iniset /tmp/161_etc_cinder_cinder.conf.iniset DEFAULT transport_url rabbit://openstack:rabbitPass@controller
'/etc/cinder/cinder.conf' -> '/tmp/162_etc_cinder_cinder.conf.iniset'
iniset /tmp/162_etc_cinder_cinder.conf.iniset DEFAULT auth_strategy keystone
'/etc/cinder/cinder.conf' -> '/tmp/163_etc_cinder_cinder.conf.iniset'
iniset /tmp/163_etc_cinder_cinder.conf.iniset keystone_authtoken www_authenticate_uri http://controller:5000
'/etc/cinder/cinder.conf' -> '/tmp/164_etc_cinder_cinder.conf.iniset'
iniset /tmp/164_etc_cinder_cinder.conf.iniset keystone_authtoken auth_url http://controller:5000
'/etc/cinder/cinder.conf' -> '/tmp/165_etc_cinder_cinder.conf.iniset'
iniset /tmp/165_etc_cinder_cinder.conf.iniset keystone_authtoken memcached_servers controller:11211
'/etc/cinder/cinder.conf' -> '/tmp/166_etc_cinder_cinder.conf.iniset'
iniset /tmp/166_etc_cinder_cinder.conf.iniset keystone_authtoken auth_type password
'/etc/cinder/cinder.conf' -> '/tmp/167_etc_cinder_cinder.conf.iniset'
iniset /tmp/167_etc_cinder_cinder.conf.iniset keystone_authtoken project_domain_id default
'/etc/cinder/cinder.conf' -> '/tmp/168_etc_cinder_cinder.conf.iniset'
iniset /tmp/168_etc_cinder_cinder.conf.iniset keystone_authtoken user_domain_id default
'/etc/cinder/cinder.conf' -> '/tmp/169_etc_cinder_cinder.conf.iniset'
iniset /tmp/169_etc_cinder_cinder.conf.iniset keystone_authtoken project_name service
'/etc/cinder/cinder.conf' -> '/tmp/170_etc_cinder_cinder.conf.iniset'
iniset /tmp/170_etc_cinder_cinder.conf.iniset keystone_authtoken username cinder
'/etc/cinder/cinder.conf' -> '/tmp/171_etc_cinder_cinder.conf.iniset'
iniset /tmp/171_etc_cinder_cinder.conf.iniset keystone_authtoken password cinderPass
'/etc/cinder/cinder.conf' -> '/tmp/172_etc_cinder_cinder.conf.iniset'
iniset /tmp/172_etc_cinder_cinder.conf.iniset DEFAULT my_ip 10.0.0.31
'/etc/cinder/cinder.conf' -> '/tmp/173_etc_cinder_cinder.conf.iniset'
iniset /tmp/173_etc_cinder_cinder.conf.iniset DEFAULT volume_driver cinder.volume.drivers.lvm.LVMVolumeDriver
'/etc/cinder/cinder.conf' -> '/tmp/174_etc_cinder_cinder.conf.iniset'
iniset /tmp/174_etc_cinder_cinder.conf.iniset DEFAULT volume_group cinder-volumes
'/etc/cinder/cinder.conf' -> '/tmp/175_etc_cinder_cinder.conf.iniset'
iniset /tmp/175_etc_cinder_cinder.conf.iniset DEFAULT iscsi_protocol iscsi
'/etc/cinder/cinder.conf' -> '/tmp/176_etc_cinder_cinder.conf.iniset'
iniset /tmp/176_etc_cinder_cinder.conf.iniset DEFAULT iscsi_helper tgtadm
'/etc/cinder/cinder.conf' -> '/tmp/177_etc_cinder_cinder.conf.iniset'
iniset /tmp/177_etc_cinder_cinder.conf.iniset DEFAULT enabled_backends lvm
'/etc/cinder/cinder.conf' -> '/tmp/178_etc_cinder_cinder.conf.iniset'
iniset /tmp/178_etc_cinder_cinder.conf.iniset DEFAULT glance_api_servers http://controller:9292
'/etc/cinder/cinder.conf' -> '/tmp/179_etc_cinder_cinder.conf.iniset'
iniset /tmp/179_etc_cinder_cinder.conf.iniset oslo_concurrency lock_path /var/lib/cinder/tmp
Restarting cinder service.
Synchronizing state of tgt.service with SysV service script with /lib/systemd/systemd-sysv-install.
Executing: /lib/systemd/systemd-sysv-install enable tgt
