Installing nova for compute node.

WARNING: apt does not have a stable CLI interface. Use with caution in scripts.

Reading package lists...
Building dependency tree...
Reading state information...
nova-compute is already the newest version (3:23.1.0-0ubuntu1~cloud0).
nova-compute-qemu is already the newest version (3:23.1.0-0ubuntu1~cloud0).
0 upgraded, 0 newly installed, 0 to remove and 0 not upgraded.
Configuring nova for compute node.
Configuring /etc/nova/nova.conf.
Configuring RabbitMQ message queue access.
'/etc/nova/nova.conf' -> '/tmp/308_etc_nova_nova.conf.iniset'
iniset /tmp/308_etc_nova_nova.conf.iniset DEFAULT transport_url rabbit://openstack:rabbitPass@controller
'/etc/nova/nova.conf' -> '/tmp/309_etc_nova_nova.conf.iniset'
iniset /tmp/309_etc_nova_nova.conf.iniset api auth_strategy keystone
Success. Node compute in mgmt: 10.0.0.31.
'/etc/nova/nova.conf' -> '/tmp/310_etc_nova_nova.conf.iniset'
iniset /tmp/310_etc_nova_nova.conf.iniset keystone_authtoken www_authenticate_uri http://controller:5000/
'/etc/nova/nova.conf' -> '/tmp/311_etc_nova_nova.conf.iniset'
iniset /tmp/311_etc_nova_nova.conf.iniset keystone_authtoken auth_url http://controller:5000/
'/etc/nova/nova.conf' -> '/tmp/312_etc_nova_nova.conf.iniset'
iniset /tmp/312_etc_nova_nova.conf.iniset keystone_authtoken memcached_servers controller:11211
'/etc/nova/nova.conf' -> '/tmp/313_etc_nova_nova.conf.iniset'
iniset /tmp/313_etc_nova_nova.conf.iniset keystone_authtoken auth_type password
'/etc/nova/nova.conf' -> '/tmp/314_etc_nova_nova.conf.iniset'
iniset /tmp/314_etc_nova_nova.conf.iniset keystone_authtoken project_domain_name Default
'/etc/nova/nova.conf' -> '/tmp/315_etc_nova_nova.conf.iniset'
iniset /tmp/315_etc_nova_nova.conf.iniset keystone_authtoken user_domain_name Default
'/etc/nova/nova.conf' -> '/tmp/316_etc_nova_nova.conf.iniset'
iniset /tmp/316_etc_nova_nova.conf.iniset keystone_authtoken project_name service
'/etc/nova/nova.conf' -> '/tmp/317_etc_nova_nova.conf.iniset'
iniset /tmp/317_etc_nova_nova.conf.iniset keystone_authtoken username nova
'/etc/nova/nova.conf' -> '/tmp/318_etc_nova_nova.conf.iniset'
iniset /tmp/318_etc_nova_nova.conf.iniset keystone_authtoken password novaPass
'/etc/nova/nova.conf' -> '/tmp/319_etc_nova_nova.conf.iniset'
iniset /tmp/319_etc_nova_nova.conf.iniset DEFAULT my_ip 10.0.0.31
'/etc/nova/nova.conf' -> '/tmp/320_etc_nova_nova.conf.iniset'
iniset /tmp/320_etc_nova_nova.conf.iniset DEFAULT use_neutron true
'/etc/nova/nova.conf' -> '/tmp/321_etc_nova_nova.conf.iniset'
iniset /tmp/321_etc_nova_nova.conf.iniset DEFAULT firewall_driver nova.virt.firewall.NoopFirewallDriver
'/etc/nova/nova.conf' -> '/tmp/322_etc_nova_nova.conf.iniset'
iniset /tmp/322_etc_nova_nova.conf.iniset vnc enabled true
'/etc/nova/nova.conf' -> '/tmp/323_etc_nova_nova.conf.iniset'
iniset /tmp/323_etc_nova_nova.conf.iniset vnc server_listen 0.0.0.0
'/etc/nova/nova.conf' -> '/tmp/324_etc_nova_nova.conf.iniset'
iniset /tmp/324_etc_nova_nova.conf.iniset vnc server_proxyclient_address $my_ip
'/etc/nova/nova.conf' -> '/tmp/325_etc_nova_nova.conf.iniset'
iniset /tmp/325_etc_nova_nova.conf.iniset vnc novncproxy_base_url http://10.0.0.11:6080/vnc_auto.html
'/etc/nova/nova.conf' -> '/tmp/326_etc_nova_nova.conf.iniset'
iniset /tmp/326_etc_nova_nova.conf.iniset glance api_servers http://controller:9292
'/etc/nova/nova.conf' -> '/tmp/327_etc_nova_nova.conf.iniset'
iniset /tmp/327_etc_nova_nova.conf.iniset oslo_concurrency lock_path /var/lib/nova/tmp
Configuring Placement services.
'/etc/nova/nova.conf' -> '/tmp/328_etc_nova_nova.conf.iniset'
iniset /tmp/328_etc_nova_nova.conf.iniset placement region_name RegionOne
'/etc/nova/nova.conf' -> '/tmp/329_etc_nova_nova.conf.iniset'
iniset /tmp/329_etc_nova_nova.conf.iniset placement project_domain_name Default
'/etc/nova/nova.conf' -> '/tmp/330_etc_nova_nova.conf.iniset'
iniset /tmp/330_etc_nova_nova.conf.iniset placement project_name service
'/etc/nova/nova.conf' -> '/tmp/331_etc_nova_nova.conf.iniset'
iniset /tmp/331_etc_nova_nova.conf.iniset placement auth_type password
'/etc/nova/nova.conf' -> '/tmp/332_etc_nova_nova.conf.iniset'
iniset /tmp/332_etc_nova_nova.conf.iniset placement user_domain_name Default
'/etc/nova/nova.conf' -> '/tmp/333_etc_nova_nova.conf.iniset'
iniset /tmp/333_etc_nova_nova.conf.iniset placement auth_url http://controller:5000/v3
'/etc/nova/nova.conf' -> '/tmp/334_etc_nova_nova.conf.iniset'
iniset /tmp/334_etc_nova_nova.conf.iniset placement username placement
'/etc/nova/nova.conf' -> '/tmp/335_etc_nova_nova.conf.iniset'
iniset /tmp/335_etc_nova_nova.conf.iniset placement password placementPass
Hardware acceleration for virtualization: not available.
'/etc/nova/nova-compute.conf' -> '/tmp/336_etc_nova_nova-compute.conf.iniset'
iniset /tmp/336_etc_nova_nova-compute.conf.iniset libvirt virt_type qemu
Config: virt_type=qemu
Restarting nova services.

Confirming that the compute host is in the database.ssh controller source /home/stack/config/admin-openstackrc.sh; openstack compute service list --service nova-compute
+----+--------------+---------+------+---------+-------+----------------------------+
| ID | Binary       | Host    | Zone | Status  | State | Updated At                 |
+----+--------------+---------+------+---------+-------+----------------------------+
|  6 | nova-compute | compute | nova | enabled | up    | 2022-03-16T11:33:15.000000 |
+----+--------------+---------+------+---------+-------+----------------------------+
................................