Installing nova for compute node.

WARNING: apt does not have a stable CLI interface. Use with caution in scripts.

Reading package lists...
Building dependency tree...
Reading state information...
nova-compute is already the newest version (3:23.1.0-0ubuntu1~cloud0).
nova-compute-qemu is already the newest version (3:23.1.0-0ubuntu1~cloud0).
0 upgraded, 0 newly installed, 0 to remove and 0 not upgraded.
Configuring nova for compute node.
Configuring /etc/nova/nova.conf.
Configuring RabbitMQ message queue access.
'/etc/nova/nova.conf' -> '/tmp/337_etc_nova_nova.conf.iniset'
iniset /tmp/337_etc_nova_nova.conf.iniset DEFAULT transport_url rabbit://openstack:rabbitPass@controller
'/etc/nova/nova.conf' -> '/tmp/338_etc_nova_nova.conf.iniset'
iniset /tmp/338_etc_nova_nova.conf.iniset api auth_strategy keystone
Success. Node compute in mgmt: 10.0.0.31.
'/etc/nova/nova.conf' -> '/tmp/339_etc_nova_nova.conf.iniset'
iniset /tmp/339_etc_nova_nova.conf.iniset keystone_authtoken www_authenticate_uri http://controller:5000/
'/etc/nova/nova.conf' -> '/tmp/340_etc_nova_nova.conf.iniset'
iniset /tmp/340_etc_nova_nova.conf.iniset keystone_authtoken auth_url http://controller:5000/
'/etc/nova/nova.conf' -> '/tmp/341_etc_nova_nova.conf.iniset'
iniset /tmp/341_etc_nova_nova.conf.iniset keystone_authtoken memcached_servers controller:11211
'/etc/nova/nova.conf' -> '/tmp/342_etc_nova_nova.conf.iniset'
iniset /tmp/342_etc_nova_nova.conf.iniset keystone_authtoken auth_type password
'/etc/nova/nova.conf' -> '/tmp/343_etc_nova_nova.conf.iniset'
iniset /tmp/343_etc_nova_nova.conf.iniset keystone_authtoken project_domain_name Default
'/etc/nova/nova.conf' -> '/tmp/344_etc_nova_nova.conf.iniset'
iniset /tmp/344_etc_nova_nova.conf.iniset keystone_authtoken user_domain_name Default
'/etc/nova/nova.conf' -> '/tmp/345_etc_nova_nova.conf.iniset'
iniset /tmp/345_etc_nova_nova.conf.iniset keystone_authtoken project_name service
'/etc/nova/nova.conf' -> '/tmp/346_etc_nova_nova.conf.iniset'
iniset /tmp/346_etc_nova_nova.conf.iniset keystone_authtoken username nova
'/etc/nova/nova.conf' -> '/tmp/347_etc_nova_nova.conf.iniset'
iniset /tmp/347_etc_nova_nova.conf.iniset keystone_authtoken password novaPass
'/etc/nova/nova.conf' -> '/tmp/348_etc_nova_nova.conf.iniset'
iniset /tmp/348_etc_nova_nova.conf.iniset DEFAULT my_ip 10.0.0.31
'/etc/nova/nova.conf' -> '/tmp/349_etc_nova_nova.conf.iniset'
iniset /tmp/349_etc_nova_nova.conf.iniset DEFAULT use_neutron true
'/etc/nova/nova.conf' -> '/tmp/350_etc_nova_nova.conf.iniset'
iniset /tmp/350_etc_nova_nova.conf.iniset DEFAULT firewall_driver nova.virt.firewall.NoopFirewallDriver
'/etc/nova/nova.conf' -> '/tmp/351_etc_nova_nova.conf.iniset'
iniset /tmp/351_etc_nova_nova.conf.iniset vnc enabled true
'/etc/nova/nova.conf' -> '/tmp/352_etc_nova_nova.conf.iniset'
iniset /tmp/352_etc_nova_nova.conf.iniset vnc server_listen 0.0.0.0
'/etc/nova/nova.conf' -> '/tmp/353_etc_nova_nova.conf.iniset'
iniset /tmp/353_etc_nova_nova.conf.iniset vnc server_proxyclient_address $my_ip
'/etc/nova/nova.conf' -> '/tmp/354_etc_nova_nova.conf.iniset'
iniset /tmp/354_etc_nova_nova.conf.iniset vnc novncproxy_base_url http://10.0.0.11:6080/vnc_auto.html
'/etc/nova/nova.conf' -> '/tmp/355_etc_nova_nova.conf.iniset'
iniset /tmp/355_etc_nova_nova.conf.iniset glance api_servers http://controller:9292
'/etc/nova/nova.conf' -> '/tmp/356_etc_nova_nova.conf.iniset'
iniset /tmp/356_etc_nova_nova.conf.iniset oslo_concurrency lock_path /var/lib/nova/tmp
Configuring Placement services.
'/etc/nova/nova.conf' -> '/tmp/357_etc_nova_nova.conf.iniset'
iniset /tmp/357_etc_nova_nova.conf.iniset placement region_name RegionOne
'/etc/nova/nova.conf' -> '/tmp/358_etc_nova_nova.conf.iniset'
iniset /tmp/358_etc_nova_nova.conf.iniset placement project_domain_name Default
'/etc/nova/nova.conf' -> '/tmp/359_etc_nova_nova.conf.iniset'
iniset /tmp/359_etc_nova_nova.conf.iniset placement project_name service
'/etc/nova/nova.conf' -> '/tmp/360_etc_nova_nova.conf.iniset'
iniset /tmp/360_etc_nova_nova.conf.iniset placement auth_type password
'/etc/nova/nova.conf' -> '/tmp/361_etc_nova_nova.conf.iniset'
iniset /tmp/361_etc_nova_nova.conf.iniset placement user_domain_name Default
'/etc/nova/nova.conf' -> '/tmp/362_etc_nova_nova.conf.iniset'
iniset /tmp/362_etc_nova_nova.conf.iniset placement auth_url http://controller:5000/v3
'/etc/nova/nova.conf' -> '/tmp/363_etc_nova_nova.conf.iniset'
iniset /tmp/363_etc_nova_nova.conf.iniset placement username placement
'/etc/nova/nova.conf' -> '/tmp/364_etc_nova_nova.conf.iniset'
iniset /tmp/364_etc_nova_nova.conf.iniset placement password placementPass
Hardware acceleration for virtualization: not available.
'/etc/nova/nova-compute.conf' -> '/tmp/365_etc_nova_nova-compute.conf.iniset'
iniset /tmp/365_etc_nova_nova-compute.conf.iniset libvirt virt_type qemu
Config: virt_type=qemu
Restarting nova services.

Confirming that the compute host is in the database.ssh controller source /home/stack/config/admin-openstackrc.sh; openstack compute service list --service nova-compute
+----+--------------+---------+------+---------+-------+----------------------------+
| ID | Binary       | Host    | Zone | Status  | State | Updated At                 |
+----+--------------+---------+------+---------+-------+----------------------------+
|  6 | nova-compute | compute | nova | enabled | up    | 2022-03-16T11:35:32.000000 |
+----+--------------+---------+------+---------+-------+----------------------------+
..........