Installing nova for compute node.

WARNING: apt does not have a stable CLI interface. Use with caution in scripts.

Reading package lists...
Building dependency tree...
Reading state information...
nova-compute is already the newest version (3:23.1.0-0ubuntu1~cloud0).
nova-compute-qemu is already the newest version (3:23.1.0-0ubuntu1~cloud0).
0 upgraded, 0 newly installed, 0 to remove and 0 not upgraded.
Configuring nova for compute node.
Configuring /etc/nova/nova.conf.
Configuring RabbitMQ message queue access.
'/etc/nova/nova.conf' -> '/tmp/366_etc_nova_nova.conf.iniset'
iniset /tmp/366_etc_nova_nova.conf.iniset DEFAULT transport_url rabbit://openstack:rabbitPass@controller
'/etc/nova/nova.conf' -> '/tmp/367_etc_nova_nova.conf.iniset'
iniset /tmp/367_etc_nova_nova.conf.iniset api auth_strategy keystone
Success. Node compute in mgmt: 10.0.0.31.
'/etc/nova/nova.conf' -> '/tmp/368_etc_nova_nova.conf.iniset'
iniset /tmp/368_etc_nova_nova.conf.iniset keystone_authtoken www_authenticate_uri http://controller:5000/
'/etc/nova/nova.conf' -> '/tmp/369_etc_nova_nova.conf.iniset'
iniset /tmp/369_etc_nova_nova.conf.iniset keystone_authtoken auth_url http://controller:5000/
'/etc/nova/nova.conf' -> '/tmp/370_etc_nova_nova.conf.iniset'
iniset /tmp/370_etc_nova_nova.conf.iniset keystone_authtoken memcached_servers controller:11211
'/etc/nova/nova.conf' -> '/tmp/371_etc_nova_nova.conf.iniset'
iniset /tmp/371_etc_nova_nova.conf.iniset keystone_authtoken auth_type password
'/etc/nova/nova.conf' -> '/tmp/372_etc_nova_nova.conf.iniset'
iniset /tmp/372_etc_nova_nova.conf.iniset keystone_authtoken project_domain_name Default
'/etc/nova/nova.conf' -> '/tmp/373_etc_nova_nova.conf.iniset'
iniset /tmp/373_etc_nova_nova.conf.iniset keystone_authtoken user_domain_name Default
'/etc/nova/nova.conf' -> '/tmp/374_etc_nova_nova.conf.iniset'
iniset /tmp/374_etc_nova_nova.conf.iniset keystone_authtoken project_name service
'/etc/nova/nova.conf' -> '/tmp/375_etc_nova_nova.conf.iniset'
iniset /tmp/375_etc_nova_nova.conf.iniset keystone_authtoken username nova
'/etc/nova/nova.conf' -> '/tmp/376_etc_nova_nova.conf.iniset'
iniset /tmp/376_etc_nova_nova.conf.iniset keystone_authtoken password novaPass
'/etc/nova/nova.conf' -> '/tmp/377_etc_nova_nova.conf.iniset'
iniset /tmp/377_etc_nova_nova.conf.iniset DEFAULT my_ip 10.0.0.31
'/etc/nova/nova.conf' -> '/tmp/378_etc_nova_nova.conf.iniset'
iniset /tmp/378_etc_nova_nova.conf.iniset DEFAULT use_neutron true
'/etc/nova/nova.conf' -> '/tmp/379_etc_nova_nova.conf.iniset'
iniset /tmp/379_etc_nova_nova.conf.iniset DEFAULT firewall_driver nova.virt.firewall.NoopFirewallDriver
'/etc/nova/nova.conf' -> '/tmp/380_etc_nova_nova.conf.iniset'
iniset /tmp/380_etc_nova_nova.conf.iniset vnc enabled true
'/etc/nova/nova.conf' -> '/tmp/381_etc_nova_nova.conf.iniset'
iniset /tmp/381_etc_nova_nova.conf.iniset vnc server_listen 0.0.0.0
'/etc/nova/nova.conf' -> '/tmp/382_etc_nova_nova.conf.iniset'
iniset /tmp/382_etc_nova_nova.conf.iniset vnc server_proxyclient_address $my_ip
'/etc/nova/nova.conf' -> '/tmp/383_etc_nova_nova.conf.iniset'
iniset /tmp/383_etc_nova_nova.conf.iniset vnc novncproxy_base_url http://10.0.0.11:6080/vnc_auto.html
'/etc/nova/nova.conf' -> '/tmp/384_etc_nova_nova.conf.iniset'
iniset /tmp/384_etc_nova_nova.conf.iniset glance api_servers http://controller:9292
'/etc/nova/nova.conf' -> '/tmp/385_etc_nova_nova.conf.iniset'
iniset /tmp/385_etc_nova_nova.conf.iniset oslo_concurrency lock_path /var/lib/nova/tmp
Configuring Placement services.
'/etc/nova/nova.conf' -> '/tmp/386_etc_nova_nova.conf.iniset'
iniset /tmp/386_etc_nova_nova.conf.iniset placement region_name RegionOne
'/etc/nova/nova.conf' -> '/tmp/387_etc_nova_nova.conf.iniset'
iniset /tmp/387_etc_nova_nova.conf.iniset placement project_domain_name Default
'/etc/nova/nova.conf' -> '/tmp/388_etc_nova_nova.conf.iniset'
iniset /tmp/388_etc_nova_nova.conf.iniset placement project_name service
'/etc/nova/nova.conf' -> '/tmp/389_etc_nova_nova.conf.iniset'
iniset /tmp/389_etc_nova_nova.conf.iniset placement auth_type password
'/etc/nova/nova.conf' -> '/tmp/390_etc_nova_nova.conf.iniset'
iniset /tmp/390_etc_nova_nova.conf.iniset placement user_domain_name Default
'/etc/nova/nova.conf' -> '/tmp/391_etc_nova_nova.conf.iniset'
iniset /tmp/391_etc_nova_nova.conf.iniset placement auth_url http://controller:5000/v3
'/etc/nova/nova.conf' -> '/tmp/392_etc_nova_nova.conf.iniset'
iniset /tmp/392_etc_nova_nova.conf.iniset placement username placement
'/etc/nova/nova.conf' -> '/tmp/393_etc_nova_nova.conf.iniset'
iniset /tmp/393_etc_nova_nova.conf.iniset placement password placementPass
Hardware acceleration for virtualization: not available.
'/etc/nova/nova-compute.conf' -> '/tmp/394_etc_nova_nova-compute.conf.iniset'
iniset /tmp/394_etc_nova_nova-compute.conf.iniset libvirt virt_type qemu
Config: virt_type=qemu
Restarting nova services.

Confirming that the compute host is in the database.ssh controller source /home/stack/config/admin-openrc.sh; openstack compute service list --service nova-compute
+----+--------------+---------+------+---------+-------+----------------------------+
| ID | Binary       | Host    | Zone | Status  | State | Updated At                 |
+----+--------------+---------+------+---------+-------+----------------------------+
|  6 | nova-compute | compute | nova | enabled | up    | 2022-03-16T11:37:14.000000 |
+----+--------------+---------+------+---------+-------+----------------------------+
................................................................................................................................................