Success. Node compute in mgmt: 10.0.0.31.
IP address of this node's interface in management network: 10.0.0.31.

WARNING: apt does not have a stable CLI interface. Use with caution in scripts.

Reading package lists...
Building dependency tree...
Reading state information...
xfsprogs is already the newest version (5.3.0-1ubuntu2).
rsync is already the newest version (3.1.3-8ubuntu0.2).
python3-swift is already the newest version (2.27.0-0ubuntu2~cloud0).
python3-swiftclient is already the newest version (1:3.11.0-0ubuntu1~cloud0).
swift is already the newest version (2.27.0-0ubuntu2~cloud0).
swift-account is already the newest version (2.27.0-0ubuntu2~cloud0).
swift-container is already the newest version (2.27.0-0ubuntu2~cloud0).
swift-object is already the newest version (2.27.0-0ubuntu2~cloud0).
0 upgraded, 0 newly installed, 0 to remove and 0 not upgraded.
meta-data=/dev/sdc               isize=512    agcount=4, agsize=524288 blks
         =                       sectsz=512   attr=2, projid32bit=1
         =                       crc=1        finobt=1, sparse=1, rmapbt=0
         =                       reflink=1
data     =                       bsize=4096   blocks=2097152, imaxpct=25
         =                       sunit=0      swidth=0 blks
naming   =version 2              bsize=4096   ascii-ci=0, ftype=1
log      =internal log           bsize=4096   blocks=2560, version=2
         =                       sectsz=512   sunit=0 blks, lazy-count=1
realtime =none                   extsz=4096   blocks=0, rtextents=0
meta-data=/dev/sdd               isize=512    agcount=4, agsize=524288 blks
         =                       sectsz=512   attr=2, projid32bit=1
         =                       crc=1        finobt=1, sparse=1, rmapbt=0
         =                       reflink=1
data     =                       bsize=4096   blocks=2097152, imaxpct=25
         =                       sunit=0      swidth=0 blks
naming   =version 2              bsize=4096   ascii-ci=0, ftype=1
log      =internal log           bsize=4096   blocks=2560, version=2
         =                       sectsz=512   sunit=0 blks, lazy-count=1
realtime =none                   extsz=4096   blocks=0, rtextents=0
/dev/sdb /srv/node/sdb xfs noatime 0 2
/dev/sdc /srv/node/sdc xfs noatime 0 2
'/etc/rsyncd.conf' -> '/tmp/453_etc_rsyncd.conf.iniset'
'/etc/rsyncd.conf' -> '/tmp/454_etc_rsyncd.conf.iniset'
'/etc/rsyncd.conf' -> '/tmp/455_etc_rsyncd.conf.iniset'
'/etc/rsyncd.conf' -> '/tmp/456_etc_rsyncd.conf.iniset'
iniset /tmp/456_etc_rsyncd.conf.iniset object path /srv/node/
'/etc/default/rsync' -> '/tmp/457_etc_default_rsync.iniset'
start the rsync service.
Synchronizing state of rsync.service with SysV service script with /lib/systemd/systemd-sysv-install.
Executing: /lib/systemd/systemd-sysv-install enable rsync
● rsync.service - fast remote file copy program daemon
     Loaded: loaded (/lib/systemd/system/rsync.service; enabled; vendor preset: enabled)
     Active: active (running) since Wed 2022-03-16 12:19:33 UTC; 15ms ago
       Docs: man:rsync(1)
             man:rsyncd.conf(5)
   Main PID: 35942 ((rsync))
      Tasks: 1 (limit: 2274)
     Memory: 64.0K
     CGroup: /system.slice/rsync.service
             └─35942 (rsync)

Mar 16 12:19:33 compute systemd[1]: Started fast remote file copy program daemon.
  % Total    % Received % Xferd  Average Speed   Time    Time     Time  Current
                                 Dload  Upload   Total   Spent    Left  Speed
  0     0    0     0    0     0      0      0 --:--:-- --:--:-- --:--:--     0  0     0    0     0    0     0      0      0 --:--:-- --:--:-- --:--:--     0100 11752  100 11752    0     0   9585      0  0:00:01  0:00:01 --:--:--  9585
  % Total    % Received % Xferd  Average Speed   Time    Time     Time  Current
                                 Dload  Upload   Total   Spent    Left  Speed
  0     0    0     0    0     0      0      0 --:--:-- --:--:-- --:--:--     0  0     0    0     0    0     0      0      0 --:--:-- --:--:-- --:--:--     0 89 18462   89 16384    0     0  13562      0  0:00:01  0:00:01 --:--:-- 13551100 18462  100 18462    0     0  15132      0  0:00:01  0:00:01 --:--:-- 15120
  % Total    % Received % Xferd  Average Speed   Time    Time     Time  Current
                                 Dload  Upload   Total   Spent    Left  Speed
  0     0    0     0    0     0      0      0 --:--:-- --:--:-- --:--:--     0  0     0    0     0    0     0      0      0 --:--:-- --:--:-- --:--:--     0100 18940  100 18940    0     0  15348      0  0:00:01  0:00:01 --:--:-- 15348
'/etc/swift/account-server.conf' -> '/tmp/458_etc_swift_account-server.conf.iniset'
iniset /tmp/458_etc_swift_account-server.conf.iniset DEFAULT bind_ip 10.0.0.31
'/etc/swift/account-server.conf' -> '/tmp/459_etc_swift_account-server.conf.iniset'
iniset /tmp/459_etc_swift_account-server.conf.iniset DEFAULT bind_port 6202
'/etc/swift/account-server.conf' -> '/tmp/460_etc_swift_account-server.conf.iniset'
iniset /tmp/460_etc_swift_account-server.conf.iniset DEFAULT user swift
'/etc/swift/account-server.conf' -> '/tmp/461_etc_swift_account-server.conf.iniset'
iniset /tmp/461_etc_swift_account-server.conf.iniset DEFAULT swift_dir /etc/swift
'/etc/swift/account-server.conf' -> '/tmp/462_etc_swift_account-server.conf.iniset'
iniset /tmp/462_etc_swift_account-server.conf.iniset DEFAULT devices /srv/node
'/etc/swift/account-server.conf' -> '/tmp/463_etc_swift_account-server.conf.iniset'
iniset /tmp/463_etc_swift_account-server.conf.iniset DEFAULT mount_check True
'/etc/swift/account-server.conf' -> '/tmp/464_etc_swift_account-server.conf.iniset'
iniset /tmp/464_etc_swift_account-server.conf.iniset pipeline:main pipeline healthcheck recon account-server
'/etc/swift/account-server.conf' -> '/tmp/465_etc_swift_account-server.conf.iniset'
iniset /tmp/465_etc_swift_account-server.conf.iniset filter:recon use egg:swift#recon
'/etc/swift/account-server.conf' -> '/tmp/466_etc_swift_account-server.conf.iniset'
iniset /tmp/466_etc_swift_account-server.conf.iniset filter:recon recon_cache_path /var/cache/swift
'/etc/swift/container-server.conf' -> '/tmp/467_etc_swift_container-server.conf.iniset'
iniset /tmp/467_etc_swift_container-server.conf.iniset DEFAULT bind_ip 10.0.0.31
'/etc/swift/container-server.conf' -> '/tmp/468_etc_swift_container-server.conf.iniset'
iniset /tmp/468_etc_swift_container-server.conf.iniset DEFAULT bind_port 6201
'/etc/swift/container-server.conf' -> '/tmp/469_etc_swift_container-server.conf.iniset'
iniset /tmp/469_etc_swift_container-server.conf.iniset DEFAULT user swift
'/etc/swift/container-server.conf' -> '/tmp/470_etc_swift_container-server.conf.iniset'
iniset /tmp/470_etc_swift_container-server.conf.iniset DEFAULT swift_dir /etc/swift
'/etc/swift/container-server.conf' -> '/tmp/471_etc_swift_container-server.conf.iniset'
iniset /tmp/471_etc_swift_container-server.conf.iniset DEFAULT devices /srv/node
'/etc/swift/container-server.conf' -> '/tmp/472_etc_swift_container-server.conf.iniset'
iniset /tmp/472_etc_swift_container-server.conf.iniset DEFAULT mount_check True
'/etc/swift/container-server.conf' -> '/tmp/473_etc_swift_container-server.conf.iniset'
iniset /tmp/473_etc_swift_container-server.conf.iniset pipeline:main pipeline healthcheck recon container-server
'/etc/swift/container-server.conf' -> '/tmp/474_etc_swift_container-server.conf.iniset'
iniset /tmp/474_etc_swift_container-server.conf.iniset filter:recon use egg:swift#recon
'/etc/swift/container-server.conf' -> '/tmp/475_etc_swift_container-server.conf.iniset'
iniset /tmp/475_etc_swift_container-server.conf.iniset filter:recon recon_cache_path /var/cache/swift
'/etc/swift/object-server.conf' -> '/tmp/476_etc_swift_object-server.conf.iniset'
iniset /tmp/476_etc_swift_object-server.conf.iniset DEFAULT bind_ip 10.0.0.31
'/etc/swift/object-server.conf' -> '/tmp/477_etc_swift_object-server.conf.iniset'
iniset /tmp/477_etc_swift_object-server.conf.iniset DEFAULT bind_port 6200
'/etc/swift/object-server.conf' -> '/tmp/478_etc_swift_object-server.conf.iniset'
iniset /tmp/478_etc_swift_object-server.conf.iniset DEFAULT user swift
'/etc/swift/object-server.conf' -> '/tmp/479_etc_swift_object-server.conf.iniset'
iniset /tmp/479_etc_swift_object-server.conf.iniset DEFAULT swift_dir /etc/swift
'/etc/swift/object-server.conf' -> '/tmp/480_etc_swift_object-server.conf.iniset'
iniset /tmp/480_etc_swift_object-server.conf.iniset DEFAULT devices /srv/node
'/etc/swift/object-server.conf' -> '/tmp/481_etc_swift_object-server.conf.iniset'
iniset /tmp/481_etc_swift_object-server.conf.iniset DEFAULT mount_check True
'/etc/swift/object-server.conf' -> '/tmp/482_etc_swift_object-server.conf.iniset'
iniset /tmp/482_etc_swift_object-server.conf.iniset pipeline:main pipeline healthcheck recon object-server
'/etc/swift/object-server.conf' -> '/tmp/483_etc_swift_object-server.conf.iniset'
iniset /tmp/483_etc_swift_object-server.conf.iniset filter:recon use egg:swift#recon
'/etc/swift/object-server.conf' -> '/tmp/484_etc_swift_object-server.conf.iniset'
iniset /tmp/484_etc_swift_object-server.conf.iniset filter:recon recon_cache_path /var/cache/swift
'/etc/swift/object-server.conf' -> '/tmp/485_etc_swift_object-server.conf.iniset'
iniset /tmp/485_etc_swift_object-server.conf.iniset filter:recon recon_lock_path /var/lock
