Success. Node compute in mgmt: 10.0.0.31.
IP address of this node's interface in management network: 10.0.0.31.
Configuring LVM physical and logical volumes.
  Physical volume "/dev/sdd" successfully created.
  Volume group "cinder-vol1" successfully created
Setting LVM filter line in /etc/lvm/lvm.conf to only allow /dev/sdd.
Verifying LVM filter.
        filter = [ "a/sdd/", "r/.*/"]
        filter = [ "a/sdd/", "r/.*/"]
Configuring /etc/cinder/cinder.conf.
Setting database connection: mysql+pymysql://cinder:cinderDBPass@controller/cinder.
'/etc/cinder/cinder.conf' -> '/tmp/000_etc_cinder_cinder.conf.iniset'
iniset /tmp/000_etc_cinder_cinder.conf.iniset database connection mysql+pymysql://cinder:cinderDBPass@controller/cinder
Configuring RabbitMQ message queue access.
'/etc/cinder/cinder.conf' -> '/tmp/001_etc_cinder_cinder.conf.iniset'
iniset /tmp/001_etc_cinder_cinder.conf.iniset DEFAULT transport_url rabbit://openstack:rabbitPass@controller
'/etc/cinder/cinder.conf' -> '/tmp/002_etc_cinder_cinder.conf.iniset'
iniset /tmp/002_etc_cinder_cinder.conf.iniset DEFAULT auth_strategy keystone
'/etc/cinder/cinder.conf' -> '/tmp/003_etc_cinder_cinder.conf.iniset'
iniset /tmp/003_etc_cinder_cinder.conf.iniset keystone_authtoken www_authenticate_uri http://controller:5000
'/etc/cinder/cinder.conf' -> '/tmp/004_etc_cinder_cinder.conf.iniset'
iniset /tmp/004_etc_cinder_cinder.conf.iniset keystone_authtoken auth_url http://controller:5000
'/etc/cinder/cinder.conf' -> '/tmp/005_etc_cinder_cinder.conf.iniset'
iniset /tmp/005_etc_cinder_cinder.conf.iniset keystone_authtoken memcached_servers controller:11211
'/etc/cinder/cinder.conf' -> '/tmp/006_etc_cinder_cinder.conf.iniset'
iniset /tmp/006_etc_cinder_cinder.conf.iniset keystone_authtoken auth_type password
'/etc/cinder/cinder.conf' -> '/tmp/007_etc_cinder_cinder.conf.iniset'
iniset /tmp/007_etc_cinder_cinder.conf.iniset keystone_authtoken project_domain_id default
'/etc/cinder/cinder.conf' -> '/tmp/008_etc_cinder_cinder.conf.iniset'
iniset /tmp/008_etc_cinder_cinder.conf.iniset keystone_authtoken user_domain_id default
'/etc/cinder/cinder.conf' -> '/tmp/009_etc_cinder_cinder.conf.iniset'
iniset /tmp/009_etc_cinder_cinder.conf.iniset keystone_authtoken project_name service
'/etc/cinder/cinder.conf' -> '/tmp/010_etc_cinder_cinder.conf.iniset'
iniset /tmp/010_etc_cinder_cinder.conf.iniset keystone_authtoken username cinder
'/etc/cinder/cinder.conf' -> '/tmp/011_etc_cinder_cinder.conf.iniset'
iniset /tmp/011_etc_cinder_cinder.conf.iniset keystone_authtoken password cinderPass
'/etc/cinder/cinder.conf' -> '/tmp/012_etc_cinder_cinder.conf.iniset'
iniset /tmp/012_etc_cinder_cinder.conf.iniset DEFAULT my_ip 10.0.0.31
'/etc/cinder/cinder.conf' -> '/tmp/013_etc_cinder_cinder.conf.iniset'
iniset /tmp/013_etc_cinder_cinder.conf.iniset DEFAULT iscsi_protocol iscsi
'/etc/cinder/cinder.conf' -> '/tmp/014_etc_cinder_cinder.conf.iniset'
iniset /tmp/014_etc_cinder_cinder.conf.iniset DEFAULT iscsi_helper tgtadm
'/etc/cinder/cinder.conf' -> '/tmp/015_etc_cinder_cinder.conf.iniset'
iniset /tmp/015_etc_cinder_cinder.conf.iniset DEFAULT enabled_backends lvm
'/etc/cinder/cinder.conf' -> '/tmp/016_etc_cinder_cinder.conf.iniset'
iniset /tmp/016_etc_cinder_cinder.conf.iniset DEFAULT glance_api_servers http://controller:9292
'/etc/cinder/cinder.conf' -> '/tmp/017_etc_cinder_cinder.conf.iniset'
iniset /tmp/017_etc_cinder_cinder.conf.iniset lvm volume_driver cinder.volume.drivers.lvm.LVMVolumeDriver
'/etc/cinder/cinder.conf' -> '/tmp/018_etc_cinder_cinder.conf.iniset'
iniset /tmp/018_etc_cinder_cinder.conf.iniset lvm volume_group cinder-vol1
'/etc/cinder/cinder.conf' -> '/tmp/019_etc_cinder_cinder.conf.iniset'
iniset /tmp/019_etc_cinder_cinder.conf.iniset oslo_concurrency lock_path /var/lib/cinder/tmp
Restarting cinder service.
Synchronizing state of tgt.service with SysV service script with /lib/systemd/systemd-sysv-install.
Executing: /lib/systemd/systemd-sysv-install enable tgt
Synchronizing state of cinder-volume.service with SysV service script with /lib/systemd/systemd-sysv-install.
Executing: /lib/systemd/systemd-sysv-install enable cinder-volume
