apt_download: python-argparse python3-dev python3-pip

WARNING: apt does not have a stable CLI interface. Use with caution in scripts.

Reading package lists...
Building dependency tree...
Reading state information...
libpython2.7-stdlib is already the newest version (2.7.18-1~20.04.1).
The following additional packages will be installed:
  binutils binutils-common binutils-x86-64-linux-gnu build-essential cpp cpp-9
  dpkg-dev fakeroot g++ g++-9 gcc gcc-9 gcc-9-base libalgorithm-diff-perl
  libalgorithm-diff-xs-perl libalgorithm-merge-perl libasan5 libatomic1
  libbinutils libc-dev-bin libc6-dev libcc1-0 libcrypt-dev libctf-nobfd0
  libctf0 libdpkg-perl libexpat1-dev libfakeroot libfile-fcntllock-perl
  libgcc-9-dev libgomp1 libisl22 libitm1 liblsan0 libmpc3 libpython3-dev
  libpython3.8-dev libstdc++-9-dev libtsan0 libubsan1 linux-libc-dev make
  manpages-dev python-pip-whl python3-wheel python3.8-dev zlib1g-dev
Suggested packages:
  binutils-doc cpp-doc gcc-9-locales debian-keyring g++-multilib
  g++-9-multilib gcc-9-doc gcc-multilib autoconf automake libtool flex bison
  gdb gcc-doc gcc-9-multilib glibc-doc bzr libstdc++-9-doc make-doc
The following NEW packages will be installed:
  binutils binutils-common binutils-x86-64-linux-gnu build-essential cpp cpp-9
  dpkg-dev fakeroot g++ g++-9 gcc gcc-9 gcc-9-base libalgorithm-diff-perl
  libalgorithm-diff-xs-perl libalgorithm-merge-perl libasan5 libatomic1
  libbinutils libc-dev-bin libc6-dev libcc1-0 libcrypt-dev libctf-nobfd0
  libctf0 libdpkg-perl libexpat1-dev libfakeroot libfile-fcntllock-perl
  libgcc-9-dev libgomp1 libisl22 libitm1 liblsan0 libmpc3 libpython3-dev
  libpython3.8-dev libstdc++-9-dev libtsan0 libubsan1 linux-libc-dev make
  manpages-dev python-pip-whl python3-dev python3-pip python3-wheel
  python3.8-dev zlib1g-dev
0 upgraded, 49 newly installed, 0 to remove and 0 not upgraded.
Need to get 0 B/52.1 MB of archives.
After this operation, 228 MB of additional disk space will be used.
Download complete and in download only mode
apt_download: keystone python3-openstackclient apache2 memcached python3-memcache

WARNING: apt does not have a stable CLI interface. Use with caution in scripts.

Reading package lists...
Building dependency tree...
Reading state information...
python3-memcache is already the newest version (1.59-4).
python3-openstackclient is already the newest version (5.5.0-0ubuntu1~cloud0).
The following additional packages will be installed:
  apache2-bin apache2-data apache2-utils libapache2-mod-wsgi-py3 libapr1
  libaprutil1 libaprutil1-dbd-sqlite3 libaprutil1-ldap libjansson4 liblua5.2-0
  ssl-cert
Suggested packages:
  apache2-doc apache2-suexec-pristine | apache2-suexec-custom www-browser
  libanyevent-perl libcache-memcached-perl libmemcached libterm-readkey-perl
  libyaml-perl openssl-blacklist
The following NEW packages will be installed:
  apache2 apache2-bin apache2-data apache2-utils keystone
  libapache2-mod-wsgi-py3 libapr1 libaprutil1 libaprutil1-dbd-sqlite3
  libaprutil1-ldap libjansson4 liblua5.2-0 memcached ssl-cert
0 upgraded, 14 newly installed, 0 to remove and 0 not upgraded.
Need to get 1,612 kB/2,105 kB of archives.
After this operation, 8,763 kB of additional disk space will be used.
Get:1 http://archive.ubuntu.com/ubuntu focal/main amd64 libaprutil1 amd64 1.6.1-4ubuntu2 [84.7 kB]
Get:2 http://archive.ubuntu.com/ubuntu focal/main amd64 libaprutil1-ldap amd64 1.6.1-4ubuntu2 [8,736 B]
Ign:3 http://archive.ubuntu.com/ubuntu focal-updates/main amd64 apache2-bin amd64 2.4.41-4ubuntu3.9
Ign:4 http://archive.ubuntu.com/ubuntu focal-updates/main amd64 apache2-data all 2.4.41-4ubuntu3.9
Ign:5 http://archive.ubuntu.com/ubuntu focal-updates/main amd64 apache2-utils amd64 2.4.41-4ubuntu3.9
Ign:6 http://archive.ubuntu.com/ubuntu focal-updates/main amd64 apache2 amd64 2.4.41-4ubuntu3.9
Err:3 http://archive.ubuntu.com/ubuntu focal-updates/main amd64 apache2-bin amd64 2.4.41-4ubuntu3.9
  404  Not Found [IP: 91.189.91.39 80]
Err:4 http://archive.ubuntu.com/ubuntu focal-updates/main amd64 apache2-data all 2.4.41-4ubuntu3.9
  404  Not Found [IP: 91.189.91.39 80]
Err:5 http://archive.ubuntu.com/ubuntu focal-updates/main amd64 apache2-utils amd64 2.4.41-4ubuntu3.9
  404  Not Found [IP: 91.189.91.39 80]
Err:6 http://archive.ubuntu.com/ubuntu focal-updates/main amd64 apache2 amd64 2.4.41-4ubuntu3.9
  404  Not Found [IP: 91.189.91.39 80]
Fetched 93.5 kB in 2s (41.6 kB/s)
E: Failed to fetch http://archive.ubuntu.com/ubuntu/pool/main/a/apache2/apache2-bin_2.4.41-4ubuntu3.9_amd64.deb  404  Not Found [IP: 91.189.91.39 80]
E: Failed to fetch http://archive.ubuntu.com/ubuntu/pool/main/a/apache2/apache2-data_2.4.41-4ubuntu3.9_all.deb  404  Not Found [IP: 91.189.91.39 80]
E: Failed to fetch http://archive.ubuntu.com/ubuntu/pool/main/a/apache2/apache2-utils_2.4.41-4ubuntu3.9_amd64.deb  404  Not Found [IP: 91.189.91.39 80]
E: Failed to fetch http://archive.ubuntu.com/ubuntu/pool/main/a/apache2/apache2_2.4.41-4ubuntu3.9_amd64.deb  404  Not Found [IP: 91.189.91.39 80]
E: Some files failed to download
