apt_download: python3-dev python3-pip

WARNING: apt does not have a stable CLI interface. Use with caution in scripts.

Reading package lists...
Building dependency tree...
Reading state information...
The following additional packages will be installed:
  binutils binutils-common binutils-x86-64-linux-gnu build-essential cpp cpp-9
  dpkg-dev fakeroot g++ g++-9 gcc gcc-9 gcc-9-base libalgorithm-diff-perl
  libalgorithm-diff-xs-perl libalgorithm-merge-perl libasan5 libatomic1
  libbinutils libc-dev-bin libc6-dev libcc1-0 libcrypt-dev libctf-nobfd0
  libctf0 libdpkg-perl libexpat1-dev libfakeroot libfile-fcntllock-perl
  libgcc-9-dev libgomp1 libisl22 libitm1 liblsan0 libmpc3 libpython3-dev
  libpython3.8-dev libstdc++-9-dev libtsan0 libubsan1 linux-libc-dev make
  manpages-dev python-pip-whl python3-wheel python3.8-dev zlib1g-dev
Suggested packages:
  binutils-doc cpp-doc gcc-9-locales debian-keyring g++-multilib
  g++-9-multilib gcc-9-doc gcc-multilib autoconf automake libtool flex bison
  gdb gcc-doc gcc-9-multilib glibc-doc bzr libstdc++-9-doc make-doc
The following NEW packages will be installed:
  binutils binutils-common binutils-x86-64-linux-gnu build-essential cpp cpp-9
  dpkg-dev fakeroot g++ g++-9 gcc gcc-9 gcc-9-base libalgorithm-diff-perl
  libalgorithm-diff-xs-perl libalgorithm-merge-perl libasan5 libatomic1
  libbinutils libc-dev-bin libc6-dev libcc1-0 libcrypt-dev libctf-nobfd0
  libctf0 libdpkg-perl libexpat1-dev libfakeroot libfile-fcntllock-perl
  libgcc-9-dev libgomp1 libisl22 libitm1 liblsan0 libmpc3 libpython3-dev
  libpython3.8-dev libstdc++-9-dev libtsan0 libubsan1 linux-libc-dev make
  manpages-dev python-pip-whl python3-dev python3-pip python3-wheel
  python3.8-dev zlib1g-dev
0 upgraded, 49 newly installed, 0 to remove and 0 not upgraded.
Need to get 0 B/52.1 MB of archives.
After this operation, 228 MB of additional disk space will be used.
Download complete and in download only mode
apt_download: lvm2 cinder-volume thin-provisioning-tools

WARNING: apt does not have a stable CLI interface. Use with caution in scripts.

Reading package lists...
Building dependency tree...
Reading state information...
lvm2 is already the newest version (2.03.07-1ubuntu1).
thin-provisioning-tools is already the newest version (0.8.5-4build1).
cinder-volume is already the newest version (2:18.1.0-0ubuntu1~cloud0).
0 upgraded, 0 newly installed, 0 to remove and 0 not upgraded.
apt_download: nova-compute nova-compute-qemu qemu sysfsutils

WARNING: apt does not have a stable CLI interface. Use with caution in scripts.

Reading package lists...
Building dependency tree...
Reading state information...
qemu is already the newest version (1:4.2-3ubuntu6.21).
nova-compute is already the newest version (3:23.1.0-0ubuntu1~cloud0).
nova-compute-qemu is already the newest version (3:23.1.0-0ubuntu1~cloud0).
The following additional packages will be installed:
  libsysfs2
The following NEW packages will be installed:
  libsysfs2 sysfsutils
0 upgraded, 2 newly installed, 0 to remove and 0 not upgraded.
Need to get 32.5 kB of archives.
After this operation, 130 kB of additional disk space will be used.
Get:1 http://archive.ubuntu.com/ubuntu focal/main amd64 libsysfs2 amd64 2.1.0+repack-6 [18.8 kB]
Get:2 http://archive.ubuntu.com/ubuntu focal/main amd64 sysfsutils amd64 2.1.0+repack-6 [13.7 kB]
Fetched 32.5 kB in 1s (25.0 kB/s)
Download complete and in download only mode
apt_download: neutron-linuxbridge-agent python3-neutron-fwaas

WARNING: apt does not have a stable CLI interface. Use with caution in scripts.

Reading package lists...
Building dependency tree...
Reading state information...
neutron-linuxbridge-agent is already the newest version (2:18.1.1-0ubuntu2~cloud0).
Suggested packages:
  python3-zmq
The following NEW packages will be installed:
  neutron-fwaas-common python3-neutron-fwaas
0 upgraded, 2 newly installed, 0 to remove and 0 not upgraded.
Need to get 127 kB of archives.
After this operation, 1,137 kB of additional disk space will be used.
Get:1 http://archive.ubuntu.com/ubuntu focal-updates/main amd64 neutron-fwaas-common all 1:16.0.0-0ubuntu0.20.04.1 [4,416 B]
Get:2 http://archive.ubuntu.com/ubuntu focal-updates/main amd64 python3-neutron-fwaas all 1:16.0.0-0ubuntu0.20.04.1 [122 kB]
Fetched 127 kB in 2s (79.6 kB/s)
Download complete and in download only mode
apt_download: heat-api heat-api-cfn heat-engine python3-heatclient

WARNING: apt does not have a stable CLI interface. Use with caution in scripts.

Reading package lists...
Building dependency tree...
Reading state information...
The following additional packages will be installed:
  heat-common python3-aodhclient python3-blazarclient python3-ceilometerclient
  python3-croniter python3-gnocchiclient python3-heat python3-ironicclient
  python3-magnumclient python3-manilaclient python3-mistralclient
  python3-monascaclient python3-octaviaclient python3-saharaclient
  python3-senlinclient python3-troveclient python3-yaql python3-zaqarclient
Suggested packages:
  python-aodhclient-doc python-ceilometerclient-doc python-gnocchiclient-doc
  python3-vitrageclient python3-zunclient python-magnumclient-doc
  python-octaviaclient-doc python-senlinclient-doc
The following NEW packages will be installed:
  heat-api heat-api-cfn heat-common heat-engine python3-aodhclient
  python3-blazarclient python3-ceilometerclient python3-croniter
  python3-gnocchiclient python3-heat python3-heatclient python3-ironicclient
  python3-magnumclient python3-manilaclient python3-mistralclient
  python3-monascaclient python3-octaviaclient python3-saharaclient
  python3-senlinclient python3-troveclient python3-yaql python3-zaqarclient
0 upgraded, 22 newly installed, 0 to remove and 0 not upgraded.
Need to get 2,500 kB of archives.
After this operation, 22.9 MB of additional disk space will be used.
Get:1 http://ubuntu-cloud.archive.canonical.com/ubuntu focal-updates/wallaby/main amd64 heat-common all 1:16.0.0-0ubuntu1~cloud0 [25.3 kB]
Get:2 http://archive.ubuntu.com/ubuntu focal/main amd64 python3-ceilometerclient all 2.9.0-0ubuntu3 [64.2 kB]
Err:3 http://ubuntu-cloud.archive.canonical.com/ubuntu focal-updates/wallaby/main amd64 python3-aodhclient all 2.1.1-0ubuntu1~cloud0
  400  Bad Request [IP: 91.189.88.142 80]
Get:4 http://ubuntu-cloud.archive.canonical.com/ubuntu focal-updates/wallaby/main amd64 python3-blazarclient all 3.1.1-0ubuntu1~cloud0 [22.8 kB]
Err:5 http://ubuntu-cloud.archive.canonical.com/ubuntu focal-updates/wallaby/main amd64 python3-gnocchiclient all 7.0.7-0ubuntu1~cloud0
  501  Not Implemented [IP: 91.189.88.142 80]
Get:6 http://archive.ubuntu.com/ubuntu focal/main amd64 python3-croniter all 0.3.29-2ubuntu1 [16.5 kB]
Get:7 http://ubuntu-cloud.archive.canonical.com/ubuntu focal-updates/wallaby/main amd64 python3-heatclient all 2.3.0-0ubuntu1~cloud0 [120 kB]
Get:8 http://archive.ubuntu.com/ubuntu focal/main amd64 python3-yaql all 1.1.3-5 [67.3 kB]
Get:9 http://ubuntu-cloud.archive.canonical.com/ubuntu focal-updates/wallaby/main amd64 python3-ironicclient all 4.6.1-0ubuntu1~cloud0 [120 kB]
Get:9 http://ubuntu-cloud.archive.canonical.com/ubuntu focal-updates/wallaby/main amd64 python3-ironicclient all 4.6.1-0ubuntu1~cloud0 [120 kB]
Get:9 http://ubuntu-cloud.archive.canonical.com/ubuntu focal-updates/wallaby/main amd64 python3-ironicclient all 4.6.1-0ubuntu1~cloud0 [120 kB]
Get:9 http://ubuntu-cloud.archive.canonical.com/ubuntu focal-updates/wallaby/main amd64 python3-ironicclient all 4.6.1-0ubuntu1~cloud0 [120 kB]
Get:13 http://ubuntu-cloud.archive.canonical.com/ubuntu focal-updates/wallaby/main amd64 python3-magnumclient all 3.4.0-0ubuntu1~cloud0 [73.8 kB]
Get:14 http://ubuntu-cloud.archive.canonical.com/ubuntu focal-updates/wallaby/main amd64 python3-manilaclient all 2.6.0-0ubuntu1~cloud0 [176 kB]
Get:15 http://ubuntu-cloud.archive.canonical.com/ubuntu focal-updates/wallaby/main amd64 python3-mistralclient all 1:4.2.0-0ubuntu1~cloud0 [63.1 kB]
Get:16 http://ubuntu-cloud.archive.canonical.com/ubuntu focal-updates/wallaby/main amd64 python3-monascaclient all 2.3.0-0ubuntu1~cloud0 [22.9 kB]
Get:17 http://ubuntu-cloud.archive.canonical.com/ubuntu focal-updates/wallaby/main amd64 python3-octaviaclient all 2.3.0-0ubuntu1~cloud0 [53.8 kB]
Err:18 http://ubuntu-cloud.archive.canonical.com/ubuntu focal-updates/wallaby/main amd64 python3-saharaclient all 3.3.0-0ubuntu1~cloud0
  408  Request Timeout [IP: 91.189.88.142 80]
Get:19 http://ubuntu-cloud.archive.canonical.com/ubuntu focal-updates/wallaby/main amd64 python3-heat all 1:16.0.0-0ubuntu1~cloud0 [1,306 kB]
Get:20 http://ubuntu-cloud.archive.canonical.com/ubuntu focal-updates/wallaby/main amd64 heat-api all 1:16.0.0-0ubuntu1~cloud0 [14.8 kB]
Get:21 http://ubuntu-cloud.archive.canonical.com/ubuntu focal-updates/wallaby/main amd64 heat-api-cfn all 1:16.0.0-0ubuntu1~cloud0 [14.8 kB]
Get:22 http://ubuntu-cloud.archive.canonical.com/ubuntu focal-updates/wallaby/main amd64 heat-engine all 1:16.0.0-0ubuntu1~cloud0 [14.8 kB]
Fetched 2,385 kB in 27s (88.8 kB/s)
W: http://ubuntu-cloud.archive.canonical.com/ubuntu/pool/main/p/python-ironicclient/python3-ironicclient_4.6.1-0ubuntu1~cloud0_all.deb: Automatically disabled Acquire::http::Pipeline-Depth due to incorrect response from server/proxy. (man 5 apt.conf)
E: Failed to fetch http://ubuntu-cloud.archive.canonical.com/ubuntu/pool/main/p/python-aodhclient/python3-aodhclient_2.1.1-0ubuntu1~cloud0_all.deb  400  Bad Request [IP: 91.189.88.142 80]
E: Failed to fetch http://ubuntu-cloud.archive.canonical.com/ubuntu/pool/main/p/python-gnocchiclient/python3-gnocchiclient_7.0.7-0ubuntu1~cloud0_all.deb  501  Not Implemented [IP: 91.189.88.142 80]
E: Failed to fetch http://ubuntu-cloud.archive.canonical.com/ubuntu/pool/main/p/python-saharaclient/python3-saharaclient_3.3.0-0ubuntu1~cloud0_all.deb  408  Request Timeout [IP: 91.189.88.142 80]
E: Some files failed to download
